
==========================================================================
report_checks
--------------------------------------------------------------------------
Startpoint: _430830_ (rising edge-triggered flip-flop clocked by CLK)
Endpoint: _413013_ (rising edge-triggered flip-flop clocked by CLK)
Path Group: CLK
Path Type: max

  Delay    Time   Description
---------------------------------------------------------
   0.00    0.00   clock CLK (rise edge)
   0.00    0.00   clock network delay (ideal)
   0.00    0.00 ^ _430830_/CK (DFF_X1)
   0.08    0.08 ^ _430830_/Q (DFF_X1)
   0.22    0.30 ^ _361014_/Z (BUF_X1)
   0.06    0.36 ^ _262365_/ZN (AND2_X4)
   0.03    0.39 v _262378_/ZN (NAND3_X2)
   0.06    0.45 v _262548_/ZN (OR3_X4)
   0.07    0.52 ^ _263053_/ZN (NOR3_X1)
   0.03    0.55 v _263473_/ZN (AOI22_X1)
   0.04    0.59 ^ _263474_/ZN (AOI21_X1)
   0.02    0.61 v _263478_/ZN (OAI21_X1)
   0.03    0.63 ^ _263479_/ZN (AOI21_X1)
   0.02    0.65 v _263482_/ZN (OAI21_X1)
   0.03    0.68 ^ _263485_/ZN (AOI21_X1)
   0.02    0.70 v _263488_/ZN (OAI21_X1)
   0.03    0.73 ^ _263490_/ZN (AOI21_X1)
   0.02    0.75 v _263494_/ZN (OAI211_X2)
   0.02    0.77 ^ _263498_/ZN (NAND3_X1)
   0.02    0.79 v _263502_/ZN (NAND3_X1)
   0.03    0.82 ^ _263504_/ZN (AOI21_X1)
   0.02    0.83 v _263507_/ZN (OAI21_X1)
   0.03    0.86 ^ _263509_/ZN (AOI21_X1)
   0.02    0.88 v _263512_/ZN (OAI21_X1)
   0.03    0.91 ^ _263515_/ZN (AOI21_X1)
   0.02    0.92 v _263517_/ZN (OAI21_X1)
   0.03    0.95 ^ _263519_/ZN (AOI21_X1)
   0.02    0.97 v _263520_/ZN (OAI21_X1)
   0.03    1.00 ^ _263523_/ZN (AOI21_X1)
   0.02    1.02 v _263525_/ZN (OAI21_X1)
   0.03    1.04 ^ _263528_/ZN (AOI21_X1)
   0.02    1.06 v _263529_/ZN (AOI21_X1)
   0.03    1.09 ^ _263530_/ZN (AOI21_X1)
   0.02    1.11 v _263535_/ZN (OAI21_X1)
   0.03    1.13 ^ _263537_/ZN (AOI21_X1)
   0.02    1.15 v _263540_/ZN (OAI21_X1)
   0.03    1.18 ^ _263542_/ZN (AOI21_X1)
   0.02    1.20 v _263545_/ZN (OAI21_X1)
   0.03    1.23 ^ _263546_/ZN (AOI21_X1)
   0.02    1.25 v _263548_/ZN (OAI211_X2)
   0.02    1.27 ^ _263553_/ZN (NAND3_X1)
   0.01    1.29 v _263556_/ZN (AOI21_X1)
   0.03    1.32 ^ _263558_/ZN (OAI21_X1)
   0.02    1.33 v _263561_/ZN (AOI21_X1)
   0.03    1.36 ^ _263564_/ZN (OAI21_X1)
   0.02    1.38 v _263565_/ZN (AOI21_X1)
   0.03    1.41 ^ _263568_/ZN (OAI21_X1)
   0.02    1.42 v _263571_/ZN (AOI21_X1)
   0.03    1.45 ^ _263575_/ZN (OAI21_X1)
   0.02    1.47 v _263577_/ZN (AOI21_X1)
   0.03    1.50 ^ _263580_/ZN (OAI21_X1)
   0.02    1.51 v _263583_/ZN (AOI21_X1)
   0.03    1.54 ^ _263585_/ZN (OAI21_X1)
   0.02    1.56 v _263587_/ZN (AOI21_X1)
   0.03    1.59 ^ _263590_/ZN (OAI21_X1)
   0.02    1.60 v _263592_/ZN (AOI21_X1)
   0.03    1.63 ^ _263595_/ZN (OAI21_X1)
   0.02    1.65 v _263597_/ZN (AOI21_X1)
   0.03    1.68 ^ _263599_/ZN (OAI21_X1)
   0.02    1.69 v _263601_/ZN (AOI21_X1)
   0.03    1.72 ^ _263602_/ZN (OAI21_X1)
   0.02    1.74 v _263604_/ZN (AOI21_X1)
   0.03    1.77 ^ _263607_/ZN (OAI21_X1)
   0.02    1.78 v _263609_/ZN (AOI21_X1)
   0.03    1.81 ^ _263610_/ZN (OAI21_X1)
   0.02    1.83 v _263612_/ZN (AOI21_X1)
   0.03    1.86 ^ _263616_/ZN (OAI21_X1)
   0.02    1.87 v _263617_/ZN (AOI21_X1)
   0.03    1.90 ^ _263620_/ZN (OAI21_X1)
   0.02    1.92 v _263622_/ZN (AOI21_X1)
   0.03    1.95 ^ _263625_/ZN (OAI21_X1)
   0.02    1.96 v _263627_/ZN (AOI21_X1)
   0.03    1.99 ^ _263630_/ZN (OAI21_X1)
   0.02    2.01 v _263633_/ZN (AOI21_X1)
   0.03    2.04 ^ _263634_/ZN (OAI21_X1)
   0.02    2.05 v _263637_/ZN (AOI21_X1)
   0.03    2.08 ^ _263638_/ZN (OAI21_X1)
   0.02    2.10 v _263640_/ZN (AOI21_X1)
   0.03    2.13 ^ _263645_/ZN (OAI21_X1)
   0.02    2.15 v _263646_/ZN (AOI21_X1)
   0.03    2.17 ^ _263648_/ZN (OAI21_X1)
   0.02    2.19 v _263650_/ZN (AOI21_X1)
   0.03    2.22 ^ _263655_/ZN (OAI21_X1)
   0.02    2.24 v _263658_/ZN (AOI21_X1)
   0.03    2.26 ^ _263662_/ZN (OAI21_X1)
   0.02    2.28 v _263664_/ZN (AOI21_X1)
   0.03    2.31 ^ _263667_/ZN (OAI21_X1)
   0.02    2.33 v _263669_/ZN (AOI21_X1)
   0.03    2.35 ^ _263671_/ZN (OAI21_X1)
   0.02    2.37 v _263673_/ZN (AOI21_X1)
   0.03    2.40 ^ _263676_/ZN (OAI21_X1)
   0.02    2.42 v _263678_/ZN (AOI21_X1)
   0.03    2.45 ^ _263679_/ZN (OAI21_X1)
   0.02    2.46 v _263682_/ZN (AOI21_X1)
   0.03    2.49 ^ _263685_/ZN (OAI21_X1)
   0.02    2.51 v _263687_/ZN (AOI21_X1)
   0.03    2.54 ^ _263691_/ZN (OAI21_X2)
   0.02    2.55 v _263693_/ZN (AOI21_X2)
   0.03    2.58 ^ _263697_/ZN (OAI211_X2)
   0.02    2.60 v _263701_/ZN (NAND3_X1)
   0.03    2.63 ^ _263703_/ZN (AOI21_X1)
   0.02    2.65 v _263704_/ZN (OAI21_X1)
   0.03    2.67 ^ _263706_/ZN (AOI21_X1)
   0.02    2.69 v _263709_/ZN (OAI21_X1)
   0.03    2.73 ^ _263712_/ZN (AOI21_X1)
   0.02    2.75 v _263714_/ZN (OAI211_X2)
   0.02    2.77 ^ _263718_/ZN (NAND3_X1)
   0.01    2.78 v _263720_/ZN (AOI21_X1)
   0.03    2.81 ^ _263721_/ZN (OAI21_X1)
   0.02    2.83 v _263723_/ZN (NAND2_X1)
   0.03    2.85 ^ _263726_/ZN (AOI21_X1)
   0.02    2.87 v _263727_/ZN (OAI21_X1)
   0.03    2.91 ^ _263733_/ZN (AOI21_X1)
   0.02    2.93 v _263739_/ZN (OAI211_X2)
   0.02    2.95 ^ _263743_/ZN (NAND3_X1)
   0.02    2.96 v _263748_/ZN (NAND3_X1)
   0.02    2.98 ^ _263752_/ZN (NAND3_X1)
   0.02    3.00 v _263754_/ZN (AOI21_X1)
   0.03    3.03 ^ _263757_/ZN (OAI21_X1)
   0.02    3.04 v _263759_/ZN (AOI21_X1)
   0.03    3.07 ^ _263763_/ZN (OAI21_X1)
   0.02    3.09 v _263764_/ZN (AOI21_X1)
   0.03    3.12 ^ _263766_/ZN (OAI21_X1)
   0.02    3.13 v _263767_/ZN (AOI21_X1)
   0.03    3.16 ^ _263769_/ZN (OAI21_X1)
   0.02    3.18 v _263773_/ZN (NAND2_X1)
   0.02    3.19 ^ _263775_/ZN (NAND2_X1)
   0.01    3.21 v _263778_/ZN (AOI21_X2)
   0.03    3.24 ^ _263783_/ZN (OAI211_X2)
   0.02    3.26 v _263788_/ZN (NAND3_X1)
   0.02    3.27 ^ _263793_/ZN (NAND3_X1)
   0.02    3.29 v _263796_/ZN (AOI21_X1)
   0.03    3.32 ^ _263797_/ZN (OAI21_X1)
   0.02    3.34 v _263799_/ZN (AOI21_X1)
   0.03    3.36 ^ _263802_/ZN (OAI21_X1)
   0.02    3.38 v _263804_/ZN (AOI21_X1)
   0.03    3.41 ^ _263807_/ZN (OAI21_X1)
   0.02    3.43 v _263809_/ZN (AOI21_X1)
   0.03    3.46 ^ _263812_/ZN (OAI211_X2)
   0.02    3.48 v _263816_/ZN (NAND3_X1)
   0.03    3.50 ^ _263820_/ZN (AOI21_X1)
   0.02    3.52 v _263823_/ZN (OAI21_X1)
   0.03    3.55 ^ _263826_/ZN (AOI21_X1)
   0.02    3.57 v _263827_/ZN (OAI21_X1)
   0.03    3.60 ^ _263830_/ZN (AOI21_X1)
   0.02    3.62 v _263834_/ZN (OAI211_X2)
   0.02    3.64 ^ _263838_/ZN (NAND3_X1)
   0.02    3.67 v _263842_/ZN (NAND3_X1)
   0.03    3.69 ^ _263844_/ZN (AOI21_X2)
   0.02    3.71 v _263846_/ZN (OAI211_X2)
   0.02    3.73 ^ _263850_/ZN (NAND3_X1)
   0.01    3.75 v _263852_/ZN (AOI21_X1)
   0.03    3.78 ^ _263855_/ZN (OAI21_X1)
   0.02    3.79 v _263857_/ZN (AOI21_X1)
   0.03    3.82 ^ _263860_/ZN (OAI21_X1)
   0.02    3.84 v _263863_/ZN (AOI21_X1)
   0.03    3.87 ^ _263866_/ZN (OAI21_X1)
   0.02    3.88 v _263868_/ZN (AOI21_X1)
   0.03    3.91 ^ _263872_/ZN (OAI21_X1)
   0.02    3.93 v _263874_/ZN (AOI21_X1)
   0.03    3.96 ^ _263877_/ZN (OAI21_X1)
   0.02    3.97 v _263879_/ZN (AOI21_X1)
   0.03    4.00 ^ _263882_/ZN (OAI21_X1)
   0.02    4.02 v _263884_/ZN (NAND2_X1)
   0.03    4.05 ^ _263885_/ZN (AOI21_X2)
   0.02    4.07 v _263888_/ZN (OAI211_X2)
   0.02    4.09 ^ _263893_/ZN (NAND3_X1)
   0.02    4.11 v _263898_/ZN (NAND3_X1)
   0.03    4.14 ^ _263900_/ZN (AOI21_X1)
   0.02    4.15 v _263902_/ZN (OAI21_X1)
   0.03    4.18 ^ _263906_/ZN (AOI21_X1)
   0.02    4.20 v _263908_/ZN (OAI21_X1)
   0.03    4.23 ^ _263910_/ZN (AOI21_X1)
   0.02    4.25 v _263911_/ZN (OAI21_X1)
   0.03    4.27 ^ _263915_/ZN (AOI21_X1)
   0.02    4.29 v _263916_/ZN (AOI21_X1)
   0.03    4.32 ^ _263917_/ZN (AOI21_X1)
   0.02    4.34 v _263920_/ZN (OAI21_X1)
   0.03    4.36 ^ _263922_/ZN (AOI21_X1)
   0.01    4.38 v _263925_/ZN (NOR3_X1)
   0.03    4.40 ^ _263929_/ZN (OAI21_X1)
   0.02    4.42 v _263931_/ZN (AOI21_X1)
   0.03    4.45 ^ _263935_/ZN (OAI211_X2)
   0.02    4.47 v _263939_/ZN (NAND3_X1)
   0.02    4.49 ^ _263943_/ZN (NAND2_X1)
   0.01    4.50 v _263945_/ZN (AOI21_X1)
   0.03    4.53 ^ _263947_/ZN (AOI21_X1)
   0.02    4.55 v _263949_/ZN (OAI21_X1)
   0.03    4.57 ^ _263951_/ZN (AOI21_X1)
   0.02    4.59 v _263952_/ZN (OAI21_X1)
   0.03    4.62 ^ _263955_/ZN (AOI21_X1)
   0.02    4.64 v _263959_/ZN (OAI21_X1)
   0.03    4.66 ^ _263960_/ZN (AOI21_X1)
   0.02    4.68 v _263963_/ZN (OAI21_X1)
   0.03    4.71 ^ _263966_/ZN (AOI21_X1)
   0.02    4.73 v _263968_/ZN (OAI21_X1)
   0.02    4.75 ^ _263972_/ZN (NAND3_X1)
   0.01    4.76 v _263974_/ZN (AOI21_X1)
   0.03    4.79 ^ _263977_/ZN (OAI21_X1)
   0.02    4.81 v _263979_/ZN (AOI21_X1)
   0.03    4.84 ^ _263983_/ZN (OAI21_X1)
   0.02    4.85 v _263985_/ZN (AOI21_X1)
   0.03    4.88 ^ _263987_/ZN (OAI21_X1)
   0.02    4.90 v _263989_/ZN (AOI21_X1)
   0.03    4.93 ^ _263991_/ZN (OAI21_X1)
   0.02    4.95 v _263993_/ZN (AOI21_X1)
   0.03    4.97 ^ _263995_/ZN (OAI211_X2)
   0.02    4.99 v _264000_/ZN (NAND3_X1)
   0.03    5.02 ^ _264002_/ZN (AOI21_X1)
   0.02    5.04 v _264004_/ZN (OAI21_X1)
   0.03    5.07 ^ _264006_/ZN (AOI21_X1)
   0.02    5.09 v _264009_/ZN (OAI21_X1)
   0.03    5.11 ^ _264012_/ZN (AOI21_X1)
   0.02    5.13 v _264014_/ZN (OAI21_X1)
   0.03    5.17 ^ _264016_/ZN (AOI21_X1)
   0.02    5.19 v _264020_/ZN (OAI211_X2)
   0.02    5.21 ^ _264024_/ZN (NAND3_X1)
   0.02    5.22 v _264028_/ZN (NAND3_X1)
   0.03    5.25 ^ _264030_/ZN (AOI21_X1)
   0.02    5.27 v _264031_/ZN (OAI21_X1)
   0.03    5.30 ^ _264033_/ZN (AOI21_X1)
   0.02    5.31 v _264034_/ZN (OAI21_X1)
   0.04    5.35 ^ _264036_/ZN (AOI21_X1)
   0.02    5.37 v _264038_/ZN (OAI211_X2)
   0.02    5.39 ^ _264042_/ZN (NAND3_X1)
   0.01    5.41 v _264044_/ZN (AOI21_X1)
   0.03    5.44 ^ _264045_/ZN (OAI21_X1)
   0.02    5.45 v _264047_/ZN (AOI21_X1)
   0.03    5.48 ^ _264050_/ZN (OAI21_X1)
   0.02    5.50 v _264052_/ZN (AOI21_X1)
   0.03    5.53 ^ _264055_/ZN (OAI21_X1)
   0.02    5.54 v _264057_/ZN (NAND2_X1)
   0.03    5.57 ^ _264060_/ZN (AOI21_X1)
   0.02    5.59 v _264063_/ZN (OAI21_X1)
   0.02    5.61 ^ _264066_/ZN (NAND2_X1)
   0.01    5.62 v _264068_/ZN (AOI21_X2)
   0.03    5.65 ^ _264072_/ZN (OAI211_X2)
   0.02    5.67 v _264074_/ZN (AOI21_X2)
   0.02    5.69 ^ _264078_/ZN (OAI21_X2)
   0.02    5.71 v _264080_/ZN (AOI21_X1)
   0.03    5.74 ^ _264081_/ZN (OAI21_X1)
   0.02    5.76 v _264083_/ZN (AOI21_X1)
   0.03    5.78 ^ _264087_/ZN (OAI21_X1)
   0.02    5.80 v _264088_/ZN (AOI21_X1)
   0.03    5.83 ^ _264091_/ZN (OAI211_X2)
   0.02    5.85 v _264095_/ZN (NAND3_X1)
   0.02    5.87 ^ _264099_/ZN (NAND3_X1)
   0.02    5.88 v _264101_/ZN (AOI21_X1)
   0.03    5.91 ^ _264105_/ZN (OAI21_X1)
   0.02    5.93 v _264106_/ZN (AOI21_X1)
   0.03    5.96 ^ _264109_/ZN (OAI21_X1)
   0.02    5.97 v _264111_/ZN (AOI21_X1)
   0.03    6.00 ^ _264114_/ZN (OAI21_X1)
   0.02    6.02 v _264116_/ZN (AOI21_X1)
   0.03    6.05 ^ _264118_/ZN (OAI21_X1)
   0.02    6.06 v _264120_/ZN (AOI21_X1)
   0.03    6.09 ^ _264122_/ZN (OAI21_X1)
   0.02    6.11 v _264124_/ZN (AOI21_X1)
   0.03    6.14 ^ _264127_/ZN (OAI21_X1)
   0.02    6.15 v _264130_/ZN (AOI21_X1)
   0.03    6.18 ^ _264133_/ZN (OAI21_X1)
   0.02    6.20 v _264135_/ZN (AOI21_X1)
   0.03    6.23 ^ _264136_/ZN (OAI21_X1)
   0.02    6.25 v _264139_/ZN (AOI21_X1)
   0.03    6.27 ^ _264140_/ZN (OAI21_X1)
   0.02    6.29 v _264142_/ZN (AOI21_X1)
   0.03    6.32 ^ _264146_/ZN (OAI21_X1)
   0.02    6.34 v _264147_/ZN (AOI21_X1)
   0.03    6.36 ^ _264149_/ZN (OAI21_X1)
   0.02    6.38 v _264151_/ZN (AOI21_X1)
   0.03    6.41 ^ _264154_/ZN (OAI21_X1)
   0.02    6.43 v _264157_/ZN (AOI21_X1)
   0.03    6.46 ^ _264158_/ZN (OAI21_X1)
   0.02    6.47 v _264160_/ZN (AOI21_X1)
   0.03    6.50 ^ _264162_/ZN (AOI21_X1)
   0.02    6.52 v _264164_/ZN (OAI21_X1)
   0.03    6.55 ^ _264167_/ZN (AOI21_X1)
   0.02    6.56 v _264171_/ZN (OAI21_X1)
   0.03    6.59 ^ _264172_/ZN (AOI21_X1)
   0.02    6.61 v _264175_/ZN (OAI21_X1)
   0.03    6.64 ^ _264178_/ZN (AOI21_X1)
   0.02    6.65 v _264179_/ZN (OAI21_X1)
   0.03    6.68 ^ _264182_/ZN (AOI21_X1)
   0.02    6.70 v _264184_/ZN (OAI21_X1)
   0.03    6.73 ^ _264186_/ZN (AOI21_X1)
   0.02    6.75 v _264188_/ZN (OAI21_X1)
   0.03    6.78 ^ _264191_/ZN (AOI21_X1)
   0.02    6.79 v _264192_/ZN (OAI21_X1)
   0.03    6.83 ^ _264194_/ZN (AOI21_X1)
   0.02    6.85 v _264197_/ZN (OAI211_X2)
   0.02    6.87 ^ _264201_/ZN (NAND3_X1)
   0.01    6.89 v _264203_/ZN (AOI21_X1)
   0.03    6.91 ^ _264205_/ZN (OAI21_X1)
   0.02    6.93 v _264207_/ZN (NAND2_X1)
   0.02    6.95 ^ _264210_/ZN (NAND2_X1)
   0.01    6.96 v _264214_/ZN (AOI21_X2)
   0.03    6.99 ^ _264217_/ZN (OAI21_X2)
   0.02    7.00 v _264218_/ZN (AOI21_X2)
   0.03    7.03 ^ _264222_/ZN (OAI21_X2)
   0.02    7.05 v _264224_/ZN (AOI21_X2)
   0.03    7.08 ^ _264228_/ZN (OAI211_X2)
   0.02    7.10 v _264232_/ZN (NAND3_X2)
   0.03    7.13 ^ _264234_/ZN (AOI21_X2)
   0.02    7.15 v _264236_/ZN (OAI211_X2)
   0.02    7.17 ^ _264240_/ZN (NAND3_X1)
   0.02    7.19 v _264244_/ZN (NAND3_X1)
   0.03    7.21 ^ _264247_/ZN (AOI21_X1)
   0.02    7.23 v _264250_/ZN (OAI21_X1)
   0.03    7.26 ^ _264253_/ZN (AOI21_X1)
   0.02    7.28 v _264254_/ZN (OAI21_X1)
   0.03    7.30 ^ _264257_/ZN (AOI21_X1)
   0.02    7.32 v _264258_/ZN (OAI21_X1)
   0.03    7.35 ^ _264262_/ZN (AOI21_X1)
   0.02    7.37 v _264263_/ZN (OAI21_X1)
   0.03    7.39 ^ _264266_/ZN (AOI21_X1)
   0.02    7.41 v _264268_/ZN (OAI21_X1)
   0.03    7.44 ^ _264270_/ZN (AOI21_X1)
   0.02    7.46 v _264275_/ZN (OAI21_X1)
   0.02    7.48 ^ _264278_/ZN (NAND2_X1)
   0.01    7.49 v _264280_/ZN (AOI21_X2)
   0.03    7.52 ^ _264284_/ZN (OAI211_X2)
   0.02    7.54 v _264288_/ZN (NAND3_X1)
   0.03    7.57 ^ _264290_/ZN (AOI21_X1)
   0.02    7.58 v _264291_/ZN (OAI21_X1)
   0.03    7.61 ^ _264294_/ZN (AOI21_X1)
   0.02    7.63 v _264295_/ZN (OAI21_X1)
   0.03    7.66 ^ _264298_/ZN (AOI21_X1)
   0.02    7.67 v _264302_/ZN (OAI21_X1)
   0.03    7.70 v _361039_/Z (BUF_X1)
   0.00    7.70 v _413013_/D (DFF_X1)
           7.70   data arrival time

   6.84    6.84   clock CLK (rise edge)
   0.00    6.84   clock network delay (ideal)
   0.00    6.84   clock reconvergence pessimism
           6.84 ^ _413013_/CK (DFF_X1)
  -0.04    6.80   library setup time
           6.80   data required time
---------------------------------------------------------
           6.80   data required time
          -7.70   data arrival time
---------------------------------------------------------
          -0.90   slack (VIOLATED)



==========================================================================
report_tns
--------------------------------------------------------------------------
tns -0.90

==========================================================================
report_wns
--------------------------------------------------------------------------
wns -0.90

==========================================================================
report_design_area
--------------------------------------------------------------------------
Design area 2440163 u^2 13% utilization.
