
==========================================================================
report_checks
--------------------------------------------------------------------------
Startpoint: _430095_ (rising edge-triggered flip-flop clocked by CLK)
Endpoint: _430420_ (rising edge-triggered flip-flop clocked by CLK)
Path Group: CLK
Path Type: max

  Delay    Time   Description
---------------------------------------------------------
   0.00    0.00   clock CLK (rise edge)
   0.00    0.00   clock network delay (ideal)
   0.00    0.00 ^ _430095_/CK (DFF_X1)
   0.08    0.08 ^ _430095_/Q (DFF_X1)
   0.12    0.20 ^ _351310_/Z (BUF_X1)
   0.12    0.32 v _243699_/ZN (INV_X1)
   0.10    0.41 v _243701_/ZN (OR2_X1)
   0.04    0.45 ^ _243702_/ZN (NAND4_X1)
   0.03    0.48 v _243703_/ZN (NOR3_X1)
   0.05    0.53 v _243726_/ZN (OR2_X1)
   0.18    0.72 ^ _243769_/ZN (NOR2_X1)
   0.06    0.77 ^ _243787_/ZN (AND2_X1)
   0.03    0.81 ^ _243805_/ZN (AND2_X1)
   0.09    0.90 ^ _243848_/ZN (AND2_X1)
   0.10    0.99 ^ _243849_/ZN (AND2_X1)
   0.05    1.04 v _243853_/ZN (NOR2_X1)
   0.32    1.36 ^ _243865_/ZN (NOR2_X1)
   0.14    1.49 v _309479_/ZN (INV_X1)
   1.23    2.73 ^ _309480_/ZN (NOR4_X1)
   3.12    5.84 v _309482_/ZN (NOR2_X1)
   1.22    7.06 v _309488_/ZN (OR2_X1)
   0.08    7.14 v _309489_/Z (BUF_X8)
   1.22    8.36 v _309490_/Z (BUF_X8)
   1.49    9.84 v _310208_/Z (BUF_X4)
   1.27   11.12 v _310228_/Z (MUX2_X1)
   0.03   11.14 v _394898_/Z (BUF_X1)
   0.00   11.14 v _430420_/D (DFF_X1)
          11.14   data arrival time

   6.84    6.84   clock CLK (rise edge)
   0.00    6.84   clock network delay (ideal)
   0.00    6.84   clock reconvergence pessimism
           6.84 ^ _430420_/CK (DFF_X1)
  -0.04    6.80   library setup time
           6.80   data required time
---------------------------------------------------------
           6.80   data required time
         -11.14   data arrival time
---------------------------------------------------------
          -4.34   slack (VIOLATED)



==========================================================================
report_tns
--------------------------------------------------------------------------
tns -10191.00

==========================================================================
report_wns
--------------------------------------------------------------------------
wns -4.34

==========================================================================
report_design_area
--------------------------------------------------------------------------
Design area 2462938 u^2 13% utilization.
