
==========================================================================
report_checks
--------------------------------------------------------------------------
Startpoint: _253030_ (rising edge-triggered flip-flop clocked by CLK)
Endpoint: _248338_ (rising edge-triggered flip-flop clocked by CLK)
Path Group: CLK
Path Type: max

  Delay    Time   Description
---------------------------------------------------------
   0.00    0.00   clock CLK (rise edge)
   0.00    0.00   clock network delay (ideal)
   0.00    0.00 ^ _253030_/CK (DFF_X1)
   0.08    0.08 ^ _253030_/Q (DFF_X1)
   0.20    0.28 ^ _214704_/Z (BUF_X1)
   0.06    0.35 ^ _137474_/ZN (AND2_X4)
   0.02    0.37 v _137571_/ZN (NAND3_X4)
   0.06    0.43 v _137681_/ZN (OR3_X4)
   0.04    0.47 ^ _138154_/ZN (NOR3_X4)
   0.06    0.53 ^ _138572_/ZN (AND4_X1)
   0.01    0.54 v _138575_/ZN (NOR3_X1)
   0.02    0.56 ^ _138576_/ZN (NAND2_X2)
   0.01    0.57 v _138578_/ZN (AOI21_X2)
   0.03    0.60 ^ _138582_/ZN (OAI211_X2)
   0.02    0.62 v _138587_/ZN (NAND3_X1)
   0.03    0.65 ^ _138590_/ZN (AOI21_X1)
   0.02    0.67 v _138592_/ZN (OAI21_X1)
   0.03    0.69 ^ _138594_/ZN (AOI21_X1)
   0.02    0.71 v _138598_/ZN (OAI21_X1)
   0.03    0.74 ^ _138599_/ZN (AOI21_X1)
   0.02    0.76 v _138602_/ZN (OAI21_X1)
   0.03    0.78 ^ _138604_/ZN (AOI21_X1)
   0.02    0.80 v _138608_/ZN (OAI21_X1)
   0.03    0.83 ^ _138609_/ZN (AOI21_X1)
   0.02    0.85 v _138611_/ZN (OAI21_X1)
   0.03    0.87 ^ _138614_/ZN (AOI21_X1)
   0.02    0.89 v _138615_/ZN (OAI21_X1)
   0.04    0.93 ^ _138617_/ZN (AOI21_X1)
   0.02    0.94 v _138620_/ZN (OAI21_X2)
   0.03    0.97 ^ _138622_/ZN (AOI21_X2)
   0.02    0.99 v _138626_/ZN (OAI211_X2)
   0.02    1.01 ^ _138632_/ZN (NAND3_X1)
   0.01    1.02 v _138636_/ZN (NAND2_X1)
   0.01    1.04 ^ _138638_/ZN (NAND2_X1)
   0.01    1.05 v _138639_/ZN (AOI21_X1)
   0.03    1.08 ^ _138642_/ZN (OAI21_X1)
   0.02    1.10 v _138643_/ZN (AOI21_X1)
   0.03    1.13 ^ _138647_/ZN (OAI211_X2)
   0.02    1.15 v _138651_/ZN (NAND3_X1)
   0.02    1.17 ^ _138653_/ZN (NAND2_X1)
   0.01    1.18 v _138655_/ZN (AOI21_X2)
   0.03    1.21 ^ _138659_/ZN (OAI211_X2)
   0.02    1.23 v _138663_/ZN (NAND3_X1)
   0.02    1.25 ^ _138666_/ZN (NAND2_X1)
   0.01    1.26 v _138669_/ZN (AOI21_X2)
   0.03    1.29 ^ _138672_/ZN (OAI211_X2)
   0.02    1.31 v _138676_/ZN (NAND3_X1)
   0.03    1.34 ^ _138678_/ZN (AOI21_X1)
   0.02    1.36 v _138681_/ZN (OAI21_X1)
   0.03    1.38 ^ _138683_/ZN (AOI21_X1)
   0.02    1.40 v _138686_/ZN (OAI21_X1)
   0.03    1.43 ^ _138688_/ZN (AOI21_X1)
   0.02    1.45 v _138690_/ZN (AOI21_X1)
   0.03    1.48 ^ _138691_/ZN (OAI21_X1)
   0.02    1.49 v _138693_/ZN (AOI21_X1)
   0.03    1.52 ^ _138698_/ZN (OAI21_X1)
   0.02    1.54 v _138699_/ZN (AOI21_X1)
   0.03    1.57 ^ _138704_/ZN (OAI21_X1)
   0.02    1.58 v _138705_/ZN (AOI21_X1)
   0.03    1.61 ^ _138708_/ZN (OAI21_X1)
   0.02    1.63 v _138710_/ZN (AOI21_X1)
   0.03    1.66 ^ _138714_/ZN (OAI21_X1)
   0.02    1.67 v _138717_/ZN (AOI21_X1)
   0.03    1.70 ^ _138720_/ZN (OAI21_X1)
   0.02    1.72 v _138723_/ZN (AOI21_X1)
   0.03    1.75 ^ _138727_/ZN (OAI21_X1)
   0.02    1.76 v _138728_/ZN (AOI21_X1)
   0.03    1.79 ^ _138731_/ZN (OAI21_X1)
   0.02    1.81 v _138734_/ZN (AOI21_X1)
   0.03    1.84 ^ _138739_/ZN (OAI21_X1)
   0.02    1.85 v _138740_/ZN (AOI21_X1)
   0.03    1.88 ^ _138743_/ZN (OAI21_X1)
   0.02    1.90 v _138744_/ZN (AOI21_X1)
   0.03    1.93 ^ _138747_/ZN (OAI21_X2)
   0.02    1.95 v _138749_/ZN (AOI21_X2)
   0.03    1.97 ^ _138753_/ZN (OAI211_X2)
   0.02    1.99 v _138757_/ZN (NAND3_X1)
   0.03    2.02 ^ _138759_/ZN (AOI21_X1)
   0.02    2.04 v _138761_/ZN (OAI21_X1)
   0.03    2.07 ^ _138763_/ZN (AOI21_X1)
   0.02    2.08 v _138765_/ZN (OAI21_X1)
   0.03    2.11 ^ _138767_/ZN (AOI21_X1)
   0.02    2.13 v _138770_/ZN (OAI21_X1)
   0.03    2.16 ^ _138772_/ZN (AOI21_X1)
   0.02    2.17 v _138774_/ZN (OAI21_X1)
   0.03    2.20 ^ _138776_/ZN (AOI21_X1)
   0.02    2.22 v _138779_/ZN (OAI21_X1)
   0.03    2.25 ^ _138781_/ZN (AOI21_X1)
   0.02    2.26 v _138782_/ZN (OAI21_X1)
   0.02    2.28 ^ _138787_/ZN (NAND2_X1)
   0.01    2.30 v _138789_/ZN (AOI21_X1)
   0.03    2.32 ^ _138790_/ZN (AOI21_X1)
   0.02    2.34 v _138791_/ZN (AOI21_X1)
   0.03    2.37 ^ _138793_/ZN (OAI21_X1)
   0.02    2.38 v _138795_/ZN (AOI21_X1)
   0.03    2.41 ^ _138799_/ZN (OAI21_X1)
   0.02    2.43 v _138801_/ZN (AOI21_X1)
   0.03    2.46 ^ _138805_/ZN (OAI21_X1)
   0.02    2.48 v _138809_/ZN (NAND3_X1)
   0.03    2.51 ^ _138811_/ZN (AOI21_X1)
   0.02    2.52 v _138812_/ZN (OAI21_X1)
   0.03    2.55 ^ _138814_/ZN (AOI21_X1)
   0.02    2.57 v _138815_/ZN (OAI21_X1)
   0.03    2.60 ^ _138817_/ZN (AOI21_X1)
   0.02    2.62 v _138819_/ZN (OAI21_X1)
   0.03    2.64 ^ _138821_/ZN (AOI21_X1)
   0.02    2.66 v _138824_/ZN (OAI21_X1)
   0.04    2.70 ^ _138825_/ZN (AOI21_X1)
   0.02    2.72 v _138829_/ZN (OAI211_X2)
   0.02    2.74 ^ _138833_/ZN (NAND3_X1)
   0.02    2.76 v _138838_/ZN (NAND3_X1)
   0.03    2.78 ^ _138840_/ZN (AOI21_X1)
   0.02    2.80 v _138842_/ZN (OAI21_X1)
   0.03    2.83 ^ _138844_/ZN (AOI21_X1)
   0.02    2.85 v _138846_/ZN (OAI21_X1)
   0.03    2.87 ^ _138848_/ZN (AOI21_X1)
   0.02    2.89 v _138852_/ZN (OAI21_X1)
   0.03    2.93 ^ _138854_/ZN (AOI21_X1)
   0.02    2.95 v _138857_/ZN (OAI211_X2)
   0.02    2.97 ^ _138861_/ZN (NAND3_X1)
   0.01    2.98 v _138864_/ZN (AOI21_X1)
   0.03    3.01 ^ _138865_/ZN (OAI21_X1)
   0.02    3.03 v _138867_/ZN (AOI21_X1)
   0.03    3.06 ^ _138870_/ZN (OAI21_X1)
   0.02    3.07 v _138873_/ZN (AOI21_X1)
   0.03    3.10 ^ _138877_/ZN (OAI21_X1)
   0.02    3.12 v _138878_/ZN (AOI21_X1)
   0.03    3.15 ^ _138881_/ZN (OAI21_X1)
   0.02    3.16 v _138883_/ZN (AOI21_X1)
   0.03    3.19 ^ _138885_/ZN (OAI21_X1)
   0.02    3.21 v _138886_/ZN (AOI21_X1)
   0.03    3.24 ^ _138890_/ZN (OAI21_X1)
   0.02    3.25 v _138891_/ZN (AOI21_X1)
   0.03    3.28 ^ _138894_/ZN (OAI21_X1)
   0.02    3.30 v _138897_/ZN (AOI21_X1)
   0.03    3.33 ^ _138900_/ZN (OAI21_X1)
   0.02    3.34 v _138902_/ZN (AOI21_X1)
   0.03    3.37 ^ _138903_/ZN (OAI21_X1)
   0.02    3.39 v _138906_/ZN (AOI21_X1)
   0.03    3.42 ^ _138909_/ZN (OAI21_X1)
   0.02    3.43 v _138910_/ZN (AOI21_X1)
   0.03    3.46 ^ _138913_/ZN (OAI21_X1)
   0.02    3.48 v _138917_/ZN (NAND3_X1)
   0.03    3.51 ^ _138919_/ZN (AOI21_X1)
   0.02    3.53 v _138921_/ZN (OAI21_X1)
   0.03    3.56 ^ _138923_/ZN (AOI21_X1)
   0.02    3.57 v _138926_/ZN (OAI21_X1)
   0.03    3.60 ^ _138928_/ZN (AOI21_X1)
   0.02    3.62 v _138930_/ZN (OAI21_X1)
   0.04    3.65 ^ _138933_/ZN (AOI21_X1)
   0.02    3.68 v _138935_/ZN (OAI211_X2)
   0.02    3.70 ^ _138940_/ZN (NAND3_X1)
   0.02    3.71 v _138942_/ZN (AOI21_X1)
   0.04    3.75 ^ _138946_/ZN (NOR3_X1)
   0.02    3.77 v _138949_/ZN (OAI21_X1)
   0.03    3.79 ^ _138952_/ZN (AOI21_X1)
   0.02    3.81 v _138954_/ZN (OAI21_X1)
   0.03    3.84 ^ _138956_/ZN (AOI21_X1)
   0.02    3.86 v _138958_/ZN (OAI21_X1)
   0.03    3.89 ^ _138959_/ZN (AOI21_X1)
   0.02    3.90 v _138963_/ZN (OAI21_X1)
   0.03    3.93 ^ _138965_/ZN (AOI21_X1)
   0.02    3.95 v _138966_/ZN (AOI21_X1)
   0.03    3.98 ^ _138969_/ZN (OAI21_X1)
   0.02    4.00 v _138971_/ZN (AOI21_X1)
   0.03    4.02 ^ _138974_/ZN (OAI211_X2)
   0.02    4.04 v _138979_/ZN (NAND3_X1)
   0.03    4.07 ^ _138982_/ZN (AOI21_X1)
   0.02    4.09 v _138985_/ZN (OAI21_X1)
   0.03    4.12 ^ _138988_/ZN (AOI21_X1)
   0.02    4.13 v _138990_/ZN (OAI21_X1)
   0.04    4.17 ^ _138992_/ZN (AOI21_X1)
   0.02    4.19 v _138996_/ZN (OAI211_X2)
   0.02    4.21 ^ _139000_/ZN (NAND3_X1)
   0.01    4.22 v _139002_/ZN (NAND2_X1)
   0.03    4.25 ^ _139005_/ZN (AOI21_X1)
   0.02    4.27 v _139006_/ZN (OAI21_X1)
   0.02    4.29 ^ _139008_/ZN (NAND2_X1)
   0.01    4.30 v _139010_/ZN (AOI21_X2)
   0.03    4.33 ^ _139014_/ZN (OAI211_X2)
   0.02    4.35 v _139018_/ZN (NAND3_X2)
   0.03    4.38 ^ _139020_/ZN (AOI21_X2)
   0.02    4.40 v _139024_/ZN (OAI211_X2)
   0.02    4.42 ^ _139028_/ZN (NAND3_X1)
   0.01    4.43 v _139031_/ZN (NAND2_X1)
   0.03    4.46 ^ _139033_/ZN (AOI21_X1)
   0.02    4.48 v _139036_/ZN (OAI21_X1)
   0.03    4.50 ^ _139038_/ZN (AOI21_X1)
   0.02    4.52 v _139039_/ZN (OAI21_X1)
   0.03    4.56 ^ _139041_/ZN (AOI21_X1)
   0.02    4.58 v _139044_/ZN (OAI211_X2)
   0.02    4.60 ^ _139048_/ZN (NAND3_X1)
   0.01    4.61 v _139052_/ZN (NAND2_X1)
   0.02    4.63 ^ _139054_/ZN (NAND2_X1)
   0.01    4.65 v _139055_/ZN (AOI21_X2)
   0.03    4.67 ^ _139057_/ZN (OAI211_X2)
   0.02    4.69 v _139061_/ZN (NAND3_X1)
   0.02    4.71 ^ _139063_/ZN (NAND2_X1)
   0.01    4.72 v _139066_/ZN (NAND2_X1)
   0.03    4.75 ^ _139068_/ZN (AOI21_X1)
   0.02    4.77 v _139071_/ZN (OAI21_X1)
   0.03    4.79 ^ _139074_/ZN (AOI21_X1)
   0.02    4.81 v _139075_/ZN (AOI21_X1)
   0.03    4.84 ^ _139078_/ZN (OAI21_X1)
   0.02    4.86 v _139080_/ZN (AOI21_X1)
   0.03    4.88 ^ _139083_/ZN (OAI21_X1)
   0.02    4.90 v _139085_/ZN (AOI21_X1)
   0.03    4.93 ^ _139090_/ZN (OAI21_X1)
   0.02    4.95 v _139091_/ZN (AOI21_X1)
   0.03    4.97 ^ _139094_/ZN (OAI21_X1)
   0.02    4.99 v _139095_/ZN (AOI21_X1)
   0.03    5.02 ^ _139098_/ZN (OAI21_X1)
   0.02    5.04 v _139100_/ZN (AOI21_X1)
   0.03    5.06 ^ _139103_/ZN (OAI21_X1)
   0.02    5.09 v _139105_/ZN (AOI21_X1)
   0.03    5.11 ^ _139109_/ZN (OAI211_X2)
   0.02    5.13 v _139113_/ZN (NAND3_X1)
   0.02    5.15 ^ _139117_/ZN (NAND3_X1)
   0.02    5.17 v _139121_/ZN (NAND3_X1)
   0.03    5.20 ^ _139123_/ZN (AOI21_X1)
   0.02    5.21 v _139126_/ZN (OAI21_X1)
   0.03    5.24 ^ _139128_/ZN (AOI21_X1)
   0.02    5.26 v _139131_/ZN (OAI21_X1)
   0.04    5.29 ^ _139133_/ZN (AOI21_X1)
   0.02    5.31 v _139136_/ZN (OAI21_X2)
   0.03    5.34 ^ _139138_/ZN (AOI21_X2)
   0.02    5.36 v _139140_/ZN (OAI21_X2)
   0.03    5.38 ^ _139142_/ZN (AOI21_X2)
   0.02    5.40 v _139144_/ZN (OAI21_X2)
   0.03    5.43 ^ _139146_/ZN (AOI21_X2)
   0.02    5.44 v _139148_/ZN (OAI21_X2)
   0.03    5.47 ^ _139150_/ZN (AOI21_X2)
   0.02    5.48 v _139155_/ZN (OAI21_X2)
   0.03    5.51 ^ _139156_/ZN (AOI21_X2)
   0.02    5.53 v _139160_/ZN (OAI211_X2)
   0.02    5.55 ^ _139164_/ZN (NAND3_X2)
   0.01    5.57 v _139166_/ZN (AOI21_X2)
   0.03    5.59 ^ _139170_/ZN (OAI211_X2)
   0.02    5.61 v _139174_/ZN (NAND3_X1)
   0.02    5.63 ^ _139178_/ZN (NAND3_X1)
   0.01    5.65 v _139181_/ZN (AOI21_X1)
   0.03    5.68 ^ _139182_/ZN (OAI21_X1)
   0.02    5.69 v _139186_/ZN (AOI21_X1)
   0.03    5.72 ^ _139189_/ZN (OAI21_X1)
   0.02    5.74 v _139192_/ZN (AOI21_X1)
   0.03    5.77 ^ _139193_/ZN (OAI21_X1)
   0.02    5.78 v _139197_/ZN (AOI21_X1)
   0.03    5.81 ^ _139199_/ZN (OAI21_X1)
   0.02    5.83 v _139201_/ZN (AOI21_X1)
   0.03    5.86 ^ _139204_/ZN (OAI21_X1)
   0.02    5.87 v _139208_/ZN (AOI21_X1)
   0.03    5.90 ^ _139211_/ZN (OAI21_X1)
   0.02    5.92 v _139214_/ZN (AOI21_X1)
   0.03    5.95 ^ _139215_/ZN (OAI21_X1)
   0.02    5.96 v _139219_/ZN (AOI21_X1)
   0.03    5.99 ^ _139221_/ZN (OAI21_X1)
   0.02    6.01 v _139224_/ZN (AOI21_X1)
   0.03    6.04 ^ _139225_/ZN (OAI21_X1)
   0.02    6.05 v _139229_/ZN (AOI21_X1)
   0.03    6.08 ^ _139230_/ZN (OAI21_X1)
   0.02    6.10 v _139233_/ZN (AOI21_X1)
   0.03    6.13 ^ _139234_/ZN (OAI21_X1)
   0.02    6.14 v _139236_/ZN (NAND2_X1)
   0.03    6.17 ^ _139238_/ZN (AOI21_X1)
   0.02    6.19 v _139241_/ZN (OAI21_X1)
   0.02    6.21 ^ _139243_/ZN (NAND2_X1)
   0.01    6.22 v _139246_/ZN (AOI21_X2)
   0.03    6.25 ^ _139249_/ZN (OAI211_X2)
   0.02    6.27 v _139253_/ZN (NAND3_X1)
   0.03    6.29 ^ _139255_/ZN (AOI21_X1)
   0.02    6.31 v _139256_/ZN (OAI21_X1)
   0.03    6.34 ^ _139258_/ZN (AOI21_X1)
   0.02    6.36 v _139260_/ZN (OAI21_X1)
   0.03    6.38 ^ _139262_/ZN (AOI21_X1)
   0.02    6.40 v _139265_/ZN (OAI21_X1)
   0.03    6.44 ^ _139268_/ZN (AOI21_X1)
   0.02    6.46 v _139271_/ZN (OAI211_X2)
   0.02    6.48 ^ _139275_/ZN (NAND3_X1)
   0.01    6.49 v _139279_/ZN (NAND2_X1)
   0.03    6.52 ^ _139281_/ZN (AOI21_X1)
   0.02    6.54 v _139283_/ZN (OAI21_X1)
   0.03    6.57 ^ _139285_/ZN (AOI21_X1)
   0.02    6.58 v _139288_/ZN (OAI21_X1)
   0.03    6.61 ^ _139290_/ZN (AOI21_X1)
   0.02    6.63 v _139295_/ZN (OAI21_X1)
   0.03    6.66 ^ _139296_/ZN (AOI21_X1)
   0.02    6.67 v _139300_/ZN (OAI21_X1)
   0.03    6.70 ^ _139301_/ZN (AOI21_X1)
   0.02    6.72 v _139304_/ZN (OAI21_X1)
   0.04    6.75 ^ _139306_/ZN (AOI21_X1)
   0.02    6.77 v _139309_/ZN (OAI21_X2)
   0.03    6.80 ^ _139312_/ZN (AOI21_X2)
   0.02    6.81 v _139316_/ZN (OAI21_X2)
   0.03    6.84 ^ _139317_/ZN (AOI21_X2)
   0.02    6.86 v _139321_/ZN (OAI211_X2)
   0.02    6.88 ^ _139325_/ZN (NAND3_X1)
   0.01    6.89 v _139327_/ZN (AOI21_X1)
   0.03    6.92 ^ _139330_/ZN (OAI21_X1)
   0.02    6.94 v _139333_/ZN (AOI21_X1)
   0.03    6.97 ^ _139334_/ZN (OAI21_X1)
   0.02    6.98 v _139337_/ZN (AOI21_X1)
   0.03    7.01 ^ _139339_/ZN (OAI21_X1)
   0.02    7.03 v _139340_/ZN (AOI21_X1)
   0.03    7.06 ^ _139342_/ZN (OAI21_X2)
   0.02    7.08 v _139344_/ZN (AOI21_X2)
   0.03    7.10 ^ _139348_/ZN (OAI211_X2)
   0.02    7.12 v _139352_/ZN (NAND3_X1)
   0.03    7.15 ^ _139354_/ZN (AOI21_X1)
   0.02    7.17 v _139356_/ZN (OAI21_X1)
   0.03    7.20 ^ _139357_/ZN (AOI21_X1)
   0.02    7.21 v _139359_/ZN (OAI21_X1)
   0.04    7.25 ^ _139362_/ZN (AOI21_X1)
   0.02    7.27 v _139364_/ZN (OAI211_X2)
   0.02    7.29 ^ _139368_/ZN (NAND3_X1)
   0.02    7.31 v _139372_/ZN (NAND3_X1)
   0.03    7.34 ^ _139374_/ZN (AOI21_X2)
   0.02    7.36 v _139378_/ZN (OAI211_X2)
   0.02    7.38 ^ _139382_/ZN (NAND3_X1)
   0.01    7.40 v _139384_/ZN (AOI21_X1)
   0.03    7.42 ^ _139386_/ZN (OAI21_X1)
   0.02    7.44 v _139388_/ZN (AOI21_X1)
   0.03    7.47 ^ _139392_/ZN (OAI21_X1)
   0.02    7.49 v _139393_/ZN (AOI21_X1)
   0.03    7.52 ^ _139397_/ZN (OAI211_X2)
   0.02    7.54 v _139401_/ZN (NAND3_X1)
   0.02    7.55 ^ _139403_/ZN (NAND2_X1)
   0.01    7.57 v _139406_/ZN (AOI21_X1)
   0.02    7.59 ^ _139410_/ZN (OAI21_X1)
   0.02    7.61 ^ _214727_/Z (BUF_X1)
   0.00    7.61 ^ _248338_/D (DFF_X1)
           7.61   data arrival time

   4.80    4.80   clock CLK (rise edge)
   0.00    4.80   clock network delay (ideal)
   0.00    4.80   clock reconvergence pessimism
           4.80 ^ _248338_/CK (DFF_X1)
  -0.03    4.77   library setup time
           4.77   data required time
---------------------------------------------------------
           4.77   data required time
          -7.61   data arrival time
---------------------------------------------------------
          -2.85   slack (VIOLATED)



==========================================================================
report_tns
--------------------------------------------------------------------------
tns -2.85

==========================================================================
report_wns
--------------------------------------------------------------------------
wns -2.85

==========================================================================
report_design_area
--------------------------------------------------------------------------
Design area 1872118 u^2 23% utilization.
