
==========================================================================
report_floating_nets
--------------------------------------------------------------------------
Warning: found 12930 floatiing nets.

==========================================================================
report_checks
--------------------------------------------------------------------------
Startpoint: reset_i (input port clocked by CLK)
Endpoint: _259478_ (rising edge-triggered flip-flop clocked by CLK)
Path Group: CLK
Path Type: max

  Delay    Time   Description
---------------------------------------------------------
   0.00    0.00   clock CLK (rise edge)
   0.00    0.00   clock network delay (ideal)
   1.80    1.80 v input external delay
   0.00    1.80 v reset_i (in)
   0.03    1.83 v buffer701/Z (CLKBUF_X1)
   0.04    1.87 v _209416_/Z (BUF_X4)
   0.04    1.90 v _130754_/Z (BUF_X32)
   1.82    3.72 ^ _130755_/ZN (INV_X32)
   0.07    3.79 ^ _130766_/Z (BUF_X32)
   0.34    4.13 ^ _130767_/Z (BUF_X32)
   1.03    5.16 ^ _130768_/Z (BUF_X32)
   0.14    5.30 ^ _130769_/Z (BUF_X32)
   1.16    6.46 ^ _132528_/Z (BUF_X32)
   0.26    6.72 ^ _140334_/Z (BUF_X32)
   1.12    7.84 ^ _187130_/Z (BUF_X16)
   0.55    8.39 v _198837_/ZN (NAND4_X2)
   0.04    8.43 ^ _198838_/ZN (OAI22_X1)
   0.03    8.46 ^ _241968_/Z (CLKBUF_X1)
   0.00    8.46 ^ _259478_/D (DFF_X1)
           8.46   data arrival time

   4.80    4.80   clock CLK (rise edge)
   0.00    4.80   clock network delay (ideal)
   0.00    4.80   clock reconvergence pessimism
           4.80 ^ _259478_/CK (DFF_X1)
  -0.03    4.77   library setup time
           4.77   data required time
---------------------------------------------------------
           4.77   data required time
          -8.46   data arrival time
---------------------------------------------------------
          -3.69   slack (VIOLATED)



==========================================================================
report_tns
--------------------------------------------------------------------------
tns -5512.43

==========================================================================
report_wns
--------------------------------------------------------------------------
wns -3.69

==========================================================================
report_design_area
--------------------------------------------------------------------------
Design area 1954760 u^2 24% utilization.
