  violation type: Short
    srcs: rof1_0__core.fe.icache_1.tag_mem.macro_mem.mem/OBS rof1_0__core.fe.icache_1.tag_mem.data_i\[91\] 
    bbox = ( 41.23, 122.255 ) - ( 41.23, 122.325 ) on Layer metal3
  violation type: Short
    srcs: rof1_0__core.fe.icache_1.tag_mem.macro_mem.mem/OBS rof1_0__core.fe.icache_1.tag_mem.data_i\[91\] 
    bbox = ( 41.23, 122.255 ) - ( 41.23, 122.395 ) on Layer metal3
  violation type: Short
    srcs: rof1_0__core.fe.icache_1.tag_mem.macro_mem.mem/OBS rof1_0__core.fe.icache_1.tag_mem.data_i\[91\] 
    bbox = ( 41.16, 122.255 ) - ( 41.23, 122.325 ) on Layer metal3
  violation type: Short
    srcs: me.genblk1_0__bp_cce_top.bp_cce.directory.wg_ram.macro_mem1.mem/OBS me.genblk1_0__bp_cce_top.bp_cce.directory.wg_ram.macro_mem1.w_mask_i\[29\] 
    bbox = ( 1301.51, 44.135 ) - ( 1301.51, 44.205 ) on Layer metal3
  violation type: Short
    srcs: me.genblk1_0__bp_cce_top.bp_cce.directory.wg_ram.macro_mem1.mem/OBS me.genblk1_0__bp_cce_top.bp_cce.directory.wg_ram.macro_mem1.w_mask_i\[5\] 
    bbox = ( 1301.51, 37.485 ) - ( 1301.51, 37.835 ) on Layer metal3
  violation type: Short
    srcs: me.genblk1_0__bp_cce_top.bp_cce.directory.wg_ram.macro_mem1.mem/OBS me.genblk1_0__bp_cce_top.bp_cce.directory.wg_ram.macro_mem1.w_mask_i\[1\] 
    bbox = ( 1301.51, 36.365 ) - ( 1301.51, 36.715 ) on Layer metal3
  violation type: Short
    srcs: me.genblk1_0__bp_cce_top.bp_cce.directory.wg_ram.macro_mem1.mem/OBS me.genblk1_0__bp_cce_top.bp_cce.directory.wg_ram.macro_mem1.w_mask_i\[3\] 
    bbox = ( 1301.51, 36.925 ) - ( 1301.51, 37.275 ) on Layer metal3
  violation type: Short
    srcs: me.genblk1_0__bp_cce_top.bp_cce.directory.wg_ram.macro_mem1.mem/OBS me.genblk1_0__bp_cce_top.bp_cce.directory.wg_ram.macro_mem1.w_mask_i\[9\] 
    bbox = ( 1301.51, 38.605 ) - ( 1301.51, 38.955 ) on Layer metal3
  violation type: Short
    srcs: me.genblk1_0__bp_cce_top.bp_cce.directory.wg_ram.macro_mem1.mem/OBS me.genblk1_0__bp_cce_top.bp_cce.directory.wg_ram.macro_mem1.w_mask_i\[7\] 
    bbox = ( 1301.51, 38.045 ) - ( 1301.51, 38.395 ) on Layer metal3
  violation type: Short
    srcs: me.genblk1_0__bp_cce_top.bp_cce.directory.wg_ram.macro_mem1.mem/OBS me.genblk1_0__bp_cce_top.bp_cce.directory.wg_ram.macro_mem1.w_mask_i\[21\] 
    bbox = ( 1301.51, 41.965 ) - ( 1301.51, 42.315 ) on Layer metal3
  violation type: Short
    srcs: me.genblk1_0__bp_cce_top.bp_cce.directory.wg_ram.macro_mem1.mem/OBS me.genblk1_0__bp_cce_top.bp_cce.directory.wg_ram.macro_mem1.w_mask_i\[23\] 
    bbox = ( 1301.51, 42.525 ) - ( 1301.51, 42.875 ) on Layer metal3
  violation type: Short
    srcs: me.genblk1_0__bp_cce_top.bp_cce.directory.wg_ram.macro_mem1.mem/OBS me.genblk1_0__bp_cce_top.bp_cce.directory.wg_ram.macro_mem1.w_mask_i\[25\] 
    bbox = ( 1301.51, 43.085 ) - ( 1301.51, 43.435 ) on Layer metal3
  violation type: Short
    srcs: me.genblk1_0__bp_cce_top.bp_cce.directory.wg_ram.macro_mem1.mem/OBS me.genblk1_0__bp_cce_top.bp_cce.directory.wg_ram.macro_mem1.w_mask_i\[15\] 
    bbox = ( 1301.51, 40.285 ) - ( 1301.51, 40.635 ) on Layer metal3
  violation type: Short
    srcs: me.genblk1_0__bp_cce_top.bp_cce.directory.wg_ram.macro_mem1.mem/OBS me.genblk1_0__bp_cce_top.bp_cce.directory.wg_ram.macro_mem1.w_mask_i\[13\] 
    bbox = ( 1301.51, 39.725 ) - ( 1301.51, 40.075 ) on Layer metal3
  violation type: Short
    srcs: me.genblk1_0__bp_cce_top.bp_cce.directory.wg_ram.macro_mem1.mem/OBS me.genblk1_0__bp_cce_top.bp_cce.directory.wg_ram.macro_mem1.w_mask_i\[27\] 
    bbox = ( 1301.51, 43.645 ) - ( 1301.51, 43.995 ) on Layer metal3
  violation type: Short
    srcs: me.genblk1_0__bp_cce_top.bp_cce.directory.wg_ram.macro_mem1.mem/OBS me.genblk1_0__bp_cce_top.bp_cce.directory.wg_ram.macro_mem1.w_mask_i\[11\] 
    bbox = ( 1301.51, 39.165 ) - ( 1301.51, 39.515 ) on Layer metal3
  violation type: Short
    srcs: me.genblk1_0__bp_cce_top.bp_cce.directory.wg_ram.macro_mem1.mem/OBS me.genblk1_0__bp_cce_top.bp_cce.directory.wg_ram.macro_mem1.w_mask_i\[19\] 
    bbox = ( 1301.51, 41.405 ) - ( 1301.51, 41.755 ) on Layer metal3
  violation type: Short
    srcs: me.genblk1_0__bp_cce_top.bp_cce.directory.wg_ram.macro_mem1.mem/OBS me.genblk1_0__bp_cce_top.bp_cce.directory.wg_ram.macro_mem1.w_mask_i\[17\] 
    bbox = ( 1301.51, 40.845 ) - ( 1301.51, 41.195 ) on Layer metal3
  violation type: Short
    srcs: me.genblk1_0__bp_cce_top.bp_cce.directory.wg_ram.macro_mem1.mem/OBS me.genblk1_0__bp_cce_top.bp_cce.directory.wg_ram.macro_mem1.w_mask_i\[29\] 
    bbox = ( 1301.51, 44.135 ) - ( 1301.51, 44.555 ) on Layer metal3
  violation type: Short
    srcs: me.genblk1_0__bp_cce_top.bp_cce.directory.wg_ram.macro_mem1.mem/OBS me.genblk1_0__bp_cce_top.bp_cce.directory.wg_ram.macro_mem1.w_mask_i\[31\] 
    bbox = ( 1301.51, 44.765 ) - ( 1301.51, 45.115 ) on Layer metal3
  violation type: Short
    srcs: me.genblk1_0__bp_cce_top.bp_cce.directory.wg_ram.macro_mem1.mem/OBS me.genblk1_0__bp_cce_top.bp_cce.directory.wg_ram.macro_mem1.w_mask_i\[33\] 
    bbox = ( 1301.51, 45.325 ) - ( 1301.51, 45.675 ) on Layer metal3
  violation type: Short
    srcs: me.genblk1_0__bp_cce_top.bp_cce.directory.wg_ram.macro_mem1.mem/OBS me.genblk1_0__bp_cce_top.bp_cce.directory.wg_ram.macro_mem1.w_mask_i\[37\] 
    bbox = ( 1301.51, 46.445 ) - ( 1301.51, 46.795 ) on Layer metal3
  violation type: Short
    srcs: me.genblk1_0__bp_cce_top.bp_cce.directory.wg_ram.macro_mem1.mem/OBS me.genblk1_0__bp_cce_top.bp_cce.directory.wg_ram.macro_mem1.w_mask_i\[35\] 
    bbox = ( 1301.51, 45.885 ) - ( 1301.51, 46.235 ) on Layer metal3
  violation type: Short
    srcs: me.genblk1_0__bp_cce_top.bp_cce.directory.wg_ram.macro_mem1.mem/OBS me.genblk1_0__bp_cce_top.bp_cce.directory.wg_ram.macro_mem1.w_mask_i\[39\] 
    bbox = ( 1301.51, 47.005 ) - ( 1301.51, 47.355 ) on Layer metal3
  violation type: Short
    srcs: me.genblk1_0__bp_cce_top.bp_cce.directory.wg_ram.macro_mem1.mem/OBS me.genblk1_0__bp_cce_top.bp_cce.directory.wg_ram.macro_mem1.w_mask_i\[45\] 
    bbox = ( 1301.51, 48.685 ) - ( 1301.51, 49.035 ) on Layer metal3
  violation type: Short
    srcs: me.genblk1_0__bp_cce_top.bp_cce.directory.wg_ram.macro_mem1.mem/OBS me.genblk1_0__bp_cce_top.bp_cce.directory.wg_ram.macro_mem1.w_mask_i\[41\] 
    bbox = ( 1301.51, 47.565 ) - ( 1301.51, 47.915 ) on Layer metal3
  violation type: Short
    srcs: me.genblk1_0__bp_cce_top.bp_cce.directory.wg_ram.macro_mem1.mem/OBS me.genblk1_0__bp_cce_top.bp_cce.directory.wg_ram.macro_mem1.w_mask_i\[43\] 
    bbox = ( 1301.51, 48.125 ) - ( 1301.51, 48.475 ) on Layer metal3
  violation type: Short
    srcs: me.genblk1_0__bp_cce_top.bp_cce.directory.wg_ram.macro_mem1.mem/OBS me.genblk1_0__bp_cce_top.bp_cce.directory.wg_ram.macro_mem1.w_mask_i\[47\] 
    bbox = ( 1301.51, 49.245 ) - ( 1301.51, 49.595 ) on Layer metal3
  violation type: Short
    srcs: me.genblk1_0__bp_cce_top.bp_cce.directory.wg_ram.macro_mem1.mem/OBS me.genblk1_0__bp_cce_top.bp_cce.directory.wg_ram.macro_mem1.w_mask_i\[1\] 
    bbox = ( 1301.44, 36.435 ) - ( 1301.51, 36.645 ) on Layer metal3
  violation type: Short
    srcs: me.genblk1_0__bp_cce_top.bp_cce.directory.wg_ram.macro_mem1.mem/OBS me.genblk1_0__bp_cce_top.bp_cce.directory.wg_ram.macro_mem1.w_mask_i\[3\] 
    bbox = ( 1301.44, 36.995 ) - ( 1301.51, 37.205 ) on Layer metal3
  violation type: Short
    srcs: me.genblk1_0__bp_cce_top.bp_cce.directory.wg_ram.macro_mem1.mem/OBS me.genblk1_0__bp_cce_top.bp_cce.directory.wg_ram.macro_mem1.w_mask_i\[5\] 
    bbox = ( 1301.44, 37.555 ) - ( 1301.51, 37.765 ) on Layer metal3
  violation type: Short
    srcs: me.genblk1_0__bp_cce_top.bp_cce.directory.wg_ram.macro_mem1.mem/OBS me.genblk1_0__bp_cce_top.bp_cce.directory.wg_ram.macro_mem1.w_mask_i\[7\] 
    bbox = ( 1301.44, 38.115 ) - ( 1301.51, 38.325 ) on Layer metal3
  violation type: Short
    srcs: me.genblk1_0__bp_cce_top.bp_cce.directory.wg_ram.macro_mem1.mem/OBS me.genblk1_0__bp_cce_top.bp_cce.directory.wg_ram.macro_mem1.w_mask_i\[9\] 
    bbox = ( 1301.44, 38.675 ) - ( 1301.51, 38.885 ) on Layer metal3
  violation type: Short
    srcs: me.genblk1_0__bp_cce_top.bp_cce.directory.wg_ram.macro_mem1.mem/OBS me.genblk1_0__bp_cce_top.bp_cce.directory.wg_ram.macro_mem1.w_mask_i\[11\] 
    bbox = ( 1301.44, 39.235 ) - ( 1301.51, 39.445 ) on Layer metal3
  violation type: Short
    srcs: me.genblk1_0__bp_cce_top.bp_cce.directory.wg_ram.macro_mem1.mem/OBS me.genblk1_0__bp_cce_top.bp_cce.directory.wg_ram.macro_mem1.w_mask_i\[13\] 
    bbox = ( 1301.44, 39.795 ) - ( 1301.51, 40.005 ) on Layer metal3
  violation type: Short
    srcs: me.genblk1_0__bp_cce_top.bp_cce.directory.wg_ram.macro_mem1.mem/OBS me.genblk1_0__bp_cce_top.bp_cce.directory.wg_ram.macro_mem1.w_mask_i\[15\] 
    bbox = ( 1301.44, 40.355 ) - ( 1301.51, 40.565 ) on Layer metal3
  violation type: Short
    srcs: me.genblk1_0__bp_cce_top.bp_cce.directory.wg_ram.macro_mem1.mem/OBS me.genblk1_0__bp_cce_top.bp_cce.directory.wg_ram.macro_mem1.w_mask_i\[17\] 
    bbox = ( 1301.44, 40.915 ) - ( 1301.51, 41.125 ) on Layer metal3
  violation type: Short
    srcs: me.genblk1_0__bp_cce_top.bp_cce.directory.wg_ram.macro_mem1.mem/OBS me.genblk1_0__bp_cce_top.bp_cce.directory.wg_ram.macro_mem1.w_mask_i\[19\] 
    bbox = ( 1301.44, 41.475 ) - ( 1301.51, 41.685 ) on Layer metal3
  violation type: Short
    srcs: me.genblk1_0__bp_cce_top.bp_cce.directory.wg_ram.macro_mem1.mem/OBS me.genblk1_0__bp_cce_top.bp_cce.directory.wg_ram.macro_mem1.w_mask_i\[21\] 
    bbox = ( 1301.44, 42.035 ) - ( 1301.51, 42.245 ) on Layer metal3
  violation type: Short
    srcs: me.genblk1_0__bp_cce_top.bp_cce.directory.wg_ram.macro_mem1.mem/OBS me.genblk1_0__bp_cce_top.bp_cce.directory.wg_ram.macro_mem1.w_mask_i\[23\] 
    bbox = ( 1301.44, 42.595 ) - ( 1301.51, 42.805 ) on Layer metal3
  violation type: Short
    srcs: me.genblk1_0__bp_cce_top.bp_cce.directory.wg_ram.macro_mem1.mem/OBS me.genblk1_0__bp_cce_top.bp_cce.directory.wg_ram.macro_mem1.w_mask_i\[25\] 
    bbox = ( 1301.44, 43.155 ) - ( 1301.51, 43.365 ) on Layer metal3
  violation type: Short
    srcs: me.genblk1_0__bp_cce_top.bp_cce.directory.wg_ram.macro_mem1.mem/OBS me.genblk1_0__bp_cce_top.bp_cce.directory.wg_ram.macro_mem1.w_mask_i\[27\] 
    bbox = ( 1301.44, 43.715 ) - ( 1301.51, 43.925 ) on Layer metal3
  violation type: Short
    srcs: me.genblk1_0__bp_cce_top.bp_cce.directory.wg_ram.macro_mem1.mem/OBS me.genblk1_0__bp_cce_top.bp_cce.directory.wg_ram.macro_mem1.w_mask_i\[29\] 
    bbox = ( 1301.44, 44.135 ) - ( 1301.51, 44.205 ) on Layer metal3
  violation type: Short
    srcs: me.genblk1_0__bp_cce_top.bp_cce.directory.wg_ram.macro_mem1.mem/OBS me.genblk1_0__bp_cce_top.bp_cce.directory.wg_ram.macro_mem1.w_mask_i\[29\] 
    bbox = ( 1301.44, 44.275 ) - ( 1301.51, 44.485 ) on Layer metal3
  violation type: Short
    srcs: me.genblk1_0__bp_cce_top.bp_cce.directory.wg_ram.macro_mem1.mem/OBS me.genblk1_0__bp_cce_top.bp_cce.directory.wg_ram.macro_mem1.w_mask_i\[31\] 
    bbox = ( 1301.44, 44.835 ) - ( 1301.51, 45.045 ) on Layer metal3
  violation type: Short
    srcs: me.genblk1_0__bp_cce_top.bp_cce.directory.wg_ram.macro_mem1.mem/OBS me.genblk1_0__bp_cce_top.bp_cce.directory.wg_ram.macro_mem1.w_mask_i\[33\] 
    bbox = ( 1301.44, 45.395 ) - ( 1301.51, 45.605 ) on Layer metal3
  violation type: Short
    srcs: me.genblk1_0__bp_cce_top.bp_cce.directory.wg_ram.macro_mem1.mem/OBS me.genblk1_0__bp_cce_top.bp_cce.directory.wg_ram.macro_mem1.w_mask_i\[35\] 
    bbox = ( 1301.44, 45.955 ) - ( 1301.51, 46.165 ) on Layer metal3
  violation type: Short
    srcs: me.genblk1_0__bp_cce_top.bp_cce.directory.wg_ram.macro_mem1.mem/OBS me.genblk1_0__bp_cce_top.bp_cce.directory.wg_ram.macro_mem1.w_mask_i\[37\] 
    bbox = ( 1301.44, 46.515 ) - ( 1301.51, 46.725 ) on Layer metal3
  violation type: Short
    srcs: me.genblk1_0__bp_cce_top.bp_cce.directory.wg_ram.macro_mem1.mem/OBS me.genblk1_0__bp_cce_top.bp_cce.directory.wg_ram.macro_mem1.w_mask_i\[39\] 
    bbox = ( 1301.44, 47.075 ) - ( 1301.51, 47.285 ) on Layer metal3
  violation type: Short
    srcs: me.genblk1_0__bp_cce_top.bp_cce.directory.wg_ram.macro_mem1.mem/OBS me.genblk1_0__bp_cce_top.bp_cce.directory.wg_ram.macro_mem1.w_mask_i\[41\] 
    bbox = ( 1301.44, 47.635 ) - ( 1301.51, 47.845 ) on Layer metal3
  violation type: Short
    srcs: me.genblk1_0__bp_cce_top.bp_cce.directory.wg_ram.macro_mem1.mem/OBS me.genblk1_0__bp_cce_top.bp_cce.directory.wg_ram.macro_mem1.w_mask_i\[43\] 
    bbox = ( 1301.44, 48.195 ) - ( 1301.51, 48.405 ) on Layer metal3
  violation type: Short
    srcs: me.genblk1_0__bp_cce_top.bp_cce.directory.wg_ram.macro_mem1.mem/OBS me.genblk1_0__bp_cce_top.bp_cce.directory.wg_ram.macro_mem1.w_mask_i\[45\] 
    bbox = ( 1301.44, 48.755 ) - ( 1301.51, 48.965 ) on Layer metal3
  violation type: Short
    srcs: me.genblk1_0__bp_cce_top.bp_cce.directory.wg_ram.macro_mem1.mem/OBS me.genblk1_0__bp_cce_top.bp_cce.directory.wg_ram.macro_mem1.w_mask_i\[47\] 
    bbox = ( 1301.44, 49.315 ) - ( 1301.51, 49.525 ) on Layer metal3
  violation type: Short
    srcs: me.genblk1_0__bp_cce_top.bp_cce.directory.wg_ram.macro_mem1.mem/OBS me.genblk1_0__bp_cce_top.bp_cce.directory.wg_ram.macro_mem1.w_mask_i\[49\] 
    bbox = ( 1301.44, 49.875 ) - ( 1301.51, 50.085 ) on Layer metal3
  violation type: Short
    srcs: me.genblk1_0__bp_cce_top.bp_cce.directory.wg_ram.macro_mem1.mem/OBS me.genblk1_0__bp_cce_top.bp_cce.directory.wg_ram.macro_mem1.w_mask_i\[51\] 
    bbox = ( 1301.51, 50.3475 ) - ( 1301.51, 50.4175 ) on Layer metal3
  violation type: Short
    srcs: me.genblk1_0__bp_cce_top.bp_cce.directory.wg_ram.macro_mem1.mem/OBS me.genblk1_0__bp_cce_top.bp_cce.directory.wg_ram.macro_mem1.w_mask_i\[49\] 
    bbox = ( 1301.51, 49.805 ) - ( 1301.51, 50.155 ) on Layer metal3
  violation type: Short
    srcs: me.genblk1_0__bp_cce_top.bp_cce.directory.wg_ram.macro_mem1.mem/OBS me.genblk1_0__bp_cce_top.bp_cce.directory.wg_ram.macro_mem1.w_mask_i\[53\] 
    bbox = ( 1301.51, 50.925 ) - ( 1301.51, 51.275 ) on Layer metal3
  violation type: Short
    srcs: me.genblk1_0__bp_cce_top.bp_cce.directory.wg_ram.macro_mem1.mem/OBS me.genblk1_0__bp_cce_top.bp_cce.directory.wg_ram.macro_mem1.w_mask_i\[51\] 
    bbox = ( 1301.51, 50.3475 ) - ( 1301.51, 50.715 ) on Layer metal3
  violation type: Short
    srcs: me.genblk1_0__bp_cce_top.bp_cce.directory.wg_ram.macro_mem1.mem/OBS me.genblk1_0__bp_cce_top.bp_cce.directory.wg_ram.macro_mem1.w_mask_i\[55\] 
    bbox = ( 1301.51, 51.485 ) - ( 1301.51, 51.835 ) on Layer metal3
  violation type: Short
    srcs: me.genblk1_0__bp_cce_top.bp_cce.directory.wg_ram.macro_mem1.mem/OBS me.genblk1_0__bp_cce_top.bp_cce.directory.wg_ram.macro_mem1.w_mask_i\[57\] 
    bbox = ( 1301.51, 52.045 ) - ( 1301.51, 52.395 ) on Layer metal3
  violation type: Short
    srcs: me.genblk1_0__bp_cce_top.bp_cce.directory.wg_ram.macro_mem1.mem/OBS me.genblk1_0__bp_cce_top.bp_cce.directory.wg_ram.macro_mem1.w_mask_i\[75\] 
    bbox = ( 1301.51, 57.085 ) - ( 1301.51, 57.435 ) on Layer metal3
  violation type: Short
    srcs: me.genblk1_0__bp_cce_top.bp_cce.directory.wg_ram.macro_mem1.mem/OBS me.genblk1_0__bp_cce_top.bp_cce.directory.wg_ram.macro_mem1.w_mask_i\[63\] 
    bbox = ( 1301.51, 53.725 ) - ( 1301.51, 54.075 ) on Layer metal3
  violation type: Short
    srcs: me.genblk1_0__bp_cce_top.bp_cce.directory.wg_ram.macro_mem1.mem/OBS me.genblk1_0__bp_cce_top.bp_cce.directory.wg_ram.macro_mem1.w_mask_i\[65\] 
    bbox = ( 1301.51, 54.285 ) - ( 1301.51, 54.635 ) on Layer metal3
  violation type: Short
    srcs: me.genblk1_0__bp_cce_top.bp_cce.directory.wg_ram.macro_mem1.mem/OBS me.genblk1_0__bp_cce_top.bp_cce.directory.wg_ram.macro_mem1.w_mask_i\[61\] 
    bbox = ( 1301.51, 53.165 ) - ( 1301.51, 53.515 ) on Layer metal3
  violation type: Short
    srcs: me.genblk1_0__bp_cce_top.bp_cce.directory.wg_ram.macro_mem1.mem/OBS me.genblk1_0__bp_cce_top.bp_cce.directory.wg_ram.macro_mem1.w_mask_i\[67\] 
    bbox = ( 1301.51, 54.845 ) - ( 1301.51, 55.195 ) on Layer metal3
  violation type: Short
    srcs: me.genblk1_0__bp_cce_top.bp_cce.directory.wg_ram.macro_mem1.mem/OBS me.genblk1_0__bp_cce_top.bp_cce.directory.wg_ram.macro_mem1.w_mask_i\[59\] 
    bbox = ( 1301.51, 52.605 ) - ( 1301.51, 52.955 ) on Layer metal3
  violation type: Short
    srcs: me.genblk1_0__bp_cce_top.bp_cce.directory.wg_ram.macro_mem1.mem/OBS me.genblk1_0__bp_cce_top.bp_cce.directory.wg_ram.macro_mem1.w_mask_i\[73\] 
    bbox = ( 1301.51, 56.525 ) - ( 1301.51, 56.875 ) on Layer metal3
  violation type: Short
    srcs: me.genblk1_0__bp_cce_top.bp_cce.directory.wg_ram.macro_mem1.mem/OBS me.genblk1_0__bp_cce_top.bp_cce.directory.wg_ram.macro_mem1.w_mask_i\[71\] 
    bbox = ( 1301.51, 55.965 ) - ( 1301.51, 56.315 ) on Layer metal3
  violation type: Short
    srcs: me.genblk1_0__bp_cce_top.bp_cce.directory.wg_ram.macro_mem1.mem/OBS me.genblk1_0__bp_cce_top.bp_cce.directory.wg_ram.macro_mem1.w_mask_i\[69\] 
    bbox = ( 1301.51, 55.405 ) - ( 1301.51, 55.755 ) on Layer metal3
  violation type: Short
    srcs: me.genblk1_0__bp_cce_top.bp_cce.directory.wg_ram.macro_mem1.mem/OBS me.genblk1_0__bp_cce_top.bp_cce.directory.wg_ram.macro_mem1.w_mask_i\[79\] 
    bbox = ( 1301.51, 58.205 ) - ( 1301.51, 58.555 ) on Layer metal3
  violation type: Short
    srcs: me.genblk1_0__bp_cce_top.bp_cce.directory.wg_ram.macro_mem1.mem/OBS me.genblk1_0__bp_cce_top.bp_cce.directory.wg_ram.macro_mem1.w_mask_i\[77\] 
    bbox = ( 1301.51, 57.645 ) - ( 1301.51, 57.995 ) on Layer metal3
  violation type: Short
    srcs: me.genblk1_0__bp_cce_top.bp_cce.directory.wg_ram.macro_mem1.mem/OBS me.genblk1_0__bp_cce_top.bp_cce.directory.wg_ram.macro_mem1.w_mask_i\[83\] 
    bbox = ( 1301.51, 59.325 ) - ( 1301.51, 59.675 ) on Layer metal3
  violation type: Short
    srcs: me.genblk1_0__bp_cce_top.bp_cce.directory.wg_ram.macro_mem1.mem/OBS me.genblk1_0__bp_cce_top.bp_cce.directory.wg_ram.macro_mem1.w_mask_i\[81\] 
    bbox = ( 1301.51, 58.765 ) - ( 1301.51, 59.115 ) on Layer metal3
  violation type: Short
    srcs: me.genblk1_0__bp_cce_top.bp_cce.directory.wg_ram.macro_mem1.mem/OBS me.genblk1_0__bp_cce_top.bp_cce.directory.wg_ram.macro_mem1.w_mask_i\[95\] 
    bbox = ( 1301.51, 62.685 ) - ( 1301.51, 63.035 ) on Layer metal3
  violation type: Short
    srcs: me.genblk1_0__bp_cce_top.bp_cce.directory.wg_ram.macro_mem1.mem/OBS me.genblk1_0__bp_cce_top.bp_cce.directory.wg_ram.macro_mem1.w_mask_i\[93\] 
    bbox = ( 1301.51, 62.125 ) - ( 1301.51, 62.475 ) on Layer metal3
  violation type: Short
    srcs: me.genblk1_0__bp_cce_top.bp_cce.directory.wg_ram.macro_mem1.mem/OBS me.genblk1_0__bp_cce_top.bp_cce.directory.wg_ram.macro_mem1.w_mask_i\[87\] 
    bbox = ( 1301.51, 60.445 ) - ( 1301.51, 60.795 ) on Layer metal3
  violation type: Short
    srcs: me.genblk1_0__bp_cce_top.bp_cce.directory.wg_ram.macro_mem1.mem/OBS me.genblk1_0__bp_cce_top.bp_cce.directory.wg_ram.macro_mem1.w_mask_i\[89\] 
    bbox = ( 1301.51, 61.005 ) - ( 1301.51, 61.355 ) on Layer metal3
  violation type: Short
    srcs: me.genblk1_0__bp_cce_top.bp_cce.directory.wg_ram.macro_mem1.mem/OBS me.genblk1_0__bp_cce_top.bp_cce.directory.wg_ram.macro_mem1.w_mask_i\[85\] 
    bbox = ( 1301.51, 59.885 ) - ( 1301.51, 60.235 ) on Layer metal3
  violation type: Short
    srcs: me.genblk1_0__bp_cce_top.bp_cce.directory.wg_ram.macro_mem1.mem/OBS me.genblk1_0__bp_cce_top.bp_cce.directory.wg_ram.macro_mem1.w_mask_i\[91\] 
    bbox = ( 1301.51, 61.565 ) - ( 1301.51, 61.915 ) on Layer metal3
  violation type: Short
    srcs: me.genblk1_0__bp_cce_top.bp_cce.directory.wg_ram.macro_mem1.mem/OBS me.genblk1_0__bp_cce_top.bp_cce.directory.wg_ram.macro_mem1.w_mask_i\[51\] 
    bbox = ( 1301.44, 50.3475 ) - ( 1301.51, 50.365 ) on Layer metal3
  violation type: Short
    srcs: me.genblk1_0__bp_cce_top.bp_cce.directory.wg_ram.macro_mem1.mem/OBS me.genblk1_0__bp_cce_top.bp_cce.directory.wg_ram.macro_mem1.w_mask_i\[51\] 
    bbox = ( 1301.44, 50.435 ) - ( 1301.51, 50.645 ) on Layer metal3
  violation type: Short
    srcs: me.genblk1_0__bp_cce_top.bp_cce.directory.wg_ram.macro_mem1.mem/OBS me.genblk1_0__bp_cce_top.bp_cce.directory.wg_ram.macro_mem1.w_mask_i\[53\] 
    bbox = ( 1301.44, 50.995 ) - ( 1301.51, 51.205 ) on Layer metal3
  violation type: Short
    srcs: me.genblk1_0__bp_cce_top.bp_cce.directory.wg_ram.macro_mem1.mem/OBS me.genblk1_0__bp_cce_top.bp_cce.directory.wg_ram.macro_mem1.w_mask_i\[55\] 
    bbox = ( 1301.44, 51.555 ) - ( 1301.51, 51.765 ) on Layer metal3
  violation type: Short
    srcs: me.genblk1_0__bp_cce_top.bp_cce.directory.wg_ram.macro_mem1.mem/OBS me.genblk1_0__bp_cce_top.bp_cce.directory.wg_ram.macro_mem1.w_mask_i\[57\] 
    bbox = ( 1301.44, 52.115 ) - ( 1301.51, 52.325 ) on Layer metal3
  violation type: Short
    srcs: me.genblk1_0__bp_cce_top.bp_cce.directory.wg_ram.macro_mem1.mem/OBS me.genblk1_0__bp_cce_top.bp_cce.directory.wg_ram.macro_mem1.w_mask_i\[59\] 
    bbox = ( 1301.44, 52.675 ) - ( 1301.51, 52.885 ) on Layer metal3
  violation type: Short
    srcs: me.genblk1_0__bp_cce_top.bp_cce.directory.wg_ram.macro_mem1.mem/OBS me.genblk1_0__bp_cce_top.bp_cce.directory.wg_ram.macro_mem1.w_mask_i\[61\] 
    bbox = ( 1301.44, 53.235 ) - ( 1301.51, 53.445 ) on Layer metal3
  violation type: Short
    srcs: me.genblk1_0__bp_cce_top.bp_cce.directory.wg_ram.macro_mem1.mem/OBS me.genblk1_0__bp_cce_top.bp_cce.directory.wg_ram.macro_mem1.w_mask_i\[63\] 
    bbox = ( 1301.44, 53.795 ) - ( 1301.51, 54.005 ) on Layer metal3
  violation type: Short
    srcs: me.genblk1_0__bp_cce_top.bp_cce.directory.wg_ram.macro_mem1.mem/OBS me.genblk1_0__bp_cce_top.bp_cce.directory.wg_ram.macro_mem1.w_mask_i\[65\] 
    bbox = ( 1301.44, 54.355 ) - ( 1301.51, 54.565 ) on Layer metal3
  violation type: Short
    srcs: me.genblk1_0__bp_cce_top.bp_cce.directory.wg_ram.macro_mem1.mem/OBS me.genblk1_0__bp_cce_top.bp_cce.directory.wg_ram.macro_mem1.w_mask_i\[67\] 
    bbox = ( 1301.44, 54.915 ) - ( 1301.51, 55.125 ) on Layer metal3
  violation type: Short
    srcs: me.genblk1_0__bp_cce_top.bp_cce.directory.wg_ram.macro_mem1.mem/OBS me.genblk1_0__bp_cce_top.bp_cce.directory.wg_ram.macro_mem1.w_mask_i\[69\] 
    bbox = ( 1301.44, 55.475 ) - ( 1301.51, 55.685 ) on Layer metal3
  violation type: Short
    srcs: me.genblk1_0__bp_cce_top.bp_cce.directory.wg_ram.macro_mem1.mem/OBS me.genblk1_0__bp_cce_top.bp_cce.directory.wg_ram.macro_mem1.w_mask_i\[71\] 
    bbox = ( 1301.44, 56.035 ) - ( 1301.51, 56.245 ) on Layer metal3
  violation type: Short
    srcs: me.genblk1_0__bp_cce_top.bp_cce.directory.wg_ram.macro_mem1.mem/OBS me.genblk1_0__bp_cce_top.bp_cce.directory.wg_ram.macro_mem1.w_mask_i\[73\] 
    bbox = ( 1301.44, 56.595 ) - ( 1301.51, 56.805 ) on Layer metal3
  violation type: Short
    srcs: me.genblk1_0__bp_cce_top.bp_cce.directory.wg_ram.macro_mem1.mem/OBS me.genblk1_0__bp_cce_top.bp_cce.directory.wg_ram.macro_mem1.w_mask_i\[75\] 
    bbox = ( 1301.44, 57.155 ) - ( 1301.51, 57.365 ) on Layer metal3
  violation type: Short
    srcs: me.genblk1_0__bp_cce_top.bp_cce.directory.wg_ram.macro_mem1.mem/OBS me.genblk1_0__bp_cce_top.bp_cce.directory.wg_ram.macro_mem1.w_mask_i\[77\] 
    bbox = ( 1301.44, 57.715 ) - ( 1301.51, 57.925 ) on Layer metal3
  violation type: Short
    srcs: me.genblk1_0__bp_cce_top.bp_cce.directory.wg_ram.macro_mem1.mem/OBS me.genblk1_0__bp_cce_top.bp_cce.directory.wg_ram.macro_mem1.w_mask_i\[79\] 
    bbox = ( 1301.44, 58.275 ) - ( 1301.51, 58.485 ) on Layer metal3
  violation type: Short
    srcs: me.genblk1_0__bp_cce_top.bp_cce.directory.wg_ram.macro_mem1.mem/OBS me.genblk1_0__bp_cce_top.bp_cce.directory.wg_ram.macro_mem1.w_mask_i\[81\] 
    bbox = ( 1301.44, 58.835 ) - ( 1301.51, 59.045 ) on Layer metal3
  violation type: Short
    srcs: me.genblk1_0__bp_cce_top.bp_cce.directory.wg_ram.macro_mem1.mem/OBS me.genblk1_0__bp_cce_top.bp_cce.directory.wg_ram.macro_mem1.w_mask_i\[83\] 
    bbox = ( 1301.44, 59.395 ) - ( 1301.51, 59.605 ) on Layer metal3
  violation type: Short
    srcs: me.genblk1_0__bp_cce_top.bp_cce.directory.wg_ram.macro_mem1.mem/OBS me.genblk1_0__bp_cce_top.bp_cce.directory.wg_ram.macro_mem1.w_mask_i\[85\] 
    bbox = ( 1301.44, 59.955 ) - ( 1301.51, 60.165 ) on Layer metal3
  violation type: Short
    srcs: me.genblk1_0__bp_cce_top.bp_cce.directory.wg_ram.macro_mem1.mem/OBS me.genblk1_0__bp_cce_top.bp_cce.directory.wg_ram.macro_mem1.w_mask_i\[87\] 
    bbox = ( 1301.44, 60.515 ) - ( 1301.51, 60.725 ) on Layer metal3
  violation type: Short
    srcs: me.genblk1_0__bp_cce_top.bp_cce.directory.wg_ram.macro_mem1.mem/OBS me.genblk1_0__bp_cce_top.bp_cce.directory.wg_ram.macro_mem1.w_mask_i\[89\] 
    bbox = ( 1301.44, 61.075 ) - ( 1301.51, 61.285 ) on Layer metal3
  violation type: Short
    srcs: me.genblk1_0__bp_cce_top.bp_cce.directory.wg_ram.macro_mem1.mem/OBS me.genblk1_0__bp_cce_top.bp_cce.directory.wg_ram.macro_mem1.w_mask_i\[91\] 
    bbox = ( 1301.44, 61.635 ) - ( 1301.51, 61.845 ) on Layer metal3
  violation type: Short
    srcs: me.genblk1_0__bp_cce_top.bp_cce.directory.wg_ram.macro_mem1.mem/OBS me.genblk1_0__bp_cce_top.bp_cce.directory.wg_ram.macro_mem1.w_mask_i\[93\] 
    bbox = ( 1301.44, 62.195 ) - ( 1301.51, 62.405 ) on Layer metal3
  violation type: Short
    srcs: me.genblk1_0__bp_cce_top.bp_cce.directory.wg_ram.macro_mem1.mem/OBS me.genblk1_0__bp_cce_top.bp_cce.directory.wg_ram.macro_mem1.w_mask_i\[95\] 
    bbox = ( 1301.44, 62.755 ) - ( 1301.51, 62.965 ) on Layer metal3
  violation type: OffGrid
    srcs: me.genblk1_0__bp_cce_top.bp_cce.directory.wg_ram.macro_mem1.w_mask_i\[51\] 
    bbox = ( 1300.99, 48.755 ) - ( 1301.06, 50.4525 ) on Layer metal2
  violation type: OffGrid
    srcs: me.genblk1_0__bp_cce_top.bp_cce.directory.wg_ram.macro_mem1.w_mask_i\[51\] 
    bbox = ( 1301.44, 50.3475 ) - ( 1301.51, 50.715 ) on Layer metal3
  violation type: OffGrid
    srcs: me.genblk1_0__bp_cce_top.bp_cce.directory.wg_ram.macro_mem1.w_mask_i\[51\] 
    bbox = ( 1300.95, 50.3475 ) - ( 1301.51, 50.4175 ) on Layer metal3
  violation type: Short
    srcs: rof1_0__core.fe.icache_1.tag_mem.macro_mem.mem/OBS rof1_0__core.fe.icache_1.tag_mem.data_i\[85\] 
    bbox = ( 41.23, 117.215 ) - ( 41.23, 117.285 ) on Layer metal3
  violation type: Short
    srcs: rof1_0__core.fe.icache_1.tag_mem.macro_mem.mem/OBS rof1_0__core.fe.icache_1.tag_mem.data_i\[86\] 
    bbox = ( 41.23, 117.547 ) - ( 41.23, 117.635 ) on Layer metal3
  violation type: Short
    srcs: rof1_0__core.fe.icache_1.tag_mem.macro_mem.mem/OBS rof1_0__core.fe.icache_1.tag_mem.data_i\[85\] 
    bbox = ( 41.23, 117.215 ) - ( 41.23, 117.355 ) on Layer metal3
  violation type: Short
    srcs: rof1_0__core.fe.icache_1.tag_mem.macro_mem.mem/OBS rof1_0__core.fe.icache_1.tag_mem.data_i\[85\] 
    bbox = ( 41.16, 117.215 ) - ( 41.23, 117.285 ) on Layer metal3
  violation type: Short
    srcs: rof1_0__core.fe.icache_1.tag_mem.macro_mem.mem/OBS rof1_0__core.fe.icache_1.tag_mem.data_i\[86\] 
    bbox = ( 41.16, 117.547 ) - ( 41.23, 117.565 ) on Layer metal3
  violation type: Short
    srcs: rof1_0__core.fe.icache_1.tag_mem.data_i\[89\] rof1_0__core.fe.icache_1.tag_mem.data_i\[90\] 
    bbox = ( 40.94, 111.965 ) - ( 40.98, 111.965 ) on Layer metal3
  violation type: OffGrid
    srcs: rof1_0__core.fe.icache_1.tag_mem.data_i\[86\] 
    bbox = ( 41.16, 117.547 ) - ( 41.23, 117.635 ) on Layer metal3
  violation type: Short
    srcs: rof1_0__core.be.be_mmu.dcache.data_mem_2__data_mem.data_o\[20\] rof1_0__core.be.be_mmu.dcache.data_mem_2__data_mem.data_o\[23\] 
    bbox = ( 191.58, 1185.9 ) - ( 191.65, 1185.9 ) on Layer metal3
  violation type: Short
    srcs: rof1_0__core.be.be_mmu.dcache.data_mem_2__data_mem.data_o\[20\] rof1_0__core.be.be_mmu.dcache.data_mem_2__data_mem.data_o\[23\] 
    bbox = ( 191.58, 1185.9 ) - ( 191.685, 1185.9 ) on Layer metal3
  violation type: MetSpc
    srcs: rof1_0__core.be.be_calculator.int_regfile.rf.macro_mem1.mem/OBS net2052 
    bbox = ( 643.66, 1252.09 ) - ( 643.72, 1252.23 ) on Layer metal2
  violation type: MetSpc
    srcs: rof1_0__core.be.be_calculator.int_regfile.rf.macro_mem1.mem/OBS net2052 
    bbox = ( 643.66, 1252.12 ) - ( 643.72, 1252.19 ) on Layer metal2
  violation type: Short
    srcs: rof1_0__core.be.be_calculator.int_regfile.rf.macro_mem1.r_data_o\[3\] net2052 
    bbox = ( 643.4, 1252.12 ) - ( 643.47, 1252.19 ) on Layer metal2
  violation type: Short
    srcs: rof1_0__core.be.be_calculator.int_regfile.rf.macro_mem1.mem/OBS net2052 
    bbox = ( 643.79, 1249.33 ) - ( 643.79, 1249.67 ) on Layer metal3
  violation type: Short
    srcs: rof1_0__core.be.be_calculator.int_regfile.rf.macro_mem1.mem/OBS net2053 
    bbox = ( 643.79, 1262.28 ) - ( 643.79, 1262.35 ) on Layer metal3
  violation type: Short
    srcs: rof1_0__core.be.be_calculator.int_regfile.rf.macro_mem1.mem/OBS net2053 
    bbox = ( 643.79, 1262.2 ) - ( 643.79, 1262.35 ) on Layer metal3
  violation type: Short
    srcs: rof1_0__core.be.be_calculator.int_regfile.rf.macro_mem1.mem/OBS net2052 
    bbox = ( 643.72, 1249.39 ) - ( 643.79, 1249.61 ) on Layer metal3
  violation type: Short
    srcs: rof1_0__core.be.be_calculator.int_regfile.rf.macro_mem1.mem/OBS net2053 
    bbox = ( 643.72, 1262.28 ) - ( 643.79, 1262.35 ) on Layer metal3
  violation type: Short
    srcs: rof1_0__core.be.be_calculator.int_regfile.rf.macro_mem1.r_data_o\[3\] net2053 
    bbox = ( 643.5, 1257.8 ) - ( 643.505, 1257.87 ) on Layer metal3
  violation type: Short
    srcs: rof1_0__core.be.be_calculator.int_regfile.rf.macro_mem1.r_data_o\[3\] net2053 
    bbox = ( 643.5, 1257.8 ) - ( 643.505, 1257.8 ) on Layer metal3
  violation type: MetSpc
    srcs: rof1_0__core.be.be_calculator.int_regfile.rf.macro_mem0.mem/OBS net2052 
    bbox = ( 910.8, 1260.81 ) - ( 910.84, 1260.88 ) on Layer metal2
  violation type: MetSpc
    srcs: rof1_0__core.be.be_calculator.int_regfile.rf.macro_mem0.mem/OBS net2052 
    bbox = ( 910.8, 1260.77 ) - ( 910.84, 1260.91 ) on Layer metal2
  violation type: Short
    srcs: rof1_0__core.be.be_calculator.int_regfile.rf.macro_mem0.mem/OBS net2052 
    bbox = ( 910.91, 1249.33 ) - ( 910.91, 1249.67 ) on Layer metal3
  violation type: Short
    srcs: rof1_0__core.be.be_calculator.int_regfile.rf.macro_mem0.mem/OBS net2052 
    bbox = ( 910.84, 1249.39 ) - ( 910.91, 1249.61 ) on Layer metal3
  violation type: Short
    srcs: rof1_0__core.be.be_calculator.int_regfile.rf.macro_mem0.r_data_o\[36\] rof1_0__core.be.be_calculator.int_regfile.rf.macro_mem0.r_data_o\[37\] 
    bbox = ( 910.54, 1273.76 ) - ( 910.61, 1273.83 ) on Layer metal3
  violation type: MetSpc
    srcs: rof1_0__core.be.be_calculator.int_regfile.rf.macro_mem0.r_data_o\[36\] rof1_0__core.be.be_calculator.int_regfile.rf.macro_mem0.r_data_o\[37\] 
    bbox = ( 910.61, 1273.76 ) - ( 910.62, 1273.96 ) on Layer metal3
  violation type: MetSpc
    srcs: rof1_0__core.be.be_calculator.int_regfile.rf.macro_mem0.r_data_o\[36\] rof1_0__core.be.be_calculator.int_regfile.rf.macro_mem0.r_data_o\[37\] 
    bbox = ( 910.61, 1273.96 ) - ( 910.62, 1273.96 ) on Layer metal3
  violation type: Short
    srcs: rof1_0__core.be.be_calculator.int_regfile.rf.macro_mem0.r_data_o\[36\] rof1_0__core.be.be_calculator.int_regfile.rf.macro_mem0.r_data_o\[37\] 
    bbox = ( 910.54, 1273.76 ) - ( 910.69, 1273.76 ) on Layer metal3
  violation type: Short
    srcs: rof1_0__core.be.be_calculator.int_regfile.rf.macro_mem0.r_data_o\[36\] rof1_0__core.be.be_calculator.int_regfile.rf.macro_mem0.r_data_o\[37\] 
    bbox = ( 910.62, 1273.76 ) - ( 910.69, 1273.76 ) on Layer metal3
  violation type: MetSpc
    srcs: rof1_0__core.be.be_calculator.int_regfile.rf.macro_mem0.r_data_o\[36\] rof1_0__core.be.be_calculator.int_regfile.rf.macro_mem0.r_data_o\[37\] 
    bbox = ( 910.61, 1273.89 ) - ( 910.62, 1273.96 ) on Layer metal3
  violation type: Short
    srcs: rof1_0__core.be.be_calculator.int_regfile.rf.macro_mem0.r_data_o\[30\] rof1_0__core.be.be_calculator.int_regfile.rf.macro_mem0.r_data_o\[42\] 
    bbox = ( 910.62, 1272.01 ) - ( 910.645, 1272.01 ) on Layer metal3
  violation type: Short
    srcs: rof1_0__core.be.be_calculator.int_regfile.rf.macro_mem0.r_data_o\[18\] rof1_0__core.be.be_calculator.int_regfile.rf.macro_mem0.r_data_o\[19\] 
    bbox = ( 910.62, 1268.71 ) - ( 910.69, 1268.71 ) on Layer metal3
  violation type: Short
    srcs: rof1_0__core.be.be_calculator.int_regfile.rf.macro_mem0.r_data_o\[34\] rof1_0__core.be.be_calculator.int_regfile.rf.macro_mem0.r_data_o\[35\] 
    bbox = ( 910.34, 1273.19 ) - ( 910.41, 1273.19 ) on Layer metal3
  violation type: Short
    srcs: rof1_0__core.be.be_calculator.int_regfile.rf.macro_mem0.r_data_o\[34\] rof1_0__core.be.be_calculator.int_regfile.rf.macro_mem0.r_data_o\[35\] 
    bbox = ( 910.35, 1273.19 ) - ( 910.41, 1273.19 ) on Layer metal3
  violation type: Short
    srcs: rof1_0__core.be.be_calculator.int_regfile.rf.macro_mem0.r_data_o\[34\] rof1_0__core.be.be_calculator.int_regfile.rf.macro_mem0.r_data_o\[35\] 
    bbox = ( 910.34, 1273.19 ) - ( 910.42, 1273.19 ) on Layer metal3
  violation type: Short
    srcs: rof1_0__core.be.be_calculator.int_regfile.rf.macro_mem0.r_data_o\[34\] rof1_0__core.be.be_calculator.int_regfile.rf.macro_mem0.r_data_o\[35\] 
    bbox = ( 910.35, 1273.19 ) - ( 910.42, 1273.19 ) on Layer metal3
  violation type: Short
    srcs: rof1_0__core.be.be_calculator.int_regfile.rf.macro_mem0.r_data_o\[50\] rof1_0__core.be.be_calculator.int_regfile.rf.macro_mem0.r_data_o\[51\] 
    bbox = ( 910.62, 1277.67 ) - ( 910.69, 1277.67 ) on Layer metal3
  violation type: Short
    srcs: me.genblk1_0__bp_cce_top.bp_cce.directory.wg_ram.macro_mem1.data_o\[54\] me.genblk1_0__bp_cce_top.bp_cce.directory.wg_ram.macro_mem1.data_o\[55\] 
    bbox = ( 1301.22, 81.795 ) - ( 1301.29, 81.795 ) on Layer metal3
  violation type: Short
    srcs: me.genblk1_0__bp_cce_top.bp_cce.directory.wg_ram.data_i\[119\] me.genblk1_0__bp_cce_top.bp_cce.directory.wg_ram.data_i\[120\] 
    bbox = ( 1301.22, 103.355 ) - ( 1301.29, 103.355 ) on Layer metal3
  violation type: Short
    srcs: rof1_0__core.fe.icache_1.tag_mem.macro_mem.mem/OBS rof1_0__core.fe.icache_1.tag_mem.macro_mem.w_mask_i\[81\] 
    bbox = ( 41.22, 56.525 ) - ( 41.29, 56.525 ) on Layer metal3
  violation type: Short
    srcs: rof1_0__core.fe.icache_1.tag_mem.macro_mem.mem/OBS rof1_0__core.fe.icache_1.tag_mem.macro_mem.w_mask_i\[81\] 
    bbox = ( 41.22, 56.595 ) - ( 41.29, 56.805 ) on Layer metal3
  violation type: Short
    srcs: rof1_0__core.fe.icache_1.tag_mem.macro_mem.mem/OBS rof1_0__core.fe.icache_1.tag_mem.macro_mem.w_mask_i\[81\] 
    bbox = ( 41.22, 56.875 ) - ( 41.29, 56.875 ) on Layer metal3
  violation type: Short
    srcs: rof1_0__core.fe.icache_1.tag_mem.macro_mem.mem/OBS rof1_0__core.fe.icache_1.tag_mem.macro_mem.w_mask_i\[81\] 
    bbox = ( 41.23, 56.525 ) - ( 41.29, 56.875 ) on Layer metal3
  violation type: Short
    srcs: rof1_0__core.fe.icache_1.tag_mem.macro_mem.mem/OBS rof1_0__core.fe.icache_1.tag_mem.macro_mem.w_mask_i\[81\] 
    bbox = ( 41.16, 56.525 ) - ( 41.29, 56.525 ) on Layer metal3
  violation type: Short
    srcs: rof1_0__core.fe.icache_1.tag_mem.macro_mem.mem/OBS rof1_0__core.fe.icache_1.tag_mem.macro_mem.w_mask_i\[81\] 
    bbox = ( 41.16, 56.595 ) - ( 41.29, 56.595 ) on Layer metal3
  violation type: Short
    srcs: rof1_0__core.fe.icache_1.tag_mem.macro_mem.mem/OBS rof1_0__core.fe.icache_1.tag_mem.macro_mem.w_mask_i\[81\] 
    bbox = ( 41.23, 56.525 ) - ( 41.29, 56.595 ) on Layer metal3
  violation type: Short
    srcs: rof1_0__core.fe.icache_1.tag_mem.macro_mem.mem/OBS rof1_0__core.fe.icache_1.tag_mem.macro_mem.w_mask_i\[81\] 
    bbox = ( 41.16, 56.805 ) - ( 41.29, 56.805 ) on Layer metal3
  violation type: Short
    srcs: rof1_0__core.fe.icache_1.tag_mem.macro_mem.mem/OBS rof1_0__core.fe.icache_1.tag_mem.macro_mem.w_mask_i\[81\] 
    bbox = ( 41.16, 56.875 ) - ( 41.29, 56.875 ) on Layer metal3
  violation type: Short
    srcs: rof1_0__core.fe.icache_1.tag_mem.macro_mem.mem/OBS rof1_0__core.fe.icache_1.tag_mem.macro_mem.w_mask_i\[81\] 
    bbox = ( 41.23, 56.805 ) - ( 41.29, 56.875 ) on Layer metal3
  violation type: Short
    srcs: rof1_0__core.fe.icache_1.tag_mem.macro_mem.mem/OBS rof1_0__core.fe.icache_1.tag_mem.macro_mem.w_mask_i\[83\] 
    bbox = ( 41.23, 59.395 ) - ( 41.23, 59.465 ) on Layer metal3
  violation type: Short
    srcs: rof1_0__core.fe.icache_1.tag_mem.macro_mem.mem/OBS rof1_0__core.fe.icache_1.tag_mem.macro_mem.w_mask_i\[83\] 
    bbox = ( 41.23, 59.325 ) - ( 41.23, 59.465 ) on Layer metal3
  violation type: Short
    srcs: rof1_0__core.fe.icache_1.tag_mem.macro_mem.mem/OBS rof1_0__core.fe.icache_1.tag_mem.macro_mem.w_mask_i\[83\] 
    bbox = ( 41.16, 59.395 ) - ( 41.23, 59.465 ) on Layer metal3
  violation type: Short
    srcs: rof1_0__core.fe.icache_1.tag_mem.macro_mem.mem/OBS rof1_0__core.fe.icache_1.tag_mem.data_o\[31\] 
    bbox = ( 41.16, 75.25 ) - ( 41.17, 75.39 ) on Layer metal2
  violation type: Short
    srcs: rof1_0__core.fe.icache_1.tag_mem.macro_mem.mem/OBS rof1_0__core.fe.icache_1.tag_mem.data_o\[31\] 
    bbox = ( 41.16, 75.285 ) - ( 41.17, 75.355 ) on Layer metal2
  violation type: Short
    srcs: rof1_0__core.fe.icache_1.tag_mem.macro_mem.mem/OBS rof1_0__core.fe.icache_1.tag_mem.data_o\[20\] 
    bbox = ( 41.16, 72.275 ) - ( 41.23, 72.345 ) on Layer metal3
  violation type: Short
    srcs: rof1_0__core.fe.icache_1.tag_mem.macro_mem.mem/OBS rof1_0__core.fe.icache_1.tag_mem.data_o\[20\] 
    bbox = ( 41.23, 72.205 ) - ( 41.23, 72.345 ) on Layer metal3
  violation type: Short
    srcs: rof1_0__core.fe.icache_1.tag_mem.macro_mem.mem/OBS rof1_0__core.fe.icache_1.tag_mem.data_o\[20\] 
    bbox = ( 41.23, 72.275 ) - ( 41.23, 72.345 ) on Layer metal3
  violation type: Short
    srcs: rof1_0__core.fe.icache_1.tag_mem.macro_mem.mem/OBS rof1_0__core.fe.icache_1.tag_mem.data_o\[35\] 
    bbox = ( 41.23, 76.335 ) - ( 41.23, 76.405 ) on Layer metal3
  violation type: Short
    srcs: rof1_0__core.fe.icache_1.tag_mem.macro_mem.mem/OBS rof1_0__core.fe.icache_1.tag_mem.data_o\[41\] 
    bbox = ( 41.23, 78.155 ) - ( 41.23, 78.225 ) on Layer metal3
  violation type: Short
    srcs: rof1_0__core.fe.icache_1.tag_mem.macro_mem.mem/OBS rof1_0__core.fe.icache_1.tag_mem.data_o\[35\] 
    bbox = ( 41.23, 76.335 ) - ( 41.23, 76.475 ) on Layer metal3
  violation type: Short
    srcs: rof1_0__core.fe.icache_1.tag_mem.macro_mem.mem/OBS rof1_0__core.fe.icache_1.tag_mem.data_o\[30\] 
    bbox = ( 41.23, 75.005 ) - ( 41.265, 75.075 ) on Layer metal3
  violation type: Short
    srcs: rof1_0__core.fe.icache_1.tag_mem.macro_mem.mem/OBS rof1_0__core.fe.icache_1.tag_mem.data_o\[41\] 
    bbox = ( 41.23, 78.085 ) - ( 41.23, 78.225 ) on Layer metal3
  violation type: Short
    srcs: rof1_0__core.fe.icache_1.tag_mem.macro_mem.mem/OBS rof1_0__core.fe.icache_1.tag_mem.data_o\[30\] 
    bbox = ( 41.16, 75.005 ) - ( 41.265, 75.005 ) on Layer metal3
  violation type: Short
    srcs: rof1_0__core.fe.icache_1.tag_mem.macro_mem.mem/OBS rof1_0__core.fe.icache_1.tag_mem.data_o\[30\] 
    bbox = ( 41.16, 75.075 ) - ( 41.265, 75.075 ) on Layer metal3
  violation type: Short
    srcs: rof1_0__core.fe.icache_1.tag_mem.macro_mem.mem/OBS rof1_0__core.fe.icache_1.tag_mem.data_o\[35\] 
    bbox = ( 41.16, 76.335 ) - ( 41.23, 76.405 ) on Layer metal3
  violation type: Short
    srcs: rof1_0__core.fe.icache_1.tag_mem.macro_mem.mem/OBS rof1_0__core.fe.icache_1.tag_mem.data_o\[41\] 
    bbox = ( 41.16, 78.155 ) - ( 41.23, 78.225 ) on Layer metal3
  violation type: Short
    srcs: rof1_0__core.fe.icache_1.tag_mem.data_o\[11\] rof1_0__core.fe.icache_1.tag_mem.data_o\[12\] 
    bbox = ( 40.94, 69.755 ) - ( 41.01, 69.755 ) on Layer metal3
  violation type: Short
    srcs: rof1_0__core.fe.icache_1.tag_mem.macro_mem.mem/OBS rof1_0__core.fe.icache_1.tag_mem.data_o\[30\] 
    bbox = ( 41.16, 74.97 ) - ( 41.265, 75.18 ) on Layer metal4
  violation type: Short
    srcs: rof1_0__core.fe.icache_1.tag_mem.macro_mem.mem/OBS rof1_0__core.fe.icache_1.tag_mem.data_o\[30\] 
    bbox = ( 41.16, 75.04 ) - ( 41.265, 75.18 ) on Layer metal4
  violation type: Short
    srcs: rof1_0__core.fe.icache_1.tag_mem.data_o\[30\] rof1_0__core.fe.icache_1.tag_mem.data_o\[33\] 
    bbox = ( 40.625, 75.04 ) - ( 40.765, 75.18 ) on Layer metal4
  violation type: Short
    srcs: rof1_0__core.fe.icache_1.tag_mem.macro_mem.mem/OBS rof1_0__core.fe.icache_1.tag_mem.data_o\[88\] 
    bbox = ( 41.23, 91.245 ) - ( 41.23, 91.385 ) on Layer metal3
  violation type: Short
    srcs: rof1_0__core.fe.icache_1.tag_mem.macro_mem.mem/OBS rof1_0__core.fe.icache_1.tag_mem.data_o\[88\] 
    bbox = ( 41.16, 91.315 ) - ( 41.23, 91.385 ) on Layer metal3
  violation type: Short
    srcs: rof1_0__core.fe.icache_1.tag_mem.macro_mem.mem/OBS rof1_0__core.fe.icache_1.tag_mem.data_o\[88\] 
    bbox = ( 41.23, 91.315 ) - ( 41.23, 91.385 ) on Layer metal3
  violation type: Short
    srcs: rof1_0__core.fe.icache_1.tag_mem.macro_mem.mem/OBS rof1_0__core.fe.icache_1.tag_mem.data_o\[68\] 
    bbox = ( 41.23, 85.715 ) - ( 41.23, 85.785 ) on Layer metal3
  violation type: Short
    srcs: rof1_0__core.fe.icache_1.tag_mem.macro_mem.mem/OBS rof1_0__core.fe.icache_1.tag_mem.data_o\[55\] 
    bbox = ( 41.23, 81.935 ) - ( 41.23, 82.005 ) on Layer metal3
  violation type: Short
    srcs: rof1_0__core.fe.icache_1.tag_mem.macro_mem.mem/OBS rof1_0__core.fe.icache_1.tag_mem.data_o\[55\] 
    bbox = ( 41.23, 81.935 ) - ( 41.23, 82.075 ) on Layer metal3
  violation type: Short
    srcs: rof1_0__core.fe.icache_1.tag_mem.macro_mem.mem/OBS rof1_0__core.fe.icache_1.tag_mem.data_o\[62\] 
    bbox = ( 41.23, 84.035 ) - ( 41.23, 84.105 ) on Layer metal3
  violation type: Short
    srcs: rof1_0__core.fe.icache_1.tag_mem.macro_mem.mem/OBS rof1_0__core.fe.icache_1.tag_mem.data_o\[68\] 
    bbox = ( 41.23, 85.645 ) - ( 41.23, 85.785 ) on Layer metal3
  violation type: Short
    srcs: rof1_0__core.fe.icache_1.tag_mem.macro_mem.mem/OBS rof1_0__core.fe.icache_1.tag_mem.data_o\[62\] 
    bbox = ( 41.23, 83.965 ) - ( 41.23, 84.105 ) on Layer metal3
  violation type: Short
    srcs: rof1_0__core.fe.icache_1.tag_mem.macro_mem.mem/OBS rof1_0__core.fe.icache_1.tag_mem.data_o\[75\] 
    bbox = ( 41.23, 87.535 ) - ( 41.23, 87.605 ) on Layer metal3
  violation type: Short
    srcs: rof1_0__core.fe.icache_1.tag_mem.macro_mem.mem/OBS rof1_0__core.fe.icache_1.tag_mem.data_o\[93\] 
    bbox = ( 41.23, 92.715 ) - ( 41.23, 92.785 ) on Layer metal3
  violation type: Short
    srcs: rof1_0__core.fe.icache_1.tag_mem.macro_mem.mem/OBS rof1_0__core.fe.icache_1.tag_mem.data_o\[75\] 
    bbox = ( 41.23, 87.535 ) - ( 41.23, 87.675 ) on Layer metal3
  violation type: Short
    srcs: rof1_0__core.fe.icache_1.tag_mem.macro_mem.mem/OBS rof1_0__core.fe.icache_1.tag_mem.data_o\[92\] 
    bbox = ( 41.23, 92.365 ) - ( 41.265, 92.435 ) on Layer metal3
  violation type: Short
    srcs: rof1_0__core.fe.icache_1.tag_mem.macro_mem.mem/OBS rof1_0__core.fe.icache_1.tag_mem.data_o\[93\] 
    bbox = ( 41.23, 92.645 ) - ( 41.23, 92.785 ) on Layer metal3
  violation type: Short
    srcs: rof1_0__core.fe.icache_1.tag_mem.macro_mem.mem/OBS rof1_0__core.fe.icache_1.tag_mem.data_o\[55\] 
    bbox = ( 41.16, 81.935 ) - ( 41.23, 82.005 ) on Layer metal3
  violation type: Short
    srcs: rof1_0__core.fe.icache_1.tag_mem.macro_mem.mem/OBS rof1_0__core.fe.icache_1.tag_mem.data_o\[62\] 
    bbox = ( 41.16, 84.035 ) - ( 41.23, 84.105 ) on Layer metal3
  violation type: Short
    srcs: rof1_0__core.fe.icache_1.tag_mem.macro_mem.mem/OBS rof1_0__core.fe.icache_1.tag_mem.data_o\[68\] 
    bbox = ( 41.16, 85.715 ) - ( 41.23, 85.785 ) on Layer metal3
  violation type: Short
    srcs: rof1_0__core.fe.icache_1.tag_mem.macro_mem.mem/OBS rof1_0__core.fe.icache_1.tag_mem.data_o\[75\] 
    bbox = ( 41.16, 87.535 ) - ( 41.23, 87.605 ) on Layer metal3
  violation type: Short
    srcs: rof1_0__core.fe.icache_1.tag_mem.macro_mem.mem/OBS rof1_0__core.fe.icache_1.tag_mem.data_o\[92\] 
    bbox = ( 41.16, 92.365 ) - ( 41.265, 92.365 ) on Layer metal3
  violation type: Short
    srcs: rof1_0__core.fe.icache_1.tag_mem.macro_mem.mem/OBS rof1_0__core.fe.icache_1.tag_mem.data_o\[92\] 
    bbox = ( 41.16, 92.435 ) - ( 41.265, 92.435 ) on Layer metal3
  violation type: Short
    srcs: rof1_0__core.fe.icache_1.tag_mem.macro_mem.mem/OBS rof1_0__core.fe.icache_1.tag_mem.data_o\[93\] 
    bbox = ( 41.16, 92.715 ) - ( 41.23, 92.785 ) on Layer metal3
  violation type: Short
    srcs: rof1_0__core.fe.icache_1.tag_mem.data_o\[85\] rof1_0__core.fe.icache_1.tag_mem.data_o\[86\] 
    bbox = ( 40.94, 90.685 ) - ( 41.01, 90.685 ) on Layer metal3
  violation type: Short
    srcs: rof1_0__core.fe.icache_1.tag_mem.data_o\[62\] rof1_0__core.fe.icache_1.tag_mem.data_o\[63\] 
    bbox = ( 40.94, 84.245 ) - ( 41.01, 84.245 ) on Layer metal3
  violation type: Short
    srcs: rof1_0__core.fe.icache_1.tag_mem.macro_mem.mem/OBS rof1_0__core.fe.icache_1.tag_mem.data_o\[92\] 
    bbox = ( 41.16, 92.4 ) - ( 41.265, 92.54 ) on Layer metal4
  violation type: Short
    srcs: rof1_0__core.fe.icache_1.tag_mem.macro_mem.mem/OBS rof1_0__core.fe.icache_1.tag_mem.data_o\[92\] 
    bbox = ( 41.16, 92.33 ) - ( 41.265, 92.54 ) on Layer metal4
  violation type: Short
    srcs: rof1_0__core.fe.icache_1.tag_mem.macro_mem.mem/OBS rof1_0__core.fe.icache_1.tag_mem.data_i\[84\] 
    bbox = ( 41.23, 96.845 ) - ( 41.265, 96.915 ) on Layer metal3
  violation type: Short
    srcs: rof1_0__core.fe.icache_1.tag_mem.macro_mem.mem/OBS rof1_0__core.fe.icache_1.tag_mem.data_i\[87\] 
    bbox = ( 41.23, 101.045 ) - ( 41.265, 101.115 ) on Layer metal3
  violation type: Short
    srcs: rof1_0__core.fe.icache_1.tag_mem.macro_mem.mem/OBS rof1_0__core.fe.icache_1.tag_mem.data_i\[85\] 
    bbox = ( 41.23, 103.775 ) - ( 41.23, 103.845 ) on Layer metal3
  violation type: Short
    srcs: rof1_0__core.fe.icache_1.tag_mem.macro_mem.mem/OBS rof1_0__core.fe.icache_1.tag_mem.data_i\[90\] 
    bbox = ( 41.23, 105.175 ) - ( 41.23, 105.245 ) on Layer metal3
  violation type: Short
    srcs: rof1_0__core.fe.icache_1.tag_mem.macro_mem.mem/OBS rof1_0__core.fe.icache_1.tag_mem.data_i\[90\] 
    bbox = ( 41.23, 105.175 ) - ( 41.23, 105.315 ) on Layer metal3
  violation type: Short
    srcs: rof1_0__core.fe.icache_1.tag_mem.macro_mem.mem/OBS rof1_0__core.fe.icache_1.tag_mem.data_i\[85\] 
    bbox = ( 41.23, 103.775 ) - ( 41.23, 103.915 ) on Layer metal3
  violation type: Short
    srcs: rof1_0__core.fe.icache_1.tag_mem.macro_mem.mem/OBS rof1_0__core.fe.icache_1.tag_mem.data_i\[84\] 
    bbox = ( 41.16, 96.845 ) - ( 41.265, 96.845 ) on Layer metal3
  violation type: Short
    srcs: rof1_0__core.fe.icache_1.tag_mem.macro_mem.mem/OBS rof1_0__core.fe.icache_1.tag_mem.data_i\[84\] 
    bbox = ( 41.16, 96.915 ) - ( 41.265, 96.915 ) on Layer metal3
  violation type: Short
    srcs: rof1_0__core.fe.icache_1.tag_mem.macro_mem.mem/OBS rof1_0__core.fe.icache_1.tag_mem.data_i\[87\] 
    bbox = ( 41.16, 101.045 ) - ( 41.265, 101.045 ) on Layer metal3
  violation type: Short
    srcs: rof1_0__core.fe.icache_1.tag_mem.macro_mem.mem/OBS rof1_0__core.fe.icache_1.tag_mem.data_i\[87\] 
    bbox = ( 41.16, 101.115 ) - ( 41.265, 101.115 ) on Layer metal3
  violation type: Short
    srcs: rof1_0__core.fe.icache_1.tag_mem.macro_mem.mem/OBS rof1_0__core.fe.icache_1.tag_mem.data_i\[85\] 
    bbox = ( 41.16, 103.775 ) - ( 41.23, 103.845 ) on Layer metal3
  violation type: Short
    srcs: rof1_0__core.fe.icache_1.tag_mem.macro_mem.mem/OBS rof1_0__core.fe.icache_1.tag_mem.data_i\[90\] 
    bbox = ( 41.16, 105.175 ) - ( 41.23, 105.245 ) on Layer metal3
  violation type: Short
    srcs: rof1_0__core.fe.icache_1.tag_mem.data_i\[90\] rof1_0__core.fe.icache_1.tag_mem.data_i\[91\] 
    bbox = ( 40.94, 98.595 ) - ( 40.98, 98.595 ) on Layer metal3
  violation type: Short
    srcs: rof1_0__core.fe.icache_1.tag_mem.macro_mem.mem/OBS rof1_0__core.fe.icache_1.tag_mem.data_i\[84\] 
    bbox = ( 41.16, 96.81 ) - ( 41.265, 97.02 ) on Layer metal4
  violation type: Short
    srcs: rof1_0__core.fe.icache_1.tag_mem.macro_mem.mem/OBS rof1_0__core.fe.icache_1.tag_mem.data_i\[84\] 
    bbox = ( 41.16, 96.88 ) - ( 41.265, 97.02 ) on Layer metal4
  violation type: Short
    srcs: rof1_0__core.fe.icache_1.tag_mem.macro_mem.mem/OBS rof1_0__core.fe.icache_1.tag_mem.data_i\[87\] 
    bbox = ( 41.16, 100.8 ) - ( 41.265, 100.94 ) on Layer metal4
  violation type: Short
    srcs: rof1_0__core.fe.icache_1.tag_mem.macro_mem.mem/OBS rof1_0__core.fe.icache_1.tag_mem.data_i\[87\] 
    bbox = ( 41.16, 100.8 ) - ( 41.265, 101.15 ) on Layer metal4
  violation type: Short
    srcs: rof1_0__core.fe.bp_fe_pc_gen_1.fe_pc_gen_i\[92\] rof1_0__core.fe.bp_fe_pc_gen_1.fe_pc_gen_i\[94\] 
    bbox = ( 553.06, 199.675 ) - ( 553.065, 199.675 ) on Layer metal3
  violation type: MetSpc
    srcs: rof1_0__core.be.be_mmu.dcache.tag_mem.macro_mem.mem/OBS rof1_0__core.be.be_mmu.dcache.tag_mem.macro_mem.w_mask_i\[57\] 
    bbox = ( 643.66, 1087.73 ) - ( 643.72, 1087.87 ) on Layer metal2
  violation type: MetSpc
    srcs: rof1_0__core.be.be_mmu.dcache.tag_mem.macro_mem.mem/OBS rof1_0__core.be.be_mmu.dcache.tag_mem.macro_mem.w_mask_i\[57\] 
    bbox = ( 643.66, 1087.77 ) - ( 643.72, 1087.84 ) on Layer metal2
  violation type: Short
    srcs: rof1_0__core.be.be_mmu.dcache.tag_mem.macro_mem.mem/OBS rof1_0__core.be.be_mmu.dcache.tag_mem.macro_mem.w_mask_i\[57\] 
    bbox = ( 643.78, 1087.28 ) - ( 643.85, 1087.48 ) on Layer metal3
  violation type: Short
    srcs: rof1_0__core.be.be_mmu.dcache.tag_mem.macro_mem.mem/OBS rof1_0__core.be.be_mmu.dcache.tag_mem.macro_mem.w_mask_i\[57\] 
    bbox = ( 643.78, 1086.99 ) - ( 643.85, 1087.2 ) on Layer metal3
  violation type: Short
    srcs: rof1_0__core.be.be_mmu.dcache.tag_mem.macro_mem.mem/OBS rof1_0__core.be.be_mmu.dcache.tag_mem.macro_mem.w_mask_i\[57\] 
    bbox = ( 643.78, 1086.92 ) - ( 643.85, 1086.92 ) on Layer metal3
  violation type: Short
    srcs: rof1_0__core.be.be_mmu.dcache.tag_mem.macro_mem.mem/OBS rof1_0__core.be.be_mmu.dcache.tag_mem.macro_mem.w_mask_i\[57\] 
    bbox = ( 643.78, 1087.56 ) - ( 643.85, 1087.56 ) on Layer metal3
  violation type: Short
    srcs: rof1_0__core.be.be_mmu.dcache.tag_mem.macro_mem.mem/OBS rof1_0__core.be.be_mmu.dcache.tag_mem.macro_mem.w_mask_i\[57\] 
    bbox = ( 643.79, 1086.92 ) - ( 643.85, 1087.56 ) on Layer metal3
  violation type: Short
    srcs: rof1_0__core.be.be_mmu.dcache.tag_mem.macro_mem.mem/OBS rof1_0__core.be.be_mmu.dcache.tag_mem.macro_mem.w_mask_i\[57\] 
    bbox = ( 643.72, 1086.99 ) - ( 643.85, 1086.99 ) on Layer metal3
  violation type: Short
    srcs: rof1_0__core.be.be_mmu.dcache.tag_mem.macro_mem.mem/OBS rof1_0__core.be.be_mmu.dcache.tag_mem.macro_mem.w_mask_i\[57\] 
    bbox = ( 643.72, 1086.92 ) - ( 643.85, 1086.92 ) on Layer metal3
  violation type: Short
    srcs: rof1_0__core.be.be_mmu.dcache.tag_mem.macro_mem.mem/OBS rof1_0__core.be.be_mmu.dcache.tag_mem.macro_mem.w_mask_i\[57\] 
    bbox = ( 643.79, 1086.92 ) - ( 643.85, 1086.99 ) on Layer metal3
  violation type: Short
    srcs: rof1_0__core.be.be_mmu.dcache.tag_mem.macro_mem.mem/OBS rof1_0__core.be.be_mmu.dcache.tag_mem.macro_mem.w_mask_i\[57\] 
    bbox = ( 643.72, 1087.28 ) - ( 643.85, 1087.28 ) on Layer metal3
  violation type: Short
    srcs: rof1_0__core.be.be_mmu.dcache.tag_mem.macro_mem.mem/OBS rof1_0__core.be.be_mmu.dcache.tag_mem.macro_mem.w_mask_i\[57\] 
    bbox = ( 643.72, 1087.2 ) - ( 643.85, 1087.2 ) on Layer metal3
  violation type: Short
    srcs: rof1_0__core.be.be_mmu.dcache.tag_mem.macro_mem.mem/OBS rof1_0__core.be.be_mmu.dcache.tag_mem.macro_mem.w_mask_i\[57\] 
    bbox = ( 643.79, 1087.2 ) - ( 643.85, 1087.28 ) on Layer metal3
  violation type: Short
    srcs: rof1_0__core.be.be_mmu.dcache.tag_mem.macro_mem.mem/OBS rof1_0__core.be.be_mmu.dcache.tag_mem.macro_mem.w_mask_i\[57\] 
    bbox = ( 643.72, 1087.48 ) - ( 643.85, 1087.48 ) on Layer metal3
  violation type: Short
    srcs: rof1_0__core.be.be_mmu.dcache.tag_mem.macro_mem.mem/OBS rof1_0__core.be.be_mmu.dcache.tag_mem.macro_mem.w_mask_i\[57\] 
    bbox = ( 643.72, 1087.56 ) - ( 643.85, 1087.56 ) on Layer metal3
  violation type: Short
    srcs: rof1_0__core.be.be_mmu.dcache.tag_mem.macro_mem.mem/OBS rof1_0__core.be.be_mmu.dcache.tag_mem.macro_mem.w_mask_i\[57\] 
    bbox = ( 643.79, 1087.48 ) - ( 643.85, 1087.56 ) on Layer metal3
  violation type: MetSpc
    srcs: rof1_0__core.be.be_mmu.dcache.tag_mem.macro_mem.w_mask_i\[57\] 
    bbox = ( 643.505, 1087.84 ) - ( 643.555, 1087.84 ) on Layer metal3
  violation type: Short
    srcs: rof1_0__core.be.be_mmu.dcache.tag_mem.macro_mem.mem/OBS rof1_0__core.be.be_mmu.dcache.tag_mem.macro_mem.w_mask_i\[21\] 
    bbox = ( 643.79, 1079.37 ) - ( 643.79, 1079.45 ) on Layer metal3
  violation type: Short
    srcs: rof1_0__core.be.be_mmu.dcache.tag_mem.macro_mem.mem/OBS rof1_0__core.be.be_mmu.dcache.tag_mem.macro_mem.w_mask_i\[21\] 
    bbox = ( 643.79, 1079.38 ) - ( 643.825, 1079.45 ) on Layer metal3
  violation type: MetSpc
    srcs: rof1_0__core.be.be_mmu.dcache.tag_mem.macro_mem.mem/OBS rof1_0__core.be.be_mmu.dcache.tag_mem.macro_mem.w_mask_i\[21\] 
    bbox = ( 643.72, 1079.37 ) - ( 643.825, 1079.38 ) on Layer metal3
  violation type: Short
    srcs: rof1_0__core.be.be_mmu.dcache.tag_mem.macro_mem.mem/OBS rof1_0__core.be.be_mmu.dcache.tag_mem.macro_mem.w_mask_i\[21\] 
    bbox = ( 643.72, 1079.43 ) - ( 643.79, 1079.45 ) on Layer metal3
  violation type: Short
    srcs: rof1_0__core.be.be_mmu.dcache.tag_mem.macro_mem.mem/OBS rof1_0__core.be.be_mmu.dcache.tag_mem.macro_mem.w_mask_i\[21\] 
    bbox = ( 643.72, 1079.43 ) - ( 643.825, 1079.45 ) on Layer metal3
  violation type: MetSpc
    srcs: rof1_0__core.be.be_mmu.dcache.tag_mem.macro_mem.mem/OBS rof1_0__core.be.be_mmu.dcache.tag_mem.macro_mem.w_mask_i\[21\] 
    bbox = ( 643.605, 1079.33 ) - ( 643.72, 1079.54 ) on Layer metal4
  violation type: Short
    srcs: rof1_0__core.be.be_mmu.dcache.tag_mem.macro_mem.mem/OBS rof1_0__core.be.be_mmu.dcache.tag_mem.macro_mem.w_mask_i\[21\] 
    bbox = ( 643.72, 1079.35 ) - ( 643.825, 1079.54 ) on Layer metal4
  violation type: Short
    srcs: rof1_0__core.be.be_mmu.dcache.tag_mem.macro_mem.mem/OBS rof1_0__core.be.be_mmu.dcache.tag_mem.macro_mem.w_mask_i\[21\] 
    bbox = ( 643.72, 1079.4 ) - ( 643.825, 1079.54 ) on Layer metal4
  violation type: MetSpc
    srcs: rof1_0__core.be.be_mmu.dcache.tag_mem.macro_mem.w_mask_i\[21\] 
    bbox = ( 643.605, 1079.35 ) - ( 643.685, 1079.54 ) on Layer metal4
  violation type: OffGrid
    srcs: rof1_0__core.be.be_mmu.dcache.tag_mem.macro_mem.w_mask_i\[21\] 
    bbox = ( 643.72, 1079.37 ) - ( 643.79, 1079.45 ) on Layer metal3
  violation type: OffGrid
    srcs: rof1_0__core.be.be_mmu.dcache.tag_mem.macro_mem.w_mask_i\[21\] 
    bbox = ( 643.685, 1079.38 ) - ( 643.825, 1079.45 ) on Layer metal3
  violation type: OffGrid
    srcs: rof1_0__core.be.be_mmu.dcache.tag_mem.macro_mem.w_mask_i\[21\] 
    bbox = ( 643.685, 1079.35 ) - ( 643.825, 1079.54 ) on Layer metal4
  violation type: MetSpc
    srcs: rof1_0__core.be.be_mmu.dcache.tag_mem.macro_mem.mem/OBS rof1_0__core.be.be_mmu.dcache.tag_mem.data_i\[90\] 
    bbox = ( 643.66, 1135.61 ) - ( 643.72, 1135.75 ) on Layer metal2
  violation type: MetSpc
    srcs: rof1_0__core.be.be_mmu.dcache.tag_mem.macro_mem.mem/OBS rof1_0__core.be.be_mmu.dcache.tag_mem.data_i\[90\] 
    bbox = ( 643.66, 1135.64 ) - ( 643.72, 1135.71 ) on Layer metal2
  violation type: Short
    srcs: rof1_0__core.be.be_mmu.dcache.tag_mem.data_i\[87\] rof1_0__core.be.be_mmu.dcache.tag_mem.data_i\[90\] 
    bbox = ( 643.4, 1135.64 ) - ( 643.47, 1135.71 ) on Layer metal2
  violation type: Short
    srcs: rof1_0__core.be.be_mmu.dcache.tag_mem.macro_mem.mem/OBS rof1_0__core.be.be_mmu.dcache.tag_mem.data_i\[87\] 
    bbox = ( 643.79, 1138.16 ) - ( 643.79, 1138.25 ) on Layer metal3
  violation type: Short
    srcs: rof1_0__core.be.be_mmu.dcache.tag_mem.macro_mem.mem/OBS rof1_0__core.be.be_mmu.dcache.tag_mem.data_i\[87\] 
    bbox = ( 643.79, 1151.54 ) - ( 643.79, 1151.67 ) on Layer metal3
  violation type: Short
    srcs: rof1_0__core.be.be_mmu.dcache.tag_mem.macro_mem.mem/OBS rof1_0__core.be.be_mmu.dcache.tag_mem.data_i\[87\] 
    bbox = ( 643.79, 1151.54 ) - ( 643.79, 1151.61 ) on Layer metal3
  violation type: Short
    srcs: rof1_0__core.be.be_mmu.dcache.tag_mem.macro_mem.mem/OBS rof1_0__core.be.be_mmu.dcache.tag_mem.data_i\[88\] 
    bbox = ( 643.79, 1151.88 ) - ( 643.825, 1151.95 ) on Layer metal3
  violation type: Short
    srcs: rof1_0__core.be.be_mmu.dcache.tag_mem.macro_mem.mem/OBS rof1_0__core.be.be_mmu.dcache.tag_mem.data_i\[87\] 
    bbox = ( 643.72, 1138.23 ) - ( 643.79, 1138.25 ) on Layer metal3
  violation type: Short
    srcs: rof1_0__core.be.be_mmu.dcache.tag_mem.macro_mem.mem/OBS rof1_0__core.be.be_mmu.dcache.tag_mem.data_i\[87\] 
    bbox = ( 643.72, 1151.54 ) - ( 643.79, 1151.61 ) on Layer metal3
  violation type: Short
    srcs: rof1_0__core.be.be_mmu.dcache.tag_mem.macro_mem.mem/OBS rof1_0__core.be.be_mmu.dcache.tag_mem.data_i\[88\] 
    bbox = ( 643.72, 1151.88 ) - ( 643.825, 1151.88 ) on Layer metal3
  violation type: Short
    srcs: rof1_0__core.be.be_mmu.dcache.tag_mem.macro_mem.mem/OBS rof1_0__core.be.be_mmu.dcache.tag_mem.data_i\[88\] 
    bbox = ( 643.72, 1151.95 ) - ( 643.825, 1151.95 ) on Layer metal3
  violation type: Short
    srcs: rof1_0__core.be.be_mmu.dcache.tag_mem.data_i\[86\] rof1_0__core.be.be_mmu.dcache.tag_mem.data_i\[87\] 
    bbox = ( 643.5, 1151.39 ) - ( 643.57, 1151.39 ) on Layer metal3
  violation type: Short
    srcs: _109970_ rof1_0__core.be.be_mmu.dcache.tag_mem.data_i\[87\] 
    bbox = ( 643.21, 1151.39 ) - ( 643.28, 1151.46 ) on Layer metal3
  violation type: Short
    srcs: _109970_ rof1_0__core.be.be_mmu.dcache.tag_mem.data_i\[87\] 
    bbox = ( 643.21, 1151.39 ) - ( 643.325, 1151.46 ) on Layer metal3
  violation type: Short
    srcs: rof1_0__core.be.be_mmu.dcache.tag_mem.macro_mem.mem/OBS rof1_0__core.be.be_mmu.dcache.tag_mem.data_i\[88\] 
    bbox = ( 643.72, 1151.92 ) - ( 643.885, 1152.06 ) on Layer metal4
  violation type: Short
    srcs: rof1_0__core.be.be_mmu.dcache.tag_mem.macro_mem.mem/OBS rof1_0__core.be.be_mmu.dcache.tag_mem.data_i\[88\] 
    bbox = ( 643.72, 1151.85 ) - ( 643.825, 1152.06 ) on Layer metal4
  violation type: MetSpc
    srcs: rof1_0__core.be.be_mmu.dcache.tag_mem.macro_mem.mem/OBS rof1_0__core.be.be_mmu.dcache.tag_mem.data_i\[88\] 
    bbox = ( 643.605, 1152.2 ) - ( 643.72, 1152.62 ) on Layer metal4
  violation type: Short
    srcs: rof1_0__core.be.be_mmu.dcache.tag_mem.macro_mem.mem/OBS rof1_0__core.be.be_mmu.dcache.tag_mem.data_i\[88\] 
    bbox = ( 643.745, 1151.92 ) - ( 643.885, 1152.62 ) on Layer metal4
  violation type: MetSpc
    srcs: rof1_0__core.be.be_mmu.dcache.tag_mem.macro_mem.mem/OBS rof1_0__core.be.be_mmu.dcache.tag_mem.data_i\[88\] 
    bbox = ( 643.605, 1152.2 ) - ( 643.72, 1152.34 ) on Layer metal4
  violation type: Short
    srcs: rof1_0__core.be.be_mmu.dcache.tag_mem.macro_mem.mem/OBS rof1_0__core.be.be_mmu.dcache.tag_mem.data_i\[88\] 
    bbox = ( 643.745, 1151.85 ) - ( 643.825, 1152.62 ) on Layer metal4
  violation type: Short
    srcs: rof1_0__core.be.be_mmu.dcache.tag_mem.macro_mem.mem/OBS rof1_0__core.be.be_mmu.dcache.tag_mem.data_i\[88\] 
    bbox = ( 643.72, 1152.48 ) - ( 643.885, 1152.62 ) on Layer metal4
  violation type: OffGrid
    srcs: rof1_0__core.be.be_mmu.dcache.tag_mem.data_i\[87\] 
    bbox = ( 643.72, 1138.16 ) - ( 643.79, 1138.25 ) on Layer metal3
  violation type: MetSpc
    srcs: rof1_0__core.be.be_calculator.int_regfile.rf.macro_mem1.mem/OBS net1977 
    bbox = ( 643.66, 1290.77 ) - ( 643.72, 1290.84 ) on Layer metal2
  violation type: MetSpc
    srcs: rof1_0__core.be.be_calculator.int_regfile.rf.macro_mem1.mem/OBS net1977 
    bbox = ( 643.66, 1290.73 ) - ( 643.72, 1290.87 ) on Layer metal2
  violation type: Short
    srcs: net1935 net1945 
    bbox = ( 643.5, 1295.88 ) - ( 643.505, 1295.88 ) on Layer metal3
  violation type: Short
    srcs: rof1_0__core.be.be_calculator.int_regfile.rf.macro_mem0.mem/OBS rof1_0__core.be.be_calculator.int_regfile.rf.macro_mem0.r_data_o\[56\] 
    bbox = ( 910.92, 1279.25 ) - ( 910.99, 1279.39 ) on Layer metal2
  violation type: Short
    srcs: rof1_0__core.be.be_calculator.int_regfile.rf.macro_mem0.mem/OBS rof1_0__core.be.be_calculator.int_regfile.rf.macro_mem0.r_data_o\[56\] 
    bbox = ( 910.84, 1279.29 ) - ( 910.99, 1279.36 ) on Layer metal2
  violation type: Short
    srcs: rof1_0__core.be.be_calculator.int_regfile.rf.macro_mem0.mem/OBS rof1_0__core.be.be_calculator.int_regfile.rf.macro_mem0.r_data_o\[56\] 
    bbox = ( 910.91, 1279.29 ) - ( 911.025, 1279.36 ) on Layer metal3
  violation type: Short
    srcs: rof1_0__core.be.be_calculator.int_regfile.rf.macro_mem0.mem/OBS rof1_0__core.be.be_calculator.int_regfile.rf.macro_mem0.r_data_o\[56\] 
    bbox = ( 910.84, 1279.29 ) - ( 911.025, 1279.29 ) on Layer metal3
  violation type: Short
    srcs: rof1_0__core.be.be_calculator.int_regfile.rf.macro_mem0.mem/OBS rof1_0__core.be.be_calculator.int_regfile.rf.macro_mem0.r_data_o\[56\] 
    bbox = ( 910.84, 1279.36 ) - ( 911.025, 1279.36 ) on Layer metal3
  violation type: Short
    srcs: rof1_0__core.be.be_calculator.int_regfile.rf.macro_mem0.mem/OBS net2009 
    bbox = ( 910.91, 1285.1 ) - ( 910.91, 1285.16 ) on Layer metal3
  violation type: Short
    srcs: rof1_0__core.be.be_calculator.int_regfile.rf.macro_mem0.mem/OBS net2009 
    bbox = ( 910.91, 1285.1 ) - ( 910.91, 1285.25 ) on Layer metal3
  violation type: Short
    srcs: rof1_0__core.be.be_calculator.int_regfile.rf.macro_mem0.mem/OBS net2009 
    bbox = ( 910.84, 1285.1 ) - ( 910.91, 1285.16 ) on Layer metal3
  violation type: Short
    srcs: rof1_0__core.be.be_calculator.int_regfile.rf.macro_mem0.mem/OBS net2009 
    bbox = ( 910.84, 1285.23 ) - ( 910.91, 1285.25 ) on Layer metal3
  violation type: Short
    srcs: net2006 net2007 
    bbox = ( 910.62, 1285.52 ) - ( 910.69, 1285.52 ) on Layer metal3
  violation type: OffGrid
    srcs: net2009 
    bbox = ( 910.84, 1285.1 ) - ( 910.91, 1285.25 ) on Layer metal3
  violation type: Short
    srcs: _084580_ _085478_ 
    bbox = ( 506.395, 220.325 ) - ( 506.48, 220.395 ) on Layer metal1
  violation type: Short
    srcs: rof1_0__core.be.be_calculator.int_regfile.rf.macro_mem1.mem/OBS rof1_0__core.be.be_calculator.int_regfile.rf.macro_mem1.r_data_o\[9\] 
    bbox = ( 643.79, 1266.19 ) - ( 643.79, 1266.27 ) on Layer metal3
  violation type: Short
    srcs: rof1_0__core.be.be_calculator.int_regfile.rf.macro_mem1.mem/OBS rof1_0__core.be.be_calculator.int_regfile.rf.macro_mem1.r_data_o\[9\] 
    bbox = ( 643.79, 1266.12 ) - ( 643.79, 1266.27 ) on Layer metal3
  violation type: Short
    srcs: rof1_0__core.be.be_calculator.int_regfile.rf.macro_mem1.mem/OBS rof1_0__core.be.be_calculator.int_regfile.rf.macro_mem1.r_data_o\[9\] 
    bbox = ( 643.72, 1266.19 ) - ( 643.79, 1266.27 ) on Layer metal3
  violation type: Short
    srcs: rof1_0__core.be.be_calculator.int_regfile.rf.macro_mem0.mem/OBS net1959 
    bbox = ( 910.91, 1293.49 ) - ( 910.91, 1293.63 ) on Layer metal3
  violation type: Short
    srcs: rof1_0__core.be.be_calculator.int_regfile.rf.macro_mem0.mem/OBS net1959 
    bbox = ( 910.91, 1293.49 ) - ( 910.91, 1293.57 ) on Layer metal3
  violation type: Short
    srcs: rof1_0__core.be.be_calculator.int_regfile.rf.macro_mem0.mem/OBS net1959 
    bbox = ( 910.84, 1293.49 ) - ( 910.91, 1293.57 ) on Layer metal3
  violation type: Short
    srcs: me.genblk1_0__bp_cce_top.bp_cce.directory.wg_ram.macro_mem1.mem/OBS me.genblk1_0__bp_cce_top.bp_cce.directory.wg_ram.data_i\[170\] 
    bbox = ( 1301.51, 117.495 ) - ( 1301.51, 117.565 ) on Layer metal3
  violation type: Short
    srcs: me.genblk1_0__bp_cce_top.bp_cce.directory.wg_ram.macro_mem1.mem/OBS me.genblk1_0__bp_cce_top.bp_cce.directory.wg_ram.data_i\[170\] 
    bbox = ( 1301.51, 117.495 ) - ( 1301.51, 117.635 ) on Layer metal3
  violation type: Short
    srcs: me.genblk1_0__bp_cce_top.bp_cce.directory.wg_ram.macro_mem1.mem/OBS me.genblk1_0__bp_cce_top.bp_cce.directory.wg_ram.data_i\[170\] 
    bbox = ( 1301.44, 117.495 ) - ( 1301.51, 117.565 ) on Layer metal3
  violation type: CutSpc
    srcs: clknet_11_0_0_clk_i 
    bbox = ( 220.65, 256.165 ) - ( 220.72, 256.235 ) on Layer metal2
  violation type: CutSpc
    srcs: clknet_11_0_0_clk_i 
    bbox = ( 219.51, 256.165 ) - ( 219.58, 256.235 ) on Layer metal2
  violation type: CutSpc
    srcs: _066617_ 
    bbox = ( 306.94, 844.165 ) - ( 307.01, 844.235 ) on Layer metal3
  violation type: CutSpc
    srcs: _082038_ 
    bbox = ( 334.27, 550.165 ) - ( 334.34, 550.235 ) on Layer metal2
  violation type: CutSpc
    srcs: _049527_ 
    bbox = ( 337.46, 1138.16 ) - ( 337.53, 1138.23 ) on Layer metal3
  violation type: CutSpc
    srcs: _082530_ 
    bbox = ( 352.32, 579.565 ) - ( 352.39, 579.635 ) on Layer metal2
  violation type: CutSpc
    srcs: _082530_ 
    bbox = ( 353.84, 579.565 ) - ( 353.91, 579.635 ) on Layer metal2
  violation type: MetSpc
    srcs: _201512_/OBS _084382_ 
    bbox = ( 382.495, 476.735 ) - ( 382.635, 476.74 ) on Layer metal1
  violation type: CShort
    srcs: _084382_ 
    bbox = ( 382.53, 476.665 ) - ( 382.6, 476.665 ) on Layer metal1
  violation type: CutSpc
    srcs: _082363_ 
    bbox = ( 381.39, 579.565 ) - ( 381.46, 579.635 ) on Layer metal2
  violation type: CutSpc
    srcs: _082363_ 
    bbox = ( 382.53, 579.565 ) - ( 382.6, 579.635 ) on Layer metal2
  violation type: CutSpc
    srcs: _084177_ 
    bbox = ( 396.4, 212.065 ) - ( 396.47, 212.135 ) on Layer metal2
  violation type: CutSpc
    srcs: _082984_ 
    bbox = ( 396.97, 638.365 ) - ( 397.04, 638.435 ) on Layer metal2
  violation type: CutSpc
    srcs: _082984_ 
    bbox = ( 395.83, 638.365 ) - ( 395.9, 638.435 ) on Layer metal2
  violation type: CutSpc
    srcs: _072044_ 
    bbox = ( 398.11, 800.065 ) - ( 398.18, 800.135 ) on Layer metal2
  violation type: CutSpc
    srcs: _072044_ 
    bbox = ( 396.82, 800.065 ) - ( 396.89, 800.135 ) on Layer metal3
  violation type: CutSpc
    srcs: _083104_ 
    bbox = ( 412.17, 594.265 ) - ( 412.24, 594.335 ) on Layer metal2
  violation type: CutSpc
    srcs: _090080_ 
    bbox = ( 426.42, 961.765 ) - ( 426.49, 961.835 ) on Layer metal2
  violation type: CutSpc
    srcs: _090080_ 
    bbox = ( 425.66, 961.765 ) - ( 425.73, 961.835 ) on Layer metal3
  violation type: CutSpc
    srcs: _051813_ 
    bbox = ( 441.62, 1211.66 ) - ( 441.69, 1211.73 ) on Layer metal2
  violation type: CutSpc
    srcs: _049502_ 
    bbox = ( 439.94, 1226.37 ) - ( 440.01, 1226.43 ) on Layer metal3
  violation type: CutSpc
    srcs: _049082_ 
    bbox = ( 455.06, 1211.66 ) - ( 455.13, 1211.73 ) on Layer metal3
  violation type: CutSpc
    srcs: _054050_ 
    bbox = ( 469.93, 491.365 ) - ( 470, 491.435 ) on Layer metal2
  violation type: Short
    srcs: _065844_ _073741_ 
    bbox = ( 476.665, 793.555 ) - ( 476.735, 793.625 ) on Layer metal3
  violation type: CutSpc
    srcs: _052102_ 
    bbox = ( 485.51, 1241.07 ) - ( 485.58, 1241.13 ) on Layer metal2
  violation type: Short
    srcs: _164673_/OBS _084580_ 
    bbox = ( 506.255, 220.325 ) - ( 506.325, 220.395 ) on Layer metal1
  violation type: CutSpc
    srcs: net1779 
    bbox = ( 506.125, 969.64 ) - ( 506.265, 969.78 ) on Layer metal5
  violation type: CutSpc
    srcs: net1779 
    bbox = ( 506.125, 970.2 ) - ( 506.265, 970.34 ) on Layer metal5
  violation type: CutSpc
    srcs: _059143_ 
    bbox = ( 556.57, 1079.37 ) - ( 556.64, 1079.43 ) on Layer metal2
  violation type: MetSpc
    srcs: _084191_ _114021_ 
    bbox = ( 573.225, 270.795 ) - ( 573.26, 270.865 ) on Layer metal1
  violation type: CutSpc
    srcs: clknet_9_103_0_clk_i 
    bbox = ( 574.81, 608.965 ) - ( 574.88, 609.035 ) on Layer metal2
  violation type: CutSpc
    srcs: clknet_9_103_0_clk_i 
    bbox = ( 573.22, 608.965 ) - ( 573.29, 609.035 ) on Layer metal3
  violation type: CutSpc
    srcs: _073522_ 
    bbox = ( 588.68, 873.565 ) - ( 588.75, 873.635 ) on Layer metal2
  violation type: CutSpc
    srcs: clknet_11_450_0_clk_i 
    bbox = ( 602.17, 491.365 ) - ( 602.24, 491.435 ) on Layer metal2
  violation type: CutSpc
    srcs: _071334_ 
    bbox = ( 632.19, 711.865 ) - ( 632.26, 711.935 ) on Layer metal2
  violation type: CutSpc
    srcs: _071334_ 
    bbox = ( 630.86, 711.865 ) - ( 630.93, 711.935 ) on Layer metal2
  violation type: CutSpc
    srcs: _047915_ 
    bbox = ( 632.57, 1182.27 ) - ( 632.64, 1182.34 ) on Layer metal2
  violation type: Short
    srcs: rof1_0__core.fe.icache_1.data_mem_banks_7__data_mem_bank.macro_mem.mem/OBS _129156_ 
    bbox = ( 643.79, 814.765 ) - ( 643.79, 814.905 ) on Layer metal3
  violation type: Short
    srcs: rof1_0__core.fe.icache_1.data_mem_banks_7__data_mem_bank.macro_mem.mem/OBS _129156_ 
    bbox = ( 643.79, 814.835 ) - ( 643.79, 814.905 ) on Layer metal3
  violation type: Short
    srcs: rof1_0__core.fe.icache_1.data_mem_banks_7__data_mem_bank.macro_mem.mem/OBS _129156_ 
    bbox = ( 643.72, 814.835 ) - ( 643.79, 814.905 ) on Layer metal3
  violation type: Short
    srcs: rof1_0__core.fe.icache_1.data_mem_banks_7__data_mem_bank.macro_mem.mem/OBS _129156_ 
    bbox = ( 643.79, 844.165 ) - ( 643.79, 844.305 ) on Layer metal3
  violation type: Short
    srcs: rof1_0__core.fe.icache_1.data_mem_banks_7__data_mem_bank.macro_mem.mem/OBS _129156_ 
    bbox = ( 643.79, 844.235 ) - ( 643.79, 844.305 ) on Layer metal3
  violation type: Short
    srcs: rof1_0__core.fe.icache_1.data_mem_banks_7__data_mem_bank.macro_mem.mem/OBS _129156_ 
    bbox = ( 643.72, 844.235 ) - ( 643.79, 844.305 ) on Layer metal3
  violation type: Short
    srcs: rof1_0__core.be.be_mmu.dcache.tag_mem.macro_mem.mem/OBS rof1_0__core.be.be_mmu.dcache.tag_mem.data_i\[93\] 
    bbox = ( 643.79, 1153.21 ) - ( 643.79, 1153.29 ) on Layer metal3
  violation type: Short
    srcs: rof1_0__core.be.be_mmu.dcache.tag_mem.macro_mem.mem/OBS rof1_0__core.be.be_mmu.dcache.tag_mem.data_i\[93\] 
    bbox = ( 643.79, 1153.21 ) - ( 643.79, 1153.36 ) on Layer metal3
  violation type: Short
    srcs: rof1_0__core.be.be_mmu.dcache.tag_mem.macro_mem.mem/OBS rof1_0__core.be.be_mmu.dcache.tag_mem.data_i\[93\] 
    bbox = ( 643.72, 1153.21 ) - ( 643.79, 1153.29 ) on Layer metal3
  violation type: CutSpc
    srcs: _086440_ 
    bbox = ( 691.28, 403.165 ) - ( 691.35, 403.235 ) on Layer metal2
  violation type: CutSpc
    srcs: _086440_ 
    bbox = ( 689.95, 403.165 ) - ( 690.02, 403.235 ) on Layer metal2
  violation type: CutSpc
    srcs: clknet_11_956_0_clk_i 
    bbox = ( 705.91, 1196.96 ) - ( 705.98, 1197.04 ) on Layer metal2
  violation type: CutSpc
    srcs: _087370_ 
    bbox = ( 750.37, 520.765 ) - ( 750.44, 520.835 ) on Layer metal2
  violation type: Short
    srcs: _083820_ VDD 
    bbox = ( 741.42, 859.775 ) - ( 741.49, 859.845 ) on Layer metal1
  violation type: CutSpc
    srcs: _084042_ 
    bbox = ( 764.81, 388.465 ) - ( 764.88, 388.535 ) on Layer metal2
  violation type: CutSpc
    srcs: _052371_ 
    bbox = ( 763.86, 461.965 ) - ( 763.93, 462.035 ) on Layer metal2
  violation type: CutSpc
    srcs: _052371_ 
    bbox = ( 765.38, 461.965 ) - ( 765.45, 462.035 ) on Layer metal2
  violation type: CutSpc
    srcs: clknet_11_852_0_clk_i 
    bbox = ( 764.05, 682.465 ) - ( 764.12, 682.535 ) on Layer metal2
  violation type: CutSpc
    srcs: _063146_ 
    bbox = ( 780.58, 359.065 ) - ( 780.65, 359.135 ) on Layer metal2
  violation type: CutSpc
    srcs: _086074_ 
    bbox = ( 780.2, 506.065 ) - ( 780.27, 506.135 ) on Layer metal2
  violation type: CutSpc
    srcs: _086074_ 
    bbox = ( 779.06, 506.065 ) - ( 779.13, 506.135 ) on Layer metal2
  violation type: CutSpc
    srcs: _083922_ 
    bbox = ( 779.44, 844.165 ) - ( 779.51, 844.235 ) on Layer metal2
  violation type: CutSpc
    srcs: _052330_ 
    bbox = ( 780.01, 873.565 ) - ( 780.08, 873.635 ) on Layer metal2
  violation type: CutSpc
    srcs: _052330_ 
    bbox = ( 778.49, 873.565 ) - ( 778.56, 873.635 ) on Layer metal2
  violation type: NSMet
    srcs: _034520_ 
    bbox = ( 785.365, 469.19 ) - ( 785.4, 469.245 ) on Layer metal1
  violation type: Short
    srcs: _088562_ _088570_ 
    bbox = ( 793.69, 799.855 ) - ( 793.76, 799.925 ) on Layer metal2
  violation type: CutSpc
    srcs: _088559_ 
    bbox = ( 792.93, 800.065 ) - ( 793, 800.135 ) on Layer metal2
  violation type: CutSpc
    srcs: _088559_ 
    bbox = ( 795.21, 800.065 ) - ( 795.28, 800.135 ) on Layer metal2
  violation type: CutSpc
    srcs: _053208_ 
    bbox = ( 795.4, 902.965 ) - ( 795.47, 903.035 ) on Layer metal2
  violation type: CutSpc
    srcs: _053208_ 
    bbox = ( 793.69, 902.965 ) - ( 793.76, 903.035 ) on Layer metal2
  violation type: CutSpc
    srcs: _105753_ 
    bbox = ( 807.56, 726.565 ) - ( 807.63, 726.635 ) on Layer metal2
  violation type: CutSpc
    srcs: _105788_ 
    bbox = ( 824.28, 697.165 ) - ( 824.35, 697.235 ) on Layer metal2
  violation type: CutSpc
    srcs: _105788_ 
    bbox = ( 822.98, 697.165 ) - ( 823.05, 697.235 ) on Layer metal3
  violation type: CutSpc
    srcs: clknet_11_1686_0_clk_i 
    bbox = ( 837.96, 785.365 ) - ( 838.03, 785.435 ) on Layer metal2
  violation type: CutSpc
    srcs: clknet_11_1686_0_clk_i 
    bbox = ( 837.82, 785.365 ) - ( 837.89, 785.435 ) on Layer metal3
  violation type: Short
    srcs: rof1_0__core.fe.icache_1.data_mem_banks_2__data_mem_bank.macro_mem.mem/OBS rof1_0__core.fe.icache_1.data_mem_banks_2__data_mem_bank.data_o\[9\] 
    bbox = ( 854.63, 102.795 ) - ( 854.63, 102.865 ) on Layer metal3
  violation type: Short
    srcs: rof1_0__core.fe.icache_1.data_mem_banks_2__data_mem_bank.macro_mem.mem/OBS rof1_0__core.fe.icache_1.data_mem_banks_2__data_mem_bank.data_o\[9\] 
    bbox = ( 854.63, 102.795 ) - ( 854.63, 102.935 ) on Layer metal3
  violation type: Short
    srcs: rof1_0__core.fe.icache_1.data_mem_banks_2__data_mem_bank.macro_mem.mem/OBS rof1_0__core.fe.icache_1.data_mem_banks_2__data_mem_bank.data_o\[9\] 
    bbox = ( 854.56, 102.795 ) - ( 854.63, 102.865 ) on Layer metal3
  violation type: CutSpc
    srcs: _061674_ 
    bbox = ( 852.78, 623.665 ) - ( 852.85, 623.735 ) on Layer metal2
  violation type: CutSpc
    srcs: _061674_ 
    bbox = ( 851.45, 623.665 ) - ( 851.52, 623.735 ) on Layer metal2
  violation type: CutSpc
    srcs: _093850_ 
    bbox = ( 851.26, 1094.07 ) - ( 851.33, 1094.13 ) on Layer metal2
  violation type: CutSpc
    srcs: clknet_11_1745_0_clk_i 
    bbox = ( 871.97, 711.865 ) - ( 872.04, 711.935 ) on Layer metal2
  violation type: CutSpc
    srcs: clknet_11_1722_0_clk_i 
    bbox = ( 867.22, 991.165 ) - ( 867.29, 991.235 ) on Layer metal2
  violation type: CutSpc
    srcs: _071682_ 
    bbox = ( 882.8, 388.465 ) - ( 882.87, 388.535 ) on Layer metal2
  violation type: CutSpc
    srcs: clknet_11_1652_0_clk_i 
    bbox = ( 881.09, 623.665 ) - ( 881.16, 623.735 ) on Layer metal2
  violation type: CutSpc
    srcs: _058710_ 
    bbox = ( 880.52, 697.165 ) - ( 880.59, 697.235 ) on Layer metal2
  violation type: CutSpc
    srcs: _058710_ 
    bbox = ( 882.06, 697.165 ) - ( 882.13, 697.235 ) on Layer metal3
  violation type: CutSpc
    srcs: clknet_11_1147_0_clk_i 
    bbox = ( 896.67, 373.765 ) - ( 896.74, 373.835 ) on Layer metal2
  violation type: CutSpc
    srcs: clknet_11_1147_0_clk_i 
    bbox = ( 894.77, 373.765 ) - ( 894.84, 373.835 ) on Layer metal2
  violation type: CutSpc
    srcs: clknet_11_1266_0_clk_i 
    bbox = ( 897.24, 476.665 ) - ( 897.31, 476.735 ) on Layer metal2
  violation type: CutSpc
    srcs: _075249_ 
    bbox = ( 896.67, 579.565 ) - ( 896.74, 579.635 ) on Layer metal2
  violation type: CutSpc
    srcs: _075249_ 
    bbox = ( 895.34, 579.565 ) - ( 895.41, 579.635 ) on Layer metal2
  violation type: CutSpc
    srcs: _071694_ 
    bbox = ( 913.77, 344.365 ) - ( 913.84, 344.435 ) on Layer metal2
  violation type: CutSpc
    srcs: _106419_ 
    bbox = ( 911.87, 697.165 ) - ( 911.94, 697.235 ) on Layer metal2
  violation type: CutSpc
    srcs: clknet_11_1442_0_clk_i 
    bbox = ( 941.7, 432.565 ) - ( 941.77, 432.635 ) on Layer metal2
  violation type: CutSpc
    srcs: _099794_ 
    bbox = ( 941.7, 785.365 ) - ( 941.77, 785.435 ) on Layer metal2
  violation type: CutSpc
    srcs: clknet_11_1420_0_clk_i 
    bbox = ( 954.62, 329.665 ) - ( 954.69, 329.735 ) on Layer metal2
  violation type: CutSpc
    srcs: clknet_11_1420_0_clk_i 
    bbox = ( 955.76, 329.665 ) - ( 955.83, 329.735 ) on Layer metal2
  violation type: CutSpc
    srcs: clknet_11_1449_0_clk_i 
    bbox = ( 956.14, 491.365 ) - ( 956.21, 491.435 ) on Layer metal2
  violation type: CutSpc
    srcs: _053972_ 
    bbox = ( 999.905, 623.7 ) - ( 1000.04, 623.84 ) on Layer metal4
  violation type: MetSpc
    srcs: VDDPE clknet_11_1429_0_clk_i 
    bbox = ( 1019.84, 316.485 ) - ( 1019.86, 316.54 ) on Layer metal2
  violation type: MetSpc
    srcs: VDDCE clknet_11_1429_0_clk_i 
    bbox = ( 1019.84, 316.485 ) - ( 1019.86, 316.54 ) on Layer metal2
  violation type: MetSpc
    srcs: VDD clknet_11_1429_0_clk_i 
    bbox = ( 1019.84, 316.485 ) - ( 1019.86, 316.54 ) on Layer metal2
  violation type: CutSpc
    srcs: _070741_ 
    bbox = ( 1005.92, 352.8 ) - ( 1006.07, 352.94 ) on Layer metal4
  violation type: MetSpc
    srcs: _041973_ _053904_ 
    bbox = ( 1014.22, 505.995 ) - ( 1014.25, 506.065 ) on Layer metal1
  violation type: CutSpc
    srcs: clknet_11_1966_0_clk_i 
    bbox = ( 1015.23, 785.365 ) - ( 1015.3, 785.435 ) on Layer metal2
  violation type: CutSpc
    srcs: clknet_11_1966_0_clk_i 
    bbox = ( 1014.09, 785.365 ) - ( 1014.16, 785.435 ) on Layer metal2
  violation type: CutSpc
    srcs: _103380_ 
    bbox = ( 1029.67, 270.865 ) - ( 1029.74, 270.935 ) on Layer metal2
  violation type: CutSpc
    srcs: _071531_ 
    bbox = ( 1074.13, 344.365 ) - ( 1074.2, 344.435 ) on Layer metal2
  violation type: CutSpc
    srcs: _071583_ 
    bbox = ( 1100.92, 344.365 ) - ( 1100.99, 344.435 ) on Layer metal2
  violation type: CutSpc
    srcs: _071583_ 
    bbox = ( 1103.01, 344.365 ) - ( 1103.08, 344.435 ) on Layer metal2
  violation type: CutSpc
    srcs: clknet_11_1885_0_clk_i 
    bbox = ( 1119.16, 520.765 ) - ( 1119.23, 520.835 ) on Layer metal2
  violation type: Short
    srcs: me.genblk1_0__bp_cce_top.bp_cce.pc_inst_ram.cce_inst_ram.macro_mem.mem/OBS me.genblk1_0__bp_cce_top.bp_cce.pc_inst_ram.cce_inst_ram.macro_mem.w_i 
    bbox = ( 1155.63, 50.435 ) - ( 1155.63, 50.505 ) on Layer metal3
  violation type: Short
    srcs: me.genblk1_0__bp_cce_top.bp_cce.pc_inst_ram.cce_inst_ram.macro_mem.mem/OBS me.genblk1_0__bp_cce_top.bp_cce.pc_inst_ram.cce_inst_ram.macro_mem.w_i 
    bbox = ( 1155.63, 50.365 ) - ( 1155.63, 50.505 ) on Layer metal3
  violation type: Short
    srcs: me.genblk1_0__bp_cce_top.bp_cce.pc_inst_ram.cce_inst_ram.macro_mem.mem/OBS me.genblk1_0__bp_cce_top.bp_cce.pc_inst_ram.cce_inst_ram.macro_mem.w_i 
    bbox = ( 1155.56, 50.435 ) - ( 1155.63, 50.505 ) on Layer metal3
  violation type: CutSpc
    srcs: _105182_ 
    bbox = ( 1162.48, 550.165 ) - ( 1162.55, 550.235 ) on Layer metal2
  violation type: CutSpc
    srcs: _105182_ 
    bbox = ( 1161.22, 550.165 ) - ( 1161.29, 550.235 ) on Layer metal3
  violation type: CutSpc
    srcs: _071239_ 
    bbox = ( 1233.73, 138.565 ) - ( 1233.8, 138.635 ) on Layer metal2
  violation type: MetSpc
    srcs: _186681_/OBS _103638_ 
    bbox = ( 1255.41, 69.545 ) - ( 1255.48, 69.575 ) on Layer metal1
