
==========================================================================
report_checks
--------------------------------------------------------------------------
Startpoint: _134520_ (rising edge-triggered flip-flop clocked by clock)
Endpoint: _134512_ (rising edge-triggered flip-flop clocked by clock)
Path Group: clock
Path Type: max

  Delay    Time   Description
---------------------------------------------------------
   0.00    0.00   clock clock (rise edge)
   0.00    0.00   clock network delay (ideal)
   0.00    0.00 ^ _134520_/CK (DFF_X1)
   0.15    0.15 v _134520_/Q (DFF_X1)
   0.15    0.31 v _112174_/Z (BUF_X1)
   0.14    0.45 ^ _068402_/ZN (INV_X1)
   0.09    0.54 ^ _068405_/Z (BUF_X4)
   0.16    0.69 ^ _068524_/Z (BUF_X4)
   0.11    0.80 v _070953_/ZN (OAI221_X1)
   0.11    0.91 v _070960_/ZN (OR4_X1)
   0.66    1.57 ^ _070972_/ZN (NOR4_X1)
   0.19    1.76 v _070973_/ZN (NAND4_X1)
   0.06    1.83 v _071144_/ZN (AND4_X1)
   0.01    1.84 ^ _071145_/ZN (INV_X1)
   0.01    1.85 v _071377_/ZN (NOR2_X1)
   0.02    1.87 ^ _072308_/ZN (NAND4_X1)
   0.04    1.91 v _072309_/ZN (NOR2_X1)
   0.12    2.04 ^ _072310_/ZN (INV_X1)
   0.05    2.08 ^ _072311_/Z (BUF_X4)
   0.04    2.13 ^ _072312_/Z (BUF_X4)
   0.05    2.17 v _075045_/ZN (AOI221_X4)
   0.11    2.29 ^ _075141_/ZN (AOI21_X1)
   0.04    2.33 v _100605_/ZN (OAI211_X2)
   0.06    2.38 ^ _100606_/ZN (AOI22_X1)
   0.02    2.40 v _100607_/ZN (AOI211_X2)
   0.03    2.43 v _123728_/Z (BUF_X1)
   0.00    2.43 v _134512_/D (DFF_X1)
           2.43   data arrival time

  10.00   10.00   clock clock (rise edge)
   0.00   10.00   clock network delay (ideal)
   0.00   10.00   clock reconvergence pessimism
          10.00 ^ _134512_/CK (DFF_X1)
  -0.04    9.96   library setup time
           9.96   data required time
---------------------------------------------------------
           9.96   data required time
          -2.43   data arrival time
---------------------------------------------------------
           7.53   slack (MET)



==========================================================================
report_tns
--------------------------------------------------------------------------
tns 0.00

==========================================================================
report_wns
--------------------------------------------------------------------------
wns 0.00

==========================================================================
report_design_area
--------------------------------------------------------------------------
Design area 443775 u^2 27% utilization.
