
==========================================================================
report_checks
--------------------------------------------------------------------------
Startpoint: _58501_ (rising edge-triggered flip-flop clocked by clk)
Endpoint: _58502_ (recovery check against rising-edge clock clk)
Path Group: **async_default**
Path Type: max

  Delay    Time   Description
---------------------------------------------------------
   0.00    0.00   clock clk (rise edge)
   0.00    0.00   clock network delay (ideal)
   0.00    0.00 ^ _58501_/CK (DFFR_X1)
   0.10    0.10 ^ _58501_/Q (DFFR_X1)
   0.02    0.12 ^ _52774_/Z (BUF_X1)
   0.03    0.15 ^ _51054_/Z (MUX2_X1)
   4.36    4.51 ^ _52777_/Z (BUF_X1)
   0.00    4.51 ^ _58502_/RN (DFFR_X1)
           4.51   data arrival time

  10.00   10.00   clock clk (rise edge)
   0.00   10.00   clock network delay (ideal)
   0.00   10.00   clock reconvergence pessimism
          10.00 ^ _58502_/CK (DFFR_X1)
  -0.94    9.06   library recovery time
           9.06   data required time
---------------------------------------------------------
           9.06   data required time
          -4.51   data arrival time
---------------------------------------------------------
           4.55   slack (MET)


Startpoint: _59187_ (positive level-sensitive latch clocked by clk')
Endpoint: _51068_ (rising clock gating-check end-point clocked by clk)
Path Group: **clock_gating_default**
Path Type: max

  Delay    Time   Description
---------------------------------------------------------
   5.00    5.00   clock clk' (rise edge)
   0.00    5.00   clock network delay (ideal)
   0.00    5.00 ^ _59187_/G (DLH_X1)
   0.05    5.05 v _59187_/Q (DLH_X1)
   0.03    5.08 v _52790_/Z (BUF_X1)
   0.00    5.08 v _51068_/A2 (AND2_X1)
           5.08   data arrival time

  10.00   10.00   clock clk (rise edge)
   0.00   10.00   clock network delay (ideal)
   0.00   10.00   clock reconvergence pessimism
          10.00 ^ _51068_/A1 (AND2_X1)
   0.00   10.00   clock gating setup time
          10.00   data required time
---------------------------------------------------------
          10.00   data required time
          -5.08   data arrival time
---------------------------------------------------------
           4.92   slack (MET)


Startpoint: _58536_ (rising edge-triggered flip-flop clocked by clk)
Endpoint: _59185_ (positive level-sensitive latch clocked by clk')
Path Group: clk
Path Type: max

  Delay    Time   Description
---------------------------------------------------------
   0.00    0.00   clock clk (rise edge)
   0.00    0.00   clock network delay (ideal)
   0.00    0.00 ^ _58536_/CK (DFFR_X1)
   0.10    0.10 ^ _58536_/Q (DFFR_X1)
   0.24    0.34 ^ _53377_/Z (BUF_X1)
   0.01    0.35 v _29318_/ZN (NOR2_X4)
   0.05    0.39 v _29319_/ZN (AND2_X4)
   0.03    0.42 v _29409_/ZN (AND2_X4)
   0.06    0.48 ^ _29421_/ZN (NOR2_X1)
   0.02    0.50 v _29429_/ZN (AOI21_X2)
   0.08    0.57 ^ _29443_/ZN (NOR4_X1)
   0.05    0.63 ^ _29444_/ZN (AND2_X2)
   0.01    0.64 v _29445_/ZN (INV_X2)
   0.03    0.67 v _29510_/ZN (AND2_X4)
   0.04    0.71 ^ _29531_/ZN (NOR3_X4)
   0.04    0.75 ^ _29533_/ZN (AND2_X4)
   0.04    0.79 ^ _29680_/ZN (AND2_X4)
   0.02    0.81 v _29798_/ZN (NAND3_X4)
   0.03    0.84 v _29806_/ZN (AND2_X2)
   0.07    0.91 ^ _29809_/ZN (AOI211_X2)
   0.03    0.95 v _30191_/ZN (NOR2_X1)
   0.03    0.98 ^ _30192_/ZN (AOI21_X4)
   0.05    1.03 v _30202_/ZN (NAND4_X4)
   0.04    1.07 ^ _30238_/ZN (NOR2_X4)
   0.03    1.10 ^ _30521_/ZN (AND2_X4)
   0.03    1.13 ^ _30522_/Z (BUF_X8)
   0.01    1.13 v _30523_/ZN (INV_X4)
   0.02    1.16 v _31057_/ZN (AND2_X4)
   0.05    1.21 v _31082_/Z (XOR2_X2)
   0.02    1.22 ^ _31083_/ZN (NAND2_X2)
   0.03    1.26 ^ _31085_/ZN (AND2_X4)
   0.01    1.26 v _31086_/ZN (INV_X4)
   0.03    1.29 ^ _31088_/ZN (AOI21_X4)
   0.02    1.31 v _31090_/ZN (OAI21_X4)
   0.02    1.32 ^ _31187_/ZN (NAND2_X4)
   0.01    1.34 v _31189_/ZN (AOI211_X2)
   0.05    1.39 ^ _31193_/ZN (NOR3_X2)
   0.02    1.40 v _31458_/ZN (NOR2_X2)
   0.03    1.43 ^ _31678_/ZN (OAI22_X4)
   0.02    1.46 v _31680_/ZN (NAND2_X4)
   0.02    1.47 ^ _32680_/ZN (NAND3_X4)
   0.03    1.50 ^ _32704_/ZN (AND2_X4)
   0.01    1.51 v _32705_/ZN (INV_X4)
   0.03    1.54 v _34531_/ZN (AND3_X4)
   0.04    1.58 ^ _34581_/ZN (NOR3_X4)
   0.10    1.67 ^ _34642_/Z (XOR2_X2)
   0.04    1.71 v _34645_/ZN (NAND2_X2)
   0.03    1.74 ^ _34646_/ZN (NAND3_X1)
   0.03    1.77 v _34920_/ZN (NAND4_X1)
   0.07    1.84 ^ _34926_/ZN (NOR2_X2)
   0.03    1.87 v _35032_/ZN (INV_X2)
   0.07    1.93 ^ _35033_/ZN (OAI221_X2)
   0.04    1.97 ^ _35036_/ZN (AND2_X4)
   0.01    1.98 v _35080_/ZN (INV_X2)
   0.06    2.04 ^ _35082_/ZN (NOR2_X2)
   0.04    2.08 ^ _35085_/ZN (OR4_X2)
   0.02    2.11 ^ _35090_/ZN (OR3_X4)
   0.03    2.14 ^ _35091_/Z (BUF_X4)
   0.03    2.17 ^ _37179_/ZN (AND2_X4)
   0.01    2.19 v _37180_/ZN (AOI21_X4)
   0.06    2.25 ^ _37181_/ZN (NOR3_X4)
   0.02    2.26 v _37182_/ZN (NOR2_X4)
   0.03    2.29 ^ _37185_/ZN (NOR2_X4)
   0.01    2.31 v _37186_/ZN (NOR2_X4)
   0.03    2.34 v _37189_/ZN (AND2_X4)
   0.03    2.36 v _37190_/Z (BUF_X16)
   0.03    2.39 v _38231_/ZN (AND2_X4)
   0.03    2.42 v _38233_/ZN (AND2_X4)
   0.03    2.45 v _38234_/Z (BUF_X16)
   0.02    2.47 ^ _38420_/ZN (OAI211_X2)
   0.03    2.50 ^ _38435_/ZN (AND2_X4)
   0.03    2.53 v _38436_/ZN (NAND4_X1)
   0.10    2.63 v _38507_/ZN (OR4_X2)
   0.07    2.69 ^ _38743_/ZN (NOR3_X1)
   0.05    2.74 ^ _38750_/ZN (AND2_X2)
   0.04    2.78 ^ _38751_/ZN (AND2_X4)
   0.03    2.81 ^ _38784_/Z (BUF_X8)
   0.01    2.82 v _38824_/ZN (OAI21_X1)
   0.03    2.86 v _38825_/ZN (AND2_X2)
   0.08    2.94 ^ _38889_/ZN (NOR4_X1)
   0.05    2.99 ^ _38892_/ZN (AND3_X2)
   0.03    3.02 v _38899_/ZN (OAI211_X2)
   0.04    3.06 v _38900_/ZN (AND2_X4)
   0.01    3.07 ^ _38901_/ZN (INV_X4)
   0.01    3.08 v _38955_/ZN (NOR4_X4)
   0.04    3.12 ^ _38957_/ZN (NOR2_X4)
   0.01    3.13 v _38958_/ZN (INV_X4)
   0.03    3.16 ^ _38959_/ZN (AOI21_X4)
   0.01    3.17 v _38964_/ZN (NOR2_X4)
   0.03    3.20 v _38967_/ZN (AND3_X4)
   0.04    3.24 ^ _38972_/ZN (NOR2_X4)
   0.03    3.27 v _38973_/ZN (INV_X1)
   0.03    3.30 v _38974_/Z (BUF_X4)
   0.03    3.33 ^ _51059_/ZN (AOI21_X1)
   0.03    3.35 v _51061_/ZN (NAND3_X1)
   0.05    3.40 ^ _51062_/ZN (NOR3_X1)
   0.02    3.42 v _51079_/ZN (NAND2_X1)
   0.03    3.44 v _52801_/Z (BUF_X1)
   0.00    3.44 v _59185_/D (DLH_X1)
           3.44   data arrival time

   5.00    5.00   clock clk' (rise edge)
   0.00    5.00   clock network delay (ideal)
   0.00    5.00   clock reconvergence pessimism
           5.00 ^ _59185_/G (DLH_X1)
   0.00    5.00   time borrowed from endpoint
           5.00   data required time
---------------------------------------------------------
           5.00   data required time
          -3.44   data arrival time
---------------------------------------------------------
           1.56   slack (MET)

Time Borrowing Information
--------------------------------------------
clk' pulse width                        5.00
library setup time                     -0.05
--------------------------------------------
max time borrow                         4.95
actual time borrow                      0.00
--------------------------------------------



==========================================================================
report_tns
--------------------------------------------------------------------------
tns 0.00

==========================================================================
report_wns
--------------------------------------------------------------------------
wns 0.00

==========================================================================
report_design_area
--------------------------------------------------------------------------
Design area 178429 u^2 25% utilization.
