
==========================================================================
report_checks
--------------------------------------------------------------------------
Startpoint: _819_ (rising edge-triggered flip-flop clocked by core_clock)
Endpoint: _826_ (rising edge-triggered flip-flop clocked by core_clock)
Path Group: core_clock
Path Type: max

  Delay    Time   Description
---------------------------------------------------------
   0.00    0.00   clock core_clock (rise edge)
   0.00    0.00   clock network delay (ideal)
   0.00    0.00 ^ _819_/CK (DFF_X1)
   0.08    0.08 ^ _819_/Q (DFF_X1)
   0.10    0.19 ^ _712_/Z (BUF_X1)
   0.03    0.22 v _439_/ZN (XNOR2_X2)
   0.05    0.27 v _440_/ZN (AND2_X1)
   0.08    0.34 ^ _454_/ZN (AOI221_X2)
   0.02    0.37 v _455_/ZN (NAND2_X4)
   0.03    0.40 ^ _598_/ZN (AOI21_X4)
   0.01    0.41 v _602_/ZN (NOR2_X1)
   0.05    0.46 v _604_/ZN (OR2_X1)
   0.04    0.50 v _605_/ZN (XNOR2_X1)
   0.03    0.53 v _606_/ZN (AND2_X2)
   0.04    0.57 ^ _609_/ZN (OAI21_X1)
   0.03    0.59 v _611_/ZN (OAI211_X2)
   0.03    0.62 v _741_/Z (BUF_X1)
   0.00    0.62 v _826_/D (DFF_X1)
           0.62   data arrival time

  10.00   10.00   clock core_clock (rise edge)
   0.00   10.00   clock network delay (ideal)
   0.00   10.00   clock reconvergence pessimism
          10.00 ^ _826_/CK (DFF_X1)
  -0.04    9.96   library setup time
           9.96   data required time
---------------------------------------------------------
           9.96   data required time
          -0.62   data arrival time
---------------------------------------------------------
           9.34   slack (MET)



==========================================================================
report_tns
--------------------------------------------------------------------------
tns 0.00

==========================================================================
report_wns
--------------------------------------------------------------------------
wns 0.00

==========================================================================
report_design_area
--------------------------------------------------------------------------
Design area 2521 u^2 10% utilization.
