
==========================================================================
report_floating_nets
--------------------------------------------------------------------------
Warning: found 34 floatiing nets.

==========================================================================
report_checks
--------------------------------------------------------------------------
Startpoint: _814_ (rising edge-triggered flip-flop clocked by core_clock)
Endpoint: _828_ (rising edge-triggered flip-flop clocked by core_clock)
Path Group: core_clock
Path Type: max

  Delay    Time   Description
---------------------------------------------------------
   0.00    0.00   clock core_clock (rise edge)
   0.00    0.00   clock network delay (ideal)
   0.00    0.00 ^ _814_/CK (DFF_X1)
   0.08    0.08 ^ _814_/Q (DFF_X1)
   0.04    0.13 ^ _692_/Z (CLKBUF_X1)
   0.05    0.17 ^ _423_/ZN (XNOR2_X1)
   0.03    0.20 v _425_/ZN (OAI21_X1)
   0.03    0.23 ^ _427_/ZN (OAI21_X1)
   0.02    0.25 v _430_/ZN (NAND3_X1)
   0.04    0.29 v _436_/ZN (AND2_X1)
   0.02    0.31 ^ _437_/ZN (INV_X1)
   0.02    0.34 v _444_/ZN (NAND3_X2)
   0.02    0.36 ^ _455_/ZN (NAND2_X2)
   0.02    0.38 v _598_/ZN (AOI21_X2)
   0.06    0.44 ^ _612_/ZN (NOR3_X1)
   0.02    0.46 v _621_/ZN (OAI21_X1)
   0.03    0.49 v _623_/ZN (AND2_X1)
   0.04    0.53 v _624_/ZN (XNOR2_X1)
   0.03    0.56 v _625_/ZN (AND2_X1)
   0.04    0.59 ^ _628_/ZN (OAI21_X1)
   0.03    0.62 v _630_/ZN (OAI211_X2)
   0.03    0.65 v _750_/Z (CLKBUF_X1)
   0.00    0.65 v _828_/D (DFF_X1)
           0.65   data arrival time

  10.00   10.00   clock core_clock (rise edge)
   0.00   10.00   clock network delay (ideal)
   0.00   10.00   clock reconvergence pessimism
          10.00 ^ _828_/CK (DFF_X1)
  -0.04    9.96   library setup time
           9.96   data required time
---------------------------------------------------------
           9.96   data required time
          -0.65   data arrival time
---------------------------------------------------------
           9.31   slack (MET)



==========================================================================
report_tns
--------------------------------------------------------------------------
tns 0.00

==========================================================================
report_wns
--------------------------------------------------------------------------
wns 0.00

==========================================================================
report_design_area
--------------------------------------------------------------------------
Design area 2625 u^2 10% utilization.
