
==========================================================================
report_floating_nets
--------------------------------------------------------------------------
Warning: found 3579 floatiing nets.

==========================================================================
report_checks
--------------------------------------------------------------------------
Startpoint: _74292_ (rising edge-triggered flip-flop clocked by core_clock)
Endpoint: _73474_ (rising edge-triggered flip-flop clocked by core_clock)
Path Group: core_clock
Path Type: max

  Delay    Time   Description
---------------------------------------------------------
   0.00    0.00   clock core_clock (rise edge)
   0.00    0.00   clock network delay (ideal)
   0.00    0.00 ^ _74292_/CK (DFF_X1)
   0.09    0.09 ^ _74292_/Q (DFF_X1)
   0.04    0.13 ^ _65697_/Z (BUF_X2)
   0.02    0.15 v _43167_/ZN (INV_X2)
   0.03    0.19 ^ _43178_/ZN (NAND2_X4)
   0.04    0.23 v _43180_/ZN (NAND2_X4)
   0.04    0.27 v _43222_/ZN (AND2_X1)
   0.03    0.30 v _43223_/Z (BUF_X4)
   0.03    0.34 ^ _43224_/ZN (INV_X2)
   0.05    0.39 ^ _43225_/Z (BUF_X2)
   0.04    0.42 v _43750_/ZN (NAND4_X1)
   0.04    0.46 v _43756_/ZN (AND2_X4)
   0.05    0.51 v _56346_/ZN (AND2_X2)
   0.04    0.54 v _56358_/ZN (AND2_X2)
   0.03    0.58 ^ _56389_/ZN (OAI211_X2)
   0.03    0.60 v _56395_/ZN (NAND4_X1)
   0.03    0.63 ^ _56399_/ZN (NOR2_X1)
   0.03    0.66 v _56404_/ZN (NAND4_X1)
   0.05    0.71 ^ _56411_/ZN (NOR4_X1)
   0.04    0.75 v _56420_/ZN (NAND4_X1)
   0.05    0.80 ^ _56424_/ZN (NOR3_X1)
   0.03    0.83 v _56432_/ZN (NAND4_X1)
   0.06    0.89 ^ _56439_/ZN (NOR4_X1)
   0.04    0.92 v _56448_/ZN (NAND4_X1)
   0.07    1.00 ^ _56458_/ZN (NOR4_X1)
   0.04    1.03 v _56462_/ZN (OAI211_X2)
   0.05    1.08 ^ _56471_/ZN (NOR4_X1)
   0.06    1.15 ^ _56476_/ZN (AND4_X1)
   0.03    1.17 v _56483_/ZN (NAND4_X1)
   0.05    1.22 ^ _56492_/ZN (NOR4_X1)
   0.03    1.26 v _56502_/ZN (NAND4_X1)
   0.05    1.31 ^ _56511_/ZN (NOR4_X1)
   0.04    1.35 v _56519_/ZN (NAND4_X1)
   0.05    1.40 ^ _56530_/ZN (NOR4_X1)
   0.03    1.44 v _56538_/ZN (NAND4_X1)
   0.06    1.50 ^ _56546_/ZN (NOR4_X1)
   0.04    1.53 v _56556_/ZN (NAND4_X1)
   0.05    1.59 ^ _56563_/ZN (NOR4_X1)
   0.03    1.62 v _56572_/ZN (NAND4_X1)
   0.05    1.67 ^ _56579_/ZN (NOR4_X1)
   0.04    1.71 v _56588_/ZN (NAND4_X1)
   0.05    1.76 ^ _56598_/ZN (NOR4_X1)
   0.03    1.80 v _56609_/ZN (NAND4_X1)
   0.06    1.85 ^ _56616_/ZN (NOR4_X1)
   0.04    1.89 v _56624_/ZN (NAND4_X1)
   0.06    1.95 ^ _56633_/ZN (NOR4_X1)
   0.04    1.98 v _56643_/ZN (NAND4_X1)
   0.05    2.04 ^ _56651_/ZN (NOR4_X1)
   0.03    2.07 v _56660_/ZN (NAND4_X1)
   0.05    2.12 ^ _56667_/ZN (NOR4_X1)
   0.03    2.16 v _56675_/ZN (NAND4_X1)
   0.05    2.21 ^ _56680_/ZN (NOR4_X1)
   0.03    2.25 v _56686_/ZN (NAND4_X1)
   0.05    2.29 ^ _56690_/ZN (NOR4_X1)
   0.06    2.35 ^ _56695_/ZN (AND3_X1)
   0.03    2.38 v _56699_/ZN (OAI211_X2)
   0.07    2.44 ^ _56706_/ZN (NOR4_X1)
   0.04    2.48 v _56709_/ZN (OAI211_X2)
   0.05    2.53 ^ _56716_/ZN (NOR4_X1)
   0.04    2.57 v _56721_/ZN (NAND4_X1)
   0.05    2.62 ^ _56723_/ZN (OAI221_X2)
   0.06    2.69 v _56727_/ZN (AOI221_X4)
   0.04    2.73 v _56729_/ZN (AND2_X2)
   0.03    2.76 v _61077_/ZN (AND2_X1)
   0.04    2.80 v _61078_/Z (BUF_X2)
   0.03    2.83 v _61079_/Z (BUF_X4)
   0.06    2.89 v _62040_/Z (MUX2_X1)
   0.06    2.94 v _62041_/Z (MUX2_X1)
   0.03    2.97 v _72213_/Z (CLKBUF_X1)
   0.00    2.97 v _73474_/D (DFF_X1)
           2.97   data arrival time

   5.60    5.60   clock core_clock (rise edge)
   0.00    5.60   clock network delay (ideal)
   0.00    5.60   clock reconvergence pessimism
           5.60 ^ _73474_/CK (DFF_X1)
  -0.04    5.56   library setup time
           5.56   data required time
---------------------------------------------------------
           5.56   data required time
          -2.97   data arrival time
---------------------------------------------------------
           2.59   slack (MET)



==========================================================================
report_tns
--------------------------------------------------------------------------
tns 0.00

==========================================================================
report_wns
--------------------------------------------------------------------------
wns 0.00

==========================================================================
report_design_area
--------------------------------------------------------------------------
Design area 272215 u^2 10% utilization.
