
==========================================================================
report_checks
--------------------------------------------------------------------------
Startpoint: _74292_ (rising edge-triggered flip-flop clocked by core_clock)
Endpoint: _73474_ (rising edge-triggered flip-flop clocked by core_clock)
Path Group: core_clock
Path Type: max

  Delay    Time   Description
---------------------------------------------------------
   0.00    0.00   clock core_clock (rise edge)
   0.00    0.00   clock network delay (ideal)
   0.00    0.00 ^ _74292_/CK (DFF_X1)
   0.08    0.08 ^ _74292_/Q (DFF_X1)
   0.25    0.33 ^ _65697_/Z (BUF_X1)
   0.07    0.40 v _43179_/ZN (NAND2_X4)
   0.07    0.47 ^ _43180_/ZN (NAND2_X4)
   0.05    0.51 ^ _43222_/ZN (AND2_X4)
   0.02    0.54 ^ _43223_/Z (BUF_X16)
   0.03    0.57 v _43786_/ZN (OAI21_X1)
   0.04    0.60 v _43787_/ZN (AND2_X2)
   0.04    0.64 ^ _43788_/ZN (INV_X1)
   0.02    0.66 v _56353_/ZN (NOR2_X1)
   0.04    0.70 v _56354_/ZN (AND2_X2)
   0.03    0.73 ^ _56389_/ZN (OAI211_X2)
   0.03    0.76 v _56395_/ZN (NAND4_X1)
   0.03    0.78 ^ _56399_/ZN (NOR2_X1)
   0.03    0.82 v _56404_/ZN (NAND4_X1)
   0.04    0.86 ^ _56411_/ZN (NOR4_X2)
   0.04    0.90 v _56420_/ZN (NAND4_X1)
   0.05    0.94 ^ _56424_/ZN (NOR3_X1)
   0.03    0.98 v _56432_/ZN (NAND4_X1)
   0.06    1.03 ^ _56439_/ZN (NOR4_X1)
   0.04    1.07 v _56448_/ZN (NAND4_X1)
   0.06    1.13 ^ _56458_/ZN (NOR4_X2)
   0.04    1.17 v _56462_/ZN (OAI211_X2)
   0.04    1.21 ^ _56471_/ZN (NOR4_X2)
   0.06    1.27 ^ _56476_/ZN (AND4_X2)
   0.02    1.29 v _56483_/ZN (NAND4_X1)
   0.05    1.34 ^ _56492_/ZN (NOR4_X1)
   0.03    1.38 v _56502_/ZN (NAND4_X1)
   0.05    1.43 ^ _56511_/ZN (NOR4_X1)
   0.04    1.47 v _56519_/ZN (NAND4_X1)
   0.05    1.52 ^ _56530_/ZN (NOR4_X1)
   0.03    1.56 v _56538_/ZN (NAND4_X1)
   0.06    1.61 ^ _56546_/ZN (NOR4_X1)
   0.04    1.65 v _56556_/ZN (NAND4_X1)
   0.05    1.70 ^ _56563_/ZN (NOR4_X1)
   0.03    1.74 v _56572_/ZN (NAND4_X1)
   0.05    1.79 ^ _56579_/ZN (NOR4_X1)
   0.04    1.83 v _56588_/ZN (NAND4_X1)
   0.05    1.88 ^ _56598_/ZN (NOR4_X1)
   0.03    1.91 v _56609_/ZN (NAND4_X1)
   0.06    1.97 ^ _56616_/ZN (NOR4_X1)
   0.04    2.01 v _56624_/ZN (NAND4_X1)
   0.06    2.07 ^ _56633_/ZN (NOR4_X1)
   0.04    2.10 v _56643_/ZN (NAND4_X1)
   0.05    2.16 ^ _56651_/ZN (NOR4_X1)
   0.03    2.19 v _56660_/ZN (NAND4_X1)
   0.05    2.24 ^ _56667_/ZN (NOR4_X1)
   0.03    2.28 v _56675_/ZN (NAND4_X1)
   0.05    2.33 ^ _56680_/ZN (NOR4_X1)
   0.03    2.37 v _56686_/ZN (NAND4_X1)
   0.05    2.42 ^ _56690_/ZN (NOR4_X1)
   0.05    2.47 ^ _56695_/ZN (AND3_X2)
   0.03    2.50 v _56699_/ZN (OAI211_X2)
   0.04    2.54 ^ _56706_/ZN (NOR4_X4)
   0.03    2.58 v _56709_/ZN (OAI211_X2)
   0.04    2.62 ^ _56716_/ZN (NOR4_X2)
   0.03    2.65 v _56721_/ZN (NAND4_X1)
   0.07    2.72 ^ _56723_/ZN (OAI221_X1)
   0.07    2.79 v _56727_/ZN (AOI221_X4)
   0.04    2.82 v _56729_/ZN (AND2_X4)
   0.03    2.85 v _61077_/ZN (AND2_X4)
   0.03    2.88 v _61078_/Z (BUF_X16)
   0.03    2.91 v _61079_/Z (BUF_X32)
   0.05    2.96 v _62040_/Z (MUX2_X1)
   0.06    3.02 v _62041_/Z (MUX2_X1)
   0.03    3.04 v _72213_/Z (BUF_X1)
   0.00    3.04 v _73474_/D (DFF_X1)
           3.04   data arrival time

   5.60    5.60   clock core_clock (rise edge)
   0.00    5.60   clock network delay (ideal)
   0.00    5.60   clock reconvergence pessimism
           5.60 ^ _73474_/CK (DFF_X1)
  -0.04    5.56   library setup time
           5.56   data required time
---------------------------------------------------------
           5.56   data required time
          -3.04   data arrival time
---------------------------------------------------------
           2.52   slack (MET)



==========================================================================
report_tns
--------------------------------------------------------------------------
tns 0.00

==========================================================================
report_wns
--------------------------------------------------------------------------
wns 0.00

==========================================================================
report_design_area
--------------------------------------------------------------------------
Design area 252754 u^2 9% utilization.
