
==========================================================================
report_floating_nets
--------------------------------------------------------------------------
Warning: found 129 floatiing nets.

==========================================================================
report_checks
--------------------------------------------------------------------------
Startpoint: _4195_ (rising edge-triggered flip-flop clocked by clk)
Endpoint: _4237_ (rising edge-triggered flip-flop clocked by clk)
Path Group: clk
Path Type: max

  Delay    Time   Description
---------------------------------------------------------
   0.00    0.00   clock clk (rise edge)
   0.00    0.00   clock network delay (ideal)
   0.00    0.00 ^ _4195_/CK (DFF_X1)
   0.08    0.08 v _4195_/Q (DFF_X1)
   0.04    0.12 v _3601_/Z (CLKBUF_X1)
   0.04    0.16 v _2039_/ZN (AND2_X1)
   0.03    0.19 v _2041_/ZN (AND2_X1)
   0.04    0.22 v _2047_/Z (BUF_X2)
   0.03    0.25 ^ _2053_/ZN (INV_X1)
   0.02    0.27 v _2055_/ZN (NOR2_X2)
   0.04    0.30 ^ _2056_/ZN (INV_X2)
   0.03    0.33 v _2068_/ZN (NAND4_X1)
   0.12    0.46 v _2069_/ZN (OR4_X1)
   0.05    0.51 ^ _2075_/ZN (NOR2_X2)
   0.02    0.53 v _2076_/ZN (INV_X1)
   0.04    0.57 v _2189_/ZN (AND2_X2)
   0.03    0.61 ^ _2190_/ZN (INV_X2)
   0.02    0.62 v _2210_/ZN (NOR2_X2)
   0.02    0.64 ^ _2211_/ZN (INV_X1)
   0.02    0.66 v _2213_/ZN (AOI21_X1)
   0.04    0.70 ^ _2214_/ZN (NOR2_X2)
   0.05    0.75 ^ _2219_/ZN (AND2_X2)
   0.01    0.77 v _2437_/ZN (NOR2_X1)
   0.03    0.80 v _2446_/ZN (AND3_X1)
   0.07    0.87 ^ _2447_/ZN (NOR3_X1)
   0.03    0.90 v _2452_/ZN (OAI211_X2)
   0.03    0.93 v _3732_/Z (CLKBUF_X1)
   0.00    0.93 v _4237_/D (DFF_X1)
           0.93   data arrival time

  10.00   10.00   clock clk (rise edge)
   0.00   10.00   clock network delay (ideal)
   0.00   10.00   clock reconvergence pessimism
          10.00 ^ _4237_/CK (DFF_X1)
  -0.04    9.96   library setup time
           9.96   data required time
---------------------------------------------------------
           9.96   data required time
          -0.93   data arrival time
---------------------------------------------------------
           9.03   slack (MET)



==========================================================================
report_tns
--------------------------------------------------------------------------
tns 0.00

==========================================================================
report_wns
--------------------------------------------------------------------------
wns 0.00

==========================================================================
report_design_area
--------------------------------------------------------------------------
Design area 13360 u^2 26% utilization.
