
==========================================================================
report_checks
--------------------------------------------------------------------------
Startpoint: _218483_ (rising edge-triggered flip-flop clocked by clk_i)
Endpoint: _213524_ (rising edge-triggered flip-flop clocked by clk_i)
Path Group: clk_i
Path Type: max

  Delay    Time   Description
---------------------------------------------------------
   0.00    0.00   clock clk_i (rise edge)
   0.00    0.00   clock network delay (ideal)
   0.00    0.00 ^ _218483_/CK (DFFR_X1)
   0.10    0.10 ^ _218483_/Q (DFFR_X1)
   0.27    0.37 ^ _198151_/Z (BUF_X1)
  -0.01    0.36 v _109077_/ZN (INV_X32)
   0.04    0.40 v _109085_/Z (BUF_X32)
   0.02    0.42 v _109112_/Z (BUF_X32)
   0.04    0.46 v _109135_/ZN (OR2_X4)
   0.03    0.48 v _109137_/ZN (AND2_X4)
   0.03    0.52 v _109139_/ZN (XNOR2_X2)
   0.03    0.55 ^ _109909_/ZN (NOR3_X1)
   0.06    0.61 ^ _109911_/ZN (AND4_X1)
   0.05    0.66 v _109913_/ZN (NAND4_X1)
   0.06    0.72 ^ _109917_/ZN (NOR2_X2)
   0.05    0.76 ^ _110160_/Z (BUF_X2)
   0.05    0.82 ^ _111834_/ZN (AND3_X1)
   0.05    0.86 ^ _116207_/Z (BUF_X2)
   0.04    0.90 ^ _116208_/ZN (AND2_X4)
   0.04    0.94 ^ _116209_/ZN (AND2_X1)
   0.03    0.97 ^ _116210_/Z (BUF_X4)
   0.02    0.99 v _116544_/ZN (INV_X1)
   0.11    1.09 ^ _119479_/ZN (NOR2_X1)
   0.05    1.14 ^ _119480_/Z (BUF_X4)
   0.03    1.17 ^ _119521_/Z (BUF_X4)
   0.02    1.19 v _119524_/ZN (NAND4_X1)
   0.04    1.24 v _119526_/ZN (AND4_X1)
   0.02    1.26 ^ _119527_/ZN (NAND4_X1)
   0.02    1.28 v _119577_/ZN (OAI22_X1)
   0.03    1.30 ^ _119582_/ZN (AOI21_X1)
   0.02    1.32 v _119587_/ZN (OAI21_X1)
   0.04    1.36 ^ _119589_/ZN (AOI21_X1)
   0.01    1.37 v _147183_/ZN (NOR2_X1)
   0.08    1.44 v _147184_/Z (MUX2_X1)
   0.12    1.56 ^ _147207_/ZN (NOR2_X1)
   0.01    1.57 v _147208_/ZN (NOR2_X1)
   0.04    1.61 ^ _147209_/ZN (OAI21_X1)
   0.02    1.62 v _147212_/ZN (AOI21_X1)
   0.04    1.66 ^ _147214_/ZN (OAI21_X1)
   0.02    1.68 v _147216_/ZN (AOI21_X1)
   0.03    1.71 ^ _147218_/ZN (OAI21_X1)
   0.02    1.73 v _147221_/ZN (AOI21_X1)
   0.04    1.76 ^ _147224_/ZN (OAI21_X1)
   0.04    1.80 v _147227_/ZN (AOI21_X2)
   0.09    1.89 ^ _148755_/ZN (NOR3_X1)
   0.05    1.94 v _148941_/ZN (AOI21_X1)
   0.07    2.01 ^ _148977_/ZN (NOR3_X1)
   0.04    2.05 ^ _149290_/ZN (OR2_X1)
   0.05    2.10 v _149405_/ZN (NAND4_X1)
   0.04    2.14 ^ _150620_/ZN (NAND2_X1)
   0.04    2.18 ^ _150886_/ZN (AND3_X2)
   0.02    2.20 v _150887_/ZN (INV_X1)
   0.03    2.24 ^ _151969_/ZN (AOI21_X2)
   0.03    2.27 ^ _152241_/ZN (OR2_X1)
   0.02    2.28 v _152242_/ZN (AOI21_X2)
   0.03    2.31 ^ _152243_/ZN (OAI21_X1)
   0.02    2.33 v _152244_/ZN (NAND2_X1)
   0.02    2.35 ^ _152246_/ZN (NAND3_X1)
   0.05    2.40 ^ _152248_/ZN (AND4_X2)
   0.02    2.42 v _152268_/ZN (NAND4_X1)
   0.06    2.48 v _152269_/Z (MUX2_X1)
   0.03    2.51 v _201365_/Z (BUF_X1)
   0.00    2.51 v _213524_/D (DFFR_X1)
           2.51   data arrival time

  10.00   10.00   clock clk_i (rise edge)
   0.00   10.00   clock network delay (ideal)
   0.00   10.00   clock reconvergence pessimism
          10.00 ^ _213524_/CK (DFFR_X1)
  -0.04    9.96   library setup time
           9.96   data required time
---------------------------------------------------------
           9.96   data required time
          -2.51   data arrival time
---------------------------------------------------------
           7.45   slack (MET)



==========================================================================
report_tns
--------------------------------------------------------------------------
tns 0.00

==========================================================================
report_wns
--------------------------------------------------------------------------
wns 0.00

==========================================================================
report_design_area
--------------------------------------------------------------------------
Design area 644735 u^2 25% utilization.
