
==========================================================================
report_checks
--------------------------------------------------------------------------
Startpoint: _218483_ (rising edge-triggered flip-flop clocked by clk_i)
Endpoint: _217175_ (rising edge-triggered flip-flop clocked by clk_i)
Path Group: clk_i
Path Type: max

  Delay    Time   Description
---------------------------------------------------------
   0.00    0.00   clock clk_i (rise edge)
   0.00    0.00   clock network delay (ideal)
   0.00    0.00 ^ _218483_/CK (DFFR_X1)
   0.10    0.10 ^ _218483_/Q (DFFR_X1)
   0.26    0.36 ^ _198151_/Z (BUF_X1)
   0.00    0.36 v _109077_/ZN (INV_X32)
   0.04    0.40 v _109085_/Z (BUF_X32)
   0.10    0.50 v _109086_/Z (BUF_X16)
   0.10    0.60 ^ _109215_/ZN (NAND2_X1)
   0.03    0.62 v _109217_/ZN (NAND2_X4)
   0.09    0.72 ^ _109218_/ZN (INV_X1)
   0.04    0.75 ^ _109219_/ZN (OR2_X4)
   0.02    0.78 v _109229_/ZN (NAND4_X1)
   0.12    0.89 ^ _109252_/ZN (NOR3_X1)
   0.12    1.01 ^ _109253_/ZN (AND3_X1)
   0.04    1.05 v _109254_/ZN (INV_X1)
   0.03    1.08 ^ _109265_/ZN (NAND3_X2)
   0.03    1.11 v _109327_/ZN (NOR2_X4)
   0.10    1.21 ^ _109328_/ZN (NOR2_X4)
   0.01    1.22 v _109329_/ZN (INV_X2)
   0.03    1.25 v _109330_/Z (BUF_X4)
   0.03    1.28 v _109387_/Z (BUF_X4)
   0.10    1.38 ^ _109434_/ZN (OAI221_X1)
   0.12    1.50 v _109437_/ZN (NAND3_X1)
   0.08    1.59 ^ _109439_/ZN (NAND2_X2)
   0.04    1.63 ^ _109440_/Z (BUF_X4)
   0.04    1.68 ^ _109441_/Z (BUF_X4)
   0.07    1.74 ^ _109442_/Z (BUF_X4)
   0.12    1.86 ^ _161458_/ZN (AND2_X1)
   0.11    1.97 ^ _161459_/ZN (AND2_X2)
   0.22    2.19 ^ _183182_/ZN (AND2_X1)
   0.18    2.37 ^ _186787_/ZN (AND3_X1)
   0.07    2.44 ^ _188169_/ZN (AND3_X1)
   0.01    2.45 v _188988_/ZN (INV_X1)
   0.05    2.50 ^ _188989_/ZN (NOR3_X1)
   0.05    2.55 ^ _189323_/ZN (AND3_X1)
   0.08    2.63 ^ _189324_/ZN (XNOR2_X1)
   0.05    2.68 v _189325_/ZN (OAI211_X2)
   0.05    2.73 ^ _189327_/ZN (AOI21_X1)
   0.03    2.76 v _189330_/ZN (OAI21_X1)
   0.04    2.80 ^ _189331_/ZN (AOI21_X1)
   0.03    2.83 v _189334_/ZN (OAI211_X2)
   0.05    2.88 ^ _189336_/ZN (AOI21_X1)
   0.04    2.92 v _189339_/ZN (OAI21_X1)
   0.06    2.98 ^ _189342_/ZN (AOI21_X1)
   0.04    3.01 v _189345_/ZN (OAI21_X1)
   0.07    3.09 ^ _189347_/ZN (AOI21_X1)
   0.04    3.12 v _189350_/ZN (OAI21_X1)
   0.05    3.18 ^ _189352_/ZN (AOI21_X1)
   0.03    3.20 v _189353_/ZN (OAI21_X1)
   0.05    3.25 ^ _189356_/ZN (AOI21_X1)
   0.03    3.28 v _189358_/ZN (OAI21_X1)
   0.06    3.34 ^ _189361_/ZN (AOI21_X1)
   0.04    3.38 v _189364_/ZN (OAI21_X1)
   0.05    3.43 ^ _189365_/ZN (AOI21_X1)
   0.04    3.47 v _189368_/ZN (OAI21_X1)
   0.06    3.53 ^ _189370_/ZN (NAND3_X1)
   0.03    3.56 v _189373_/ZN (AOI21_X1)
   0.05    3.61 ^ _189375_/ZN (OAI21_X1)
   0.03    3.64 v _189378_/ZN (NAND2_X1)
   0.06    3.69 ^ _189381_/ZN (AOI21_X1)
   0.04    3.73 v _189385_/ZN (OAI21_X1)
   0.07    3.81 ^ _189388_/ZN (AOI21_X1)
   0.06    3.86 v _189392_/ZN (OAI21_X1)
   0.08    3.94 ^ _189395_/ZN (AOI21_X1)
   0.05    3.99 v _189399_/ZN (OAI21_X1)
   0.07    4.06 ^ _189402_/ZN (AOI21_X1)
   0.04    4.10 v _189406_/ZN (OAI21_X1)
   0.06    4.16 ^ _189407_/ZN (AOI21_X1)
   0.04    4.19 v _189410_/ZN (OAI21_X1)
   0.13    4.32 ^ _189414_/ZN (AOI21_X1)
   0.11    4.43 v _189417_/ZN (OAI221_X1)
   0.06    4.49 ^ _189420_/ZN (AOI22_X1)
   0.03    4.52 ^ _208826_/Z (BUF_X1)
   0.00    4.52 ^ _217175_/D (DFFR_X1)
           4.52   data arrival time

  10.00   10.00   clock clk_i (rise edge)
   0.00   10.00   clock network delay (ideal)
   0.00   10.00   clock reconvergence pessimism
          10.00 ^ _217175_/CK (DFFR_X1)
  -0.03    9.97   library setup time
           9.97   data required time
---------------------------------------------------------
           9.97   data required time
          -4.52   data arrival time
---------------------------------------------------------
           5.45   slack (MET)



==========================================================================
report_tns
--------------------------------------------------------------------------
tns 0.00

==========================================================================
report_wns
--------------------------------------------------------------------------
wns 0.00

==========================================================================
report_design_area
--------------------------------------------------------------------------
Design area 647811 u^2 25% utilization.
