
==========================================================================
report_checks -path_delay min
--------------------------------------------------------------------------
Startpoint: _217993_ (rising edge-triggered flip-flop clocked by clk_i)
Endpoint: _217993_ (rising edge-triggered flip-flop clocked by clk_i)
Path Group: clk_i
Path Type: min

  Delay    Time   Description
---------------------------------------------------------
   0.00    0.00   clock clk_i (rise edge)
   0.00    0.00   clock network delay (ideal)
   0.00    0.00 ^ _217993_/CK (DFFR_X1)
   0.06    0.06 ^ _217993_/QN (DFFR_X1)
   0.00    0.06 ^ _217993_/D (DFFR_X1)
           0.06   data arrival time

   0.00    0.00   clock clk_i (rise edge)
   0.00    0.00   clock network delay (ideal)
   0.00    0.00   clock reconvergence pessimism
           0.00 ^ _217993_/CK (DFFR_X1)
   0.01    0.01   library hold time
           0.01   data required time
---------------------------------------------------------
           0.01   data required time
          -0.06   data arrival time
---------------------------------------------------------
           0.06   slack (MET)



==========================================================================
report_checks -path_delay max
--------------------------------------------------------------------------
Startpoint: _217432_ (rising edge-triggered flip-flop clocked by clk_i)
Endpoint: _213642_ (rising edge-triggered flip-flop clocked by clk_i)
Path Group: clk_i
Path Type: max

  Delay    Time   Description
---------------------------------------------------------
   0.00    0.00   clock clk_i (rise edge)
   0.00    0.00   clock network delay (ideal)
   0.00    0.00 ^ _217432_/CK (DFFR_X1)
   0.10    0.10 ^ _217432_/Q (DFFR_X1)
   0.04    0.14 ^ _198257_/Z (BUF_X1)
   0.02    0.16 v _109267_/ZN (INV_X1)
   0.04    0.20 ^ _109268_/ZN (AOI21_X4)
   0.04    0.25 ^ _109274_/ZN (AND2_X1)
   0.01    0.26 v _109278_/ZN (NOR2_X1)
   0.11    0.37 v _109281_/ZN (OR4_X2)
   0.06    0.43 ^ _109299_/ZN (NOR3_X4)
   0.06    0.48 ^ _109323_/ZN (AND2_X1)
   0.03    0.52 ^ _109324_/Z (BUF_X8)
   0.05    0.56 ^ _109325_/ZN (AND2_X4)
   0.04    0.61 ^ _109512_/ZN (AND2_X4)
   0.02    0.63 v _109513_/ZN (INV_X1)
   0.03    0.66 v _109821_/Z (BUF_X8)
   0.08    0.74 ^ _109822_/ZN (AOI211_X2)
   0.04    0.77 v _110005_/ZN (NAND4_X4)
   0.03    0.80 ^ _110011_/ZN (NAND2_X4)
   0.04    0.84 ^ _110012_/Z (BUF_X2)
   0.05    0.89 ^ _110170_/Z (BUF_X2)
   0.02    0.91 v _110571_/ZN (AOI21_X1)
   0.03    0.94 ^ _110573_/ZN (NOR2_X1)
   0.02    0.95 v _110574_/ZN (AOI21_X1)
   0.05    1.00 ^ _110589_/ZN (NOR3_X1)
   0.03    1.03 v _110606_/ZN (NAND3_X2)
   0.03    1.06 ^ _111161_/ZN (NAND2_X1)
   0.05    1.11 v _111162_/ZN (NAND4_X4)
   0.05    1.16 ^ _111170_/ZN (NOR2_X4)
   0.04    1.20 ^ _111171_/Z (BUF_X4)
   0.03    1.22 v _116500_/ZN (NAND2_X1)
   0.03    1.25 ^ _116576_/ZN (AOI21_X1)
   0.01    1.26 v _116578_/ZN (NOR2_X1)
   0.03    1.29 v _116582_/ZN (AND3_X1)
   0.08    1.37 v _153377_/ZN (OR3_X1)
   0.02    1.40 ^ _153378_/ZN (OAI21_X2)
   0.02    1.41 v _153394_/ZN (AOI22_X2)
   0.04    1.45 v _153395_/ZN (AND2_X2)
   0.03    1.48 v _153396_/ZN (AND2_X2)
   0.05    1.53 ^ _156746_/ZN (AOI21_X1)
   0.02    1.55 v _156747_/ZN (INV_X1)
   0.04    1.59 ^ _156748_/ZN (AOI21_X4)
   0.03    1.63 v _156759_/ZN (OAI211_X4)
   0.04    1.66 v _156771_/Z (BUF_X4)
   0.07    1.73 ^ _156831_/ZN (NOR3_X1)
   0.02    1.75 v _156832_/ZN (INV_X1)
   0.04    1.79 ^ _156833_/ZN (AOI21_X2)
   0.02    1.81 v _156908_/ZN (AOI21_X1)
   0.03    1.84 ^ _156910_/ZN (OAI21_X1)
   0.02    1.86 v _156912_/ZN (AOI21_X1)
   0.04    1.90 ^ _156914_/ZN (OAI21_X1)
   0.02    1.91 v _157076_/ZN (NAND2_X1)
   0.03    1.94 ^ _157077_/ZN (AOI21_X1)
   0.02    1.96 v _157078_/ZN (AOI21_X1)
   0.04    2.00 ^ _157079_/ZN (AOI21_X1)
   0.02    2.02 v _157081_/ZN (AOI21_X2)
   0.04    2.06 ^ _157086_/ZN (OAI21_X2)
   0.03    2.09 v _157192_/ZN (NAND4_X2)
   0.03    2.12 ^ _157197_/ZN (NAND3_X2)
   0.03    2.15 v _157275_/ZN (NAND4_X2)
   0.03    2.18 ^ _157278_/ZN (NAND3_X2)
   0.03    2.21 v _157354_/ZN (NAND4_X2)
   0.03    2.24 ^ _157359_/ZN (NAND3_X2)
   0.03    2.27 v _157433_/ZN (NAND4_X2)
   0.03    2.30 ^ _157439_/ZN (NAND3_X2)
   0.03    2.33 v _157446_/ZN (NAND2_X1)
   0.03    2.35 ^ _157487_/ZN (NAND3_X1)
   0.02    2.37 v _157494_/ZN (NAND2_X1)
   0.05    2.42 ^ _157495_/ZN (OAI21_X1)
   0.07    2.49 ^ _158094_/ZN (AND4_X1)
   0.02    2.51 v _158095_/ZN (OAI211_X2)
   0.02    2.53 ^ _158118_/ZN (AOI21_X1)
   0.03    2.56 ^ _201708_/Z (CLKBUF_X1)
   0.00    2.57 ^ _213642_/D (DFFR_X1)
           2.57   data arrival time

  10.00   10.00   clock clk_i (rise edge)
   0.00   10.00   clock network delay (ideal)
   0.00   10.00   clock reconvergence pessimism
          10.00 ^ _213642_/CK (DFFR_X1)
  -0.03    9.97   library setup time
           9.97   data required time
---------------------------------------------------------
           9.97   data required time
          -2.57   data arrival time
---------------------------------------------------------
           7.40   slack (MET)



==========================================================================
report_checks -unconstrained
--------------------------------------------------------------------------
Startpoint: _217432_ (rising edge-triggered flip-flop clocked by clk_i)
Endpoint: _213642_ (rising edge-triggered flip-flop clocked by clk_i)
Path Group: clk_i
Path Type: max

  Delay    Time   Description
---------------------------------------------------------
   0.00    0.00   clock clk_i (rise edge)
   0.00    0.00   clock network delay (ideal)
   0.00    0.00 ^ _217432_/CK (DFFR_X1)
   0.10    0.10 ^ _217432_/Q (DFFR_X1)
   0.04    0.14 ^ _198257_/Z (BUF_X1)
   0.02    0.16 v _109267_/ZN (INV_X1)
   0.04    0.20 ^ _109268_/ZN (AOI21_X4)
   0.04    0.25 ^ _109274_/ZN (AND2_X1)
   0.01    0.26 v _109278_/ZN (NOR2_X1)
   0.11    0.37 v _109281_/ZN (OR4_X2)
   0.06    0.43 ^ _109299_/ZN (NOR3_X4)
   0.06    0.48 ^ _109323_/ZN (AND2_X1)
   0.03    0.52 ^ _109324_/Z (BUF_X8)
   0.05    0.56 ^ _109325_/ZN (AND2_X4)
   0.04    0.61 ^ _109512_/ZN (AND2_X4)
   0.02    0.63 v _109513_/ZN (INV_X1)
   0.03    0.66 v _109821_/Z (BUF_X8)
   0.08    0.74 ^ _109822_/ZN (AOI211_X2)
   0.04    0.77 v _110005_/ZN (NAND4_X4)
   0.03    0.80 ^ _110011_/ZN (NAND2_X4)
   0.04    0.84 ^ _110012_/Z (BUF_X2)
   0.05    0.89 ^ _110170_/Z (BUF_X2)
   0.02    0.91 v _110571_/ZN (AOI21_X1)
   0.03    0.94 ^ _110573_/ZN (NOR2_X1)
   0.02    0.95 v _110574_/ZN (AOI21_X1)
   0.05    1.00 ^ _110589_/ZN (NOR3_X1)
   0.03    1.03 v _110606_/ZN (NAND3_X2)
   0.03    1.06 ^ _111161_/ZN (NAND2_X1)
   0.05    1.11 v _111162_/ZN (NAND4_X4)
   0.05    1.16 ^ _111170_/ZN (NOR2_X4)
   0.04    1.20 ^ _111171_/Z (BUF_X4)
   0.03    1.22 v _116500_/ZN (NAND2_X1)
   0.03    1.25 ^ _116576_/ZN (AOI21_X1)
   0.01    1.26 v _116578_/ZN (NOR2_X1)
   0.03    1.29 v _116582_/ZN (AND3_X1)
   0.08    1.37 v _153377_/ZN (OR3_X1)
   0.02    1.40 ^ _153378_/ZN (OAI21_X2)
   0.02    1.41 v _153394_/ZN (AOI22_X2)
   0.04    1.45 v _153395_/ZN (AND2_X2)
   0.03    1.48 v _153396_/ZN (AND2_X2)
   0.05    1.53 ^ _156746_/ZN (AOI21_X1)
   0.02    1.55 v _156747_/ZN (INV_X1)
   0.04    1.59 ^ _156748_/ZN (AOI21_X4)
   0.03    1.63 v _156759_/ZN (OAI211_X4)
   0.04    1.66 v _156771_/Z (BUF_X4)
   0.07    1.73 ^ _156831_/ZN (NOR3_X1)
   0.02    1.75 v _156832_/ZN (INV_X1)
   0.04    1.79 ^ _156833_/ZN (AOI21_X2)
   0.02    1.81 v _156908_/ZN (AOI21_X1)
   0.03    1.84 ^ _156910_/ZN (OAI21_X1)
   0.02    1.86 v _156912_/ZN (AOI21_X1)
   0.04    1.90 ^ _156914_/ZN (OAI21_X1)
   0.02    1.91 v _157076_/ZN (NAND2_X1)
   0.03    1.94 ^ _157077_/ZN (AOI21_X1)
   0.02    1.96 v _157078_/ZN (AOI21_X1)
   0.04    2.00 ^ _157079_/ZN (AOI21_X1)
   0.02    2.02 v _157081_/ZN (AOI21_X2)
   0.04    2.06 ^ _157086_/ZN (OAI21_X2)
   0.03    2.09 v _157192_/ZN (NAND4_X2)
   0.03    2.12 ^ _157197_/ZN (NAND3_X2)
   0.03    2.15 v _157275_/ZN (NAND4_X2)
   0.03    2.18 ^ _157278_/ZN (NAND3_X2)
   0.03    2.21 v _157354_/ZN (NAND4_X2)
   0.03    2.24 ^ _157359_/ZN (NAND3_X2)
   0.03    2.27 v _157433_/ZN (NAND4_X2)
   0.03    2.30 ^ _157439_/ZN (NAND3_X2)
   0.03    2.33 v _157446_/ZN (NAND2_X1)
   0.03    2.35 ^ _157487_/ZN (NAND3_X1)
   0.02    2.37 v _157494_/ZN (NAND2_X1)
   0.05    2.42 ^ _157495_/ZN (OAI21_X1)
   0.07    2.49 ^ _158094_/ZN (AND4_X1)
   0.02    2.51 v _158095_/ZN (OAI211_X2)
   0.02    2.53 ^ _158118_/ZN (AOI21_X1)
   0.03    2.56 ^ _201708_/Z (CLKBUF_X1)
   0.00    2.57 ^ _213642_/D (DFFR_X1)
           2.57   data arrival time

  10.00   10.00   clock clk_i (rise edge)
   0.00   10.00   clock network delay (ideal)
   0.00   10.00   clock reconvergence pessimism
          10.00 ^ _213642_/CK (DFFR_X1)
  -0.03    9.97   library setup time
           9.97   data required time
---------------------------------------------------------
           9.97   data required time
          -2.57   data arrival time
---------------------------------------------------------
           7.40   slack (MET)



==========================================================================
report_tns
--------------------------------------------------------------------------
tns 0.00

==========================================================================
report_wns
--------------------------------------------------------------------------
wns 0.00

==========================================================================
report_check_types -max_transition -all_violators
--------------------------------------------------------------------------
max_transition

Pin                                    Limit   Trans   Slack
------------------------------------------------------------
_215015_/RN                             0.20    0.22   -0.02 (VIOLATED)
_215017_/RN                             0.20    0.22   -0.02 (VIOLATED)
_215019_/RN                             0.20    0.22   -0.02 (VIOLATED)
_215020_/RN                             0.20    0.22   -0.02 (VIOLATED)
_215021_/RN                             0.20    0.22   -0.02 (VIOLATED)
_215023_/RN                             0.20    0.22   -0.02 (VIOLATED)
_215046_/RN                             0.20    0.22   -0.02 (VIOLATED)
_215047_/RN                             0.20    0.22   -0.02 (VIOLATED)
_215052_/RN                             0.20    0.22   -0.02 (VIOLATED)
_215055_/RN                             0.20    0.22   -0.02 (VIOLATED)
_215080_/RN                             0.20    0.22   -0.02 (VIOLATED)
_215084_/RN                             0.20    0.22   -0.02 (VIOLATED)
_215087_/RN                             0.20    0.22   -0.02 (VIOLATED)
_215526_/RN                             0.20    0.22   -0.02 (VIOLATED)
_215528_/RN                             0.20    0.22   -0.02 (VIOLATED)
_215535_/RN                             0.20    0.22   -0.02 (VIOLATED)
_215551_/RN                             0.20    0.22   -0.02 (VIOLATED)
_215556_/RN                             0.20    0.22   -0.02 (VIOLATED)
_215564_/RN                             0.20    0.22   -0.02 (VIOLATED)
_215565_/RN                             0.20    0.22   -0.02 (VIOLATED)
_215566_/RN                             0.20    0.22   -0.02 (VIOLATED)
_215573_/RN                             0.20    0.22   -0.02 (VIOLATED)
_215574_/RN                             0.20    0.22   -0.02 (VIOLATED)
_215582_/RN                             0.20    0.22   -0.02 (VIOLATED)
_215583_/RN                             0.20    0.22   -0.02 (VIOLATED)
_215586_/RN                             0.20    0.22   -0.02 (VIOLATED)
_215589_/RN                             0.20    0.22   -0.02 (VIOLATED)
_215591_/RN                             0.20    0.22   -0.02 (VIOLATED)
_215593_/RN                             0.20    0.22   -0.02 (VIOLATED)
_215596_/RN                             0.20    0.22   -0.02 (VIOLATED)
_215606_/RN                             0.20    0.22   -0.02 (VIOLATED)
_215607_/RN                             0.20    0.22   -0.02 (VIOLATED)
_215608_/RN                             0.20    0.22   -0.02 (VIOLATED)
_215610_/RN                             0.20    0.22   -0.02 (VIOLATED)
_215612_/RN                             0.20    0.22   -0.02 (VIOLATED)
_215614_/RN                             0.20    0.22   -0.02 (VIOLATED)
_215615_/RN                             0.20    0.22   -0.02 (VIOLATED)
_215618_/RN                             0.20    0.22   -0.02 (VIOLATED)
_215620_/RN                             0.20    0.22   -0.02 (VIOLATED)
_215621_/RN                             0.20    0.22   -0.02 (VIOLATED)
_215623_/RN                             0.20    0.22   -0.02 (VIOLATED)
_215625_/RN                             0.20    0.22   -0.02 (VIOLATED)
_215628_/RN                             0.20    0.22   -0.02 (VIOLATED)
_215629_/RN                             0.20    0.22   -0.02 (VIOLATED)
_215630_/RN                             0.20    0.22   -0.02 (VIOLATED)
_215637_/RN                             0.20    0.22   -0.02 (VIOLATED)
_215639_/RN                             0.20    0.22   -0.02 (VIOLATED)
_215640_/RN                             0.20    0.22   -0.02 (VIOLATED)
_215642_/RN                             0.20    0.22   -0.02 (VIOLATED)
_215644_/RN                             0.20    0.22   -0.02 (VIOLATED)
_215646_/RN                             0.20    0.22   -0.02 (VIOLATED)
_215647_/RN                             0.20    0.22   -0.02 (VIOLATED)
_215650_/RN                             0.20    0.22   -0.02 (VIOLATED)
_215652_/RN                             0.20    0.22   -0.02 (VIOLATED)
_215653_/RN                             0.20    0.22   -0.02 (VIOLATED)
_215655_/RN                             0.20    0.22   -0.02 (VIOLATED)
_215657_/RN                             0.20    0.22   -0.02 (VIOLATED)
_215660_/RN                             0.20    0.22   -0.02 (VIOLATED)
_215661_/RN                             0.20    0.22   -0.02 (VIOLATED)
_215662_/RN                             0.20    0.22   -0.02 (VIOLATED)
_215669_/RN                             0.20    0.22   -0.02 (VIOLATED)
_215682_/RN                             0.20    0.22   -0.02 (VIOLATED)
_215684_/RN                             0.20    0.22   -0.02 (VIOLATED)
_215693_/RN                             0.20    0.22   -0.02 (VIOLATED)
_215694_/RN                             0.20    0.22   -0.02 (VIOLATED)
_215701_/RN                             0.20    0.22   -0.02 (VIOLATED)
_215782_/RN                             0.20    0.22   -0.02 (VIOLATED)
_215798_/RN                             0.20    0.22   -0.02 (VIOLATED)
_215799_/RN                             0.20    0.22   -0.02 (VIOLATED)
_215800_/RN                             0.20    0.22   -0.02 (VIOLATED)
_215802_/RN                             0.20    0.22   -0.02 (VIOLATED)
_215804_/RN                             0.20    0.22   -0.02 (VIOLATED)
_215806_/RN                             0.20    0.22   -0.02 (VIOLATED)
_215807_/RN                             0.20    0.22   -0.02 (VIOLATED)
_215810_/RN                             0.20    0.22   -0.02 (VIOLATED)
_215812_/RN                             0.20    0.22   -0.02 (VIOLATED)
_215813_/RN                             0.20    0.22   -0.02 (VIOLATED)
_215815_/RN                             0.20    0.22   -0.02 (VIOLATED)
_215817_/RN                             0.20    0.22   -0.02 (VIOLATED)
_215821_/RN                             0.20    0.22   -0.02 (VIOLATED)
_215822_/RN                             0.20    0.22   -0.02 (VIOLATED)
_215829_/RN                             0.20    0.22   -0.02 (VIOLATED)
_215834_/RN                             0.20    0.22   -0.02 (VIOLATED)
_215836_/RN                             0.20    0.22   -0.02 (VIOLATED)
_215839_/RN                             0.20    0.22   -0.02 (VIOLATED)
_215842_/RN                             0.20    0.22   -0.02 (VIOLATED)
_215844_/RN                             0.20    0.22   -0.02 (VIOLATED)
_215845_/RN                             0.20    0.22   -0.02 (VIOLATED)
_215847_/RN                             0.20    0.22   -0.02 (VIOLATED)
_215849_/RN                             0.20    0.22   -0.02 (VIOLATED)
_215852_/RN                             0.20    0.22   -0.02 (VIOLATED)
_215853_/RN                             0.20    0.22   -0.02 (VIOLATED)
_215854_/RN                             0.20    0.22   -0.02 (VIOLATED)
_215861_/RN                             0.20    0.22   -0.02 (VIOLATED)
_215897_/RN                             0.20    0.22   -0.02 (VIOLATED)
_215899_/RN                             0.20    0.22   -0.02 (VIOLATED)
_215901_/RN                             0.20    0.22   -0.02 (VIOLATED)
_215904_/RN                             0.20    0.22   -0.02 (VIOLATED)
_215905_/RN                             0.20    0.22   -0.02 (VIOLATED)
_215907_/RN                             0.20    0.22   -0.02 (VIOLATED)
_215912_/RN                             0.20    0.22   -0.02 (VIOLATED)
_215914_/RN                             0.20    0.22   -0.02 (VIOLATED)
_215921_/RN                             0.20    0.22   -0.02 (VIOLATED)
_215922_/RN                             0.20    0.22   -0.02 (VIOLATED)
_215924_/RN                             0.20    0.22   -0.02 (VIOLATED)
_216049_/RN                             0.20    0.22   -0.02 (VIOLATED)
_216050_/RN                             0.20    0.22   -0.02 (VIOLATED)
_216051_/RN                             0.20    0.22   -0.02 (VIOLATED)
_216097_/RN                             0.20    0.22   -0.02 (VIOLATED)
_216102_/RN                             0.20    0.22   -0.02 (VIOLATED)
_216630_/RN                             0.20    0.22   -0.02 (VIOLATED)
buffer406/Z                             0.20    0.22   -0.02 (VIOLATED)
buffer407/Z                             0.20    0.22   -0.02 (VIOLATED)
buffer408/Z                             0.20    0.22   -0.02 (VIOLATED)
_214904_/SN                             0.20    0.21   -0.02 (VIOLATED)
_214908_/SN                             0.20    0.21   -0.02 (VIOLATED)
_215010_/RN                             0.20    0.21   -0.02 (VIOLATED)
_215012_/RN                             0.20    0.21   -0.02 (VIOLATED)
_215018_/RN                             0.20    0.21   -0.02 (VIOLATED)
_215044_/RN                             0.20    0.21   -0.02 (VIOLATED)
_215048_/RN                             0.20    0.21   -0.02 (VIOLATED)
_215050_/RN                             0.20    0.21   -0.02 (VIOLATED)
_215051_/RN                             0.20    0.21   -0.02 (VIOLATED)
_215076_/RN                             0.20    0.21   -0.02 (VIOLATED)
_215078_/RN                             0.20    0.21   -0.02 (VIOLATED)
_215082_/RN                             0.20    0.21   -0.02 (VIOLATED)
_215083_/RN                             0.20    0.21   -0.02 (VIOLATED)
_215181_/RN                             0.20    0.21   -0.02 (VIOLATED)
_215182_/RN                             0.20    0.21   -0.02 (VIOLATED)
_215186_/RN                             0.20    0.21   -0.02 (VIOLATED)
_215187_/RN                             0.20    0.21   -0.02 (VIOLATED)
_215188_/RN                             0.20    0.21   -0.02 (VIOLATED)
_215189_/RN                             0.20    0.21   -0.02 (VIOLATED)
_215220_/RN                             0.20    0.21   -0.02 (VIOLATED)
_215529_/RN                             0.20    0.21   -0.02 (VIOLATED)
_215532_/RN                             0.20    0.21   -0.02 (VIOLATED)
_215542_/RN                             0.20    0.21   -0.02 (VIOLATED)
_215543_/RN                             0.20    0.21   -0.02 (VIOLATED)
_215544_/RN                             0.20    0.21   -0.02 (VIOLATED)
_215546_/RN                             0.20    0.21   -0.02 (VIOLATED)
_215548_/RN                             0.20    0.21   -0.02 (VIOLATED)
_215554_/RN                             0.20    0.21   -0.02 (VIOLATED)
_215575_/RN                             0.20    0.21   -0.02 (VIOLATED)
_215576_/RN                             0.20    0.21   -0.02 (VIOLATED)
_215578_/RN                             0.20    0.21   -0.02 (VIOLATED)
_215580_/RN                             0.20    0.21   -0.02 (VIOLATED)
_215588_/RN                             0.20    0.21   -0.02 (VIOLATED)
_215766_/RN                             0.20    0.21   -0.02 (VIOLATED)
_215775_/RN                             0.20    0.21   -0.02 (VIOLATED)
_215787_/RN                             0.20    0.21   -0.02 (VIOLATED)
_216118_/RN                             0.20    0.21   -0.02 (VIOLATED)
buffer409/Z                             0.20    0.21   -0.02 (VIOLATED)
_214456_/SN                             0.20    0.21   -0.01 (VIOLATED)
_214457_/SN                             0.20    0.21   -0.01 (VIOLATED)
_214477_/SN                             0.20    0.21   -0.01 (VIOLATED)
_214483_/SN                             0.20    0.21   -0.01 (VIOLATED)
_215022_/RN                             0.20    0.21   -0.01 (VIOLATED)
_215024_/RN                             0.20    0.21   -0.01 (VIOLATED)
_215029_/RN                             0.20    0.21   -0.01 (VIOLATED)
_215053_/RN                             0.20    0.21   -0.01 (VIOLATED)
_215056_/RN                             0.20    0.21   -0.01 (VIOLATED)
_215061_/RN                             0.20    0.21   -0.01 (VIOLATED)
_215085_/RN                             0.20    0.21   -0.01 (VIOLATED)
_215097_/RN                             0.20    0.21   -0.01 (VIOLATED)
_215099_/RN                             0.20    0.21   -0.01 (VIOLATED)
_215129_/RN                             0.20    0.21   -0.01 (VIOLATED)
_215131_/RN                             0.20    0.21   -0.01 (VIOLATED)
_215133_/RN                             0.20    0.21   -0.01 (VIOLATED)
_215136_/RN                             0.20    0.21   -0.01 (VIOLATED)
_215156_/RN                             0.20    0.21   -0.01 (VIOLATED)
_215178_/RN                             0.20    0.21   -0.01 (VIOLATED)
_215179_/RN                             0.20    0.21   -0.01 (VIOLATED)
_215183_/RN                             0.20    0.21   -0.01 (VIOLATED)
_215185_/RN                             0.20    0.21   -0.01 (VIOLATED)
_215784_/RN                             0.20    0.21   -0.01 (VIOLATED)
_215820_/RN                             0.20    0.21   -0.01 (VIOLATED)
_215830_/RN                             0.20    0.21   -0.01 (VIOLATED)
_215831_/RN                             0.20    0.21   -0.01 (VIOLATED)
_215832_/RN                             0.20    0.21   -0.01 (VIOLATED)
_215838_/RN                             0.20    0.21   -0.01 (VIOLATED)
_216042_/RN                             0.20    0.21   -0.01 (VIOLATED)
_216099_/RN                             0.20    0.21   -0.01 (VIOLATED)
_216106_/RN                             0.20    0.21   -0.01 (VIOLATED)
_216111_/RN                             0.20    0.21   -0.01 (VIOLATED)
_216112_/RN                             0.20    0.21   -0.01 (VIOLATED)
_216113_/RN                             0.20    0.21   -0.01 (VIOLATED)
_216114_/RN                             0.20    0.21   -0.01 (VIOLATED)
_216115_/RN                             0.20    0.21   -0.01 (VIOLATED)
_216116_/RN                             0.20    0.21   -0.01 (VIOLATED)
buffer405/Z                             0.20    0.21   -0.01 (VIOLATED)
_213508_/RN                             0.20    0.20   -0.01 (VIOLATED)
_213509_/RN                             0.20    0.20   -0.01 (VIOLATED)
_213517_/RN                             0.20    0.20   -0.01 (VIOLATED)
_213518_/RN                             0.20    0.20   -0.01 (VIOLATED)
_213519_/RN                             0.20    0.20   -0.01 (VIOLATED)
_213526_/RN                             0.20    0.20   -0.01 (VIOLATED)
_213527_/RN                             0.20    0.20   -0.01 (VIOLATED)
_215286_/RN                             0.20    0.20   -0.01 (VIOLATED)
_215289_/RN                             0.20    0.20   -0.01 (VIOLATED)
_215290_/RN                             0.20    0.20   -0.01 (VIOLATED)
_215291_/RN                             0.20    0.20   -0.01 (VIOLATED)
_215292_/RN                             0.20    0.20   -0.01 (VIOLATED)
_215293_/RN                             0.20    0.20   -0.01 (VIOLATED)
_215294_/RN                             0.20    0.20   -0.01 (VIOLATED)
_215296_/RN                             0.20    0.20   -0.01 (VIOLATED)
_215297_/RN                             0.20    0.20   -0.01 (VIOLATED)
_215299_/RN                             0.20    0.20   -0.01 (VIOLATED)
_215301_/RN                             0.20    0.20   -0.01 (VIOLATED)
_215302_/RN                             0.20    0.20   -0.01 (VIOLATED)
_215304_/RN                             0.20    0.20   -0.01 (VIOLATED)
_215306_/RN                             0.20    0.20   -0.01 (VIOLATED)
_215307_/RN                             0.20    0.20   -0.01 (VIOLATED)
_215312_/RN                             0.20    0.20   -0.01 (VIOLATED)
_215318_/RN                             0.20    0.20   -0.01 (VIOLATED)
_215320_/RN                             0.20    0.20   -0.01 (VIOLATED)
_215321_/RN                             0.20    0.20   -0.01 (VIOLATED)
_215322_/RN                             0.20    0.20   -0.01 (VIOLATED)
_215323_/RN                             0.20    0.20   -0.01 (VIOLATED)
_215325_/RN                             0.20    0.20   -0.01 (VIOLATED)
_215326_/RN                             0.20    0.20   -0.01 (VIOLATED)
_215327_/RN                             0.20    0.20   -0.01 (VIOLATED)
_215328_/RN                             0.20    0.20   -0.01 (VIOLATED)
_215329_/RN                             0.20    0.20   -0.01 (VIOLATED)
_215330_/RN                             0.20    0.20   -0.01 (VIOLATED)
_215331_/RN                             0.20    0.20   -0.01 (VIOLATED)
_215332_/RN                             0.20    0.20   -0.01 (VIOLATED)
_215333_/RN                             0.20    0.20   -0.01 (VIOLATED)
_215334_/RN                             0.20    0.20   -0.01 (VIOLATED)
_215335_/RN                             0.20    0.20   -0.01 (VIOLATED)
_215336_/RN                             0.20    0.20   -0.01 (VIOLATED)
_215337_/RN                             0.20    0.20   -0.01 (VIOLATED)
_215338_/RN                             0.20    0.20   -0.01 (VIOLATED)
_215339_/RN                             0.20    0.20   -0.01 (VIOLATED)
_215340_/RN                             0.20    0.20   -0.01 (VIOLATED)
_215341_/RN                             0.20    0.20   -0.01 (VIOLATED)
_215342_/RN                             0.20    0.20   -0.01 (VIOLATED)
_215343_/RN                             0.20    0.20   -0.01 (VIOLATED)
_215344_/RN                             0.20    0.20   -0.01 (VIOLATED)
_215345_/RN                             0.20    0.20   -0.01 (VIOLATED)
_215346_/RN                             0.20    0.20   -0.01 (VIOLATED)
_215347_/RN                             0.20    0.20   -0.01 (VIOLATED)
_215348_/RN                             0.20    0.20   -0.01 (VIOLATED)
_215350_/RN                             0.20    0.20   -0.01 (VIOLATED)
_215351_/RN                             0.20    0.20   -0.01 (VIOLATED)
_215352_/RN                             0.20    0.20   -0.01 (VIOLATED)
_215353_/RN                             0.20    0.20   -0.01 (VIOLATED)
_215354_/RN                             0.20    0.20   -0.01 (VIOLATED)
_215355_/RN                             0.20    0.20   -0.01 (VIOLATED)
_215356_/RN                             0.20    0.20   -0.01 (VIOLATED)
_215357_/RN                             0.20    0.20   -0.01 (VIOLATED)
_215358_/RN                             0.20    0.20   -0.01 (VIOLATED)
_215359_/RN                             0.20    0.20   -0.01 (VIOLATED)
_215360_/RN                             0.20    0.20   -0.01 (VIOLATED)
_215361_/RN                             0.20    0.20   -0.01 (VIOLATED)
_215362_/RN                             0.20    0.20   -0.01 (VIOLATED)
_215363_/RN                             0.20    0.20   -0.01 (VIOLATED)
_215364_/RN                             0.20    0.20   -0.01 (VIOLATED)
_215365_/RN                             0.20    0.20   -0.01 (VIOLATED)
_215366_/RN                             0.20    0.20   -0.01 (VIOLATED)
_215367_/RN                             0.20    0.20   -0.01 (VIOLATED)
_215368_/RN                             0.20    0.20   -0.01 (VIOLATED)
_215369_/RN                             0.20    0.20   -0.01 (VIOLATED)
_215370_/RN                             0.20    0.20   -0.01 (VIOLATED)
_215371_/RN                             0.20    0.20   -0.01 (VIOLATED)
_215372_/RN                             0.20    0.20   -0.01 (VIOLATED)
_215373_/RN                             0.20    0.20   -0.01 (VIOLATED)
_215374_/RN                             0.20    0.20   -0.01 (VIOLATED)
_215375_/RN                             0.20    0.20   -0.01 (VIOLATED)
_215376_/RN                             0.20    0.20   -0.01 (VIOLATED)
_215377_/RN                             0.20    0.20   -0.01 (VIOLATED)
_215378_/RN                             0.20    0.20   -0.01 (VIOLATED)
_215379_/RN                             0.20    0.20   -0.01 (VIOLATED)
_215380_/RN                             0.20    0.20   -0.01 (VIOLATED)
_215381_/RN                             0.20    0.20   -0.01 (VIOLATED)
_215408_/RN                             0.20    0.20   -0.01 (VIOLATED)
_215409_/RN                             0.20    0.20   -0.01 (VIOLATED)
_215410_/RN                             0.20    0.20   -0.01 (VIOLATED)
_215411_/RN                             0.20    0.20   -0.01 (VIOLATED)
_215412_/RN                             0.20    0.20   -0.01 (VIOLATED)
_215413_/RN                             0.20    0.20   -0.01 (VIOLATED)
_217177_/RN                             0.20    0.20   -0.01 (VIOLATED)
_217178_/RN                             0.20    0.20   -0.01 (VIOLATED)
_217179_/RN                             0.20    0.20   -0.01 (VIOLATED)
_217181_/RN                             0.20    0.20   -0.01 (VIOLATED)
_217207_/RN                             0.20    0.20   -0.01 (VIOLATED)
_217228_/RN                             0.20    0.20   -0.01 (VIOLATED)
_217229_/RN                             0.20    0.20   -0.01 (VIOLATED)
_217230_/RN                             0.20    0.20   -0.01 (VIOLATED)
_217231_/RN                             0.20    0.20   -0.01 (VIOLATED)
_217232_/RN                             0.20    0.20   -0.01 (VIOLATED)
_217233_/RN                             0.20    0.20   -0.01 (VIOLATED)
_217234_/RN                             0.20    0.20   -0.01 (VIOLATED)
_217235_/RN                             0.20    0.20   -0.01 (VIOLATED)
_217236_/RN                             0.20    0.20   -0.01 (VIOLATED)
_217237_/RN                             0.20    0.20   -0.01 (VIOLATED)
_217239_/RN                             0.20    0.20   -0.01 (VIOLATED)
_217240_/RN                             0.20    0.20   -0.01 (VIOLATED)
_217241_/RN                             0.20    0.20   -0.01 (VIOLATED)
_217242_/RN                             0.20    0.20   -0.01 (VIOLATED)
_217244_/RN                             0.20    0.20   -0.01 (VIOLATED)
_217246_/RN                             0.20    0.20   -0.01 (VIOLATED)
_217248_/RN                             0.20    0.20   -0.01 (VIOLATED)
_217249_/RN                             0.20    0.20   -0.01 (VIOLATED)
_217250_/RN                             0.20    0.20   -0.01 (VIOLATED)
_217251_/RN                             0.20    0.20   -0.01 (VIOLATED)
_217252_/RN                             0.20    0.20   -0.01 (VIOLATED)
_217253_/RN                             0.20    0.20   -0.01 (VIOLATED)
_217254_/RN                             0.20    0.20   -0.01 (VIOLATED)
_217255_/RN                             0.20    0.20   -0.01 (VIOLATED)
_217256_/RN                             0.20    0.20   -0.01 (VIOLATED)
_217257_/RN                             0.20    0.20   -0.01 (VIOLATED)
_217258_/RN                             0.20    0.20   -0.01 (VIOLATED)
_217259_/RN                             0.20    0.20   -0.01 (VIOLATED)
_217265_/RN                             0.20    0.20   -0.01 (VIOLATED)
_217268_/RN                             0.20    0.20   -0.01 (VIOLATED)
_217269_/RN                             0.20    0.20   -0.01 (VIOLATED)
_217270_/RN                             0.20    0.20   -0.01 (VIOLATED)
_217271_/RN                             0.20    0.20   -0.01 (VIOLATED)
_217272_/RN                             0.20    0.20   -0.01 (VIOLATED)
_217273_/RN                             0.20    0.20   -0.01 (VIOLATED)
_217274_/RN                             0.20    0.20   -0.01 (VIOLATED)
_218294_/RN                             0.20    0.20   -0.01 (VIOLATED)
_218295_/RN                             0.20    0.20   -0.01 (VIOLATED)
_218296_/RN                             0.20    0.20   -0.01 (VIOLATED)
_218323_/RN                             0.20    0.20   -0.01 (VIOLATED)
_218324_/RN                             0.20    0.20   -0.01 (VIOLATED)
_218325_/RN                             0.20    0.20   -0.01 (VIOLATED)
_218372_/RN                             0.20    0.20   -0.01 (VIOLATED)
_218373_/RN                             0.20    0.20   -0.01 (VIOLATED)
_218375_/RN                             0.20    0.20   -0.01 (VIOLATED)
_218377_/RN                             0.20    0.20   -0.01 (VIOLATED)
_218378_/RN                             0.20    0.20   -0.01 (VIOLATED)
_218380_/RN                             0.20    0.20   -0.01 (VIOLATED)
_218382_/RN                             0.20    0.20   -0.01 (VIOLATED)
_218383_/RN                             0.20    0.20   -0.01 (VIOLATED)
_218384_/RN                             0.20    0.20   -0.01 (VIOLATED)
_218385_/RN                             0.20    0.20   -0.01 (VIOLATED)
_218386_/RN                             0.20    0.20   -0.01 (VIOLATED)
_218387_/RN                             0.20    0.20   -0.01 (VIOLATED)
_218388_/RN                             0.20    0.20   -0.01 (VIOLATED)
_218389_/RN                             0.20    0.20   -0.01 (VIOLATED)
_218391_/RN                             0.20    0.20   -0.01 (VIOLATED)
_218392_/RN                             0.20    0.20   -0.01 (VIOLATED)
_218393_/RN                             0.20    0.20   -0.01 (VIOLATED)
_218394_/RN                             0.20    0.20   -0.01 (VIOLATED)
_218395_/RN                             0.20    0.20   -0.01 (VIOLATED)
_218396_/RN                             0.20    0.20   -0.01 (VIOLATED)
_218397_/RN                             0.20    0.20   -0.01 (VIOLATED)
_218398_/RN                             0.20    0.20   -0.01 (VIOLATED)
_218399_/RN                             0.20    0.20   -0.01 (VIOLATED)
_218400_/RN                             0.20    0.20   -0.01 (VIOLATED)
_218401_/RN                             0.20    0.20   -0.01 (VIOLATED)
_218402_/RN                             0.20    0.20   -0.01 (VIOLATED)
_218403_/RN                             0.20    0.20   -0.01 (VIOLATED)
_218405_/RN                             0.20    0.20   -0.01 (VIOLATED)
_218406_/RN                             0.20    0.20   -0.01 (VIOLATED)
_218409_/RN                             0.20    0.20   -0.01 (VIOLATED)
_218410_/RN                             0.20    0.20   -0.01 (VIOLATED)
_218411_/RN                             0.20    0.20   -0.01 (VIOLATED)
_218412_/RN                             0.20    0.20   -0.01 (VIOLATED)
_218413_/RN                             0.20    0.20   -0.01 (VIOLATED)
_218414_/RN                             0.20    0.20   -0.01 (VIOLATED)
_218415_/RN                             0.20    0.20   -0.01 (VIOLATED)
_218436_/RN                             0.20    0.20   -0.01 (VIOLATED)
_218437_/RN                             0.20    0.20   -0.01 (VIOLATED)
_218439_/RN                             0.20    0.20   -0.01 (VIOLATED)
_218441_/RN                             0.20    0.20   -0.01 (VIOLATED)
_218442_/RN                             0.20    0.20   -0.01 (VIOLATED)
_218444_/RN                             0.20    0.20   -0.01 (VIOLATED)
_218446_/RN                             0.20    0.20   -0.01 (VIOLATED)
_218447_/RN                             0.20    0.20   -0.01 (VIOLATED)
_218448_/RN                             0.20    0.20   -0.01 (VIOLATED)
_218449_/RN                             0.20    0.20   -0.01 (VIOLATED)
_218450_/RN                             0.20    0.20   -0.01 (VIOLATED)
_218451_/RN                             0.20    0.20   -0.01 (VIOLATED)
_218452_/RN                             0.20    0.20   -0.01 (VIOLATED)
_218453_/RN                             0.20    0.20   -0.01 (VIOLATED)
_218454_/RN                             0.20    0.20   -0.01 (VIOLATED)
_218455_/RN                             0.20    0.20   -0.01 (VIOLATED)
_218456_/RN                             0.20    0.20   -0.01 (VIOLATED)
_218457_/RN                             0.20    0.20   -0.01 (VIOLATED)
_218458_/RN                             0.20    0.20   -0.01 (VIOLATED)
_218459_/RN                             0.20    0.20   -0.01 (VIOLATED)
_218460_/RN                             0.20    0.20   -0.01 (VIOLATED)
_218461_/RN                             0.20    0.20   -0.01 (VIOLATED)
_218462_/RN                             0.20    0.20   -0.01 (VIOLATED)
_218463_/RN                             0.20    0.20   -0.01 (VIOLATED)
_218464_/RN                             0.20    0.20   -0.01 (VIOLATED)
_218465_/RN                             0.20    0.20   -0.01 (VIOLATED)
_218466_/RN                             0.20    0.20   -0.01 (VIOLATED)
_218467_/RN                             0.20    0.20   -0.01 (VIOLATED)
_218468_/RN                             0.20    0.20   -0.01 (VIOLATED)
_218469_/RN                             0.20    0.20   -0.01 (VIOLATED)
_218470_/RN                             0.20    0.20   -0.01 (VIOLATED)
_218473_/RN                             0.20    0.20   -0.01 (VIOLATED)
_218474_/RN                             0.20    0.20   -0.01 (VIOLATED)
_218476_/RN                             0.20    0.20   -0.01 (VIOLATED)
_218477_/RN                             0.20    0.20   -0.01 (VIOLATED)
_218478_/RN                             0.20    0.20   -0.01 (VIOLATED)
_218479_/RN                             0.20    0.20   -0.01 (VIOLATED)
buffer425/Z                             0.20    0.20   -0.01 (VIOLATED)
buffer426/Z                             0.20    0.20   -0.01 (VIOLATED)
buffer427/Z                             0.20    0.20   -0.01 (VIOLATED)
buffer428/Z                             0.20    0.20   -0.01 (VIOLATED)
buffer429/Z                             0.20    0.20   -0.01 (VIOLATED)
buffer430/Z                             0.20    0.20   -0.01 (VIOLATED)
_214460_/SN                             0.20    0.20    0.00 (VIOLATED)
_215101_/RN                             0.20    0.20    0.00 (VIOLATED)
_215104_/RN                             0.20    0.20    0.00 (VIOLATED)
_215105_/RN                             0.20    0.20    0.00 (VIOLATED)
_215107_/RN                             0.20    0.20    0.00 (VIOLATED)
_215108_/RN                             0.20    0.20    0.00 (VIOLATED)
_215109_/RN                             0.20    0.20    0.00 (VIOLATED)
_215110_/RN                             0.20    0.20    0.00 (VIOLATED)
_215111_/RN                             0.20    0.20    0.00 (VIOLATED)
_215112_/RN                             0.20    0.20    0.00 (VIOLATED)
_215113_/RN                             0.20    0.20    0.00 (VIOLATED)
_215114_/RN                             0.20    0.20    0.00 (VIOLATED)
_215115_/RN                             0.20    0.20    0.00 (VIOLATED)
_215116_/RN                             0.20    0.20    0.00 (VIOLATED)
_215117_/RN                             0.20    0.20    0.00 (VIOLATED)
_215118_/RN                             0.20    0.20    0.00 (VIOLATED)
_215119_/RN                             0.20    0.20    0.00 (VIOLATED)
_215120_/RN                             0.20    0.20    0.00 (VIOLATED)
_215121_/RN                             0.20    0.20    0.00 (VIOLATED)
_215122_/RN                             0.20    0.20    0.00 (VIOLATED)
_215123_/RN                             0.20    0.20    0.00 (VIOLATED)
_215124_/RN                             0.20    0.20    0.00 (VIOLATED)
_215125_/RN                             0.20    0.20    0.00 (VIOLATED)
_215137_/RN                             0.20    0.20    0.00 (VIOLATED)
_215139_/RN                             0.20    0.20    0.00 (VIOLATED)
_215142_/RN                             0.20    0.20    0.00 (VIOLATED)
_215144_/RN                             0.20    0.20    0.00 (VIOLATED)
_215146_/RN                             0.20    0.20    0.00 (VIOLATED)
_215147_/RN                             0.20    0.20    0.00 (VIOLATED)
_215151_/RN                             0.20    0.20    0.00 (VIOLATED)
_215152_/RN                             0.20    0.20    0.00 (VIOLATED)
_215153_/RN                             0.20    0.20    0.00 (VIOLATED)
_215154_/RN                             0.20    0.20    0.00 (VIOLATED)
_215155_/RN                             0.20    0.20    0.00 (VIOLATED)
_215157_/RN                             0.20    0.20    0.00 (VIOLATED)
buffer414/Z                             0.20    0.20    0.00 (VIOLATED)
_214938_/SN                             0.20    0.20    0.00 (VIOLATED)
_214944_/SN                             0.20    0.20    0.00 (VIOLATED)
_214946_/SN                             0.20    0.20    0.00 (VIOLATED)
_214950_/SN                             0.20    0.20    0.00 (VIOLATED)
_214954_/SN                             0.20    0.20    0.00 (VIOLATED)
_215175_/RN                             0.20    0.20    0.00 (VIOLATED)
_215197_/RN                             0.20    0.20    0.00 (VIOLATED)
_215199_/RN                             0.20    0.20    0.00 (VIOLATED)
_215201_/RN                             0.20    0.20    0.00 (VIOLATED)
_215202_/RN                             0.20    0.20    0.00 (VIOLATED)
_215203_/RN                             0.20    0.20    0.00 (VIOLATED)
_215204_/RN                             0.20    0.20    0.00 (VIOLATED)
_215206_/RN                             0.20    0.20    0.00 (VIOLATED)
_215207_/RN                             0.20    0.20    0.00 (VIOLATED)
_215208_/RN                             0.20    0.20    0.00 (VIOLATED)
_215213_/RN                             0.20    0.20    0.00 (VIOLATED)
_215214_/RN                             0.20    0.20    0.00 (VIOLATED)
_215219_/RN                             0.20    0.20    0.00 (VIOLATED)
_215221_/RN                             0.20    0.20    0.00 (VIOLATED)
_215223_/RN                             0.20    0.20    0.00 (VIOLATED)
_215226_/RN                             0.20    0.20    0.00 (VIOLATED)
_215228_/RN                             0.20    0.20    0.00 (VIOLATED)
_215230_/RN                             0.20    0.20    0.00 (VIOLATED)
_215231_/RN                             0.20    0.20    0.00 (VIOLATED)
_215234_/RN                             0.20    0.20    0.00 (VIOLATED)
_215236_/RN                             0.20    0.20    0.00 (VIOLATED)
_215237_/RN                             0.20    0.20    0.00 (VIOLATED)
_215248_/RN                             0.20    0.20    0.00 (VIOLATED)
_215255_/RN                             0.20    0.20    0.00 (VIOLATED)
_215256_/RN                             0.20    0.20    0.00 (VIOLATED)
_215258_/RN                             0.20    0.20    0.00 (VIOLATED)
_215263_/RN                             0.20    0.20    0.00 (VIOLATED)
_215266_/RN                             0.20    0.20    0.00 (VIOLATED)
_215269_/RN                             0.20    0.20    0.00 (VIOLATED)
_215285_/RN                             0.20    0.20    0.00 (VIOLATED)
buffer412/Z                             0.20    0.20    0.00 (VIOLATED)


==========================================================================
report_power
--------------------------------------------------------------------------
Group                  Internal  Switching    Leakage      Total
                          Power      Power      Power      Power
----------------------------------------------------------------
Sequential             0.00e+00   0.00e+00   4.36e-04   4.36e-04   6.8%
Combinational          9.62e-04   1.35e-03   3.67e-03   5.98e-03  93.2%
Macro                  0.00e+00   0.00e+00   0.00e+00   0.00e+00   0.0%
Pad                    0.00e+00   0.00e+00   0.00e+00   0.00e+00   0.0%
----------------------------------------------------------------
Total                  9.62e-04   1.35e-03   4.10e-03   6.41e-03 100.0%
                          15.0%      21.0%      64.0%

==========================================================================
report_design_area
--------------------------------------------------------------------------
Design area 2616561 u^2 100% utilization.
