
==========================================================================
report_checks
--------------------------------------------------------------------------
Startpoint: _83994_ (rising edge-triggered flip-flop clocked by CLK)
Endpoint: _85264_ (rising edge-triggered flip-flop clocked by CLK)
Path Group: CLK
Path Type: max

  Delay    Time   Description
---------------------------------------------------------
   0.00    0.00   clock CLK (rise edge)
   0.00    0.00   clock network delay (ideal)
   0.00    0.00 ^ _83994_/CK (DFF_X1)
   0.08    0.08 ^ _83994_/Q (DFF_X1)
   0.20    0.28 ^ _72366_/Z (BUF_X1)
   0.07    0.35 ^ _68733_/ZN (AND2_X4)
   0.03    0.37 v _68777_/ZN (NAND3_X4)
   0.04    0.41 ^ _68945_/ZN (NOR3_X4)
   0.03    0.44 v _69418_/ZN (NAND3_X2)
   0.03    0.47 ^ _69839_/ZN (OAI21_X1)
   0.02    0.49 v _69844_/ZN (AOI21_X1)
   0.04    0.53 ^ _69848_/ZN (OAI21_X1)
   0.02    0.54 v _69850_/ZN (AOI21_X1)
   0.03    0.57 ^ _69855_/ZN (OAI21_X1)
   0.02    0.59 v _69857_/ZN (AOI21_X1)
   0.03    0.62 ^ _69859_/ZN (OAI21_X1)
   0.02    0.63 v _69860_/ZN (AOI21_X1)
   0.03    0.66 ^ _69864_/ZN (OAI21_X1)
   0.02    0.68 v _69866_/ZN (AOI21_X1)
   0.03    0.71 ^ _69869_/ZN (OAI21_X1)
   0.02    0.72 v _69871_/ZN (AOI21_X1)
   0.03    0.75 ^ _69874_/ZN (OAI21_X1)
   0.02    0.77 v _69876_/ZN (AOI21_X1)
   0.03    0.80 ^ _69878_/ZN (OAI21_X1)
   0.02    0.81 v _69881_/ZN (AOI21_X1)
   0.03    0.84 ^ _69882_/ZN (OAI21_X1)
   0.02    0.86 v _69885_/ZN (AOI21_X1)
   0.03    0.89 ^ _69886_/ZN (OAI21_X1)
   0.02    0.90 v _69889_/ZN (AOI21_X1)
   0.03    0.93 ^ _69892_/ZN (OAI21_X1)
   0.02    0.95 v _69894_/ZN (AOI21_X1)
   0.03    0.98 ^ _69897_/ZN (OAI21_X1)
   0.02    1.00 v _69901_/ZN (AOI21_X1)
   0.03    1.03 ^ _69902_/ZN (AOI21_X2)
   0.02    1.04 v _69904_/ZN (AOI21_X2)
   0.03    1.07 ^ _69909_/ZN (OAI211_X2)
   0.02    1.09 v _69913_/ZN (NAND3_X1)
   0.03    1.12 ^ _69916_/ZN (AOI21_X1)
   0.02    1.13 v _69919_/ZN (OAI21_X1)
   0.03    1.16 ^ _69920_/ZN (AOI21_X1)
   0.02    1.18 v _69925_/ZN (OAI21_X1)
   0.03    1.21 ^ _69926_/ZN (OAI21_X1)
   0.02    1.23 v _69929_/ZN (AOI21_X1)
   0.03    1.25 ^ _69932_/ZN (OAI21_X1)
   0.02    1.27 v _69933_/ZN (AOI21_X1)
   0.03    1.30 ^ _69936_/ZN (OAI21_X1)
   0.02    1.32 v _69940_/ZN (NAND3_X1)
   0.02    1.34 ^ _69944_/ZN (NAND2_X1)
   0.01    1.35 v _69946_/ZN (AOI21_X2)
   0.03    1.38 ^ _69950_/ZN (OAI211_X2)
   0.02    1.40 v _69954_/ZN (NAND3_X1)
   0.02    1.42 ^ _69958_/ZN (NAND3_X1)
   0.01    1.43 v _69961_/ZN (NAND2_X1)
   0.02    1.45 ^ _69963_/ZN (NAND2_X1)
   0.01    1.47 v _69966_/ZN (AOI21_X2)
   0.03    1.49 ^ _69970_/ZN (OAI211_X2)
   0.02    1.51 v _69974_/ZN (NAND3_X1)
   0.03    1.54 ^ _69976_/ZN (AOI21_X1)
   0.02    1.56 v _69978_/ZN (OAI21_X1)
   0.03    1.59 ^ _69981_/ZN (AOI21_X1)
   0.02    1.60 v _69982_/ZN (OAI21_X1)
   0.03    1.63 ^ _69984_/ZN (AOI21_X1)
   0.02    1.65 v _69987_/ZN (OAI21_X1)
   0.03    1.68 ^ _69989_/ZN (AOI21_X1)
   0.02    1.69 v _69992_/ZN (OAI21_X1)
   0.03    1.72 ^ _69994_/ZN (AOI21_X1)
   0.02    1.74 v _69997_/ZN (OAI21_X1)
   0.03    1.77 ^ _70000_/ZN (AOI21_X1)
   0.02    1.78 v _70002_/ZN (OAI21_X1)
   0.02    1.80 ^ _70004_/ZN (NAND2_X1)
   0.01    1.82 v _70007_/ZN (AOI21_X2)
   0.03    1.84 ^ _70012_/ZN (OAI211_X2)
   0.02    1.86 v _70016_/ZN (NAND3_X1)
   0.02    1.88 ^ _70020_/ZN (NAND3_X1)
   0.02    1.90 v _70022_/ZN (AOI21_X1)
   0.03    1.93 ^ _70024_/ZN (OAI21_X1)
   0.02    1.94 v _70026_/ZN (AOI21_X1)
   0.03    1.97 ^ _70027_/ZN (OAI21_X1)
   0.02    1.99 v _70029_/ZN (AOI21_X1)
   0.03    2.02 ^ _70032_/ZN (OAI21_X1)
   0.02    2.03 v _70035_/ZN (AOI21_X1)
   0.03    2.06 ^ _70037_/ZN (OAI21_X1)
   0.02    2.08 v _70040_/ZN (AOI21_X1)
   0.03    2.11 ^ _70041_/ZN (OAI21_X1)
   0.02    2.13 v _70044_/ZN (AOI21_X1)
   0.03    2.15 ^ _70046_/ZN (OAI211_X2)
   0.02    2.17 v _70050_/ZN (NAND3_X1)
   0.03    2.20 ^ _70052_/ZN (AOI21_X1)
   0.02    2.22 v _70055_/ZN (OAI21_X1)
   0.03    2.25 ^ _70057_/ZN (AOI21_X1)
   0.02    2.26 v _70062_/ZN (OAI21_X1)
   0.03    2.29 ^ _70064_/ZN (AOI21_X1)
   0.02    2.31 v _70065_/ZN (OAI21_X1)
   0.03    2.34 ^ _70068_/ZN (AOI21_X1)
   0.02    2.36 v _70069_/ZN (OAI21_X1)
   0.03    2.38 ^ _70071_/ZN (AOI21_X1)
   0.02    2.40 v _70074_/ZN (OAI21_X1)
   0.03    2.43 ^ _70077_/ZN (AOI21_X1)
   0.02    2.45 v _70079_/ZN (OAI21_X1)
   0.03    2.47 ^ _70081_/ZN (AOI21_X1)
   0.02    2.49 v _70083_/ZN (OAI21_X1)
   0.03    2.52 ^ _70086_/ZN (AOI21_X1)
   0.02    2.54 v _70090_/ZN (OAI21_X1)
   0.04    2.57 ^ _70093_/ZN (AOI21_X1)
   0.02    2.59 v _70096_/ZN (OAI211_X2)
   0.02    2.62 ^ _70101_/ZN (NAND3_X1)
   0.01    2.63 v _70104_/ZN (AOI21_X1)
   0.03    2.66 ^ _70105_/ZN (OAI21_X1)
   0.02    2.67 v _70108_/ZN (AOI21_X1)
   0.03    2.70 ^ _70110_/ZN (OAI21_X1)
   0.02    2.72 v _70113_/ZN (NAND2_X1)
   0.03    2.75 ^ _70115_/ZN (AOI21_X1)
   0.02    2.76 v _70118_/ZN (OAI21_X1)
   0.03    2.79 ^ _70119_/ZN (AOI21_X1)
   0.02    2.81 v _70122_/ZN (OAI21_X1)
   0.04    2.84 ^ _70124_/ZN (AOI21_X1)
   0.02    2.86 v _70127_/ZN (OAI21_X2)
   0.03    2.89 ^ _70130_/ZN (AOI21_X2)
   0.02    2.91 v _70132_/ZN (OAI21_X2)
   0.03    2.93 ^ _70135_/ZN (AOI21_X2)
   0.02    2.95 v _70139_/ZN (OAI211_X2)
   0.02    2.97 ^ _70144_/ZN (NAND3_X1)
   0.02    2.99 v _70146_/ZN (AOI21_X1)
   0.03    3.01 ^ _70148_/ZN (OAI21_X1)
   0.02    3.03 v _70153_/ZN (NAND3_X1)
   0.03    3.06 ^ _70156_/ZN (AOI21_X1)
   0.02    3.08 v _70158_/ZN (OAI21_X1)
   0.02    3.10 ^ _70160_/ZN (NAND2_X1)
   0.02    3.11 v _70164_/ZN (NAND2_X1)
   0.03    3.14 ^ _70166_/ZN (AOI21_X2)
   0.02    3.16 v _70169_/ZN (OAI211_X2)
   0.02    3.18 ^ _70173_/ZN (NAND3_X1)
   0.02    3.20 v _70177_/ZN (NAND3_X1)
   0.02    3.21 ^ _70181_/ZN (NAND3_X1)
   0.01    3.23 v _70183_/ZN (NAND2_X1)
   0.03    3.26 ^ _70186_/ZN (AOI21_X1)
   0.02    3.27 v _70188_/ZN (OAI21_X1)
   0.03    3.30 ^ _70189_/ZN (AOI21_X1)
   0.02    3.32 v _70193_/ZN (OAI21_X1)
   0.03    3.35 ^ _70194_/ZN (AOI21_X1)
   0.02    3.37 v _70197_/ZN (OAI21_X1)
   0.03    3.39 ^ _70198_/ZN (AOI21_X1)
   0.02    3.41 v _70201_/ZN (OAI21_X1)
   0.03    3.44 ^ _70203_/ZN (AOI21_X1)
   0.02    3.46 v _70205_/ZN (OAI21_X1)
   0.03    3.49 ^ _70206_/ZN (AOI21_X1)
   0.02    3.50 v _70208_/ZN (OAI21_X1)
   0.04    3.54 ^ _70209_/ZN (AOI21_X1)
   0.02    3.56 v _70212_/ZN (OAI21_X2)
   0.03    3.58 ^ _70214_/ZN (AOI21_X2)
   0.02    3.60 v _70218_/ZN (OAI211_X2)
   0.02    3.62 ^ _70222_/ZN (NAND3_X1)
   0.02    3.64 v _70226_/ZN (AOI21_X1)
   0.03    3.66 ^ _70227_/ZN (OAI21_X1)
   0.02    3.68 v _70229_/ZN (AOI21_X1)
   0.03    3.71 ^ _70233_/ZN (OAI21_X1)
   0.02    3.73 v _70237_/ZN (AOI21_X1)
   0.03    3.75 ^ _70240_/ZN (OAI21_X1)
   0.02    3.77 v _70241_/ZN (AOI21_X1)
   0.03    3.80 ^ _70243_/ZN (OAI21_X1)
   0.02    3.82 v _70245_/ZN (AOI21_X1)
   0.03    3.84 ^ _70249_/ZN (OAI21_X1)
   0.02    3.87 v _70253_/ZN (NAND3_X1)
   0.03    3.89 ^ _70255_/ZN (AOI21_X1)
   0.02    3.91 v _70257_/ZN (OAI21_X1)
   0.02    3.93 ^ _70262_/ZN (NAND2_X1)
   0.01    3.95 v _70265_/ZN (AOI21_X2)
   0.03    3.97 ^ _70268_/ZN (OAI211_X2)
   0.02    3.99 v _70272_/ZN (NAND3_X1)
   0.02    4.01 ^ _70277_/ZN (NAND3_X1)
   0.01    4.03 v _70280_/ZN (AOI21_X1)
   0.03    4.05 ^ _70283_/ZN (OAI21_X1)
   0.02    4.07 v _70285_/ZN (AOI21_X1)
   0.03    4.10 ^ _70288_/ZN (OAI21_X1)
   0.02    4.12 v _70290_/ZN (AOI21_X1)
   0.03    4.14 ^ _70294_/ZN (OAI21_X1)
   0.02    4.16 v _70295_/ZN (AOI21_X1)
   0.03    4.19 ^ _70298_/ZN (OAI21_X1)
   0.02    4.21 v _70301_/ZN (AOI21_X1)
   0.03    4.23 ^ _70302_/ZN (OAI21_X1)
   0.02    4.25 v _70304_/ZN (AOI21_X1)
   0.03    4.28 ^ _70305_/ZN (OAI21_X1)
   0.02    4.30 v _70308_/ZN (AOI21_X1)
   0.03    4.33 ^ _70312_/ZN (OAI211_X2)
   0.02    4.35 v _70316_/ZN (NAND3_X1)
   0.02    4.37 ^ _70320_/ZN (NAND3_X1)
   0.01    4.38 v _70322_/ZN (AOI21_X1)
   0.03    4.41 ^ _70324_/ZN (OAI21_X1)
   0.02    4.43 v _70326_/ZN (AOI21_X1)
   0.03    4.46 ^ _70330_/ZN (OAI21_X2)
   0.02    4.47 v _70332_/ZN (AOI21_X2)
   0.03    4.50 ^ _70336_/ZN (OAI211_X2)
   0.02    4.52 v _70340_/ZN (NAND3_X2)
   0.03    4.55 ^ _70342_/ZN (AOI21_X2)
   0.02    4.57 v _70344_/ZN (OAI21_X2)
   0.03    4.59 ^ _70347_/ZN (AOI21_X2)
   0.02    4.61 v _70351_/ZN (OAI211_X2)
   0.02    4.63 ^ _70355_/ZN (NAND3_X1)
   0.02    4.65 v _70359_/ZN (NAND3_X1)
   0.03    4.68 ^ _70361_/ZN (AOI21_X1)
   0.02    4.70 v _70364_/ZN (OAI21_X1)
   0.02    4.72 ^ _70367_/ZN (NAND2_X1)
   0.01    4.73 v _70369_/ZN (AOI21_X2)
   0.03    4.76 ^ _70374_/ZN (OAI211_X2)
   0.02    4.78 v _70378_/ZN (NAND3_X1)
   0.03    4.80 ^ _70381_/ZN (AOI21_X1)
   0.02    4.82 v _70383_/ZN (OAI21_X1)
   0.03    4.85 ^ _70384_/ZN (AOI21_X1)
   0.02    4.87 v _70386_/ZN (OAI21_X1)
   0.03    4.90 ^ _70388_/ZN (AOI21_X1)
   0.02    4.91 v _70391_/ZN (OAI21_X1)
   0.03    4.94 ^ _70393_/ZN (AOI21_X1)
   0.02    4.96 v _70396_/ZN (OAI21_X1)
   0.03    4.99 ^ _70398_/ZN (AOI21_X1)
   0.02    5.01 v _70402_/ZN (OAI211_X2)
   0.02    5.03 ^ _70406_/ZN (NAND3_X1)
   0.01    5.05 v _70408_/ZN (AOI21_X1)
   0.03    5.08 ^ _70409_/ZN (OAI21_X1)
   0.02    5.09 v _70411_/ZN (AOI21_X1)
   0.03    5.12 ^ _70415_/ZN (OAI21_X1)
   0.02    5.14 v _70416_/ZN (AOI21_X1)
   0.03    5.17 ^ _70419_/ZN (OAI21_X1)
   0.02    5.18 v _70420_/ZN (AOI21_X1)
   0.03    5.21 ^ _70423_/ZN (OAI21_X1)
   0.02    5.23 v _70425_/ZN (AOI21_X1)
   0.03    5.26 ^ _70427_/ZN (OAI21_X1)
   0.02    5.27 v _70430_/ZN (AOI21_X1)
   0.03    5.30 ^ _70434_/ZN (OAI21_X1)
   0.02    5.32 v _70435_/ZN (AOI21_X1)
   0.03    5.35 ^ _70438_/ZN (OAI211_X2)
   0.02    5.37 v _70442_/ZN (NAND3_X1)
   0.03    5.40 ^ _70444_/ZN (AOI21_X1)
   0.02    5.41 v _70447_/ZN (OAI21_X1)
   0.03    5.44 ^ _70450_/ZN (AOI21_X1)
   0.02    5.46 v _70452_/ZN (OAI21_X1)
   0.03    5.49 ^ _70454_/ZN (AOI21_X1)
   0.02    5.50 v _70456_/ZN (OAI21_X1)
   0.02    5.52 ^ _70459_/ZN (NAND2_X1)
   0.01    5.53 v _70464_/ZN (AOI21_X1)
   0.03    5.56 ^ _70468_/ZN (OAI21_X1)
   0.02    5.58 v _70471_/ZN (NAND2_X1)
   0.03    5.61 ^ _70473_/ZN (AOI21_X2)
   0.02    5.63 v _70477_/ZN (OAI211_X2)
   0.02    5.65 ^ _70481_/ZN (NAND3_X1)
   0.02    5.66 v _70485_/ZN (NAND3_X1)
   0.03    5.69 ^ _70487_/ZN (AOI21_X1)
   0.02    5.71 v _70488_/ZN (OAI21_X1)
   0.03    5.74 ^ _70490_/ZN (AOI21_X1)
   0.02    5.75 v _70493_/ZN (OAI21_X1)
   0.03    5.78 ^ _70495_/ZN (AOI21_X1)
   0.02    5.80 v _70498_/ZN (OAI21_X1)
   0.03    5.83 ^ _70500_/ZN (AOI21_X1)
   0.02    5.84 v _70503_/ZN (OAI21_X1)
   0.03    5.88 ^ _70505_/ZN (AOI21_X1)
   0.02    5.90 v _70509_/ZN (OAI211_X2)
   0.02    5.92 ^ _70513_/ZN (NAND3_X1)
   0.02    5.94 v _70517_/ZN (NAND3_X1)
   0.03    5.97 ^ _70519_/ZN (AOI21_X1)
   0.02    5.98 v _70521_/ZN (OAI21_X1)
   0.03    6.01 ^ _70523_/ZN (AOI21_X1)
   0.02    6.03 v _70526_/ZN (OAI21_X1)
   0.03    6.06 ^ _70529_/ZN (AOI21_X1)
   0.02    6.07 v _70531_/ZN (OAI21_X1)
   0.03    6.10 ^ _70533_/ZN (AOI21_X1)
   0.02    6.12 v _70534_/ZN (OAI21_X1)
   0.03    6.15 ^ _70537_/ZN (AOI21_X1)
   0.02    6.17 v _70539_/ZN (OAI21_X1)
   0.03    6.19 ^ _70541_/ZN (AOI21_X1)
   0.02    6.21 v _70544_/ZN (OAI21_X1)
   0.03    6.25 ^ _70546_/ZN (AOI21_X1)
   0.02    6.27 v _70550_/ZN (OAI211_X2)
   0.02    6.29 ^ _70555_/ZN (NAND3_X1)
   0.02    6.30 v _70559_/ZN (NAND3_X1)
   0.03    6.33 ^ _70561_/ZN (AOI21_X1)
   0.02    6.35 v _70563_/ZN (OAI21_X1)
   0.03    6.38 ^ _70565_/ZN (AOI21_X1)
   0.02    6.40 v _70569_/ZN (OAI21_X1)
   0.03    6.42 ^ _70570_/ZN (AOI21_X1)
   0.02    6.44 v _70574_/ZN (OAI21_X1)
   0.03    6.47 ^ _70575_/ZN (AOI21_X1)
   0.02    6.49 v _70579_/ZN (OAI21_X1)
   0.03    6.51 ^ _70581_/ZN (AOI21_X1)
   0.02    6.53 v _70582_/ZN (OAI21_X1)
   0.02    6.55 ^ _70584_/ZN (NAND2_X1)
   0.02    6.57 v _70588_/ZN (NAND3_X1)
   0.03    6.59 ^ _70590_/ZN (AOI21_X1)
   0.02    6.61 v _70591_/ZN (OAI21_X1)
   0.03    6.64 ^ _70593_/ZN (AOI21_X1)
   0.02    6.66 v _70596_/ZN (OAI21_X1)
   0.03    6.68 ^ _70598_/ZN (AOI21_X1)
   0.02    6.70 v _70601_/ZN (OAI21_X1)
   0.03    6.73 ^ _70604_/ZN (AOI21_X1)
   0.02    6.75 v _70607_/ZN (OAI21_X1)
   0.03    6.77 ^ _70609_/ZN (AOI21_X1)
   0.02    6.79 v _70612_/ZN (OAI21_X1)
   0.03    6.82 ^ _70614_/ZN (AOI21_X1)
   0.02    6.84 v _70616_/ZN (OAI21_X1)
   0.04    6.87 ^ _70617_/ZN (AOI21_X1)
   0.02    6.89 v _70619_/ZN (OAI211_X2)
   0.02    6.91 ^ _70623_/ZN (NAND3_X1)
   0.01    6.93 v _70626_/ZN (AOI21_X1)
   0.03    6.96 ^ _43191_/ZN (OAI21_X1)
   0.02    6.98 v _43195_/ZN (AOI21_X1)
   0.03    7.00 ^ _43196_/ZN (OAI21_X1)
   0.02    7.02 v _43199_/ZN (AOI21_X1)
   0.03    7.05 ^ _43202_/ZN (OAI21_X1)
   0.02    7.07 v _43205_/ZN (AOI21_X1)
   0.03    7.09 ^ _43207_/ZN (OAI21_X1)
   0.02    7.11 v _43209_/ZN (AOI21_X1)
   0.03    7.14 ^ _43213_/ZN (OAI21_X1)
   0.02    7.16 v _43216_/ZN (AOI21_X1)
   0.03    7.18 ^ _43220_/ZN (OAI21_X1)
   0.02    7.20 v _43221_/ZN (AOI21_X1)
   0.03    7.23 ^ _43224_/ZN (OAI21_X1)
   0.02    7.25 v _43226_/ZN (AOI21_X1)
   0.03    7.28 ^ _43228_/ZN (OAI21_X1)
   0.02    7.29 v _43230_/ZN (AOI21_X1)
   0.03    7.32 ^ _43234_/ZN (OAI21_X1)
   0.02    7.34 v _43237_/ZN (NAND2_X1)
   0.03    7.36 ^ _43240_/ZN (AOI21_X1)
   0.02    7.38 v _43242_/ZN (OAI21_X1)
   0.03    7.41 ^ _43245_/ZN (AOI21_X1)
   0.02    7.44 v _43247_/ZN (OAI211_X2)
   0.02    7.46 ^ _43251_/ZN (NAND3_X1)
   0.01    7.47 v _43255_/ZN (AOI21_X1)
   0.03    7.50 ^ _43256_/ZN (OAI21_X1)
   0.02    7.52 v _43259_/ZN (AOI21_X1)
   0.03    7.55 ^ _43263_/ZN (OAI21_X1)
   0.02    7.56 v _43264_/ZN (AOI21_X1)
   0.02    7.59 ^ _43268_/ZN (OAI21_X1)
   0.02    7.61 ^ _79785_/Z (BUF_X1)
   0.00    7.61 ^ _85264_/D (DFF_X1)
           7.61   data arrival time

   5.40    5.40   clock CLK (rise edge)
   0.00    5.40   clock network delay (ideal)
   0.00    5.40   clock reconvergence pessimism
           5.40 ^ _85264_/CK (DFF_X1)
  -0.03    5.37   library setup time
           5.37   data required time
---------------------------------------------------------
           5.37   data required time
          -7.61   data arrival time
---------------------------------------------------------
          -2.24   slack (VIOLATED)



==========================================================================
report_tns
--------------------------------------------------------------------------
tns -2.24

==========================================================================
report_wns
--------------------------------------------------------------------------
wns -2.24

==========================================================================
report_design_area
--------------------------------------------------------------------------
Design area 783551 u^2 26% utilization.
