
==========================================================================
report_floating_nets
--------------------------------------------------------------------------
Warning: found 3489 floatiing nets.

==========================================================================
report_checks
--------------------------------------------------------------------------
Startpoint: _83997_ (rising edge-triggered flip-flop clocked by CLK)
Endpoint: _85264_ (rising edge-triggered flip-flop clocked by CLK)
Path Group: CLK
Path Type: max

  Delay    Time   Description
---------------------------------------------------------
   0.00    0.00   clock CLK (rise edge)
   0.00    0.00   clock network delay (ideal)
   0.00    0.00 ^ _83997_/CK (DFF_X1)
   0.06    0.06 v _83997_/QN (DFF_X1)
   0.04    0.10 v _72375_/Z (BUF_X2)
   0.04    0.14 ^ _68759_/ZN (INV_X1)
   0.05    0.19 ^ _68771_/Z (BUF_X8)
   0.07    0.26 v _68801_/ZN (NAND3_X4)
   0.10    0.36 ^ _68960_/ZN (NOR3_X4)
   0.07    0.43 v _69838_/ZN (NAND4_X1)
   0.03    0.46 ^ _69839_/ZN (OAI21_X1)
   0.02    0.48 v _69844_/ZN (AOI21_X1)
   0.03    0.50 ^ _69848_/ZN (OAI21_X1)
   0.02    0.52 v _69850_/ZN (AOI21_X1)
   0.03    0.55 ^ _69855_/ZN (OAI21_X1)
   0.02    0.57 v _69857_/ZN (AOI21_X1)
   0.04    0.61 ^ _69859_/ZN (OAI21_X1)
   0.02    0.63 v _69860_/ZN (AOI21_X1)
   0.03    0.66 ^ _69864_/ZN (OAI21_X1)
   0.02    0.68 v _69866_/ZN (AOI21_X1)
   0.03    0.71 ^ _69869_/ZN (OAI21_X1)
   0.02    0.73 v _69871_/ZN (AOI21_X1)
   0.03    0.76 ^ _69874_/ZN (OAI21_X1)
   0.02    0.78 v _69876_/ZN (AOI21_X1)
   0.03    0.81 ^ _69878_/ZN (OAI21_X1)
   0.02    0.82 v _69881_/ZN (AOI21_X1)
   0.03    0.86 ^ _69882_/ZN (OAI21_X1)
   0.02    0.87 v _69885_/ZN (AOI21_X1)
   0.03    0.91 ^ _69886_/ZN (OAI21_X1)
   0.02    0.92 v _69889_/ZN (AOI21_X1)
   0.03    0.95 ^ _69892_/ZN (OAI21_X1)
   0.02    0.97 v _69894_/ZN (AOI21_X1)
   0.03    1.00 ^ _69897_/ZN (OAI21_X1)
   0.02    1.02 v _69901_/ZN (AOI21_X1)
   0.03    1.05 ^ _69902_/ZN (AOI21_X1)
   0.02    1.07 v _69904_/ZN (AOI21_X1)
   0.03    1.10 ^ _69909_/ZN (OAI211_X2)
   0.02    1.12 v _69913_/ZN (NAND3_X1)
   0.03    1.15 ^ _69916_/ZN (AOI21_X1)
   0.02    1.17 v _69919_/ZN (OAI21_X1)
   0.03    1.20 ^ _69920_/ZN (AOI21_X1)
   0.02    1.22 v _69925_/ZN (OAI21_X1)
   0.03    1.25 ^ _69926_/ZN (OAI21_X1)
   0.02    1.27 v _69929_/ZN (AOI21_X1)
   0.03    1.30 ^ _69932_/ZN (OAI21_X1)
   0.02    1.32 v _69933_/ZN (AOI21_X1)
   0.03    1.35 ^ _69936_/ZN (OAI21_X1)
   0.02    1.38 v _69940_/ZN (NAND3_X1)
   0.02    1.39 ^ _69944_/ZN (NAND2_X1)
   0.02    1.41 v _69946_/ZN (AOI21_X1)
   0.03    1.44 ^ _69950_/ZN (OAI211_X2)
   0.02    1.47 v _69954_/ZN (NAND3_X1)
   0.02    1.48 ^ _69958_/ZN (NAND3_X1)
   0.01    1.50 v _69961_/ZN (NAND2_X1)
   0.02    1.51 ^ _69963_/ZN (NAND2_X1)
   0.02    1.53 v _69966_/ZN (AOI21_X1)
   0.03    1.56 ^ _69970_/ZN (OAI211_X2)
   0.02    1.58 v _69974_/ZN (NAND3_X1)
   0.03    1.61 ^ _69976_/ZN (AOI21_X1)
   0.02    1.63 v _69978_/ZN (OAI21_X1)
   0.03    1.67 ^ _69981_/ZN (AOI21_X1)
   0.02    1.68 v _69982_/ZN (OAI21_X1)
   0.03    1.71 ^ _69984_/ZN (AOI21_X1)
   0.02    1.73 v _69987_/ZN (OAI21_X1)
   0.03    1.76 ^ _69989_/ZN (AOI21_X1)
   0.02    1.78 v _69992_/ZN (OAI21_X1)
   0.03    1.81 ^ _69994_/ZN (AOI21_X1)
   0.02    1.83 v _69997_/ZN (OAI21_X1)
   0.03    1.86 ^ _70000_/ZN (AOI21_X1)
   0.02    1.88 v _70002_/ZN (OAI21_X1)
   0.02    1.90 ^ _70004_/ZN (NAND2_X1)
   0.02    1.92 v _70007_/ZN (AOI21_X2)
   0.03    1.95 ^ _70012_/ZN (OAI211_X2)
   0.02    1.97 v _70016_/ZN (NAND3_X1)
   0.02    1.99 ^ _70020_/ZN (NAND3_X1)
   0.02    2.01 v _70022_/ZN (AOI21_X1)
   0.03    2.04 ^ _70024_/ZN (OAI21_X1)
   0.02    2.06 v _70026_/ZN (AOI21_X1)
   0.03    2.09 ^ _70027_/ZN (OAI21_X1)
   0.02    2.11 v _70029_/ZN (AOI21_X1)
   0.03    2.14 ^ _70032_/ZN (OAI21_X1)
   0.02    2.15 v _70035_/ZN (AOI21_X1)
   0.03    2.18 ^ _70037_/ZN (OAI21_X1)
   0.02    2.20 v _70040_/ZN (AOI21_X1)
   0.03    2.23 ^ _70041_/ZN (OAI21_X1)
   0.02    2.26 v _70044_/ZN (AOI21_X1)
   0.03    2.28 ^ _70046_/ZN (OAI211_X2)
   0.02    2.31 v _70050_/ZN (NAND3_X1)
   0.03    2.33 ^ _70052_/ZN (AOI21_X1)
   0.02    2.35 v _70055_/ZN (OAI21_X1)
   0.03    2.39 ^ _70057_/ZN (AOI21_X1)
   0.02    2.41 v _70062_/ZN (OAI21_X1)
   0.04    2.45 ^ _70064_/ZN (AOI21_X1)
   0.02    2.47 v _70065_/ZN (OAI21_X1)
   0.03    2.50 ^ _70068_/ZN (AOI21_X1)
   0.02    2.52 v _70069_/ZN (OAI21_X1)
   0.03    2.55 ^ _70071_/ZN (AOI21_X1)
   0.02    2.57 v _70074_/ZN (OAI21_X1)
   0.03    2.60 ^ _70077_/ZN (AOI21_X1)
   0.02    2.61 v _70079_/ZN (OAI21_X1)
   0.03    2.65 ^ _70081_/ZN (AOI21_X1)
   0.02    2.66 v _70083_/ZN (OAI21_X1)
   0.03    2.69 ^ _70086_/ZN (AOI21_X1)
   0.02    2.71 v _70090_/ZN (OAI21_X1)
   0.04    2.75 ^ _70093_/ZN (AOI21_X1)
   0.02    2.77 v _70096_/ZN (OAI211_X2)
   0.02    2.80 ^ _70101_/ZN (NAND3_X1)
   0.02    2.81 v _70104_/ZN (AOI21_X1)
   0.03    2.84 ^ _70105_/ZN (OAI21_X1)
   0.02    2.86 v _70108_/ZN (AOI21_X1)
   0.03    2.89 ^ _70110_/ZN (OAI21_X1)
   0.02    2.90 v _70113_/ZN (NAND2_X1)
   0.03    2.93 ^ _70115_/ZN (AOI21_X1)
   0.02    2.95 v _70118_/ZN (OAI21_X1)
   0.03    2.98 ^ _70119_/ZN (AOI21_X1)
   0.02    3.00 v _70122_/ZN (OAI21_X1)
   0.03    3.03 ^ _70124_/ZN (AOI21_X1)
   0.02    3.05 v _70127_/ZN (OAI21_X1)
   0.03    3.08 ^ _70130_/ZN (AOI21_X1)
   0.02    3.10 v _70132_/ZN (OAI21_X1)
   0.04    3.14 ^ _70135_/ZN (AOI21_X1)
   0.02    3.16 v _70139_/ZN (OAI211_X2)
   0.02    3.18 ^ _70144_/ZN (NAND3_X1)
   0.02    3.19 v _70146_/ZN (AOI21_X1)
   0.03    3.22 ^ _70148_/ZN (OAI21_X1)
   0.02    3.25 v _70153_/ZN (NAND3_X1)
   0.03    3.28 ^ _70156_/ZN (AOI21_X1)
   0.02    3.30 v _70158_/ZN (OAI21_X1)
   0.02    3.32 ^ _70160_/ZN (NAND2_X1)
   0.01    3.33 v _70164_/ZN (NAND2_X1)
   0.04    3.36 ^ _70166_/ZN (AOI21_X1)
   0.02    3.39 v _70169_/ZN (OAI211_X2)
   0.02    3.41 ^ _70173_/ZN (NAND3_X1)
   0.02    3.43 v _70177_/ZN (NAND3_X1)
   0.02    3.45 ^ _70181_/ZN (NAND3_X1)
   0.01    3.46 v _70183_/ZN (NAND2_X1)
   0.03    3.49 ^ _70186_/ZN (AOI21_X1)
   0.02    3.51 v _70188_/ZN (OAI21_X1)
   0.03    3.54 ^ _70189_/ZN (AOI21_X1)
   0.02    3.56 v _70193_/ZN (OAI21_X1)
   0.03    3.59 ^ _70194_/ZN (AOI21_X1)
   0.02    3.61 v _70197_/ZN (OAI21_X1)
   0.03    3.64 ^ _70198_/ZN (AOI21_X1)
   0.02    3.65 v _70201_/ZN (OAI21_X1)
   0.03    3.68 ^ _70203_/ZN (AOI21_X1)
   0.02    3.70 v _70205_/ZN (OAI21_X1)
   0.03    3.73 ^ _70206_/ZN (AOI21_X1)
   0.02    3.75 v _70208_/ZN (OAI21_X1)
   0.03    3.78 ^ _70209_/ZN (AOI21_X1)
   0.02    3.80 v _70212_/ZN (OAI21_X1)
   0.04    3.84 ^ _70214_/ZN (AOI21_X1)
   0.02    3.86 v _70218_/ZN (OAI211_X2)
   0.02    3.88 ^ _70222_/ZN (NAND3_X1)
   0.02    3.90 v _70226_/ZN (AOI21_X1)
   0.03    3.92 ^ _70227_/ZN (OAI21_X1)
   0.02    3.94 v _70229_/ZN (AOI21_X1)
   0.03    3.97 ^ _70233_/ZN (OAI21_X1)
   0.02    3.99 v _70237_/ZN (AOI21_X1)
   0.03    4.02 ^ _70240_/ZN (OAI21_X1)
   0.02    4.04 v _70241_/ZN (AOI21_X1)
   0.03    4.07 ^ _70243_/ZN (OAI21_X1)
   0.02    4.09 v _70245_/ZN (AOI21_X1)
   0.03    4.12 ^ _70249_/ZN (OAI21_X1)
   0.02    4.14 v _70253_/ZN (NAND3_X1)
   0.03    4.17 ^ _70255_/ZN (AOI21_X1)
   0.02    4.19 v _70257_/ZN (OAI21_X1)
   0.02    4.21 ^ _70262_/ZN (NAND2_X1)
   0.02    4.23 v _70265_/ZN (AOI21_X1)
   0.03    4.26 ^ _70268_/ZN (OAI211_X2)
   0.02    4.28 v _70272_/ZN (NAND3_X1)
   0.02    4.30 ^ _70277_/ZN (NAND3_X1)
   0.02    4.32 v _70280_/ZN (AOI21_X1)
   0.04    4.37 ^ _70283_/ZN (OAI21_X2)
   0.03    4.39 v _70285_/ZN (AOI21_X1)
   0.03    4.43 ^ _70288_/ZN (OAI21_X1)
   0.02    4.44 v _70290_/ZN (AOI21_X1)
   0.03    4.47 ^ _70294_/ZN (OAI21_X1)
   0.02    4.49 v _70295_/ZN (AOI21_X1)
   0.03    4.52 ^ _70298_/ZN (OAI21_X1)
   0.02    4.54 v _70301_/ZN (AOI21_X1)
   0.03    4.57 ^ _70302_/ZN (OAI21_X1)
   0.02    4.59 v _70304_/ZN (AOI21_X1)
   0.03    4.62 ^ _70305_/ZN (OAI21_X1)
   0.02    4.64 v _70308_/ZN (AOI21_X1)
   0.03    4.67 ^ _70312_/ZN (OAI211_X2)
   0.02    4.69 v _70316_/ZN (NAND3_X1)
   0.02    4.71 ^ _70320_/ZN (NAND3_X1)
   0.02    4.73 v _70322_/ZN (AOI21_X1)
   0.03    4.76 ^ _70324_/ZN (OAI21_X1)
   0.02    4.78 v _70326_/ZN (AOI21_X1)
   0.03    4.81 ^ _70330_/ZN (OAI21_X1)
   0.02    4.83 v _70332_/ZN (AOI21_X1)
   0.03    4.86 ^ _70336_/ZN (OAI211_X2)
   0.02    4.88 v _70340_/ZN (NAND3_X1)
   0.03    4.91 ^ _70342_/ZN (AOI21_X1)
   0.02    4.93 v _70344_/ZN (OAI21_X1)
   0.04    4.97 ^ _70347_/ZN (AOI21_X1)
   0.02    4.99 v _70351_/ZN (OAI211_X2)
   0.02    5.01 ^ _70355_/ZN (NAND3_X1)
   0.02    5.03 v _70359_/ZN (NAND3_X1)
   0.03    5.06 ^ _70361_/ZN (AOI21_X1)
   0.02    5.08 v _70364_/ZN (OAI21_X1)
   0.02    5.09 ^ _70367_/ZN (NAND2_X1)
   0.02    5.11 v _70369_/ZN (AOI21_X1)
   0.03    5.14 ^ _70374_/ZN (OAI211_X2)
   0.03    5.17 v _70378_/ZN (NAND3_X1)
   0.03    5.20 ^ _70381_/ZN (AOI21_X1)
   0.02    5.22 v _70383_/ZN (OAI21_X1)
   0.03    5.25 ^ _70384_/ZN (AOI21_X1)
   0.02    5.27 v _70386_/ZN (OAI21_X1)
   0.03    5.30 ^ _70388_/ZN (AOI21_X1)
   0.02    5.32 v _70391_/ZN (OAI21_X1)
   0.03    5.35 ^ _70393_/ZN (AOI21_X1)
   0.02    5.37 v _70396_/ZN (OAI21_X1)
   0.04    5.40 ^ _70398_/ZN (AOI21_X1)
   0.02    5.43 v _70402_/ZN (OAI211_X2)
   0.02    5.45 ^ _70406_/ZN (NAND3_X1)
   0.02    5.46 v _70408_/ZN (AOI21_X1)
   0.03    5.49 ^ _70409_/ZN (OAI21_X1)
   0.02    5.51 v _70411_/ZN (AOI21_X1)
   0.03    5.54 ^ _70415_/ZN (OAI21_X1)
   0.02    5.56 v _70416_/ZN (AOI21_X1)
   0.03    5.59 ^ _70419_/ZN (OAI21_X1)
   0.02    5.61 v _70420_/ZN (AOI21_X1)
   0.03    5.64 ^ _70423_/ZN (OAI21_X1)
   0.02    5.66 v _70425_/ZN (AOI21_X1)
   0.03    5.69 ^ _70427_/ZN (OAI21_X1)
   0.02    5.70 v _70430_/ZN (AOI21_X1)
   0.03    5.74 ^ _70434_/ZN (OAI21_X1)
   0.02    5.76 v _70435_/ZN (AOI21_X1)
   0.04    5.80 ^ _70438_/ZN (OAI211_X2)
   0.03    5.83 v _70442_/ZN (NAND3_X1)
   0.03    5.86 ^ _70444_/ZN (AOI21_X1)
   0.02    5.87 v _70447_/ZN (OAI21_X1)
   0.03    5.91 ^ _70450_/ZN (AOI21_X1)
   0.02    5.92 v _70452_/ZN (OAI21_X1)
   0.03    5.96 ^ _70454_/ZN (AOI21_X1)
   0.02    5.97 v _70456_/ZN (OAI21_X1)
   0.02    5.99 ^ _70459_/ZN (NAND2_X1)
   0.01    6.01 v _70464_/ZN (AOI21_X1)
   0.03    6.04 ^ _70468_/ZN (OAI21_X1)
   0.02    6.05 v _70471_/ZN (NAND2_X1)
   0.04    6.09 ^ _70473_/ZN (AOI21_X1)
   0.02    6.12 v _70477_/ZN (OAI211_X2)
   0.02    6.14 ^ _70481_/ZN (NAND3_X1)
   0.02    6.16 v _70485_/ZN (NAND3_X1)
   0.03    6.19 ^ _70487_/ZN (AOI21_X1)
   0.02    6.20 v _70488_/ZN (OAI21_X1)
   0.03    6.23 ^ _70490_/ZN (AOI21_X1)
   0.02    6.25 v _70493_/ZN (OAI21_X1)
   0.03    6.28 ^ _70495_/ZN (AOI21_X1)
   0.02    6.30 v _70498_/ZN (OAI21_X1)
   0.04    6.34 ^ _70500_/ZN (AOI21_X1)
   0.02    6.36 v _70503_/ZN (OAI21_X1)
   0.04    6.40 ^ _70505_/ZN (AOI21_X1)
   0.02    6.42 v _70509_/ZN (OAI211_X2)
   0.02    6.44 ^ _70513_/ZN (NAND3_X1)
   0.02    6.46 v _70517_/ZN (NAND3_X1)
   0.03    6.49 ^ _70519_/ZN (AOI21_X1)
   0.02    6.51 v _70521_/ZN (OAI21_X1)
   0.03    6.54 ^ _70523_/ZN (AOI21_X1)
   0.02    6.56 v _70526_/ZN (OAI21_X1)
   0.03    6.59 ^ _70529_/ZN (AOI21_X1)
   0.02    6.61 v _70531_/ZN (OAI21_X1)
   0.03    6.64 ^ _70533_/ZN (AOI21_X1)
   0.02    6.65 v _70534_/ZN (OAI21_X1)
   0.03    6.68 ^ _70537_/ZN (AOI21_X1)
   0.02    6.70 v _70539_/ZN (OAI21_X1)
   0.03    6.73 ^ _70541_/ZN (AOI21_X1)
   0.02    6.75 v _70544_/ZN (OAI21_X1)
   0.04    6.79 ^ _70546_/ZN (AOI21_X1)
   0.02    6.81 v _70550_/ZN (OAI211_X2)
   0.02    6.83 ^ _70555_/ZN (NAND3_X1)
   0.02    6.85 v _70559_/ZN (NAND3_X1)
   0.03    6.88 ^ _70561_/ZN (AOI21_X1)
   0.02    6.90 v _70563_/ZN (OAI21_X1)
   0.03    6.93 ^ _70565_/ZN (AOI21_X1)
   0.02    6.95 v _70569_/ZN (OAI21_X1)
   0.03    6.98 ^ _70570_/ZN (AOI21_X1)
   0.02    6.99 v _70574_/ZN (OAI21_X1)
   0.03    7.02 ^ _70575_/ZN (AOI21_X1)
   0.02    7.04 v _70579_/ZN (OAI21_X1)
   0.03    7.07 ^ _70581_/ZN (AOI21_X1)
   0.02    7.09 v _70582_/ZN (OAI21_X1)
   0.02    7.11 ^ _70584_/ZN (NAND2_X1)
   0.02    7.12 v _70588_/ZN (NAND3_X1)
   0.03    7.15 ^ _70590_/ZN (AOI21_X1)
   0.02    7.17 v _70591_/ZN (OAI21_X1)
   0.03    7.20 ^ _70593_/ZN (AOI21_X1)
   0.02    7.22 v _70596_/ZN (OAI21_X1)
   0.03    7.25 ^ _70598_/ZN (AOI21_X1)
   0.02    7.27 v _70601_/ZN (OAI21_X1)
   0.03    7.30 ^ _70604_/ZN (AOI21_X1)
   0.02    7.32 v _70607_/ZN (OAI21_X1)
   0.03    7.35 ^ _70609_/ZN (AOI21_X1)
   0.02    7.37 v _70612_/ZN (OAI21_X1)
   0.03    7.40 ^ _70614_/ZN (AOI21_X1)
   0.02    7.41 v _70616_/ZN (OAI21_X1)
   0.04    7.45 ^ _70617_/ZN (AOI21_X1)
   0.02    7.47 v _70619_/ZN (OAI211_X2)
   0.02    7.50 ^ _70623_/ZN (NAND3_X1)
   0.02    7.51 v _70626_/ZN (AOI21_X1)
   0.03    7.54 ^ _43191_/ZN (OAI21_X1)
   0.02    7.56 v _43195_/ZN (AOI21_X1)
   0.03    7.59 ^ _43196_/ZN (OAI21_X1)
   0.02    7.61 v _43199_/ZN (AOI21_X1)
   0.03    7.64 ^ _43202_/ZN (OAI21_X1)
   0.02    7.66 v _43205_/ZN (AOI21_X1)
   0.03    7.69 ^ _43207_/ZN (OAI21_X1)
   0.02    7.71 v _43209_/ZN (AOI21_X1)
   0.03    7.74 ^ _43213_/ZN (OAI21_X1)
   0.02    7.75 v _43216_/ZN (AOI21_X1)
   0.03    7.78 ^ _43220_/ZN (OAI21_X1)
   0.02    7.80 v _43221_/ZN (AOI21_X1)
   0.03    7.83 ^ _43224_/ZN (OAI21_X1)
   0.02    7.85 v _43226_/ZN (AOI21_X1)
   0.03    7.88 ^ _43228_/ZN (OAI21_X1)
   0.02    7.90 v _43230_/ZN (AOI21_X1)
   0.03    7.93 ^ _43234_/ZN (OAI21_X1)
   0.02    7.94 v _43237_/ZN (NAND2_X1)
   0.03    7.97 ^ _43240_/ZN (AOI21_X1)
   0.02    7.99 v _43242_/ZN (OAI21_X1)
   0.04    8.03 ^ _43245_/ZN (AOI21_X1)
   0.02    8.05 v _43247_/ZN (OAI211_X2)
   0.02    8.07 ^ _43251_/ZN (NAND3_X1)
   0.02    8.09 v _43255_/ZN (AOI21_X1)
   0.03    8.12 ^ _43256_/ZN (OAI21_X1)
   0.02    8.14 v _43259_/ZN (AOI21_X1)
   0.03    8.17 ^ _43263_/ZN (OAI21_X1)
   0.02    8.19 v _43264_/ZN (AOI21_X1)
   0.04    8.23 ^ _43268_/ZN (OAI21_X1)
   0.04    8.27 ^ _79785_/Z (CLKBUF_X1)
   0.00    8.27 ^ _85264_/D (DFF_X1)
           8.27   data arrival time

   5.40    5.40   clock CLK (rise edge)
   0.00    5.40   clock network delay (ideal)
   0.00    5.40   clock reconvergence pessimism
           5.40 ^ _85264_/CK (DFF_X1)
  -0.03    5.37   library setup time
           5.37   data required time
---------------------------------------------------------
           5.37   data required time
          -8.27   data arrival time
---------------------------------------------------------
          -2.90   slack (VIOLATED)



==========================================================================
report_tns
--------------------------------------------------------------------------
tns -3.14

==========================================================================
report_wns
--------------------------------------------------------------------------
wns -2.90

==========================================================================
report_design_area
--------------------------------------------------------------------------
Design area 848266 u^2 28% utilization.
