
==========================================================================
report_checks
--------------------------------------------------------------------------
Startpoint: _83994_ (rising edge-triggered flip-flop clocked by CLK)
Endpoint: _85264_ (rising edge-triggered flip-flop clocked by CLK)
Path Group: CLK
Path Type: max

  Delay    Time   Description
---------------------------------------------------------
   0.00    0.00   clock CLK (rise edge)
   0.00    0.00   clock network delay (ideal)
   0.00    0.00 ^ _83994_/CK (DFF_X1)
   0.08    0.08 ^ _83994_/Q (DFF_X1)
   0.20    0.28 ^ _72366_/Z (BUF_X1)
   0.00    0.29 v _48546_/ZN (INV_X32)
   0.07    0.35 ^ _68738_/ZN (NOR3_X4)
   0.05    0.40 v _68847_/ZN (NAND3_X2)
   0.12    0.52 ^ _68953_/ZN (NOR2_X2)
   0.07    0.59 v _69841_/ZN (NAND4_X1)
   0.03    0.62 ^ _69843_/ZN (NAND3_X1)
   0.02    0.64 v _69844_/ZN (AOI21_X1)
   0.04    0.68 ^ _69848_/ZN (OAI21_X1)
   0.02    0.69 v _69850_/ZN (AOI21_X1)
   0.03    0.72 ^ _69855_/ZN (OAI21_X1)
   0.02    0.74 v _69857_/ZN (AOI21_X1)
   0.04    0.78 ^ _69859_/ZN (OAI21_X1)
   0.02    0.80 v _69860_/ZN (AOI21_X1)
   0.03    0.83 ^ _69864_/ZN (OAI21_X1)
   0.02    0.85 v _69866_/ZN (AOI21_X1)
   0.03    0.88 ^ _69869_/ZN (OAI21_X1)
   0.02    0.90 v _69871_/ZN (AOI21_X1)
   0.03    0.93 ^ _69874_/ZN (OAI21_X1)
   0.02    0.95 v _69876_/ZN (AOI21_X1)
   0.03    0.98 ^ _69878_/ZN (OAI21_X1)
   0.02    0.99 v _69881_/ZN (AOI21_X1)
   0.03    1.03 ^ _69882_/ZN (OAI21_X1)
   0.02    1.05 v _69885_/ZN (AOI21_X1)
   0.03    1.08 ^ _69886_/ZN (OAI21_X1)
   0.02    1.09 v _69889_/ZN (AOI21_X1)
   0.03    1.13 ^ _69892_/ZN (OAI21_X1)
   0.02    1.14 v _69894_/ZN (AOI21_X1)
   0.03    1.17 ^ _69897_/ZN (OAI21_X1)
   0.02    1.19 v _69901_/ZN (AOI21_X1)
   0.03    1.22 ^ _69902_/ZN (AOI21_X2)
   0.02    1.24 v _69904_/ZN (AOI21_X2)
   0.03    1.27 ^ _69909_/ZN (OAI211_X2)
   0.02    1.29 v _69913_/ZN (NAND3_X1)
   0.03    1.32 ^ _69916_/ZN (AOI21_X1)
   0.02    1.34 v _69919_/ZN (OAI21_X1)
   0.03    1.37 ^ _69920_/ZN (AOI21_X1)
   0.02    1.39 v _69925_/ZN (OAI21_X1)
   0.03    1.42 ^ _69926_/ZN (OAI21_X1)
   0.02    1.43 v _69929_/ZN (AOI21_X1)
   0.03    1.47 ^ _69932_/ZN (OAI21_X1)
   0.02    1.49 v _69933_/ZN (AOI21_X1)
   0.03    1.52 ^ _69936_/ZN (OAI21_X1)
   0.02    1.54 v _69940_/ZN (NAND3_X1)
   0.02    1.56 ^ _69944_/ZN (NAND2_X1)
   0.02    1.58 v _69946_/ZN (AOI21_X2)
   0.03    1.61 ^ _69950_/ZN (OAI211_X2)
   0.02    1.63 v _69954_/ZN (NAND3_X1)
   0.02    1.65 ^ _69958_/ZN (NAND3_X1)
   0.01    1.66 v _69961_/ZN (NAND2_X1)
   0.02    1.68 ^ _69963_/ZN (NAND2_X1)
   0.02    1.70 v _69966_/ZN (AOI21_X2)
   0.03    1.73 ^ _69970_/ZN (OAI211_X2)
   0.02    1.75 v _69974_/ZN (NAND3_X1)
   0.03    1.78 ^ _69976_/ZN (AOI21_X1)
   0.02    1.80 v _69978_/ZN (OAI21_X1)
   0.03    1.83 ^ _69981_/ZN (AOI21_X1)
   0.02    1.85 v _69982_/ZN (OAI21_X1)
   0.03    1.88 ^ _69984_/ZN (AOI21_X1)
   0.02    1.90 v _69987_/ZN (OAI21_X1)
   0.03    1.93 ^ _69989_/ZN (AOI21_X1)
   0.02    1.95 v _69992_/ZN (OAI21_X1)
   0.03    1.98 ^ _69994_/ZN (AOI21_X1)
   0.02    2.00 v _69997_/ZN (OAI21_X1)
   0.03    2.03 ^ _70000_/ZN (AOI21_X1)
   0.02    2.05 v _70002_/ZN (OAI21_X1)
   0.02    2.07 ^ _70004_/ZN (NAND2_X1)
   0.02    2.09 v _70007_/ZN (AOI21_X2)
   0.03    2.12 ^ _70012_/ZN (OAI211_X2)
   0.02    2.14 v _70016_/ZN (NAND3_X1)
   0.02    2.16 ^ _70020_/ZN (NAND3_X1)
   0.02    2.18 v _70022_/ZN (AOI21_X1)
   0.03    2.21 ^ _70024_/ZN (OAI21_X1)
   0.02    2.23 v _70026_/ZN (AOI21_X1)
   0.03    2.26 ^ _70027_/ZN (OAI21_X1)
   0.02    2.28 v _70029_/ZN (AOI21_X1)
   0.03    2.31 ^ _70032_/ZN (OAI21_X1)
   0.02    2.32 v _70035_/ZN (AOI21_X1)
   0.03    2.35 ^ _70037_/ZN (OAI21_X1)
   0.02    2.37 v _70040_/ZN (AOI21_X1)
   0.03    2.41 ^ _70041_/ZN (OAI21_X1)
   0.02    2.43 v _70044_/ZN (AOI21_X1)
   0.03    2.45 ^ _70046_/ZN (OAI211_X2)
   0.02    2.48 v _70050_/ZN (NAND3_X1)
   0.03    2.51 ^ _70052_/ZN (AOI21_X1)
   0.02    2.52 v _70055_/ZN (OAI21_X1)
   0.03    2.56 ^ _70057_/ZN (AOI21_X1)
   0.02    2.58 v _70062_/ZN (OAI21_X1)
   0.04    2.62 ^ _70064_/ZN (AOI21_X1)
   0.02    2.64 v _70065_/ZN (OAI21_X1)
   0.03    2.67 ^ _70068_/ZN (AOI21_X1)
   0.02    2.69 v _70069_/ZN (OAI21_X1)
   0.03    2.72 ^ _70071_/ZN (AOI21_X1)
   0.02    2.74 v _70074_/ZN (OAI21_X1)
   0.03    2.77 ^ _70077_/ZN (AOI21_X1)
   0.02    2.78 v _70079_/ZN (OAI21_X1)
   0.03    2.82 ^ _70081_/ZN (AOI21_X1)
   0.02    2.83 v _70083_/ZN (OAI21_X1)
   0.03    2.87 ^ _70086_/ZN (AOI21_X1)
   0.02    2.88 v _70090_/ZN (OAI21_X1)
   0.04    2.92 ^ _70093_/ZN (AOI21_X1)
   0.02    2.94 v _70096_/ZN (OAI211_X2)
   0.02    2.97 ^ _70101_/ZN (NAND3_X1)
   0.02    2.98 v _70104_/ZN (AOI21_X1)
   0.03    3.01 ^ _70105_/ZN (OAI21_X1)
   0.02    3.03 v _70108_/ZN (AOI21_X1)
   0.03    3.06 ^ _70110_/ZN (OAI21_X1)
   0.02    3.07 v _70113_/ZN (NAND2_X1)
   0.03    3.10 ^ _70115_/ZN (AOI21_X1)
   0.02    3.12 v _70118_/ZN (OAI21_X1)
   0.03    3.15 ^ _70119_/ZN (AOI21_X1)
   0.02    3.17 v _70122_/ZN (OAI21_X1)
   0.04    3.21 ^ _70124_/ZN (AOI21_X1)
   0.02    3.23 v _70127_/ZN (OAI21_X2)
   0.03    3.26 ^ _70130_/ZN (AOI21_X2)
   0.02    3.28 v _70132_/ZN (OAI21_X2)
   0.03    3.30 ^ _70135_/ZN (AOI21_X2)
   0.02    3.32 v _70139_/ZN (OAI211_X2)
   0.02    3.34 ^ _70144_/ZN (NAND3_X1)
   0.02    3.36 v _70146_/ZN (AOI21_X1)
   0.03    3.39 ^ _70148_/ZN (OAI21_X1)
   0.02    3.41 v _70153_/ZN (NAND3_X1)
   0.03    3.44 ^ _70156_/ZN (AOI21_X1)
   0.02    3.46 v _70158_/ZN (OAI21_X1)
   0.02    3.48 ^ _70160_/ZN (NAND2_X1)
   0.02    3.50 v _70164_/ZN (NAND2_X1)
   0.03    3.52 ^ _70166_/ZN (AOI21_X2)
   0.02    3.55 v _70169_/ZN (OAI211_X2)
   0.02    3.57 ^ _70173_/ZN (NAND3_X1)
   0.02    3.59 v _70177_/ZN (NAND3_X1)
   0.02    3.60 ^ _70181_/ZN (NAND3_X1)
   0.01    3.62 v _70183_/ZN (NAND2_X1)
   0.03    3.65 ^ _70186_/ZN (AOI21_X1)
   0.02    3.67 v _70188_/ZN (OAI21_X1)
   0.03    3.70 ^ _70189_/ZN (AOI21_X1)
   0.02    3.71 v _70193_/ZN (OAI21_X1)
   0.03    3.75 ^ _70194_/ZN (AOI21_X1)
   0.02    3.76 v _70197_/ZN (OAI21_X1)
   0.03    3.79 ^ _70198_/ZN (AOI21_X1)
   0.02    3.81 v _70201_/ZN (OAI21_X1)
   0.03    3.84 ^ _70203_/ZN (AOI21_X1)
   0.02    3.86 v _70205_/ZN (OAI21_X1)
   0.03    3.89 ^ _70206_/ZN (AOI21_X1)
   0.02    3.91 v _70208_/ZN (OAI21_X1)
   0.04    3.95 ^ _70209_/ZN (AOI21_X1)
   0.02    3.97 v _70212_/ZN (OAI21_X2)
   0.03    3.99 ^ _70214_/ZN (AOI21_X2)
   0.02    4.01 v _70218_/ZN (OAI211_X2)
   0.02    4.03 ^ _70222_/ZN (NAND3_X1)
   0.02    4.05 v _70226_/ZN (AOI21_X1)
   0.03    4.08 ^ _70227_/ZN (OAI21_X1)
   0.02    4.10 v _70229_/ZN (AOI21_X1)
   0.03    4.13 ^ _70233_/ZN (OAI21_X1)
   0.02    4.15 v _70237_/ZN (AOI21_X1)
   0.03    4.18 ^ _70240_/ZN (OAI21_X1)
   0.02    4.19 v _70241_/ZN (AOI21_X1)
   0.03    4.23 ^ _70243_/ZN (OAI21_X1)
   0.02    4.24 v _70245_/ZN (AOI21_X1)
   0.03    4.27 ^ _70249_/ZN (OAI21_X1)
   0.02    4.30 v _70253_/ZN (NAND3_X1)
   0.03    4.33 ^ _70255_/ZN (AOI21_X1)
   0.02    4.34 v _70257_/ZN (OAI21_X1)
   0.02    4.37 ^ _70262_/ZN (NAND2_X1)
   0.02    4.39 v _70265_/ZN (AOI21_X2)
   0.03    4.41 ^ _70268_/ZN (OAI211_X2)
   0.02    4.44 v _70272_/ZN (NAND3_X1)
   0.02    4.46 ^ _70277_/ZN (NAND3_X1)
   0.02    4.47 v _70280_/ZN (AOI21_X1)
   0.07    4.54 ^ _70283_/ZN (OAI21_X1)
   0.03    4.57 v _70285_/ZN (AOI21_X1)
   0.04    4.61 ^ _70288_/ZN (OAI21_X1)
   0.02    4.63 v _70290_/ZN (AOI21_X1)
   0.03    4.65 ^ _70294_/ZN (OAI21_X1)
   0.02    4.67 v _70295_/ZN (AOI21_X1)
   0.03    4.70 ^ _70298_/ZN (OAI21_X1)
   0.02    4.72 v _70301_/ZN (AOI21_X1)
   0.03    4.76 ^ _70302_/ZN (OAI21_X1)
   0.02    4.77 v _70304_/ZN (AOI21_X1)
   0.03    4.80 ^ _70305_/ZN (OAI21_X1)
   0.02    4.83 v _70308_/ZN (AOI21_X1)
   0.03    4.85 ^ _70312_/ZN (OAI211_X2)
   0.02    4.88 v _70316_/ZN (NAND3_X1)
   0.02    4.89 ^ _70320_/ZN (NAND3_X1)
   0.02    4.91 v _70322_/ZN (AOI21_X1)
   0.03    4.94 ^ _70324_/ZN (OAI21_X1)
   0.02    4.96 v _70326_/ZN (AOI21_X1)
   0.03    4.99 ^ _70330_/ZN (OAI21_X2)
   0.02    5.01 v _70332_/ZN (AOI21_X2)
   0.03    5.04 ^ _70336_/ZN (OAI211_X2)
   0.02    5.06 v _70340_/ZN (NAND3_X2)
   0.03    5.09 ^ _70342_/ZN (AOI21_X2)
   0.02    5.11 v _70344_/ZN (OAI21_X2)
   0.03    5.14 ^ _70347_/ZN (AOI21_X2)
   0.02    5.16 v _70351_/ZN (OAI211_X2)
   0.02    5.18 ^ _70355_/ZN (NAND3_X1)
   0.02    5.20 v _70359_/ZN (NAND3_X1)
   0.03    5.23 ^ _70361_/ZN (AOI21_X1)
   0.02    5.24 v _70364_/ZN (OAI21_X1)
   0.02    5.26 ^ _70367_/ZN (NAND2_X1)
   0.02    5.28 v _70369_/ZN (AOI21_X2)
   0.03    5.31 ^ _70374_/ZN (OAI211_X2)
   0.03    5.33 v _70378_/ZN (NAND3_X1)
   0.03    5.36 ^ _70381_/ZN (AOI21_X1)
   0.02    5.38 v _70383_/ZN (OAI21_X1)
   0.03    5.41 ^ _70384_/ZN (AOI21_X1)
   0.02    5.43 v _70386_/ZN (OAI21_X1)
   0.03    5.47 ^ _70388_/ZN (AOI21_X1)
   0.02    5.48 v _70391_/ZN (OAI21_X1)
   0.03    5.51 ^ _70393_/ZN (AOI21_X1)
   0.02    5.53 v _70396_/ZN (OAI21_X1)
   0.04    5.57 ^ _70398_/ZN (AOI21_X1)
   0.02    5.59 v _70402_/ZN (OAI211_X2)
   0.02    5.61 ^ _70406_/ZN (NAND3_X1)
   0.02    5.63 v _70408_/ZN (AOI21_X1)
   0.03    5.66 ^ _70409_/ZN (OAI21_X1)
   0.02    5.68 v _70411_/ZN (AOI21_X1)
   0.03    5.71 ^ _70415_/ZN (OAI21_X1)
   0.02    5.73 v _70416_/ZN (AOI21_X1)
   0.03    5.76 ^ _70419_/ZN (OAI21_X1)
   0.02    5.77 v _70420_/ZN (AOI21_X1)
   0.03    5.80 ^ _70423_/ZN (OAI21_X1)
   0.02    5.82 v _70425_/ZN (AOI21_X1)
   0.03    5.85 ^ _70427_/ZN (OAI21_X1)
   0.02    5.87 v _70430_/ZN (AOI21_X1)
   0.03    5.91 ^ _70434_/ZN (OAI21_X1)
   0.02    5.93 v _70435_/ZN (AOI21_X1)
   0.04    5.96 ^ _70438_/ZN (OAI211_X2)
   0.03    5.99 v _70442_/ZN (NAND3_X1)
   0.03    6.02 ^ _70444_/ZN (AOI21_X1)
   0.02    6.04 v _70447_/ZN (OAI21_X1)
   0.03    6.07 ^ _70450_/ZN (AOI21_X1)
   0.02    6.09 v _70452_/ZN (OAI21_X1)
   0.03    6.12 ^ _70454_/ZN (AOI21_X1)
   0.02    6.14 v _70456_/ZN (OAI21_X1)
   0.02    6.16 ^ _70459_/ZN (NAND2_X1)
   0.01    6.17 v _70464_/ZN (AOI21_X1)
   0.03    6.20 ^ _70468_/ZN (OAI21_X1)
   0.02    6.22 v _70471_/ZN (NAND2_X1)
   0.03    6.25 ^ _70473_/ZN (AOI21_X2)
   0.02    6.28 v _70477_/ZN (OAI211_X2)
   0.02    6.30 ^ _70481_/ZN (NAND3_X1)
   0.02    6.31 v _70485_/ZN (NAND3_X1)
   0.03    6.34 ^ _70487_/ZN (AOI21_X1)
   0.02    6.36 v _70488_/ZN (OAI21_X1)
   0.03    6.39 ^ _70490_/ZN (AOI21_X1)
   0.02    6.41 v _70493_/ZN (OAI21_X1)
   0.03    6.44 ^ _70495_/ZN (AOI21_X1)
   0.02    6.46 v _70498_/ZN (OAI21_X1)
   0.04    6.50 ^ _70500_/ZN (AOI21_X1)
   0.02    6.52 v _70503_/ZN (OAI21_X1)
   0.04    6.56 ^ _70505_/ZN (AOI21_X1)
   0.02    6.58 v _70509_/ZN (OAI211_X2)
   0.02    6.60 ^ _70513_/ZN (NAND3_X1)
   0.02    6.62 v _70517_/ZN (NAND3_X1)
   0.03    6.65 ^ _70519_/ZN (AOI21_X1)
   0.02    6.67 v _70521_/ZN (OAI21_X1)
   0.03    6.70 ^ _70523_/ZN (AOI21_X1)
   0.02    6.72 v _70526_/ZN (OAI21_X1)
   0.03    6.75 ^ _70529_/ZN (AOI21_X1)
   0.02    6.77 v _70531_/ZN (OAI21_X1)
   0.03    6.80 ^ _70533_/ZN (AOI21_X1)
   0.02    6.81 v _70534_/ZN (OAI21_X1)
   0.03    6.84 ^ _70537_/ZN (AOI21_X1)
   0.02    6.86 v _70539_/ZN (OAI21_X1)
   0.03    6.89 ^ _70541_/ZN (AOI21_X1)
   0.02    6.91 v _70544_/ZN (OAI21_X1)
   0.04    6.95 ^ _70546_/ZN (AOI21_X1)
   0.02    6.97 v _70550_/ZN (OAI211_X2)
   0.02    6.99 ^ _70555_/ZN (NAND3_X1)
   0.02    7.01 v _70559_/ZN (NAND3_X1)
   0.03    7.04 ^ _70561_/ZN (AOI21_X1)
   0.02    7.06 v _70563_/ZN (OAI21_X1)
   0.03    7.09 ^ _70565_/ZN (AOI21_X1)
   0.02    7.11 v _70569_/ZN (OAI21_X1)
   0.03    7.14 ^ _70570_/ZN (AOI21_X1)
   0.02    7.16 v _70574_/ZN (OAI21_X1)
   0.03    7.18 ^ _70575_/ZN (AOI21_X1)
   0.02    7.20 v _70579_/ZN (OAI21_X1)
   0.03    7.23 ^ _70581_/ZN (AOI21_X1)
   0.02    7.25 v _70582_/ZN (OAI21_X1)
   0.02    7.27 ^ _70584_/ZN (NAND2_X1)
   0.02    7.28 v _70588_/ZN (NAND3_X1)
   0.03    7.32 ^ _70590_/ZN (AOI21_X1)
   0.02    7.33 v _70591_/ZN (OAI21_X1)
   0.03    7.36 ^ _70593_/ZN (AOI21_X1)
   0.02    7.38 v _70596_/ZN (OAI21_X1)
   0.03    7.41 ^ _70598_/ZN (AOI21_X1)
   0.02    7.43 v _70601_/ZN (OAI21_X1)
   0.03    7.46 ^ _70604_/ZN (AOI21_X1)
   0.02    7.48 v _70607_/ZN (OAI21_X1)
   0.03    7.51 ^ _70609_/ZN (AOI21_X1)
   0.02    7.53 v _70612_/ZN (OAI21_X1)
   0.03    7.56 ^ _70614_/ZN (AOI21_X1)
   0.02    7.58 v _70616_/ZN (OAI21_X1)
   0.04    7.61 ^ _70617_/ZN (AOI21_X1)
   0.02    7.64 v _70619_/ZN (OAI211_X2)
   0.02    7.66 ^ _70623_/ZN (NAND3_X1)
   0.02    7.67 v _70626_/ZN (AOI21_X1)
   0.03    7.70 ^ _43191_/ZN (OAI21_X1)
   0.02    7.72 v _43195_/ZN (AOI21_X1)
   0.03    7.75 ^ _43196_/ZN (OAI21_X1)
   0.02    7.77 v _43199_/ZN (AOI21_X1)
   0.03    7.80 ^ _43202_/ZN (OAI21_X1)
   0.02    7.82 v _43205_/ZN (AOI21_X1)
   0.03    7.85 ^ _43207_/ZN (OAI21_X1)
   0.02    7.87 v _43209_/ZN (AOI21_X1)
   0.03    7.90 ^ _43213_/ZN (OAI21_X1)
   0.02    7.92 v _43216_/ZN (AOI21_X1)
   0.03    7.94 ^ _43220_/ZN (OAI21_X1)
   0.02    7.96 v _43221_/ZN (AOI21_X1)
   0.03    7.99 ^ _43224_/ZN (OAI21_X1)
   0.02    8.01 v _43226_/ZN (AOI21_X1)
   0.03    8.04 ^ _43228_/ZN (OAI21_X1)
   0.02    8.06 v _43230_/ZN (AOI21_X1)
   0.03    8.09 ^ _43234_/ZN (OAI21_X1)
   0.02    8.11 v _43237_/ZN (NAND2_X1)
   0.03    8.14 ^ _43240_/ZN (AOI21_X1)
   0.02    8.16 v _43242_/ZN (OAI21_X1)
   0.04    8.19 ^ _43245_/ZN (AOI21_X1)
   0.02    8.22 v _43247_/ZN (OAI211_X2)
   0.02    8.24 ^ _43251_/ZN (NAND3_X1)
   0.02    8.25 v _43255_/ZN (AOI21_X1)
   0.03    8.28 ^ _43256_/ZN (OAI21_X1)
   0.02    8.30 v _43259_/ZN (AOI21_X1)
   0.03    8.33 ^ _43263_/ZN (OAI21_X1)
   0.02    8.35 v _43264_/ZN (AOI21_X1)
   0.04    8.39 ^ _43268_/ZN (OAI21_X1)
   0.03    8.42 ^ _79785_/Z (BUF_X1)
   0.00    8.42 ^ _85264_/D (DFF_X1)
           8.42   data arrival time

   5.40    5.40   clock CLK (rise edge)
   0.00    5.40   clock network delay (ideal)
   0.00    5.40   clock reconvergence pessimism
           5.40 ^ _85264_/CK (DFF_X1)
  -0.03    5.37   library setup time
           5.37   data required time
---------------------------------------------------------
           5.37   data required time
          -8.42   data arrival time
---------------------------------------------------------
          -3.05   slack (VIOLATED)



==========================================================================
report_tns
--------------------------------------------------------------------------
tns -26.86

==========================================================================
report_wns
--------------------------------------------------------------------------
wns -3.05

==========================================================================
report_design_area
--------------------------------------------------------------------------
Design area 789251 u^2 26% utilization.
