  violation type: Short
    srcs: icache_1.tag_mem.macro_mem.mem/OBS icache_1.tag_mem.macro_mem.w_mask_i\[25\] 
    bbox = ( 794.36, 43.155 ) - ( 794.43, 43.365 ) on Layer metal3
  violation type: Short
    srcs: icache_1.tag_mem.macro_mem.mem/OBS icache_1.tag_mem.macro_mem.w_mask_i\[25\] 
    bbox = ( 794.43, 43.085 ) - ( 794.43, 43.435 ) on Layer metal3
  violation type: Short
    srcs: icache_1.tag_mem.macro_mem.mem/OBS icache_1.tag_mem.macro_mem.w_mask_i\[21\] 
    bbox = ( 794.36, 42.035 ) - ( 794.43, 42.245 ) on Layer metal3
  violation type: Short
    srcs: icache_1.tag_mem.macro_mem.mem/OBS icache_1.tag_mem.macro_mem.w_mask_i\[21\] 
    bbox = ( 794.43, 41.965 ) - ( 794.43, 42.315 ) on Layer metal3
  violation type: Short
    srcs: icache_1.tag_mem.macro_mem.mem/OBS icache_1.tag_mem.macro_mem.w_mask_i\[15\] 
    bbox = ( 794.36, 40.355 ) - ( 794.43, 40.565 ) on Layer metal3
  violation type: Short
    srcs: icache_1.tag_mem.macro_mem.mem/OBS icache_1.tag_mem.macro_mem.w_mask_i\[15\] 
    bbox = ( 794.43, 40.285 ) - ( 794.43, 40.635 ) on Layer metal3
  violation type: Short
    srcs: icache_1.tag_mem.macro_mem.mem/OBS icache_1.tag_mem.macro_mem.w_mask_i\[17\] 
    bbox = ( 794.36, 40.915 ) - ( 794.43, 41.125 ) on Layer metal3
  violation type: Short
    srcs: icache_1.tag_mem.macro_mem.mem/OBS icache_1.tag_mem.macro_mem.w_mask_i\[17\] 
    bbox = ( 794.43, 40.845 ) - ( 794.43, 41.195 ) on Layer metal3
  violation type: Short
    srcs: icache_1.tag_mem.macro_mem.mem/OBS icache_1.tag_mem.macro_mem.w_mask_i\[19\] 
    bbox = ( 794.36, 41.475 ) - ( 794.43, 41.685 ) on Layer metal3
  violation type: Short
    srcs: icache_1.tag_mem.macro_mem.mem/OBS icache_1.tag_mem.macro_mem.w_mask_i\[19\] 
    bbox = ( 794.43, 41.405 ) - ( 794.43, 41.755 ) on Layer metal3
  violation type: Short
    srcs: icache_1.tag_mem.macro_mem.mem/OBS icache_1.tag_mem.macro_mem.w_mask_i\[27\] 
    bbox = ( 794.36, 43.715 ) - ( 794.43, 43.925 ) on Layer metal3
  violation type: Short
    srcs: icache_1.tag_mem.macro_mem.mem/OBS icache_1.tag_mem.macro_mem.w_mask_i\[27\] 
    bbox = ( 794.43, 43.645 ) - ( 794.43, 43.995 ) on Layer metal3
  violation type: Short
    srcs: icache_1.tag_mem.macro_mem.mem/OBS icache_1.tag_mem.macro_mem.w_mask_i\[35\] 
    bbox = ( 794.43, 45.885 ) - ( 794.43, 46.235 ) on Layer metal3
  violation type: Short
    srcs: icache_1.tag_mem.macro_mem.mem/OBS icache_1.tag_mem.macro_mem.w_mask_i\[35\] 
    bbox = ( 794.36, 45.955 ) - ( 794.43, 46.165 ) on Layer metal3
  violation type: Short
    srcs: icache_1.tag_mem.macro_mem.mem/OBS icache_1.tag_mem.macro_mem.w_mask_i\[23\] 
    bbox = ( 794.36, 42.595 ) - ( 794.43, 42.805 ) on Layer metal3
  violation type: Short
    srcs: icache_1.tag_mem.macro_mem.mem/OBS icache_1.tag_mem.macro_mem.w_mask_i\[23\] 
    bbox = ( 794.43, 42.525 ) - ( 794.43, 42.875 ) on Layer metal3
  violation type: Short
    srcs: icache_1.tag_mem.macro_mem.mem/OBS icache_1.tag_mem.macro_mem.w_mask_i\[49\] 
    bbox = ( 794.36, 49.875 ) - ( 794.43, 50.085 ) on Layer metal3
  violation type: Short
    srcs: icache_1.tag_mem.macro_mem.mem/OBS icache_1.tag_mem.macro_mem.w_mask_i\[5\] 
    bbox = ( 794.43, 37.485 ) - ( 794.43, 37.835 ) on Layer metal3
  violation type: Short
    srcs: icache_1.tag_mem.macro_mem.mem/OBS icache_1.tag_mem.macro_mem.w_mask_i\[3\] 
    bbox = ( 794.43, 36.925 ) - ( 794.43, 37.275 ) on Layer metal3
  violation type: Short
    srcs: icache_1.tag_mem.macro_mem.mem/OBS icache_1.tag_mem.macro_mem.w_mask_i\[1\] 
    bbox = ( 794.43, 36.365 ) - ( 794.43, 36.715 ) on Layer metal3
  violation type: Short
    srcs: icache_1.tag_mem.macro_mem.mem/OBS icache_1.tag_mem.macro_mem.w_mask_i\[7\] 
    bbox = ( 794.43, 38.045 ) - ( 794.43, 38.395 ) on Layer metal3
  violation type: Short
    srcs: icache_1.tag_mem.macro_mem.mem/OBS icache_1.tag_mem.macro_mem.w_mask_i\[9\] 
    bbox = ( 794.43, 38.605 ) - ( 794.43, 38.955 ) on Layer metal3
  violation type: Short
    srcs: icache_1.tag_mem.macro_mem.mem/OBS icache_1.tag_mem.macro_mem.w_mask_i\[11\] 
    bbox = ( 794.43, 39.165 ) - ( 794.43, 39.515 ) on Layer metal3
  violation type: Short
    srcs: icache_1.tag_mem.macro_mem.mem/OBS icache_1.tag_mem.macro_mem.w_mask_i\[13\] 
    bbox = ( 794.43, 39.725 ) - ( 794.43, 40.075 ) on Layer metal3
  violation type: Short
    srcs: icache_1.tag_mem.macro_mem.mem/OBS icache_1.tag_mem.macro_mem.w_mask_i\[43\] 
    bbox = ( 794.43, 48.055 ) - ( 794.43, 48.125 ) on Layer metal3
  violation type: Short
    srcs: icache_1.tag_mem.macro_mem.mem/OBS icache_1.tag_mem.macro_mem.w_mask_i\[29\] 
    bbox = ( 794.43, 44.205 ) - ( 794.43, 44.555 ) on Layer metal3
  violation type: Short
    srcs: icache_1.tag_mem.macro_mem.mem/OBS icache_1.tag_mem.macro_mem.w_mask_i\[31\] 
    bbox = ( 794.43, 44.765 ) - ( 794.43, 45.115 ) on Layer metal3
  violation type: Short
    srcs: icache_1.tag_mem.macro_mem.mem/OBS icache_1.tag_mem.macro_mem.w_mask_i\[33\] 
    bbox = ( 794.43, 45.325 ) - ( 794.43, 45.675 ) on Layer metal3
  violation type: Short
    srcs: icache_1.tag_mem.macro_mem.mem/OBS icache_1.tag_mem.macro_mem.w_mask_i\[37\] 
    bbox = ( 794.43, 46.445 ) - ( 794.43, 46.795 ) on Layer metal3
  violation type: Short
    srcs: icache_1.tag_mem.macro_mem.mem/OBS icache_1.tag_mem.macro_mem.w_mask_i\[45\] 
    bbox = ( 794.43, 48.685 ) - ( 794.43, 49.035 ) on Layer metal3
  violation type: Short
    srcs: icache_1.tag_mem.macro_mem.mem/OBS icache_1.tag_mem.macro_mem.w_mask_i\[39\] 
    bbox = ( 794.43, 47.005 ) - ( 794.43, 47.355 ) on Layer metal3
  violation type: Short
    srcs: icache_1.tag_mem.macro_mem.mem/OBS icache_1.tag_mem.macro_mem.w_mask_i\[47\] 
    bbox = ( 794.43, 49.245 ) - ( 794.43, 49.595 ) on Layer metal3
  violation type: Short
    srcs: icache_1.tag_mem.macro_mem.mem/OBS icache_1.tag_mem.macro_mem.w_mask_i\[41\] 
    bbox = ( 794.43, 47.565 ) - ( 794.43, 47.915 ) on Layer metal3
  violation type: Short
    srcs: icache_1.tag_mem.macro_mem.mem/OBS icache_1.tag_mem.macro_mem.w_mask_i\[43\] 
    bbox = ( 794.43, 48.055 ) - ( 794.43, 48.475 ) on Layer metal3
  violation type: Short
    srcs: icache_1.tag_mem.macro_mem.mem/OBS icache_1.tag_mem.macro_mem.w_mask_i\[1\] 
    bbox = ( 794.36, 36.435 ) - ( 794.43, 36.645 ) on Layer metal3
  violation type: Short
    srcs: icache_1.tag_mem.macro_mem.mem/OBS icache_1.tag_mem.macro_mem.w_mask_i\[3\] 
    bbox = ( 794.36, 36.995 ) - ( 794.43, 37.205 ) on Layer metal3
  violation type: Short
    srcs: icache_1.tag_mem.macro_mem.mem/OBS icache_1.tag_mem.macro_mem.w_mask_i\[5\] 
    bbox = ( 794.36, 37.555 ) - ( 794.43, 37.765 ) on Layer metal3
  violation type: Short
    srcs: icache_1.tag_mem.macro_mem.mem/OBS icache_1.tag_mem.macro_mem.w_mask_i\[7\] 
    bbox = ( 794.36, 38.115 ) - ( 794.43, 38.325 ) on Layer metal3
  violation type: Short
    srcs: icache_1.tag_mem.macro_mem.mem/OBS icache_1.tag_mem.macro_mem.w_mask_i\[9\] 
    bbox = ( 794.36, 38.675 ) - ( 794.43, 38.885 ) on Layer metal3
  violation type: Short
    srcs: icache_1.tag_mem.macro_mem.mem/OBS icache_1.tag_mem.macro_mem.w_mask_i\[11\] 
    bbox = ( 794.36, 39.235 ) - ( 794.43, 39.445 ) on Layer metal3
  violation type: Short
    srcs: icache_1.tag_mem.macro_mem.mem/OBS icache_1.tag_mem.macro_mem.w_mask_i\[13\] 
    bbox = ( 794.36, 39.795 ) - ( 794.43, 40.005 ) on Layer metal3
  violation type: Short
    srcs: icache_1.tag_mem.macro_mem.mem/OBS icache_1.tag_mem.macro_mem.w_mask_i\[29\] 
    bbox = ( 794.36, 44.275 ) - ( 794.43, 44.485 ) on Layer metal3
  violation type: Short
    srcs: icache_1.tag_mem.macro_mem.mem/OBS icache_1.tag_mem.macro_mem.w_mask_i\[31\] 
    bbox = ( 794.36, 44.835 ) - ( 794.43, 45.045 ) on Layer metal3
  violation type: Short
    srcs: icache_1.tag_mem.macro_mem.mem/OBS icache_1.tag_mem.macro_mem.w_mask_i\[33\] 
    bbox = ( 794.36, 45.395 ) - ( 794.43, 45.605 ) on Layer metal3
  violation type: Short
    srcs: icache_1.tag_mem.macro_mem.mem/OBS icache_1.tag_mem.macro_mem.w_mask_i\[37\] 
    bbox = ( 794.36, 46.515 ) - ( 794.43, 46.725 ) on Layer metal3
  violation type: Short
    srcs: icache_1.tag_mem.macro_mem.mem/OBS icache_1.tag_mem.macro_mem.w_mask_i\[39\] 
    bbox = ( 794.36, 47.075 ) - ( 794.43, 47.285 ) on Layer metal3
  violation type: Short
    srcs: icache_1.tag_mem.macro_mem.mem/OBS icache_1.tag_mem.macro_mem.w_mask_i\[41\] 
    bbox = ( 794.36, 47.635 ) - ( 794.43, 47.845 ) on Layer metal3
  violation type: Short
    srcs: icache_1.tag_mem.macro_mem.mem/OBS icache_1.tag_mem.macro_mem.w_mask_i\[43\] 
    bbox = ( 794.36, 48.055 ) - ( 794.43, 48.125 ) on Layer metal3
  violation type: Short
    srcs: icache_1.tag_mem.macro_mem.mem/OBS icache_1.tag_mem.macro_mem.w_mask_i\[43\] 
    bbox = ( 794.36, 48.195 ) - ( 794.43, 48.405 ) on Layer metal3
  violation type: Short
    srcs: icache_1.tag_mem.macro_mem.mem/OBS icache_1.tag_mem.macro_mem.w_mask_i\[45\] 
    bbox = ( 794.36, 48.755 ) - ( 794.43, 48.965 ) on Layer metal3
  violation type: Short
    srcs: icache_1.tag_mem.macro_mem.mem/OBS icache_1.tag_mem.macro_mem.w_mask_i\[47\] 
    bbox = ( 794.36, 49.315 ) - ( 794.43, 49.525 ) on Layer metal3
  violation type: Short
    srcs: icache_1.tag_mem.macro_mem.mem/OBS icache_1.tag_mem.macro_mem.w_mask_i\[55\] 
    bbox = ( 794.36, 51.555 ) - ( 794.43, 51.765 ) on Layer metal3
  violation type: Short
    srcs: icache_1.tag_mem.macro_mem.mem/OBS icache_1.tag_mem.macro_mem.w_mask_i\[55\] 
    bbox = ( 794.43, 51.485 ) - ( 794.43, 51.835 ) on Layer metal3
  violation type: Short
    srcs: icache_1.tag_mem.macro_mem.mem/OBS icache_1.tag_mem.macro_mem.w_mask_i\[61\] 
    bbox = ( 794.36, 53.235 ) - ( 794.43, 53.445 ) on Layer metal3
  violation type: Short
    srcs: icache_1.tag_mem.macro_mem.mem/OBS icache_1.tag_mem.macro_mem.w_mask_i\[61\] 
    bbox = ( 794.43, 53.165 ) - ( 794.43, 53.515 ) on Layer metal3
  violation type: Short
    srcs: icache_1.tag_mem.macro_mem.mem/OBS icache_1.tag_mem.macro_mem.w_mask_i\[67\] 
    bbox = ( 794.36, 54.915 ) - ( 794.43, 55.125 ) on Layer metal3
  violation type: Short
    srcs: icache_1.tag_mem.macro_mem.mem/OBS icache_1.tag_mem.macro_mem.w_mask_i\[67\] 
    bbox = ( 794.43, 54.845 ) - ( 794.43, 55.195 ) on Layer metal3
  violation type: Short
    srcs: icache_1.tag_mem.macro_mem.mem/OBS icache_1.tag_mem.macro_mem.w_mask_i\[65\] 
    bbox = ( 794.36, 54.355 ) - ( 794.43, 54.565 ) on Layer metal3
  violation type: Short
    srcs: icache_1.tag_mem.macro_mem.mem/OBS icache_1.tag_mem.macro_mem.w_mask_i\[65\] 
    bbox = ( 794.43, 54.285 ) - ( 794.43, 54.635 ) on Layer metal3
  violation type: Short
    srcs: icache_1.tag_mem.macro_mem.mem/OBS icache_1.tag_mem.macro_mem.w_mask_i\[69\] 
    bbox = ( 794.36, 55.475 ) - ( 794.43, 55.685 ) on Layer metal3
  violation type: Short
    srcs: icache_1.tag_mem.macro_mem.mem/OBS icache_1.tag_mem.macro_mem.w_mask_i\[69\] 
    bbox = ( 794.43, 55.405 ) - ( 794.43, 55.755 ) on Layer metal3
  violation type: Short
    srcs: icache_1.tag_mem.macro_mem.mem/OBS icache_1.tag_mem.macro_mem.w_mask_i\[51\] 
    bbox = ( 794.43, 50.435 ) - ( 794.43, 50.505 ) on Layer metal3
  violation type: Short
    srcs: icache_1.tag_mem.macro_mem.mem/OBS icache_1.tag_mem.macro_mem.w_mask_i\[51\] 
    bbox = ( 794.43, 50.3475 ) - ( 794.43, 50.715 ) on Layer metal3
  violation type: Short
    srcs: icache_1.tag_mem.macro_mem.mem/OBS icache_1.tag_mem.macro_mem.w_mask_i\[49\] 
    bbox = ( 794.43, 49.805 ) - ( 794.43, 50.155 ) on Layer metal3
  violation type: Short
    srcs: icache_1.tag_mem.macro_mem.mem/OBS icache_1.tag_mem.macro_mem.w_mask_i\[53\] 
    bbox = ( 794.43, 50.925 ) - ( 794.43, 51.275 ) on Layer metal3
  violation type: Short
    srcs: icache_1.tag_mem.macro_mem.mem/OBS icache_1.tag_mem.macro_mem.w_mask_i\[59\] 
    bbox = ( 794.43, 52.605 ) - ( 794.43, 52.955 ) on Layer metal3
  violation type: Short
    srcs: icache_1.tag_mem.macro_mem.mem/OBS icache_1.tag_mem.macro_mem.w_mask_i\[71\] 
    bbox = ( 794.43, 55.965 ) - ( 794.43, 56.315 ) on Layer metal3
  violation type: Short
    srcs: icache_1.tag_mem.macro_mem.mem/OBS icache_1.tag_mem.macro_mem.w_mask_i\[63\] 
    bbox = ( 794.43, 53.725 ) - ( 794.43, 54.075 ) on Layer metal3
  violation type: Short
    srcs: icache_1.tag_mem.macro_mem.mem/OBS icache_1.tag_mem.macro_mem.w_mask_i\[57\] 
    bbox = ( 794.43, 52.045 ) - ( 794.43, 52.395 ) on Layer metal3
  violation type: Short
    srcs: icache_1.tag_mem.macro_mem.mem/OBS icache_1.tag_mem.macro_mem.w_mask_i\[73\] 
    bbox = ( 794.43, 56.525 ) - ( 794.43, 56.875 ) on Layer metal3
  violation type: Short
    srcs: icache_1.tag_mem.macro_mem.mem/OBS icache_1.tag_mem.macro_mem.w_mask_i\[75\] 
    bbox = ( 794.43, 57.085 ) - ( 794.43, 57.435 ) on Layer metal3
  violation type: Short
    srcs: icache_1.tag_mem.macro_mem.mem/OBS icache_1.tag_mem.macro_mem.w_mask_i\[79\] 
    bbox = ( 794.43, 58.205 ) - ( 794.43, 58.555 ) on Layer metal3
  violation type: Short
    srcs: icache_1.tag_mem.macro_mem.mem/OBS icache_1.tag_mem.macro_mem.w_mask_i\[77\] 
    bbox = ( 794.43, 57.645 ) - ( 794.43, 57.995 ) on Layer metal3
  violation type: Short
    srcs: icache_1.tag_mem.macro_mem.mem/OBS icache_1.tag_mem.macro_mem.w_mask_i\[81\] 
    bbox = ( 794.43, 58.765 ) - ( 794.43, 59.115 ) on Layer metal3
  violation type: Short
    srcs: icache_1.tag_mem.macro_mem.mem/OBS icache_1.tag_mem.macro_mem.w_mask_i\[89\] 
    bbox = ( 794.43, 61.005 ) - ( 794.43, 61.355 ) on Layer metal3
  violation type: Short
    srcs: icache_1.tag_mem.macro_mem.mem/OBS icache_1.tag_mem.macro_mem.w_mask_i\[83\] 
    bbox = ( 794.43, 59.325 ) - ( 794.43, 59.675 ) on Layer metal3
  violation type: Short
    srcs: icache_1.tag_mem.macro_mem.mem/OBS icache_1.tag_mem.macro_mem.w_mask_i\[93\] 
    bbox = ( 794.43, 62.125 ) - ( 794.43, 62.475 ) on Layer metal3
  violation type: Short
    srcs: icache_1.tag_mem.macro_mem.mem/OBS icache_1.tag_mem.macro_mem.w_mask_i\[87\] 
    bbox = ( 794.43, 60.445 ) - ( 794.43, 60.795 ) on Layer metal3
  violation type: Short
    srcs: icache_1.tag_mem.macro_mem.mem/OBS icache_1.tag_mem.macro_mem.w_mask_i\[91\] 
    bbox = ( 794.43, 61.565 ) - ( 794.43, 61.915 ) on Layer metal3
  violation type: Short
    srcs: icache_1.tag_mem.macro_mem.mem/OBS icache_1.tag_mem.macro_mem.w_mask_i\[95\] 
    bbox = ( 794.43, 62.685 ) - ( 794.43, 63.035 ) on Layer metal3
  violation type: Short
    srcs: icache_1.tag_mem.macro_mem.mem/OBS icache_1.tag_mem.macro_mem.w_mask_i\[85\] 
    bbox = ( 794.43, 59.885 ) - ( 794.43, 60.235 ) on Layer metal3
  violation type: Short
    srcs: icache_1.tag_mem.macro_mem.mem/OBS icache_1.tag_mem.macro_mem.w_mask_i\[51\] 
    bbox = ( 794.36, 50.3475 ) - ( 794.43, 50.365 ) on Layer metal3
  violation type: Short
    srcs: icache_1.tag_mem.macro_mem.mem/OBS icache_1.tag_mem.macro_mem.w_mask_i\[51\] 
    bbox = ( 794.36, 50.435 ) - ( 794.43, 50.505 ) on Layer metal3
  violation type: Short
    srcs: icache_1.tag_mem.macro_mem.mem/OBS icache_1.tag_mem.macro_mem.w_mask_i\[51\] 
    bbox = ( 794.36, 50.435 ) - ( 794.43, 50.645 ) on Layer metal3
  violation type: Short
    srcs: icache_1.tag_mem.macro_mem.mem/OBS icache_1.tag_mem.macro_mem.w_mask_i\[53\] 
    bbox = ( 794.36, 50.995 ) - ( 794.43, 51.205 ) on Layer metal3
  violation type: Short
    srcs: icache_1.tag_mem.macro_mem.mem/OBS icache_1.tag_mem.macro_mem.w_mask_i\[57\] 
    bbox = ( 794.36, 52.115 ) - ( 794.43, 52.325 ) on Layer metal3
  violation type: Short
    srcs: icache_1.tag_mem.macro_mem.mem/OBS icache_1.tag_mem.macro_mem.w_mask_i\[59\] 
    bbox = ( 794.36, 52.675 ) - ( 794.43, 52.885 ) on Layer metal3
  violation type: Short
    srcs: icache_1.tag_mem.macro_mem.mem/OBS icache_1.tag_mem.macro_mem.w_mask_i\[63\] 
    bbox = ( 794.36, 53.795 ) - ( 794.43, 54.005 ) on Layer metal3
  violation type: Short
    srcs: icache_1.tag_mem.macro_mem.mem/OBS icache_1.tag_mem.macro_mem.w_mask_i\[71\] 
    bbox = ( 794.36, 56.035 ) - ( 794.43, 56.245 ) on Layer metal3
  violation type: Short
    srcs: icache_1.tag_mem.macro_mem.mem/OBS icache_1.tag_mem.macro_mem.w_mask_i\[73\] 
    bbox = ( 794.36, 56.595 ) - ( 794.43, 56.805 ) on Layer metal3
  violation type: Short
    srcs: icache_1.tag_mem.macro_mem.mem/OBS icache_1.tag_mem.macro_mem.w_mask_i\[75\] 
    bbox = ( 794.36, 57.155 ) - ( 794.43, 57.365 ) on Layer metal3
  violation type: Short
    srcs: icache_1.tag_mem.macro_mem.mem/OBS icache_1.tag_mem.macro_mem.w_mask_i\[77\] 
    bbox = ( 794.36, 57.715 ) - ( 794.43, 57.925 ) on Layer metal3
  violation type: Short
    srcs: icache_1.tag_mem.macro_mem.mem/OBS icache_1.tag_mem.macro_mem.w_mask_i\[79\] 
    bbox = ( 794.36, 58.275 ) - ( 794.43, 58.485 ) on Layer metal3
  violation type: Short
    srcs: icache_1.tag_mem.macro_mem.mem/OBS icache_1.tag_mem.macro_mem.w_mask_i\[81\] 
    bbox = ( 794.36, 58.835 ) - ( 794.43, 59.045 ) on Layer metal3
  violation type: Short
    srcs: icache_1.tag_mem.macro_mem.mem/OBS icache_1.tag_mem.macro_mem.w_mask_i\[83\] 
    bbox = ( 794.36, 59.395 ) - ( 794.43, 59.605 ) on Layer metal3
  violation type: Short
    srcs: icache_1.tag_mem.macro_mem.mem/OBS icache_1.tag_mem.macro_mem.w_mask_i\[85\] 
    bbox = ( 794.36, 59.955 ) - ( 794.43, 60.165 ) on Layer metal3
  violation type: Short
    srcs: icache_1.tag_mem.macro_mem.mem/OBS icache_1.tag_mem.macro_mem.w_mask_i\[87\] 
    bbox = ( 794.36, 60.515 ) - ( 794.43, 60.725 ) on Layer metal3
  violation type: Short
    srcs: icache_1.tag_mem.macro_mem.mem/OBS icache_1.tag_mem.macro_mem.w_mask_i\[89\] 
    bbox = ( 794.36, 61.075 ) - ( 794.43, 61.285 ) on Layer metal3
  violation type: Short
    srcs: icache_1.tag_mem.macro_mem.mem/OBS icache_1.tag_mem.macro_mem.w_mask_i\[91\] 
    bbox = ( 794.36, 61.635 ) - ( 794.43, 61.845 ) on Layer metal3
  violation type: Short
    srcs: icache_1.tag_mem.macro_mem.mem/OBS icache_1.tag_mem.macro_mem.w_mask_i\[93\] 
    bbox = ( 794.36, 62.195 ) - ( 794.43, 62.405 ) on Layer metal3
  violation type: Short
    srcs: icache_1.tag_mem.macro_mem.mem/OBS icache_1.tag_mem.macro_mem.w_mask_i\[95\] 
    bbox = ( 794.36, 62.755 ) - ( 794.43, 62.965 ) on Layer metal3
  violation type: OffGrid
    srcs: icache_1.tag_mem.macro_mem.w_mask_i\[51\] 
    bbox = ( 794.36, 50.3475 ) - ( 794.43, 50.715 ) on Layer metal3
  violation type: Short
    srcs: net2522 net2526 
    bbox = ( 40.94, 216.545 ) - ( 41.01, 216.545 ) on Layer metal3
  violation type: Short
    srcs: net2522 net2526 
    bbox = ( 40.94, 216.545 ) - ( 41.015, 216.545 ) on Layer metal3
  violation type: Short
    srcs: icache_1.data_mem_banks_5__data_mem_bank.data_o\[58\] icache_1.data_mem_banks_5__data_mem_bank.data_o\[59\] 
    bbox = ( 191.58, 144.935 ) - ( 191.65, 144.935 ) on Layer metal3
  violation type: Short
    srcs: icache_1.data_mem_banks_5__data_mem_bank.data_o\[58\] icache_1.data_mem_banks_5__data_mem_bank.data_o\[59\] 
    bbox = ( 191.58, 144.935 ) - ( 191.685, 144.935 ) on Layer metal3
  violation type: Short
    srcs: icache_1.data_mem_banks_4__data_mem_bank.data_i\[11\] icache_1.data_mem_banks_4__data_mem_bank.data_i\[25\] 
    bbox = ( 643.5, 175.315 ) - ( 643.505, 175.315 ) on Layer metal3
  violation type: Short
    srcs: icache_1.tag_mem.data_o\[56\] icache_1.tag_mem.data_o\[60\] 
    bbox = ( 794.14, 82.285 ) - ( 794.175, 82.285 ) on Layer metal3
  violation type: Short
    srcs: icache_1.tag_mem.data_o\[63\] icache_1.tag_mem.data_o\[69\] 
    bbox = ( 794.14, 85.925 ) - ( 794.175, 85.925 ) on Layer metal3
  violation type: Short
    srcs: icache_1.tag_mem.data_o\[70\] icache_1.tag_mem.data_o\[71\] 
    bbox = ( 794.14, 86.485 ) - ( 794.21, 86.485 ) on Layer metal3
  violation type: Short
    srcs: icache_1.tag_mem.macro_mem.mem/OBS icache_1.tag_mem.data_i\[90\] 
    bbox = ( 794.43, 108.535 ) - ( 794.43, 108.675 ) on Layer metal3
  violation type: Short
    srcs: icache_1.tag_mem.macro_mem.mem/OBS icache_1.tag_mem.data_i\[90\] 
    bbox = ( 794.43, 108.535 ) - ( 794.43, 108.605 ) on Layer metal3
  violation type: Short
    srcs: icache_1.tag_mem.macro_mem.mem/OBS icache_1.tag_mem.data_i\[93\] 
    bbox = ( 794.43, 109.375 ) - ( 794.43, 109.515 ) on Layer metal3
  violation type: Short
    srcs: icache_1.tag_mem.macro_mem.mem/OBS icache_1.tag_mem.data_i\[93\] 
    bbox = ( 794.43, 109.375 ) - ( 794.43, 109.445 ) on Layer metal3
  violation type: Short
    srcs: icache_1.tag_mem.macro_mem.mem/OBS icache_1.tag_mem.data_i\[90\] 
    bbox = ( 794.36, 108.535 ) - ( 794.43, 108.605 ) on Layer metal3
  violation type: Short
    srcs: icache_1.tag_mem.macro_mem.mem/OBS icache_1.tag_mem.data_i\[93\] 
    bbox = ( 794.36, 109.375 ) - ( 794.43, 109.445 ) on Layer metal3
  violation type: Short
    srcs: icache_1.tag_mem.data_i\[84\] icache_1.tag_mem.data_i\[85\] 
    bbox = ( 794.14, 113.925 ) - ( 794.21, 113.925 ) on Layer metal3
  violation type: Short
    srcs: icache_1.tag_mem.data_o\[78\] icache_1.tag_mem.data_o\[86\] 
    bbox = ( 794.14, 90.755 ) - ( 794.175, 90.755 ) on Layer metal3
  violation type: Short
    srcs: icache_1.tag_mem.macro_mem.mem/OBS icache_1.tag_mem.data_o\[6\] 
    bbox = ( 794.43, 68.355 ) - ( 794.43, 68.425 ) on Layer metal3
  violation type: Short
    srcs: icache_1.tag_mem.macro_mem.mem/OBS icache_1.tag_mem.data_o\[12\] 
    bbox = ( 794.43, 70.035 ) - ( 794.43, 70.105 ) on Layer metal3
  violation type: Short
    srcs: icache_1.tag_mem.macro_mem.mem/OBS icache_1.tag_mem.data_o\[10\] 
    bbox = ( 794.43, 69.405 ) - ( 794.465, 69.475 ) on Layer metal3
  violation type: Short
    srcs: icache_1.tag_mem.macro_mem.mem/OBS icache_1.tag_mem.data_o\[6\] 
    bbox = ( 794.43, 68.285 ) - ( 794.43, 68.425 ) on Layer metal3
  violation type: Short
    srcs: icache_1.tag_mem.macro_mem.mem/OBS icache_1.tag_mem.data_o\[12\] 
    bbox = ( 794.43, 69.965 ) - ( 794.43, 70.105 ) on Layer metal3
  violation type: Short
    srcs: icache_1.tag_mem.macro_mem.mem/OBS icache_1.tag_mem.data_o\[6\] 
    bbox = ( 794.36, 68.355 ) - ( 794.43, 68.425 ) on Layer metal3
  violation type: Short
    srcs: icache_1.tag_mem.macro_mem.mem/OBS icache_1.tag_mem.data_o\[10\] 
    bbox = ( 794.36, 69.405 ) - ( 794.465, 69.405 ) on Layer metal3
  violation type: Short
    srcs: icache_1.tag_mem.macro_mem.mem/OBS icache_1.tag_mem.data_o\[10\] 
    bbox = ( 794.36, 69.475 ) - ( 794.465, 69.475 ) on Layer metal3
  violation type: Short
    srcs: icache_1.tag_mem.macro_mem.mem/OBS icache_1.tag_mem.data_o\[12\] 
    bbox = ( 794.36, 70.035 ) - ( 794.43, 70.105 ) on Layer metal3
  violation type: Short
    srcs: icache_1.tag_mem.macro_mem.mem/OBS icache_1.tag_mem.data_o\[10\] 
    bbox = ( 794.36, 69.37 ) - ( 794.465, 69.58 ) on Layer metal4
  violation type: Short
    srcs: icache_1.tag_mem.macro_mem.mem/OBS icache_1.tag_mem.data_o\[10\] 
    bbox = ( 794.36, 69.44 ) - ( 794.465, 69.58 ) on Layer metal4
  violation type: Short
    srcs: icache_1.tag_mem.data_i\[91\] icache_1.tag_mem.data_i\[93\] 
    bbox = ( 793.88, 108.955 ) - ( 793.93, 109.445 ) on Layer metal3
  violation type: Short
    srcs: icache_1.tag_mem.data_i\[91\] icache_1.tag_mem.data_i\[93\] 
    bbox = ( 793.88, 108.955 ) - ( 793.95, 108.955 ) on Layer metal3
  violation type: Short
    srcs: icache_1.tag_mem.data_i\[91\] icache_1.tag_mem.data_i\[93\] 
    bbox = ( 793.86, 108.955 ) - ( 793.93, 109.025 ) on Layer metal3
  violation type: Short
    srcs: icache_1.tag_mem.data_i\[91\] icache_1.tag_mem.data_i\[93\] 
    bbox = ( 793.86, 108.955 ) - ( 793.95, 108.955 ) on Layer metal3
  violation type: Short
    srcs: icache_1.tag_mem.data_i\[91\] icache_1.tag_mem.data_i\[93\] 
    bbox = ( 793.88, 109.375 ) - ( 793.93, 109.445 ) on Layer metal3
  violation type: OffGrid
    srcs: icache_1.tag_mem.data_i\[92\] 
    bbox = ( 793.825, 109.147 ) - ( 794.175, 109.287 ) on Layer metal4
  violation type: OffGrid
    srcs: icache_1.tag_mem.data_i\[92\] 
    bbox = ( 793.825, 109.147 ) - ( 793.965, 109.34 ) on Layer metal4
  violation type: OffGrid
    srcs: icache_1.tag_mem.data_i\[92\] 
    bbox = ( 794.035, 109.13 ) - ( 794.175, 109.287 ) on Layer metal4
  violation type: CutSpc
    srcs: clknet_9_168_0_clk_i 
    bbox = ( 42.24, 520.765 ) - ( 42.31, 520.835 ) on Layer metal2
  violation type: Short
    srcs: icache_1.data_mem_banks_3__data_mem_bank.macro_mem.mem/OBS net2994 
    bbox = ( 41.23, 579.635 ) - ( 41.23, 579.705 ) on Layer metal3
  violation type: Short
    srcs: icache_1.data_mem_banks_3__data_mem_bank.macro_mem.mem/OBS net2994 
    bbox = ( 41.23, 579.565 ) - ( 41.23, 579.705 ) on Layer metal3
  violation type: Short
    srcs: icache_1.data_mem_banks_3__data_mem_bank.macro_mem.mem/OBS net2994 
    bbox = ( 41.16, 579.635 ) - ( 41.23, 579.705 ) on Layer metal3
  violation type: Short
    srcs: icache_1.data_mem_banks_3__data_mem_bank.macro_mem.mem/OBS net2994 
    bbox = ( 41.23, 609.035 ) - ( 41.23, 609.105 ) on Layer metal3
  violation type: Short
    srcs: icache_1.data_mem_banks_3__data_mem_bank.macro_mem.mem/OBS net2994 
    bbox = ( 41.23, 608.965 ) - ( 41.23, 609.105 ) on Layer metal3
  violation type: Short
    srcs: icache_1.data_mem_banks_3__data_mem_bank.macro_mem.mem/OBS net2994 
    bbox = ( 41.16, 609.035 ) - ( 41.23, 609.105 ) on Layer metal3
  violation type: CutSpc
    srcs: _30037_ 
    bbox = ( 57.82, 314.965 ) - ( 57.89, 315.035 ) on Layer metal2
  violation type: CutSpc
    srcs: _30037_ 
    bbox = ( 61.05, 314.965 ) - ( 61.12, 315.035 ) on Layer metal2
  violation type: CutSpc
    srcs: _28733_ 
    bbox = ( 59.15, 359.065 ) - ( 59.22, 359.135 ) on Layer metal2
  violation type: CutSpc
    srcs: _28733_ 
    bbox = ( 57.82, 359.065 ) - ( 57.89, 359.135 ) on Layer metal2
  violation type: CutSpc
    srcs: _39304_ 
    bbox = ( 160.61, 153.265 ) - ( 160.68, 153.335 ) on Layer metal2
  violation type: Short
    srcs: icache_1.data_mem_banks_7__data_mem_bank.macro_mem.mem/OBS net2993 
    bbox = ( 191.87, 579.635 ) - ( 191.87, 579.705 ) on Layer metal3
  violation type: Short
    srcs: icache_1.data_mem_banks_7__data_mem_bank.macro_mem.mem/OBS net2993 
    bbox = ( 191.87, 579.565 ) - ( 191.87, 579.705 ) on Layer metal3
  violation type: Short
    srcs: icache_1.data_mem_banks_7__data_mem_bank.macro_mem.mem/OBS net2993 
    bbox = ( 191.8, 579.635 ) - ( 191.87, 579.705 ) on Layer metal3
  violation type: Short
    srcs: icache_1.data_mem_banks_7__data_mem_bank.macro_mem.mem/OBS net2993 
    bbox = ( 191.87, 608.965 ) - ( 191.87, 609.053 ) on Layer metal3
  violation type: Short
    srcs: icache_1.data_mem_banks_7__data_mem_bank.macro_mem.mem/OBS net2993 
    bbox = ( 191.8, 609.035 ) - ( 191.87, 609.053 ) on Layer metal3
  violation type: OffGrid
    srcs: net2993 
    bbox = ( 191.8, 608.965 ) - ( 191.87, 609.053 ) on Layer metal3
  violation type: CutSpc
    srcs: _18190_ 
    bbox = ( 324.01, 167.965 ) - ( 324.08, 168.035 ) on Layer metal2
  violation type: CutSpc
    srcs: _18190_ 
    bbox = ( 321.35, 167.965 ) - ( 321.42, 168.035 ) on Layer metal2
  violation type: CutSpc
    srcs: _12755_ 
    bbox = ( 314.885, 278.6 ) - ( 315.025, 278.74 ) on Layer metal5
  violation type: CutSpc
    srcs: _12755_ 
    bbox = ( 314.885, 280 ) - ( 315.025, 280.14 ) on Layer metal5
  violation type: Short
    srcs: icache_1.data_mem_banks_1__data_mem_bank.macro_mem.mem/OBS _43189_ 
    bbox = ( 342.51, 579.635 ) - ( 342.51, 579.705 ) on Layer metal3
  violation type: Short
    srcs: icache_1.data_mem_banks_1__data_mem_bank.macro_mem.mem/OBS _43189_ 
    bbox = ( 342.51, 579.565 ) - ( 342.51, 579.705 ) on Layer metal3
  violation type: Short
    srcs: icache_1.data_mem_banks_1__data_mem_bank.macro_mem.mem/OBS _43189_ 
    bbox = ( 342.44, 579.635 ) - ( 342.51, 579.705 ) on Layer metal3
  violation type: Short
    srcs: icache_1.data_mem_banks_1__data_mem_bank.macro_mem.mem/OBS net2993 
    bbox = ( 342.51, 609.035 ) - ( 342.51, 609.105 ) on Layer metal3
  violation type: Short
    srcs: icache_1.data_mem_banks_1__data_mem_bank.macro_mem.mem/OBS net2993 
    bbox = ( 342.51, 608.965 ) - ( 342.51, 609.105 ) on Layer metal3
  violation type: Short
    srcs: icache_1.data_mem_banks_1__data_mem_bank.macro_mem.mem/OBS net2993 
    bbox = ( 342.44, 609.035 ) - ( 342.51, 609.105 ) on Layer metal3
  violation type: CutSpc
    srcs: _22011_ 
    bbox = ( 388.525, 749.84 ) - ( 388.665, 749.98 ) on Layer metal5
  violation type: CutSpc
    srcs: _22011_ 
    bbox = ( 388.525, 748 ) - ( 388.665, 748.14 ) on Layer metal6
  violation type: CutSpc
    srcs: _13150_ 
    bbox = ( 388.525, 763.28 ) - ( 388.665, 763.42 ) on Layer metal5
  violation type: CutSpc
    srcs: _18452_ 
    bbox = ( 411.98, 241.465 ) - ( 412.05, 241.535 ) on Layer metal2
  violation type: CutSpc
    srcs: _21637_ 
    bbox = ( 403.085, 308.56 ) - ( 403.225, 308.7 ) on Layer metal4
  violation type: CutSpc
    srcs: _18460_ 
    bbox = ( 426.04, 241.465 ) - ( 426.11, 241.535 ) on Layer metal2
  violation type: CutSpc
    srcs: _18460_ 
    bbox = ( 426.42, 241.465 ) - ( 426.49, 241.535 ) on Layer metal2
  violation type: CutSpc
    srcs: _18339_ 
    bbox = ( 456.25, 167.965 ) - ( 456.32, 168.035 ) on Layer metal2
  violation type: CutSpc
    srcs: _18339_ 
    bbox = ( 455.49, 167.965 ) - ( 455.56, 168.035 ) on Layer metal2
  violation type: CShort
    srcs: _12335_ 
    bbox = ( 447.285, 367.08 ) - ( 447.325, 367.22 ) on Layer metal4
  violation type: CutSpc
    srcs: _22287_ 
    bbox = ( 485.3, 461.965 ) - ( 485.37, 462.035 ) on Layer metal3
  violation type: CutSpc
    srcs: _22287_ 
    bbox = ( 483.62, 461.965 ) - ( 483.69, 462.035 ) on Layer metal3
  violation type: Short
    srcs: icache_1.data_mem_banks_0__data_mem_bank.macro_mem.mem/OBS _43189_ 
    bbox = ( 493.15, 579.635 ) - ( 493.15, 579.705 ) on Layer metal3
  violation type: Short
    srcs: icache_1.data_mem_banks_0__data_mem_bank.macro_mem.mem/OBS _43189_ 
    bbox = ( 493.15, 579.565 ) - ( 493.15, 579.705 ) on Layer metal3
  violation type: Short
    srcs: icache_1.data_mem_banks_0__data_mem_bank.macro_mem.mem/OBS _43189_ 
    bbox = ( 493.08, 579.635 ) - ( 493.15, 579.705 ) on Layer metal3
  violation type: CutSpc
    srcs: _39055_ 
    bbox = ( 646.63, 417.865 ) - ( 646.7, 417.935 ) on Layer metal2
  violation type: CutSpc
    srcs: _39055_ 
    bbox = ( 647.39, 417.865 ) - ( 647.46, 417.935 ) on Layer metal2
  violation type: CutSpc
    srcs: _28024_ 
    bbox = ( 660.88, 638.365 ) - ( 660.95, 638.435 ) on Layer metal2
  violation type: CutSpc
    srcs: _28024_ 
    bbox = ( 661.7, 638.365 ) - ( 661.77, 638.435 ) on Layer metal3
  violation type: CutSpc
    srcs: clknet_9_450_0_clk_i 
    bbox = ( 720.73, 447.265 ) - ( 720.8, 447.335 ) on Layer metal2
  violation type: CutSpc
    srcs: clknet_9_450_0_clk_i 
    bbox = ( 719.78, 447.265 ) - ( 719.85, 447.335 ) on Layer metal2
  violation type: CutSpc
    srcs: clknet_9_447_0_clk_i 
    bbox = ( 764.43, 653.065 ) - ( 764.5, 653.135 ) on Layer metal2
  violation type: CutSpc
    srcs: clknet_9_447_0_clk_i 
    bbox = ( 762.91, 653.065 ) - ( 762.98, 653.135 ) on Layer metal2
  violation type: CutSpc
    srcs: clknet_9_502_0_clk_i 
    bbox = ( 867.41, 520.765 ) - ( 867.48, 520.835 ) on Layer metal2
  violation type: CutSpc
    srcs: clknet_9_502_0_clk_i 
    bbox = ( 866.65, 520.765 ) - ( 866.72, 520.835 ) on Layer metal2
  violation type: CutSpc
    srcs: _19079_ 
    bbox = ( 911.68, 300.265 ) - ( 911.75, 300.335 ) on Layer metal2
  violation type: CutSpc
    srcs: clknet_9_348_0_clk_i 
    bbox = ( 955.57, 212.065 ) - ( 955.64, 212.135 ) on Layer metal2
  violation type: CutSpc
    srcs: clknet_9_348_0_clk_i 
    bbox = ( 954.81, 212.065 ) - ( 954.88, 212.135 ) on Layer metal2
  violation type: CutSpc
    srcs: clknet_9_372_0_clk_i 
    bbox = ( 968.87, 285.565 ) - ( 968.94, 285.635 ) on Layer metal2
  violation type: CutSpc
    srcs: net3004 
    bbox = ( 985.78, 373.765 ) - ( 985.85, 373.835 ) on Layer metal2
  violation type: CutSpc
    srcs: net3004 
    bbox = ( 984.45, 373.765 ) - ( 984.52, 373.835 ) on Layer metal2
