
==========================================================================
report_checks -path_delay min
--------------------------------------------------------------------------
Startpoint: bp_fe_cmd_i[52] (input port clocked by CLK)
Endpoint: bp_fe_pc_gen_1.genblk1_branch_prediction_1.btb_1.btb_mem.macro_mem.mem
          (rising edge-triggered flip-flop clocked by CLK)
Path Group: CLK
Path Type: min

  Delay    Time   Description
---------------------------------------------------------
   0.00    0.00   clock CLK (rise edge)
   0.00    0.00   clock network delay (ideal)
   0.00    0.00 v input external delay
   0.00    0.00 v bp_fe_cmd_i[52] (in)
   0.02    0.02 v buffer57/Z (CLKBUF_X1)
   0.00    0.02 v bp_fe_pc_gen_1.genblk1_branch_prediction_1.btb_1.btb_mem.macro_mem.mem/wd_in[10] (fakeram45_512x64)
           0.02   data arrival time

   0.00    0.00   clock CLK (rise edge)
   0.00    0.00   clock network delay (ideal)
   0.00    0.00   clock reconvergence pessimism
           0.00 ^ bp_fe_pc_gen_1.genblk1_branch_prediction_1.btb_1.btb_mem.macro_mem.mem/clk (fakeram45_512x64)
   0.00    0.00   library hold time
           0.00   data required time
---------------------------------------------------------
           0.00   data required time
          -0.02   data arrival time
---------------------------------------------------------
           0.02   slack (MET)



==========================================================================
report_checks -path_delay max
--------------------------------------------------------------------------
Startpoint: _83995_ (rising edge-triggered flip-flop clocked by CLK)
Endpoint: _85264_ (rising edge-triggered flip-flop clocked by CLK)
Path Group: CLK
Path Type: max

  Delay    Time   Description
---------------------------------------------------------
   0.00    0.00   clock CLK (rise edge)
   0.00    0.00   clock network delay (ideal)
   0.00    0.00 ^ _83995_/CK (DFF_X1)
   0.09    0.09 ^ _83995_/Q (DFF_X1)
   0.04    0.13 ^ _72369_/Z (BUF_X4)
   0.02    0.15 v _48554_/ZN (INV_X2)
   0.07    0.22 ^ _68754_/ZN (NOR3_X4)
   0.05    0.27 v _68852_/ZN (NAND3_X4)
   0.03    0.30 ^ _68957_/ZN (NOR2_X4)
   0.03    0.33 v _69840_/ZN (NAND4_X1)
   0.02    0.35 ^ _69843_/ZN (NAND3_X1)
   0.01    0.36 v _69844_/ZN (AOI21_X1)
   0.03    0.39 ^ _69848_/ZN (OAI21_X1)
   0.02    0.41 v _69850_/ZN (AOI21_X1)
   0.03    0.44 ^ _69855_/ZN (OAI21_X1)
   0.02    0.45 v _69857_/ZN (AOI21_X1)
   0.03    0.48 ^ _69859_/ZN (OAI21_X1)
   0.02    0.50 v _69860_/ZN (AOI21_X1)
   0.03    0.53 ^ _69864_/ZN (OAI21_X1)
   0.02    0.54 v _69866_/ZN (AOI21_X1)
   0.03    0.57 ^ _69869_/ZN (OAI21_X1)
   0.02    0.59 v _69871_/ZN (AOI21_X1)
   0.03    0.62 ^ _69874_/ZN (OAI21_X1)
   0.02    0.63 v _69876_/ZN (AOI21_X1)
   0.03    0.66 ^ _69878_/ZN (OAI21_X1)
   0.02    0.68 v _69881_/ZN (AOI21_X1)
   0.03    0.71 ^ _69882_/ZN (OAI21_X1)
   0.02    0.72 v _69885_/ZN (AOI21_X1)
   0.03    0.75 ^ _69886_/ZN (OAI21_X1)
   0.02    0.77 v _69889_/ZN (AOI21_X1)
   0.03    0.80 ^ _69892_/ZN (OAI21_X1)
   0.02    0.81 v _69894_/ZN (AOI21_X1)
   0.03    0.84 ^ _69897_/ZN (OAI21_X1)
   0.02    0.86 v _69901_/ZN (AOI21_X1)
   0.03    0.89 ^ _69902_/ZN (AOI21_X1)
   0.02    0.91 v _69904_/ZN (AOI21_X1)
   0.03    0.93 ^ _69909_/ZN (OAI211_X2)
   0.02    0.96 v _69913_/ZN (NAND3_X1)
   0.03    0.98 ^ _69916_/ZN (AOI21_X1)
   0.02    1.00 v _69919_/ZN (OAI21_X1)
   0.03    1.03 ^ _69920_/ZN (AOI21_X1)
   0.02    1.05 v _69925_/ZN (OAI21_X1)
   0.03    1.08 ^ _69926_/ZN (OAI21_X1)
   0.02    1.09 v _69929_/ZN (AOI21_X1)
   0.03    1.12 ^ _69932_/ZN (OAI21_X1)
   0.02    1.14 v _69933_/ZN (AOI21_X1)
   0.03    1.17 ^ _69936_/ZN (OAI21_X1)
   0.02    1.19 v _69940_/ZN (NAND3_X1)
   0.02    1.20 ^ _69944_/ZN (NAND2_X1)
   0.02    1.22 v _69946_/ZN (AOI21_X1)
   0.03    1.25 ^ _69950_/ZN (OAI211_X2)
   0.02    1.27 v _69954_/ZN (NAND3_X1)
   0.02    1.28 ^ _69958_/ZN (NAND3_X1)
   0.01    1.30 v _69961_/ZN (NAND2_X1)
   0.01    1.31 ^ _69963_/ZN (NAND2_X1)
   0.02    1.33 v _69966_/ZN (AOI21_X1)
   0.03    1.36 ^ _69970_/ZN (OAI211_X2)
   0.02    1.38 v _69974_/ZN (NAND3_X1)
   0.03    1.41 ^ _69976_/ZN (AOI21_X1)
   0.02    1.42 v _69978_/ZN (OAI21_X1)
   0.03    1.45 ^ _69981_/ZN (AOI21_X1)
   0.02    1.47 v _69982_/ZN (OAI21_X1)
   0.03    1.50 ^ _69984_/ZN (AOI21_X1)
   0.02    1.51 v _69987_/ZN (OAI21_X1)
   0.03    1.54 ^ _69989_/ZN (AOI21_X1)
   0.02    1.56 v _69992_/ZN (OAI21_X1)
   0.03    1.59 ^ _69994_/ZN (AOI21_X1)
   0.02    1.60 v _69997_/ZN (OAI21_X1)
   0.03    1.63 ^ _70000_/ZN (AOI21_X1)
   0.02    1.65 v _70002_/ZN (OAI21_X1)
   0.02    1.67 ^ _70004_/ZN (NAND2_X1)
   0.01    1.68 v _70007_/ZN (AOI21_X2)
   0.03    1.71 ^ _70012_/ZN (OAI211_X2)
   0.02    1.73 v _70016_/ZN (NAND3_X1)
   0.02    1.75 ^ _70020_/ZN (NAND3_X1)
   0.01    1.76 v _70022_/ZN (AOI21_X1)
   0.03    1.79 ^ _70024_/ZN (OAI21_X1)
   0.02    1.81 v _70026_/ZN (AOI21_X1)
   0.03    1.83 ^ _70027_/ZN (OAI21_X1)
   0.02    1.85 v _70029_/ZN (AOI21_X1)
   0.03    1.88 ^ _70032_/ZN (OAI21_X1)
   0.02    1.90 v _70035_/ZN (AOI21_X1)
   0.03    1.92 ^ _70037_/ZN (OAI21_X1)
   0.02    1.94 v _70040_/ZN (AOI21_X1)
   0.03    1.97 ^ _70041_/ZN (OAI21_X1)
   0.02    1.99 v _70044_/ZN (AOI21_X1)
   0.03    2.02 ^ _70046_/ZN (OAI211_X2)
   0.02    2.04 v _70050_/ZN (NAND3_X1)
   0.03    2.07 ^ _70052_/ZN (AOI21_X1)
   0.02    2.08 v _70055_/ZN (OAI21_X1)
   0.03    2.11 ^ _70057_/ZN (AOI21_X1)
   0.02    2.13 v _70062_/ZN (OAI21_X1)
   0.03    2.16 ^ _70064_/ZN (AOI21_X1)
   0.02    2.17 v _70065_/ZN (OAI21_X1)
   0.03    2.20 ^ _70068_/ZN (AOI21_X1)
   0.02    2.22 v _70069_/ZN (OAI21_X1)
   0.03    2.25 ^ _70071_/ZN (AOI21_X1)
   0.02    2.26 v _70074_/ZN (OAI21_X1)
   0.03    2.29 ^ _70077_/ZN (AOI21_X1)
   0.02    2.31 v _70079_/ZN (OAI21_X1)
   0.03    2.34 ^ _70081_/ZN (AOI21_X1)
   0.02    2.36 v _70083_/ZN (OAI21_X1)
   0.03    2.38 ^ _70086_/ZN (AOI21_X1)
   0.02    2.40 v _70090_/ZN (OAI21_X1)
   0.04    2.44 ^ _70093_/ZN (AOI21_X1)
   0.02    2.46 v _70096_/ZN (OAI211_X2)
   0.02    2.48 ^ _70101_/ZN (NAND3_X1)
   0.01    2.49 v _70104_/ZN (AOI21_X1)
   0.03    2.52 ^ _70105_/ZN (OAI21_X1)
   0.02    2.54 v _70108_/ZN (AOI21_X1)
   0.03    2.57 ^ _70110_/ZN (OAI21_X1)
   0.02    2.58 v _70113_/ZN (NAND2_X1)
   0.03    2.61 ^ _70115_/ZN (AOI21_X1)
   0.02    2.63 v _70118_/ZN (OAI21_X1)
   0.03    2.66 ^ _70119_/ZN (AOI21_X1)
   0.02    2.67 v _70122_/ZN (OAI21_X1)
   0.03    2.70 ^ _70124_/ZN (AOI21_X1)
   0.02    2.72 v _70127_/ZN (OAI21_X1)
   0.03    2.75 ^ _70130_/ZN (AOI21_X1)
   0.02    2.76 v _70132_/ZN (OAI21_X1)
   0.03    2.80 ^ _70135_/ZN (AOI21_X1)
   0.02    2.82 v _70139_/ZN (OAI211_X2)
   0.02    2.84 ^ _70144_/ZN (NAND3_X1)
   0.01    2.85 v _70146_/ZN (AOI21_X1)
   0.03    2.88 ^ _70148_/ZN (OAI21_X1)
   0.02    2.90 v _70153_/ZN (NAND3_X1)
   0.03    2.93 ^ _70156_/ZN (AOI21_X1)
   0.02    2.95 v _70158_/ZN (OAI21_X1)
   0.02    2.96 ^ _70160_/ZN (NAND2_X1)
   0.01    2.98 v _70164_/ZN (NAND2_X1)
   0.03    3.01 ^ _70166_/ZN (AOI21_X1)
   0.02    3.03 v _70169_/ZN (OAI211_X2)
   0.02    3.05 ^ _70173_/ZN (NAND3_X1)
   0.02    3.07 v _70177_/ZN (NAND3_X1)
   0.02    3.09 ^ _70181_/ZN (NAND3_X1)
   0.01    3.10 v _70183_/ZN (NAND2_X1)
   0.03    3.13 ^ _70186_/ZN (AOI21_X1)
   0.02    3.15 v _70188_/ZN (OAI21_X1)
   0.03    3.18 ^ _70189_/ZN (AOI21_X1)
   0.02    3.19 v _70193_/ZN (OAI21_X1)
   0.03    3.22 ^ _70194_/ZN (AOI21_X1)
   0.02    3.24 v _70197_/ZN (OAI21_X1)
   0.03    3.27 ^ _70198_/ZN (AOI21_X1)
   0.02    3.29 v _70201_/ZN (OAI21_X1)
   0.03    3.31 ^ _70203_/ZN (AOI21_X1)
   0.02    3.33 v _70205_/ZN (OAI21_X1)
   0.03    3.36 ^ _70206_/ZN (AOI21_X1)
   0.02    3.38 v _70208_/ZN (OAI21_X1)
   0.03    3.41 ^ _70209_/ZN (AOI21_X1)
   0.02    3.42 v _70212_/ZN (OAI21_X1)
   0.03    3.46 ^ _70214_/ZN (AOI21_X1)
   0.02    3.48 v _70218_/ZN (OAI211_X2)
   0.02    3.50 ^ _70222_/ZN (NAND3_X1)
   0.01    3.51 v _70226_/ZN (AOI21_X1)
   0.03    3.54 ^ _70227_/ZN (OAI21_X1)
   0.02    3.56 v _70229_/ZN (AOI21_X1)
   0.03    3.59 ^ _70233_/ZN (OAI21_X1)
   0.02    3.60 v _70237_/ZN (AOI21_X1)
   0.03    3.63 ^ _70240_/ZN (OAI21_X1)
   0.02    3.65 v _70241_/ZN (AOI21_X1)
   0.03    3.68 ^ _70243_/ZN (OAI21_X1)
   0.02    3.69 v _70245_/ZN (AOI21_X1)
   0.03    3.72 ^ _70249_/ZN (OAI21_X1)
   0.02    3.74 v _70253_/ZN (NAND3_X1)
   0.03    3.77 ^ _70255_/ZN (AOI21_X1)
   0.02    3.79 v _70257_/ZN (OAI21_X1)
   0.02    3.80 ^ _70262_/ZN (NAND2_X1)
   0.02    3.82 v _70265_/ZN (AOI21_X1)
   0.03    3.85 ^ _70268_/ZN (OAI211_X2)
   0.02    3.87 v _70272_/ZN (NAND3_X1)
   0.02    3.89 ^ _70277_/ZN (NAND3_X1)
   0.02    3.90 v _70280_/ZN (AOI21_X1)
   0.02    3.93 ^ _70283_/ZN (OAI21_X2)
   0.02    3.94 v _70285_/ZN (AOI21_X1)
   0.03    3.97 ^ _70288_/ZN (OAI21_X1)
   0.02    3.99 v _70290_/ZN (AOI21_X1)
   0.03    4.02 ^ _70294_/ZN (OAI21_X1)
   0.02    4.03 v _70295_/ZN (AOI21_X1)
   0.03    4.06 ^ _70298_/ZN (OAI21_X1)
   0.02    4.08 v _70301_/ZN (AOI21_X1)
   0.03    4.11 ^ _70302_/ZN (OAI21_X1)
   0.02    4.12 v _70304_/ZN (AOI21_X1)
   0.03    4.15 ^ _70305_/ZN (OAI21_X1)
   0.02    4.17 v _70308_/ZN (AOI21_X1)
   0.03    4.20 ^ _70312_/ZN (OAI211_X2)
   0.02    4.22 v _70316_/ZN (NAND3_X1)
   0.02    4.24 ^ _70320_/ZN (NAND3_X1)
   0.01    4.25 v _70322_/ZN (AOI21_X1)
   0.03    4.28 ^ _70324_/ZN (OAI21_X1)
   0.02    4.30 v _70326_/ZN (AOI21_X1)
   0.03    4.33 ^ _70330_/ZN (OAI21_X1)
   0.02    4.35 v _70332_/ZN (AOI21_X1)
   0.03    4.37 ^ _70336_/ZN (OAI211_X2)
   0.02    4.39 v _70340_/ZN (NAND3_X1)
   0.03    4.42 ^ _70342_/ZN (AOI21_X1)
   0.02    4.44 v _70344_/ZN (OAI21_X1)
   0.03    4.47 ^ _70347_/ZN (AOI21_X1)
   0.02    4.49 v _70351_/ZN (OAI211_X2)
   0.02    4.51 ^ _70355_/ZN (NAND3_X1)
   0.02    4.53 v _70359_/ZN (NAND3_X1)
   0.03    4.56 ^ _70361_/ZN (AOI21_X1)
   0.02    4.58 v _70364_/ZN (OAI21_X1)
   0.02    4.59 ^ _70367_/ZN (NAND2_X1)
   0.02    4.61 v _70369_/ZN (AOI21_X1)
   0.03    4.64 ^ _70374_/ZN (OAI211_X2)
   0.02    4.66 v _70378_/ZN (NAND3_X1)
   0.03    4.69 ^ _70381_/ZN (AOI21_X1)
   0.02    4.70 v _70383_/ZN (OAI21_X1)
   0.03    4.73 ^ _70384_/ZN (AOI21_X1)
   0.02    4.75 v _70386_/ZN (OAI21_X1)
   0.03    4.78 ^ _70388_/ZN (AOI21_X1)
   0.02    4.79 v _70391_/ZN (OAI21_X1)
   0.03    4.82 ^ _70393_/ZN (AOI21_X1)
   0.02    4.84 v _70396_/ZN (OAI21_X1)
   0.03    4.87 ^ _70398_/ZN (AOI21_X1)
   0.02    4.90 v _70402_/ZN (OAI211_X2)
   0.02    4.91 ^ _70406_/ZN (NAND3_X1)
   0.01    4.93 v _70408_/ZN (AOI21_X1)
   0.03    4.96 ^ _70409_/ZN (OAI21_X1)
   0.02    4.97 v _70411_/ZN (AOI21_X1)
   0.03    5.00 ^ _70415_/ZN (OAI21_X1)
   0.02    5.02 v _70416_/ZN (AOI21_X1)
   0.03    5.05 ^ _70419_/ZN (OAI21_X1)
   0.02    5.06 v _70420_/ZN (AOI21_X1)
   0.03    5.09 ^ _70423_/ZN (OAI21_X1)
   0.02    5.11 v _70425_/ZN (AOI21_X1)
   0.03    5.14 ^ _70427_/ZN (OAI21_X1)
   0.02    5.15 v _70430_/ZN (AOI21_X1)
   0.03    5.18 ^ _70434_/ZN (OAI21_X1)
   0.02    5.20 v _70435_/ZN (AOI21_X1)
   0.03    5.23 ^ _70438_/ZN (OAI211_X2)
   0.02    5.25 v _70442_/ZN (NAND3_X1)
   0.03    5.28 ^ _70444_/ZN (AOI21_X1)
   0.02    5.29 v _70447_/ZN (OAI21_X1)
   0.03    5.32 ^ _70450_/ZN (AOI21_X1)
   0.02    5.34 v _70452_/ZN (OAI21_X1)
   0.03    5.37 ^ _70454_/ZN (AOI21_X1)
   0.02    5.39 v _70456_/ZN (OAI21_X1)
   0.02    5.40 ^ _70459_/ZN (NAND2_X1)
   0.01    5.41 v _70464_/ZN (AOI21_X1)
   0.03    5.44 ^ _70468_/ZN (OAI21_X1)
   0.02    5.46 v _70471_/ZN (NAND2_X1)
   0.03    5.49 ^ _70473_/ZN (AOI21_X1)
   0.02    5.51 v _70477_/ZN (OAI211_X2)
   0.02    5.53 ^ _70481_/ZN (NAND3_X1)
   0.02    5.55 v _70485_/ZN (NAND3_X1)
   0.03    5.58 ^ _70487_/ZN (AOI21_X1)
   0.02    5.60 v _70488_/ZN (OAI21_X1)
   0.03    5.62 ^ _70490_/ZN (AOI21_X1)
   0.02    5.64 v _70493_/ZN (OAI21_X1)
   0.03    5.67 ^ _70495_/ZN (AOI21_X1)
   0.02    5.69 v _70498_/ZN (OAI21_X1)
   0.03    5.71 ^ _70500_/ZN (AOI21_X1)
   0.02    5.73 v _70503_/ZN (OAI21_X1)
   0.03    5.77 ^ _70505_/ZN (AOI21_X1)
   0.02    5.79 v _70509_/ZN (OAI211_X2)
   0.02    5.81 ^ _70513_/ZN (NAND3_X1)
   0.02    5.82 v _70517_/ZN (NAND3_X1)
   0.03    5.85 ^ _70519_/ZN (AOI21_X1)
   0.02    5.87 v _70521_/ZN (OAI21_X1)
   0.03    5.90 ^ _70523_/ZN (AOI21_X1)
   0.02    5.92 v _70526_/ZN (OAI21_X1)
   0.03    5.94 ^ _70529_/ZN (AOI21_X1)
   0.02    5.96 v _70531_/ZN (OAI21_X1)
   0.03    5.99 ^ _70533_/ZN (AOI21_X1)
   0.02    6.01 v _70534_/ZN (OAI21_X1)
   0.03    6.03 ^ _70537_/ZN (AOI21_X1)
   0.02    6.05 v _70539_/ZN (OAI21_X1)
   0.03    6.08 ^ _70541_/ZN (AOI21_X1)
   0.02    6.10 v _70544_/ZN (OAI21_X1)
   0.03    6.13 ^ _70546_/ZN (AOI21_X1)
   0.02    6.15 v _70550_/ZN (OAI211_X2)
   0.02    6.17 ^ _70555_/ZN (NAND3_X1)
   0.02    6.19 v _70559_/ZN (NAND3_X1)
   0.03    6.22 ^ _70561_/ZN (AOI21_X1)
   0.02    6.24 v _70563_/ZN (OAI21_X1)
   0.03    6.26 ^ _70565_/ZN (AOI21_X1)
   0.02    6.28 v _70569_/ZN (OAI21_X1)
   0.03    6.31 ^ _70570_/ZN (AOI21_X1)
   0.02    6.33 v _70574_/ZN (OAI21_X1)
   0.03    6.35 ^ _70575_/ZN (AOI21_X1)
   0.02    6.37 v _70579_/ZN (OAI21_X1)
   0.03    6.40 ^ _70581_/ZN (AOI21_X1)
   0.02    6.42 v _70582_/ZN (OAI21_X1)
   0.02    6.43 ^ _70584_/ZN (NAND2_X1)
   0.02    6.45 v _70588_/ZN (NAND3_X1)
   0.03    6.48 ^ _70590_/ZN (AOI21_X1)
   0.02    6.50 v _70591_/ZN (OAI21_X1)
   0.03    6.53 ^ _70593_/ZN (AOI21_X1)
   0.02    6.54 v _70596_/ZN (OAI21_X1)
   0.03    6.57 ^ _70598_/ZN (AOI21_X1)
   0.02    6.59 v _70601_/ZN (OAI21_X1)
   0.03    6.62 ^ _70604_/ZN (AOI21_X1)
   0.02    6.63 v _70607_/ZN (OAI21_X1)
   0.03    6.66 ^ _70609_/ZN (AOI21_X1)
   0.02    6.68 v _70612_/ZN (OAI21_X1)
   0.03    6.71 ^ _70614_/ZN (AOI21_X1)
   0.02    6.72 v _70616_/ZN (OAI21_X1)
   0.04    6.76 ^ _70617_/ZN (AOI21_X1)
   0.02    6.78 v _70619_/ZN (OAI211_X2)
   0.02    6.80 ^ _70623_/ZN (NAND3_X1)
   0.01    6.82 v _70626_/ZN (AOI21_X1)
   0.03    6.84 ^ _43191_/ZN (OAI21_X1)
   0.02    6.86 v _43195_/ZN (AOI21_X1)
   0.03    6.89 ^ _43196_/ZN (OAI21_X1)
   0.02    6.91 v _43199_/ZN (AOI21_X1)
   0.03    6.94 ^ _43202_/ZN (OAI21_X1)
   0.02    6.95 v _43205_/ZN (AOI21_X1)
   0.03    6.98 ^ _43207_/ZN (OAI21_X1)
   0.02    7.00 v _43209_/ZN (AOI21_X1)
   0.03    7.03 ^ _43213_/ZN (OAI21_X1)
   0.02    7.04 v _43216_/ZN (AOI21_X1)
   0.03    7.07 ^ _43220_/ZN (OAI21_X1)
   0.02    7.09 v _43221_/ZN (AOI21_X1)
   0.03    7.12 ^ _43224_/ZN (OAI21_X1)
   0.02    7.13 v _43226_/ZN (AOI21_X1)
   0.03    7.16 ^ _43228_/ZN (OAI21_X1)
   0.02    7.18 v _43230_/ZN (AOI21_X1)
   0.03    7.21 ^ _43234_/ZN (OAI21_X1)
   0.02    7.22 v _43237_/ZN (NAND2_X1)
   0.03    7.25 ^ _43240_/ZN (AOI21_X1)
   0.02    7.27 v _43242_/ZN (OAI21_X1)
   0.03    7.30 ^ _43245_/ZN (AOI21_X1)
   0.02    7.32 v _43247_/ZN (OAI211_X2)
   0.02    7.34 ^ _43251_/ZN (NAND3_X1)
   0.01    7.36 v _43255_/ZN (AOI21_X1)
   0.03    7.39 ^ _43256_/ZN (OAI21_X1)
   0.02    7.40 v _43259_/ZN (AOI21_X1)
   0.03    7.43 ^ _43263_/ZN (OAI21_X1)
   0.02    7.45 v _43264_/ZN (AOI21_X1)
   0.02    7.47 ^ _43268_/ZN (OAI21_X1)
   0.03    7.50 ^ _79785_/Z (CLKBUF_X1)
   0.00    7.50 ^ _85264_/D (DFF_X1)
           7.50   data arrival time

   5.40    5.40   clock CLK (rise edge)
   0.00    5.40   clock network delay (ideal)
   0.00    5.40   clock reconvergence pessimism
           5.40 ^ _85264_/CK (DFF_X1)
  -0.03    5.37   library setup time
           5.37   data required time
---------------------------------------------------------
           5.37   data required time
          -7.50   data arrival time
---------------------------------------------------------
          -2.13   slack (VIOLATED)



==========================================================================
report_checks -unconstrained
--------------------------------------------------------------------------
Startpoint: _83995_ (rising edge-triggered flip-flop clocked by CLK)
Endpoint: _85264_ (rising edge-triggered flip-flop clocked by CLK)
Path Group: CLK
Path Type: max

  Delay    Time   Description
---------------------------------------------------------
   0.00    0.00   clock CLK (rise edge)
   0.00    0.00   clock network delay (ideal)
   0.00    0.00 ^ _83995_/CK (DFF_X1)
   0.09    0.09 ^ _83995_/Q (DFF_X1)
   0.04    0.13 ^ _72369_/Z (BUF_X4)
   0.02    0.15 v _48554_/ZN (INV_X2)
   0.07    0.22 ^ _68754_/ZN (NOR3_X4)
   0.05    0.27 v _68852_/ZN (NAND3_X4)
   0.03    0.30 ^ _68957_/ZN (NOR2_X4)
   0.03    0.33 v _69840_/ZN (NAND4_X1)
   0.02    0.35 ^ _69843_/ZN (NAND3_X1)
   0.01    0.36 v _69844_/ZN (AOI21_X1)
   0.03    0.39 ^ _69848_/ZN (OAI21_X1)
   0.02    0.41 v _69850_/ZN (AOI21_X1)
   0.03    0.44 ^ _69855_/ZN (OAI21_X1)
   0.02    0.45 v _69857_/ZN (AOI21_X1)
   0.03    0.48 ^ _69859_/ZN (OAI21_X1)
   0.02    0.50 v _69860_/ZN (AOI21_X1)
   0.03    0.53 ^ _69864_/ZN (OAI21_X1)
   0.02    0.54 v _69866_/ZN (AOI21_X1)
   0.03    0.57 ^ _69869_/ZN (OAI21_X1)
   0.02    0.59 v _69871_/ZN (AOI21_X1)
   0.03    0.62 ^ _69874_/ZN (OAI21_X1)
   0.02    0.63 v _69876_/ZN (AOI21_X1)
   0.03    0.66 ^ _69878_/ZN (OAI21_X1)
   0.02    0.68 v _69881_/ZN (AOI21_X1)
   0.03    0.71 ^ _69882_/ZN (OAI21_X1)
   0.02    0.72 v _69885_/ZN (AOI21_X1)
   0.03    0.75 ^ _69886_/ZN (OAI21_X1)
   0.02    0.77 v _69889_/ZN (AOI21_X1)
   0.03    0.80 ^ _69892_/ZN (OAI21_X1)
   0.02    0.81 v _69894_/ZN (AOI21_X1)
   0.03    0.84 ^ _69897_/ZN (OAI21_X1)
   0.02    0.86 v _69901_/ZN (AOI21_X1)
   0.03    0.89 ^ _69902_/ZN (AOI21_X1)
   0.02    0.91 v _69904_/ZN (AOI21_X1)
   0.03    0.93 ^ _69909_/ZN (OAI211_X2)
   0.02    0.96 v _69913_/ZN (NAND3_X1)
   0.03    0.98 ^ _69916_/ZN (AOI21_X1)
   0.02    1.00 v _69919_/ZN (OAI21_X1)
   0.03    1.03 ^ _69920_/ZN (AOI21_X1)
   0.02    1.05 v _69925_/ZN (OAI21_X1)
   0.03    1.08 ^ _69926_/ZN (OAI21_X1)
   0.02    1.09 v _69929_/ZN (AOI21_X1)
   0.03    1.12 ^ _69932_/ZN (OAI21_X1)
   0.02    1.14 v _69933_/ZN (AOI21_X1)
   0.03    1.17 ^ _69936_/ZN (OAI21_X1)
   0.02    1.19 v _69940_/ZN (NAND3_X1)
   0.02    1.20 ^ _69944_/ZN (NAND2_X1)
   0.02    1.22 v _69946_/ZN (AOI21_X1)
   0.03    1.25 ^ _69950_/ZN (OAI211_X2)
   0.02    1.27 v _69954_/ZN (NAND3_X1)
   0.02    1.28 ^ _69958_/ZN (NAND3_X1)
   0.01    1.30 v _69961_/ZN (NAND2_X1)
   0.01    1.31 ^ _69963_/ZN (NAND2_X1)
   0.02    1.33 v _69966_/ZN (AOI21_X1)
   0.03    1.36 ^ _69970_/ZN (OAI211_X2)
   0.02    1.38 v _69974_/ZN (NAND3_X1)
   0.03    1.41 ^ _69976_/ZN (AOI21_X1)
   0.02    1.42 v _69978_/ZN (OAI21_X1)
   0.03    1.45 ^ _69981_/ZN (AOI21_X1)
   0.02    1.47 v _69982_/ZN (OAI21_X1)
   0.03    1.50 ^ _69984_/ZN (AOI21_X1)
   0.02    1.51 v _69987_/ZN (OAI21_X1)
   0.03    1.54 ^ _69989_/ZN (AOI21_X1)
   0.02    1.56 v _69992_/ZN (OAI21_X1)
   0.03    1.59 ^ _69994_/ZN (AOI21_X1)
   0.02    1.60 v _69997_/ZN (OAI21_X1)
   0.03    1.63 ^ _70000_/ZN (AOI21_X1)
   0.02    1.65 v _70002_/ZN (OAI21_X1)
   0.02    1.67 ^ _70004_/ZN (NAND2_X1)
   0.01    1.68 v _70007_/ZN (AOI21_X2)
   0.03    1.71 ^ _70012_/ZN (OAI211_X2)
   0.02    1.73 v _70016_/ZN (NAND3_X1)
   0.02    1.75 ^ _70020_/ZN (NAND3_X1)
   0.01    1.76 v _70022_/ZN (AOI21_X1)
   0.03    1.79 ^ _70024_/ZN (OAI21_X1)
   0.02    1.81 v _70026_/ZN (AOI21_X1)
   0.03    1.83 ^ _70027_/ZN (OAI21_X1)
   0.02    1.85 v _70029_/ZN (AOI21_X1)
   0.03    1.88 ^ _70032_/ZN (OAI21_X1)
   0.02    1.90 v _70035_/ZN (AOI21_X1)
   0.03    1.92 ^ _70037_/ZN (OAI21_X1)
   0.02    1.94 v _70040_/ZN (AOI21_X1)
   0.03    1.97 ^ _70041_/ZN (OAI21_X1)
   0.02    1.99 v _70044_/ZN (AOI21_X1)
   0.03    2.02 ^ _70046_/ZN (OAI211_X2)
   0.02    2.04 v _70050_/ZN (NAND3_X1)
   0.03    2.07 ^ _70052_/ZN (AOI21_X1)
   0.02    2.08 v _70055_/ZN (OAI21_X1)
   0.03    2.11 ^ _70057_/ZN (AOI21_X1)
   0.02    2.13 v _70062_/ZN (OAI21_X1)
   0.03    2.16 ^ _70064_/ZN (AOI21_X1)
   0.02    2.17 v _70065_/ZN (OAI21_X1)
   0.03    2.20 ^ _70068_/ZN (AOI21_X1)
   0.02    2.22 v _70069_/ZN (OAI21_X1)
   0.03    2.25 ^ _70071_/ZN (AOI21_X1)
   0.02    2.26 v _70074_/ZN (OAI21_X1)
   0.03    2.29 ^ _70077_/ZN (AOI21_X1)
   0.02    2.31 v _70079_/ZN (OAI21_X1)
   0.03    2.34 ^ _70081_/ZN (AOI21_X1)
   0.02    2.36 v _70083_/ZN (OAI21_X1)
   0.03    2.38 ^ _70086_/ZN (AOI21_X1)
   0.02    2.40 v _70090_/ZN (OAI21_X1)
   0.04    2.44 ^ _70093_/ZN (AOI21_X1)
   0.02    2.46 v _70096_/ZN (OAI211_X2)
   0.02    2.48 ^ _70101_/ZN (NAND3_X1)
   0.01    2.49 v _70104_/ZN (AOI21_X1)
   0.03    2.52 ^ _70105_/ZN (OAI21_X1)
   0.02    2.54 v _70108_/ZN (AOI21_X1)
   0.03    2.57 ^ _70110_/ZN (OAI21_X1)
   0.02    2.58 v _70113_/ZN (NAND2_X1)
   0.03    2.61 ^ _70115_/ZN (AOI21_X1)
   0.02    2.63 v _70118_/ZN (OAI21_X1)
   0.03    2.66 ^ _70119_/ZN (AOI21_X1)
   0.02    2.67 v _70122_/ZN (OAI21_X1)
   0.03    2.70 ^ _70124_/ZN (AOI21_X1)
   0.02    2.72 v _70127_/ZN (OAI21_X1)
   0.03    2.75 ^ _70130_/ZN (AOI21_X1)
   0.02    2.76 v _70132_/ZN (OAI21_X1)
   0.03    2.80 ^ _70135_/ZN (AOI21_X1)
   0.02    2.82 v _70139_/ZN (OAI211_X2)
   0.02    2.84 ^ _70144_/ZN (NAND3_X1)
   0.01    2.85 v _70146_/ZN (AOI21_X1)
   0.03    2.88 ^ _70148_/ZN (OAI21_X1)
   0.02    2.90 v _70153_/ZN (NAND3_X1)
   0.03    2.93 ^ _70156_/ZN (AOI21_X1)
   0.02    2.95 v _70158_/ZN (OAI21_X1)
   0.02    2.96 ^ _70160_/ZN (NAND2_X1)
   0.01    2.98 v _70164_/ZN (NAND2_X1)
   0.03    3.01 ^ _70166_/ZN (AOI21_X1)
   0.02    3.03 v _70169_/ZN (OAI211_X2)
   0.02    3.05 ^ _70173_/ZN (NAND3_X1)
   0.02    3.07 v _70177_/ZN (NAND3_X1)
   0.02    3.09 ^ _70181_/ZN (NAND3_X1)
   0.01    3.10 v _70183_/ZN (NAND2_X1)
   0.03    3.13 ^ _70186_/ZN (AOI21_X1)
   0.02    3.15 v _70188_/ZN (OAI21_X1)
   0.03    3.18 ^ _70189_/ZN (AOI21_X1)
   0.02    3.19 v _70193_/ZN (OAI21_X1)
   0.03    3.22 ^ _70194_/ZN (AOI21_X1)
   0.02    3.24 v _70197_/ZN (OAI21_X1)
   0.03    3.27 ^ _70198_/ZN (AOI21_X1)
   0.02    3.29 v _70201_/ZN (OAI21_X1)
   0.03    3.31 ^ _70203_/ZN (AOI21_X1)
   0.02    3.33 v _70205_/ZN (OAI21_X1)
   0.03    3.36 ^ _70206_/ZN (AOI21_X1)
   0.02    3.38 v _70208_/ZN (OAI21_X1)
   0.03    3.41 ^ _70209_/ZN (AOI21_X1)
   0.02    3.42 v _70212_/ZN (OAI21_X1)
   0.03    3.46 ^ _70214_/ZN (AOI21_X1)
   0.02    3.48 v _70218_/ZN (OAI211_X2)
   0.02    3.50 ^ _70222_/ZN (NAND3_X1)
   0.01    3.51 v _70226_/ZN (AOI21_X1)
   0.03    3.54 ^ _70227_/ZN (OAI21_X1)
   0.02    3.56 v _70229_/ZN (AOI21_X1)
   0.03    3.59 ^ _70233_/ZN (OAI21_X1)
   0.02    3.60 v _70237_/ZN (AOI21_X1)
   0.03    3.63 ^ _70240_/ZN (OAI21_X1)
   0.02    3.65 v _70241_/ZN (AOI21_X1)
   0.03    3.68 ^ _70243_/ZN (OAI21_X1)
   0.02    3.69 v _70245_/ZN (AOI21_X1)
   0.03    3.72 ^ _70249_/ZN (OAI21_X1)
   0.02    3.74 v _70253_/ZN (NAND3_X1)
   0.03    3.77 ^ _70255_/ZN (AOI21_X1)
   0.02    3.79 v _70257_/ZN (OAI21_X1)
   0.02    3.80 ^ _70262_/ZN (NAND2_X1)
   0.02    3.82 v _70265_/ZN (AOI21_X1)
   0.03    3.85 ^ _70268_/ZN (OAI211_X2)
   0.02    3.87 v _70272_/ZN (NAND3_X1)
   0.02    3.89 ^ _70277_/ZN (NAND3_X1)
   0.02    3.90 v _70280_/ZN (AOI21_X1)
   0.02    3.93 ^ _70283_/ZN (OAI21_X2)
   0.02    3.94 v _70285_/ZN (AOI21_X1)
   0.03    3.97 ^ _70288_/ZN (OAI21_X1)
   0.02    3.99 v _70290_/ZN (AOI21_X1)
   0.03    4.02 ^ _70294_/ZN (OAI21_X1)
   0.02    4.03 v _70295_/ZN (AOI21_X1)
   0.03    4.06 ^ _70298_/ZN (OAI21_X1)
   0.02    4.08 v _70301_/ZN (AOI21_X1)
   0.03    4.11 ^ _70302_/ZN (OAI21_X1)
   0.02    4.12 v _70304_/ZN (AOI21_X1)
   0.03    4.15 ^ _70305_/ZN (OAI21_X1)
   0.02    4.17 v _70308_/ZN (AOI21_X1)
   0.03    4.20 ^ _70312_/ZN (OAI211_X2)
   0.02    4.22 v _70316_/ZN (NAND3_X1)
   0.02    4.24 ^ _70320_/ZN (NAND3_X1)
   0.01    4.25 v _70322_/ZN (AOI21_X1)
   0.03    4.28 ^ _70324_/ZN (OAI21_X1)
   0.02    4.30 v _70326_/ZN (AOI21_X1)
   0.03    4.33 ^ _70330_/ZN (OAI21_X1)
   0.02    4.35 v _70332_/ZN (AOI21_X1)
   0.03    4.37 ^ _70336_/ZN (OAI211_X2)
   0.02    4.39 v _70340_/ZN (NAND3_X1)
   0.03    4.42 ^ _70342_/ZN (AOI21_X1)
   0.02    4.44 v _70344_/ZN (OAI21_X1)
   0.03    4.47 ^ _70347_/ZN (AOI21_X1)
   0.02    4.49 v _70351_/ZN (OAI211_X2)
   0.02    4.51 ^ _70355_/ZN (NAND3_X1)
   0.02    4.53 v _70359_/ZN (NAND3_X1)
   0.03    4.56 ^ _70361_/ZN (AOI21_X1)
   0.02    4.58 v _70364_/ZN (OAI21_X1)
   0.02    4.59 ^ _70367_/ZN (NAND2_X1)
   0.02    4.61 v _70369_/ZN (AOI21_X1)
   0.03    4.64 ^ _70374_/ZN (OAI211_X2)
   0.02    4.66 v _70378_/ZN (NAND3_X1)
   0.03    4.69 ^ _70381_/ZN (AOI21_X1)
   0.02    4.70 v _70383_/ZN (OAI21_X1)
   0.03    4.73 ^ _70384_/ZN (AOI21_X1)
   0.02    4.75 v _70386_/ZN (OAI21_X1)
   0.03    4.78 ^ _70388_/ZN (AOI21_X1)
   0.02    4.79 v _70391_/ZN (OAI21_X1)
   0.03    4.82 ^ _70393_/ZN (AOI21_X1)
   0.02    4.84 v _70396_/ZN (OAI21_X1)
   0.03    4.87 ^ _70398_/ZN (AOI21_X1)
   0.02    4.90 v _70402_/ZN (OAI211_X2)
   0.02    4.91 ^ _70406_/ZN (NAND3_X1)
   0.01    4.93 v _70408_/ZN (AOI21_X1)
   0.03    4.96 ^ _70409_/ZN (OAI21_X1)
   0.02    4.97 v _70411_/ZN (AOI21_X1)
   0.03    5.00 ^ _70415_/ZN (OAI21_X1)
   0.02    5.02 v _70416_/ZN (AOI21_X1)
   0.03    5.05 ^ _70419_/ZN (OAI21_X1)
   0.02    5.06 v _70420_/ZN (AOI21_X1)
   0.03    5.09 ^ _70423_/ZN (OAI21_X1)
   0.02    5.11 v _70425_/ZN (AOI21_X1)
   0.03    5.14 ^ _70427_/ZN (OAI21_X1)
   0.02    5.15 v _70430_/ZN (AOI21_X1)
   0.03    5.18 ^ _70434_/ZN (OAI21_X1)
   0.02    5.20 v _70435_/ZN (AOI21_X1)
   0.03    5.23 ^ _70438_/ZN (OAI211_X2)
   0.02    5.25 v _70442_/ZN (NAND3_X1)
   0.03    5.28 ^ _70444_/ZN (AOI21_X1)
   0.02    5.29 v _70447_/ZN (OAI21_X1)
   0.03    5.32 ^ _70450_/ZN (AOI21_X1)
   0.02    5.34 v _70452_/ZN (OAI21_X1)
   0.03    5.37 ^ _70454_/ZN (AOI21_X1)
   0.02    5.39 v _70456_/ZN (OAI21_X1)
   0.02    5.40 ^ _70459_/ZN (NAND2_X1)
   0.01    5.41 v _70464_/ZN (AOI21_X1)
   0.03    5.44 ^ _70468_/ZN (OAI21_X1)
   0.02    5.46 v _70471_/ZN (NAND2_X1)
   0.03    5.49 ^ _70473_/ZN (AOI21_X1)
   0.02    5.51 v _70477_/ZN (OAI211_X2)
   0.02    5.53 ^ _70481_/ZN (NAND3_X1)
   0.02    5.55 v _70485_/ZN (NAND3_X1)
   0.03    5.58 ^ _70487_/ZN (AOI21_X1)
   0.02    5.60 v _70488_/ZN (OAI21_X1)
   0.03    5.62 ^ _70490_/ZN (AOI21_X1)
   0.02    5.64 v _70493_/ZN (OAI21_X1)
   0.03    5.67 ^ _70495_/ZN (AOI21_X1)
   0.02    5.69 v _70498_/ZN (OAI21_X1)
   0.03    5.71 ^ _70500_/ZN (AOI21_X1)
   0.02    5.73 v _70503_/ZN (OAI21_X1)
   0.03    5.77 ^ _70505_/ZN (AOI21_X1)
   0.02    5.79 v _70509_/ZN (OAI211_X2)
   0.02    5.81 ^ _70513_/ZN (NAND3_X1)
   0.02    5.82 v _70517_/ZN (NAND3_X1)
   0.03    5.85 ^ _70519_/ZN (AOI21_X1)
   0.02    5.87 v _70521_/ZN (OAI21_X1)
   0.03    5.90 ^ _70523_/ZN (AOI21_X1)
   0.02    5.92 v _70526_/ZN (OAI21_X1)
   0.03    5.94 ^ _70529_/ZN (AOI21_X1)
   0.02    5.96 v _70531_/ZN (OAI21_X1)
   0.03    5.99 ^ _70533_/ZN (AOI21_X1)
   0.02    6.01 v _70534_/ZN (OAI21_X1)
   0.03    6.03 ^ _70537_/ZN (AOI21_X1)
   0.02    6.05 v _70539_/ZN (OAI21_X1)
   0.03    6.08 ^ _70541_/ZN (AOI21_X1)
   0.02    6.10 v _70544_/ZN (OAI21_X1)
   0.03    6.13 ^ _70546_/ZN (AOI21_X1)
   0.02    6.15 v _70550_/ZN (OAI211_X2)
   0.02    6.17 ^ _70555_/ZN (NAND3_X1)
   0.02    6.19 v _70559_/ZN (NAND3_X1)
   0.03    6.22 ^ _70561_/ZN (AOI21_X1)
   0.02    6.24 v _70563_/ZN (OAI21_X1)
   0.03    6.26 ^ _70565_/ZN (AOI21_X1)
   0.02    6.28 v _70569_/ZN (OAI21_X1)
   0.03    6.31 ^ _70570_/ZN (AOI21_X1)
   0.02    6.33 v _70574_/ZN (OAI21_X1)
   0.03    6.35 ^ _70575_/ZN (AOI21_X1)
   0.02    6.37 v _70579_/ZN (OAI21_X1)
   0.03    6.40 ^ _70581_/ZN (AOI21_X1)
   0.02    6.42 v _70582_/ZN (OAI21_X1)
   0.02    6.43 ^ _70584_/ZN (NAND2_X1)
   0.02    6.45 v _70588_/ZN (NAND3_X1)
   0.03    6.48 ^ _70590_/ZN (AOI21_X1)
   0.02    6.50 v _70591_/ZN (OAI21_X1)
   0.03    6.53 ^ _70593_/ZN (AOI21_X1)
   0.02    6.54 v _70596_/ZN (OAI21_X1)
   0.03    6.57 ^ _70598_/ZN (AOI21_X1)
   0.02    6.59 v _70601_/ZN (OAI21_X1)
   0.03    6.62 ^ _70604_/ZN (AOI21_X1)
   0.02    6.63 v _70607_/ZN (OAI21_X1)
   0.03    6.66 ^ _70609_/ZN (AOI21_X1)
   0.02    6.68 v _70612_/ZN (OAI21_X1)
   0.03    6.71 ^ _70614_/ZN (AOI21_X1)
   0.02    6.72 v _70616_/ZN (OAI21_X1)
   0.04    6.76 ^ _70617_/ZN (AOI21_X1)
   0.02    6.78 v _70619_/ZN (OAI211_X2)
   0.02    6.80 ^ _70623_/ZN (NAND3_X1)
   0.01    6.82 v _70626_/ZN (AOI21_X1)
   0.03    6.84 ^ _43191_/ZN (OAI21_X1)
   0.02    6.86 v _43195_/ZN (AOI21_X1)
   0.03    6.89 ^ _43196_/ZN (OAI21_X1)
   0.02    6.91 v _43199_/ZN (AOI21_X1)
   0.03    6.94 ^ _43202_/ZN (OAI21_X1)
   0.02    6.95 v _43205_/ZN (AOI21_X1)
   0.03    6.98 ^ _43207_/ZN (OAI21_X1)
   0.02    7.00 v _43209_/ZN (AOI21_X1)
   0.03    7.03 ^ _43213_/ZN (OAI21_X1)
   0.02    7.04 v _43216_/ZN (AOI21_X1)
   0.03    7.07 ^ _43220_/ZN (OAI21_X1)
   0.02    7.09 v _43221_/ZN (AOI21_X1)
   0.03    7.12 ^ _43224_/ZN (OAI21_X1)
   0.02    7.13 v _43226_/ZN (AOI21_X1)
   0.03    7.16 ^ _43228_/ZN (OAI21_X1)
   0.02    7.18 v _43230_/ZN (AOI21_X1)
   0.03    7.21 ^ _43234_/ZN (OAI21_X1)
   0.02    7.22 v _43237_/ZN (NAND2_X1)
   0.03    7.25 ^ _43240_/ZN (AOI21_X1)
   0.02    7.27 v _43242_/ZN (OAI21_X1)
   0.03    7.30 ^ _43245_/ZN (AOI21_X1)
   0.02    7.32 v _43247_/ZN (OAI211_X2)
   0.02    7.34 ^ _43251_/ZN (NAND3_X1)
   0.01    7.36 v _43255_/ZN (AOI21_X1)
   0.03    7.39 ^ _43256_/ZN (OAI21_X1)
   0.02    7.40 v _43259_/ZN (AOI21_X1)
   0.03    7.43 ^ _43263_/ZN (OAI21_X1)
   0.02    7.45 v _43264_/ZN (AOI21_X1)
   0.02    7.47 ^ _43268_/ZN (OAI21_X1)
   0.03    7.50 ^ _79785_/Z (CLKBUF_X1)
   0.00    7.50 ^ _85264_/D (DFF_X1)
           7.50   data arrival time

   5.40    5.40   clock CLK (rise edge)
   0.00    5.40   clock network delay (ideal)
   0.00    5.40   clock reconvergence pessimism
           5.40 ^ _85264_/CK (DFF_X1)
  -0.03    5.37   library setup time
           5.37   data required time
---------------------------------------------------------
           5.37   data required time
          -7.50   data arrival time
---------------------------------------------------------
          -2.13   slack (VIOLATED)



==========================================================================
report_tns
--------------------------------------------------------------------------
tns -2.13

==========================================================================
report_wns
--------------------------------------------------------------------------
wns -2.13

==========================================================================
report_check_types -max_transition -all_violators
--------------------------------------------------------------------------
max_transition

Pin                                    Limit   Trans   Slack
------------------------------------------------------------
_71366_/A                               0.20    3.05   -2.85 (VIOLATED)
_71369_/A                               0.20    3.05   -2.85 (VIOLATED)
_71372_/A                               0.20    3.05   -2.85 (VIOLATED)
_71408_/A                               0.20    3.05   -2.85 (VIOLATED)
_71429_/A                               0.20    3.05   -2.85 (VIOLATED)
_76286_/A                               0.20    3.05   -2.85 (VIOLATED)
_76294_/A                               0.20    3.05   -2.85 (VIOLATED)
_76366_/A                               0.20    3.05   -2.85 (VIOLATED)
_76373_/A                               0.20    3.05   -2.85 (VIOLATED)
_76395_/A                               0.20    3.05   -2.85 (VIOLATED)
_76409_/A                               0.20    3.05   -2.85 (VIOLATED)
_76440_/A                               0.20    3.05   -2.85 (VIOLATED)
_76479_/A                               0.20    3.05   -2.85 (VIOLATED)
_76551_/A                               0.20    3.05   -2.85 (VIOLATED)
_76682_/A                               0.20    3.05   -2.85 (VIOLATED)
_76710_/A                               0.20    3.05   -2.85 (VIOLATED)
_76752_/A                               0.20    3.05   -2.85 (VIOLATED)
_78696_/A                               0.20    3.05   -2.85 (VIOLATED)
_71375_/A                               0.20    1.66   -1.46 (VIOLATED)
_71378_/A                               0.20    1.66   -1.46 (VIOLATED)
_71384_/A                               0.20    1.66   -1.46 (VIOLATED)
_71387_/A                               0.20    1.66   -1.46 (VIOLATED)
_71390_/A                               0.20    1.66   -1.46 (VIOLATED)
_71396_/A                               0.20    1.66   -1.46 (VIOLATED)
_71399_/A                               0.20    1.66   -1.46 (VIOLATED)
_71402_/A                               0.20    1.66   -1.46 (VIOLATED)
_71411_/A                               0.20    1.66   -1.46 (VIOLATED)
_71414_/A                               0.20    1.66   -1.46 (VIOLATED)
_71420_/A                               0.20    1.66   -1.46 (VIOLATED)
_71426_/A                               0.20    1.66   -1.46 (VIOLATED)
_71432_/A                               0.20    1.66   -1.46 (VIOLATED)
_71444_/A                               0.20    1.66   -1.46 (VIOLATED)
_71465_/A                               0.20    1.66   -1.46 (VIOLATED)
_71468_/A                               0.20    1.66   -1.46 (VIOLATED)
_71477_/A                               0.20    1.66   -1.46 (VIOLATED)
_71489_/A                               0.20    1.66   -1.46 (VIOLATED)
_71507_/A                               0.20    1.66   -1.46 (VIOLATED)
_71531_/A                               0.20    1.66   -1.46 (VIOLATED)
_71543_/A                               0.20    1.66   -1.46 (VIOLATED)
_71576_/A                               0.20    1.66   -1.46 (VIOLATED)
_71588_/A                               0.20    1.66   -1.46 (VIOLATED)
_71591_/A                               0.20    1.66   -1.46 (VIOLATED)
_71597_/A                               0.20    1.66   -1.46 (VIOLATED)
_71624_/A                               0.20    1.66   -1.46 (VIOLATED)
_71699_/A                               0.20    1.66   -1.46 (VIOLATED)
_71744_/A                               0.20    1.66   -1.46 (VIOLATED)
_71750_/A                               0.20    1.66   -1.46 (VIOLATED)
_71765_/A                               0.20    1.66   -1.46 (VIOLATED)
_76234_/A                               0.20    1.66   -1.46 (VIOLATED)
_76235_/A                               0.20    1.66   -1.46 (VIOLATED)
_76238_/A                               0.20    1.66   -1.46 (VIOLATED)
_76242_/A                               0.20    1.66   -1.46 (VIOLATED)
_76243_/A                               0.20    1.66   -1.46 (VIOLATED)
_76244_/A                               0.20    1.66   -1.46 (VIOLATED)
_76251_/A                               0.20    1.66   -1.46 (VIOLATED)
_76252_/A                               0.20    1.66   -1.46 (VIOLATED)
_76256_/A                               0.20    1.66   -1.46 (VIOLATED)
_76263_/A                               0.20    1.66   -1.46 (VIOLATED)
_76269_/A                               0.20    1.66   -1.46 (VIOLATED)
_76270_/A                               0.20    1.66   -1.46 (VIOLATED)
_76271_/A                               0.20    1.66   -1.46 (VIOLATED)
_76272_/A                               0.20    1.66   -1.46 (VIOLATED)
_76277_/A                               0.20    1.66   -1.46 (VIOLATED)
_76278_/A                               0.20    1.66   -1.46 (VIOLATED)
_76280_/A                               0.20    1.66   -1.46 (VIOLATED)
_76287_/A                               0.20    1.66   -1.46 (VIOLATED)
_76288_/A                               0.20    1.66   -1.46 (VIOLATED)
_76302_/A                               0.20    1.66   -1.46 (VIOLATED)
_76303_/A                               0.20    1.66   -1.46 (VIOLATED)
_76310_/A                               0.20    1.66   -1.46 (VIOLATED)
_76317_/A                               0.20    1.66   -1.46 (VIOLATED)
_76318_/A                               0.20    1.66   -1.46 (VIOLATED)
_76319_/A                               0.20    1.66   -1.46 (VIOLATED)
_76320_/A                               0.20    1.66   -1.46 (VIOLATED)
_76325_/A                               0.20    1.66   -1.46 (VIOLATED)
_76326_/A                               0.20    1.66   -1.46 (VIOLATED)
_76333_/A                               0.20    1.66   -1.46 (VIOLATED)
_76334_/A                               0.20    1.66   -1.46 (VIOLATED)
_76342_/A                               0.20    1.66   -1.46 (VIOLATED)
_76343_/A                               0.20    1.66   -1.46 (VIOLATED)
_76344_/A                               0.20    1.66   -1.46 (VIOLATED)
_76345_/A                               0.20    1.66   -1.46 (VIOLATED)
_76350_/A                               0.20    1.66   -1.46 (VIOLATED)
_76358_/A                               0.20    1.66   -1.46 (VIOLATED)
_76374_/A                               0.20    1.66   -1.46 (VIOLATED)
_76375_/A                               0.20    1.66   -1.46 (VIOLATED)
_76380_/A                               0.20    1.66   -1.46 (VIOLATED)
_76381_/A                               0.20    1.66   -1.46 (VIOLATED)
_76382_/A                               0.20    1.66   -1.46 (VIOLATED)
_76383_/A                               0.20    1.66   -1.46 (VIOLATED)
_76388_/A                               0.20    1.66   -1.46 (VIOLATED)
_76390_/A                               0.20    1.66   -1.46 (VIOLATED)
_76394_/A                               0.20    1.66   -1.46 (VIOLATED)
_76396_/A                               0.20    1.66   -1.46 (VIOLATED)
_76397_/A                               0.20    1.66   -1.46 (VIOLATED)
_76402_/A                               0.20    1.66   -1.46 (VIOLATED)
_76403_/A                               0.20    1.66   -1.46 (VIOLATED)
_76404_/A                               0.20    1.66   -1.46 (VIOLATED)
_76405_/A                               0.20    1.66   -1.46 (VIOLATED)
_76408_/A                               0.20    1.66   -1.46 (VIOLATED)
_76410_/A                               0.20    1.66   -1.46 (VIOLATED)
_76411_/A                               0.20    1.66   -1.46 (VIOLATED)
_76412_/A                               0.20    1.66   -1.46 (VIOLATED)
_76416_/A                               0.20    1.66   -1.46 (VIOLATED)
_76417_/A                               0.20    1.66   -1.46 (VIOLATED)
_76419_/A                               0.20    1.66   -1.46 (VIOLATED)
_76423_/A                               0.20    1.66   -1.46 (VIOLATED)
_76424_/A                               0.20    1.66   -1.46 (VIOLATED)
_76425_/A                               0.20    1.66   -1.46 (VIOLATED)
_76426_/A                               0.20    1.66   -1.46 (VIOLATED)
_76429_/A                               0.20    1.66   -1.46 (VIOLATED)
_76430_/A                               0.20    1.66   -1.46 (VIOLATED)
_76432_/A                               0.20    1.66   -1.46 (VIOLATED)
_76433_/A                               0.20    1.66   -1.46 (VIOLATED)
_76436_/A                               0.20    1.66   -1.46 (VIOLATED)
_76439_/A                               0.20    1.66   -1.46 (VIOLATED)
_76444_/A                               0.20    1.66   -1.46 (VIOLATED)
_76445_/A                               0.20    1.66   -1.46 (VIOLATED)
_76446_/A                               0.20    1.66   -1.46 (VIOLATED)
_76451_/A                               0.20    1.66   -1.46 (VIOLATED)
_76452_/A                               0.20    1.66   -1.46 (VIOLATED)
_76453_/A                               0.20    1.66   -1.46 (VIOLATED)
_76454_/A                               0.20    1.66   -1.46 (VIOLATED)
_76458_/A                               0.20    1.66   -1.46 (VIOLATED)
_76459_/A                               0.20    1.66   -1.46 (VIOLATED)
_76465_/A                               0.20    1.66   -1.46 (VIOLATED)
_76466_/A                               0.20    1.66   -1.46 (VIOLATED)
_76467_/A                               0.20    1.66   -1.46 (VIOLATED)
_76468_/A                               0.20    1.66   -1.46 (VIOLATED)
_76472_/A                               0.20    1.66   -1.46 (VIOLATED)
_76474_/A                               0.20    1.66   -1.46 (VIOLATED)
_76475_/A                               0.20    1.66   -1.46 (VIOLATED)
_76480_/A                               0.20    1.66   -1.46 (VIOLATED)
_76481_/A                               0.20    1.66   -1.46 (VIOLATED)
_76482_/A                               0.20    1.66   -1.46 (VIOLATED)
_76487_/A                               0.20    1.66   -1.46 (VIOLATED)
_76489_/A                               0.20    1.66   -1.46 (VIOLATED)
_76490_/A                               0.20    1.66   -1.46 (VIOLATED)
_76494_/A                               0.20    1.66   -1.46 (VIOLATED)
_76495_/A                               0.20    1.66   -1.46 (VIOLATED)
_76496_/A                               0.20    1.66   -1.46 (VIOLATED)
_76497_/A                               0.20    1.66   -1.46 (VIOLATED)
_76503_/A                               0.20    1.66   -1.46 (VIOLATED)
_76504_/A                               0.20    1.66   -1.46 (VIOLATED)
_76506_/A                               0.20    1.66   -1.46 (VIOLATED)
_76511_/A                               0.20    1.66   -1.46 (VIOLATED)
_76512_/A                               0.20    1.66   -1.46 (VIOLATED)
_76514_/A                               0.20    1.66   -1.46 (VIOLATED)
_76519_/A                               0.20    1.66   -1.46 (VIOLATED)
_76520_/A                               0.20    1.66   -1.46 (VIOLATED)
_76527_/A                               0.20    1.66   -1.46 (VIOLATED)
_76528_/A                               0.20    1.66   -1.46 (VIOLATED)
_76529_/A                               0.20    1.66   -1.46 (VIOLATED)
_76535_/A                               0.20    1.66   -1.46 (VIOLATED)
_76536_/A                               0.20    1.66   -1.46 (VIOLATED)
_76537_/A                               0.20    1.66   -1.46 (VIOLATED)
_76543_/A                               0.20    1.66   -1.46 (VIOLATED)
_76544_/A                               0.20    1.66   -1.46 (VIOLATED)
_76552_/A                               0.20    1.66   -1.46 (VIOLATED)
_76553_/A                               0.20    1.66   -1.46 (VIOLATED)
_76559_/A                               0.20    1.66   -1.46 (VIOLATED)
_76560_/A                               0.20    1.66   -1.46 (VIOLATED)
_76561_/A                               0.20    1.66   -1.46 (VIOLATED)
_76567_/A                               0.20    1.66   -1.46 (VIOLATED)
_76568_/A                               0.20    1.66   -1.46 (VIOLATED)
_76575_/A                               0.20    1.66   -1.46 (VIOLATED)
_76576_/A                               0.20    1.66   -1.46 (VIOLATED)
_76583_/A                               0.20    1.66   -1.46 (VIOLATED)
_76591_/A                               0.20    1.66   -1.46 (VIOLATED)
_76592_/A                               0.20    1.66   -1.46 (VIOLATED)
_76593_/A                               0.20    1.66   -1.46 (VIOLATED)
_76599_/A                               0.20    1.66   -1.46 (VIOLATED)
_76606_/A                               0.20    1.66   -1.46 (VIOLATED)
_76607_/A                               0.20    1.66   -1.46 (VIOLATED)
_76615_/A                               0.20    1.66   -1.46 (VIOLATED)
_76616_/A                               0.20    1.66   -1.46 (VIOLATED)
_76617_/A                               0.20    1.66   -1.46 (VIOLATED)
_76618_/A                               0.20    1.66   -1.46 (VIOLATED)
_76623_/A                               0.20    1.66   -1.46 (VIOLATED)
_76624_/A                               0.20    1.66   -1.46 (VIOLATED)
_76630_/A                               0.20    1.66   -1.46 (VIOLATED)
_76631_/A                               0.20    1.66   -1.46 (VIOLATED)
_76633_/A                               0.20    1.66   -1.46 (VIOLATED)
_76681_/A                               0.20    1.66   -1.46 (VIOLATED)
_76683_/A                               0.20    1.66   -1.46 (VIOLATED)
_76684_/A                               0.20    1.66   -1.46 (VIOLATED)
_76685_/A                               0.20    1.66   -1.46 (VIOLATED)
_76689_/A                               0.20    1.66   -1.46 (VIOLATED)
_76690_/A                               0.20    1.66   -1.46 (VIOLATED)
_76691_/A                               0.20    1.66   -1.46 (VIOLATED)
_76692_/A                               0.20    1.66   -1.46 (VIOLATED)
_76696_/A                               0.20    1.66   -1.46 (VIOLATED)
_76697_/A                               0.20    1.66   -1.46 (VIOLATED)
_76698_/A                               0.20    1.66   -1.46 (VIOLATED)
_76699_/A                               0.20    1.66   -1.46 (VIOLATED)
_76703_/A                               0.20    1.66   -1.46 (VIOLATED)
_76704_/A                               0.20    1.66   -1.46 (VIOLATED)
_76705_/A                               0.20    1.66   -1.46 (VIOLATED)
_76706_/A                               0.20    1.66   -1.46 (VIOLATED)
_76711_/A                               0.20    1.66   -1.46 (VIOLATED)
_76712_/A                               0.20    1.66   -1.46 (VIOLATED)
_76713_/A                               0.20    1.66   -1.46 (VIOLATED)
_76717_/A                               0.20    1.66   -1.46 (VIOLATED)
_76719_/A                               0.20    1.66   -1.46 (VIOLATED)
_76723_/A                               0.20    1.66   -1.46 (VIOLATED)
_76724_/A                               0.20    1.66   -1.46 (VIOLATED)
_76725_/A                               0.20    1.66   -1.46 (VIOLATED)
_76726_/A                               0.20    1.66   -1.46 (VIOLATED)
_76727_/A                               0.20    1.66   -1.46 (VIOLATED)
_76730_/A                               0.20    1.66   -1.46 (VIOLATED)
_76731_/A                               0.20    1.66   -1.46 (VIOLATED)
_76732_/A                               0.20    1.66   -1.46 (VIOLATED)
_76733_/A                               0.20    1.66   -1.46 (VIOLATED)
_76734_/A                               0.20    1.66   -1.46 (VIOLATED)
_76738_/A                               0.20    1.66   -1.46 (VIOLATED)
_76739_/A                               0.20    1.66   -1.46 (VIOLATED)
_76740_/A                               0.20    1.66   -1.46 (VIOLATED)
_76741_/A                               0.20    1.66   -1.46 (VIOLATED)
_76745_/A                               0.20    1.66   -1.46 (VIOLATED)
_76748_/A                               0.20    1.66   -1.46 (VIOLATED)
_76751_/A                               0.20    1.66   -1.46 (VIOLATED)
_76753_/A                               0.20    1.66   -1.46 (VIOLATED)
_76754_/A                               0.20    1.66   -1.46 (VIOLATED)
_76755_/A                               0.20    1.66   -1.46 (VIOLATED)
_78697_/A                               0.20    1.66   -1.46 (VIOLATED)
_71303_/A                               0.20    0.91   -0.71 (VIOLATED)
_71312_/A                               0.20    0.91   -0.71 (VIOLATED)
_71318_/A                               0.20    0.91   -0.71 (VIOLATED)
_71321_/A                               0.20    0.91   -0.71 (VIOLATED)
_71324_/A                               0.20    0.91   -0.71 (VIOLATED)
_71330_/A                               0.20    0.91   -0.71 (VIOLATED)
_71333_/A                               0.20    0.91   -0.71 (VIOLATED)
_71336_/A                               0.20    0.91   -0.71 (VIOLATED)
_71339_/A                               0.20    0.91   -0.71 (VIOLATED)
_71354_/A                               0.20    0.91   -0.71 (VIOLATED)
_71363_/A                               0.20    0.91   -0.71 (VIOLATED)
_71405_/A                               0.20    0.91   -0.71 (VIOLATED)
_71417_/A                               0.20    0.91   -0.71 (VIOLATED)
_71438_/A                               0.20    0.91   -0.71 (VIOLATED)
_71441_/A                               0.20    0.91   -0.71 (VIOLATED)
_71447_/A                               0.20    0.91   -0.71 (VIOLATED)
_71450_/A                               0.20    0.91   -0.71 (VIOLATED)
_71456_/A                               0.20    0.91   -0.71 (VIOLATED)
_71471_/A                               0.20    0.91   -0.71 (VIOLATED)
_71474_/A                               0.20    0.91   -0.71 (VIOLATED)
_71483_/A                               0.20    0.91   -0.71 (VIOLATED)
_71486_/A                               0.20    0.91   -0.71 (VIOLATED)
_71492_/A                               0.20    0.91   -0.71 (VIOLATED)
_71495_/A                               0.20    0.91   -0.71 (VIOLATED)
_71501_/A                               0.20    0.91   -0.71 (VIOLATED)
_71504_/A                               0.20    0.91   -0.71 (VIOLATED)
_71513_/A                               0.20    0.91   -0.71 (VIOLATED)
_71519_/A                               0.20    0.91   -0.71 (VIOLATED)
_71522_/A                               0.20    0.91   -0.71 (VIOLATED)
_71525_/A                               0.20    0.91   -0.71 (VIOLATED)
_71528_/A                               0.20    0.91   -0.71 (VIOLATED)
_71534_/A                               0.20    0.91   -0.71 (VIOLATED)
_71537_/A                               0.20    0.91   -0.71 (VIOLATED)
_71540_/A                               0.20    0.91   -0.71 (VIOLATED)
_71546_/A                               0.20    0.91   -0.71 (VIOLATED)
_71549_/A                               0.20    0.91   -0.71 (VIOLATED)
_71555_/A                               0.20    0.91   -0.71 (VIOLATED)
_71558_/A                               0.20    0.91   -0.71 (VIOLATED)
_71561_/A                               0.20    0.91   -0.71 (VIOLATED)
_71564_/A                               0.20    0.91   -0.71 (VIOLATED)
_71570_/A                               0.20    0.91   -0.71 (VIOLATED)
_71573_/A                               0.20    0.91   -0.71 (VIOLATED)
_71582_/A                               0.20    0.91   -0.71 (VIOLATED)
_71585_/A                               0.20    0.91   -0.71 (VIOLATED)
_71594_/A                               0.20    0.91   -0.71 (VIOLATED)
_71600_/A                               0.20    0.91   -0.71 (VIOLATED)
_71603_/A                               0.20    0.91   -0.71 (VIOLATED)
_71606_/A                               0.20    0.91   -0.71 (VIOLATED)
_71609_/A                               0.20    0.91   -0.71 (VIOLATED)
_71612_/A                               0.20    0.91   -0.71 (VIOLATED)
_71615_/A                               0.20    0.91   -0.71 (VIOLATED)
_71618_/A                               0.20    0.91   -0.71 (VIOLATED)
_71621_/A                               0.20    0.91   -0.71 (VIOLATED)
_71627_/A                               0.20    0.91   -0.71 (VIOLATED)
_71630_/A                               0.20    0.91   -0.71 (VIOLATED)
_71633_/A                               0.20    0.91   -0.71 (VIOLATED)
_71636_/A                               0.20    0.91   -0.71 (VIOLATED)
_71639_/A                               0.20    0.91   -0.71 (VIOLATED)
_71642_/A                               0.20    0.91   -0.71 (VIOLATED)
_71648_/A                               0.20    0.91   -0.71 (VIOLATED)
_71651_/A                               0.20    0.91   -0.71 (VIOLATED)
_71654_/A                               0.20    0.91   -0.71 (VIOLATED)
_71657_/A                               0.20    0.91   -0.71 (VIOLATED)
_71660_/A                               0.20    0.91   -0.71 (VIOLATED)
_71663_/A                               0.20    0.91   -0.71 (VIOLATED)
_71666_/A                               0.20    0.91   -0.71 (VIOLATED)
_71669_/A                               0.20    0.91   -0.71 (VIOLATED)
_71672_/A                               0.20    0.91   -0.71 (VIOLATED)
_71675_/A                               0.20    0.91   -0.71 (VIOLATED)
_71678_/A                               0.20    0.91   -0.71 (VIOLATED)
_71681_/A                               0.20    0.91   -0.71 (VIOLATED)
_71684_/A                               0.20    0.91   -0.71 (VIOLATED)
_71687_/A                               0.20    0.91   -0.71 (VIOLATED)
_71690_/A                               0.20    0.91   -0.71 (VIOLATED)
_71693_/A                               0.20    0.91   -0.71 (VIOLATED)
_71702_/A                               0.20    0.91   -0.71 (VIOLATED)
_71705_/A                               0.20    0.91   -0.71 (VIOLATED)
_71708_/A                               0.20    0.91   -0.71 (VIOLATED)
_71711_/A                               0.20    0.91   -0.71 (VIOLATED)
_71714_/A                               0.20    0.91   -0.71 (VIOLATED)
_71717_/A                               0.20    0.91   -0.71 (VIOLATED)
_71720_/A                               0.20    0.91   -0.71 (VIOLATED)
_71723_/A                               0.20    0.91   -0.71 (VIOLATED)
_71726_/A                               0.20    0.91   -0.71 (VIOLATED)
_71729_/A                               0.20    0.91   -0.71 (VIOLATED)
_71732_/A                               0.20    0.91   -0.71 (VIOLATED)
_71738_/A                               0.20    0.91   -0.71 (VIOLATED)
_71753_/A                               0.20    0.91   -0.71 (VIOLATED)
_71756_/A                               0.20    0.91   -0.71 (VIOLATED)
_71759_/A                               0.20    0.91   -0.71 (VIOLATED)
_71771_/A                               0.20    0.91   -0.71 (VIOLATED)
_71774_/A                               0.20    0.91   -0.71 (VIOLATED)
_71777_/A                               0.20    0.91   -0.71 (VIOLATED)
_71780_/A                               0.20    0.91   -0.71 (VIOLATED)
_71783_/A                               0.20    0.91   -0.71 (VIOLATED)
_71786_/A                               0.20    0.91   -0.71 (VIOLATED)
_76233_/A                               0.20    0.91   -0.71 (VIOLATED)
_76236_/A                               0.20    0.91   -0.71 (VIOLATED)
_76241_/A                               0.20    0.91   -0.71 (VIOLATED)
_76245_/A                               0.20    0.91   -0.71 (VIOLATED)
_76248_/A                               0.20    0.91   -0.71 (VIOLATED)
_76249_/A                               0.20    0.91   -0.71 (VIOLATED)
_76250_/A                               0.20    0.91   -0.71 (VIOLATED)
_76255_/A                               0.20    0.91   -0.71 (VIOLATED)
_76257_/A                               0.20    0.91   -0.71 (VIOLATED)
_76258_/A                               0.20    0.91   -0.71 (VIOLATED)
_76259_/A                               0.20    0.91   -0.71 (VIOLATED)
_76262_/A                               0.20    0.91   -0.71 (VIOLATED)
_76264_/A                               0.20    0.91   -0.71 (VIOLATED)
_76265_/A                               0.20    0.91   -0.71 (VIOLATED)
_76266_/A                               0.20    0.91   -0.71 (VIOLATED)
_76273_/A                               0.20    0.91   -0.71 (VIOLATED)
_76276_/A                               0.20    0.91   -0.71 (VIOLATED)
_76279_/A                               0.20    0.91   -0.71 (VIOLATED)
_76281_/A                               0.20    0.91   -0.71 (VIOLATED)
_76284_/A                               0.20    0.91   -0.71 (VIOLATED)
_76289_/A                               0.20    0.91   -0.71 (VIOLATED)
_76292_/A                               0.20    0.91   -0.71 (VIOLATED)
_76295_/A                               0.20    0.91   -0.71 (VIOLATED)
_76296_/A                               0.20    0.91   -0.71 (VIOLATED)
_76297_/A                               0.20    0.91   -0.71 (VIOLATED)
_76300_/A                               0.20    0.91   -0.71 (VIOLATED)
_76301_/A                               0.20    0.91   -0.71 (VIOLATED)
_76304_/A                               0.20    0.91   -0.71 (VIOLATED)
_76305_/A                               0.20    0.91   -0.71 (VIOLATED)
_76308_/A                               0.20    0.91   -0.71 (VIOLATED)
_76309_/A                               0.20    0.91   -0.71 (VIOLATED)
_76311_/A                               0.20    0.91   -0.71 (VIOLATED)
_76312_/A                               0.20    0.91   -0.71 (VIOLATED)
_76313_/A                               0.20    0.91   -0.71 (VIOLATED)
_76316_/A                               0.20    0.91   -0.71 (VIOLATED)
_76321_/A                               0.20    0.91   -0.71 (VIOLATED)
_76324_/A                               0.20    0.91   -0.71 (VIOLATED)
_76327_/A                               0.20    0.91   -0.71 (VIOLATED)
_76328_/A                               0.20    0.91   -0.71 (VIOLATED)
_76329_/A                               0.20    0.91   -0.71 (VIOLATED)
_76332_/A                               0.20    0.91   -0.71 (VIOLATED)
_76335_/A                               0.20    0.91   -0.71 (VIOLATED)
_76336_/A                               0.20    0.91   -0.71 (VIOLATED)
_76337_/A                               0.20    0.91   -0.71 (VIOLATED)
_76340_/A                               0.20    0.91   -0.71 (VIOLATED)
_76341_/A                               0.20    0.91   -0.71 (VIOLATED)
_76348_/A                               0.20    0.91   -0.71 (VIOLATED)
_76349_/A                               0.20    0.91   -0.71 (VIOLATED)
_76351_/A                               0.20    0.91   -0.71 (VIOLATED)
_76352_/A                               0.20    0.91   -0.71 (VIOLATED)
_76353_/A                               0.20    0.91   -0.71 (VIOLATED)
_76356_/A                               0.20    0.91   -0.71 (VIOLATED)
_76357_/A                               0.20    0.91   -0.71 (VIOLATED)
_76359_/A                               0.20    0.91   -0.71 (VIOLATED)
_76360_/A                               0.20    0.91   -0.71 (VIOLATED)
_76361_/A                               0.20    0.91   -0.71 (VIOLATED)
_76364_/A                               0.20    0.91   -0.71 (VIOLATED)
_76365_/A                               0.20    0.91   -0.71 (VIOLATED)
_76367_/A                               0.20    0.91   -0.71 (VIOLATED)
_76368_/A                               0.20    0.91   -0.71 (VIOLATED)
_76369_/A                               0.20    0.91   -0.71 (VIOLATED)
_76376_/A                               0.20    0.91   -0.71 (VIOLATED)
_76384_/A                               0.20    0.91   -0.71 (VIOLATED)
_76387_/A                               0.20    0.91   -0.71 (VIOLATED)
_76389_/A                               0.20    0.91   -0.71 (VIOLATED)
_76391_/A                               0.20    0.91   -0.71 (VIOLATED)
_76398_/A                               0.20    0.91   -0.71 (VIOLATED)
_76401_/A                               0.20    0.91   -0.71 (VIOLATED)
_76418_/A                               0.20    0.91   -0.71 (VIOLATED)
_76422_/A                               0.20    0.91   -0.71 (VIOLATED)
_76431_/A                               0.20    0.91   -0.71 (VIOLATED)
_76437_/A                               0.20    0.91   -0.71 (VIOLATED)
_76438_/A                               0.20    0.91   -0.71 (VIOLATED)
_76443_/A                               0.20    0.91   -0.71 (VIOLATED)
_76447_/A                               0.20    0.91   -0.71 (VIOLATED)
_76450_/A                               0.20    0.91   -0.71 (VIOLATED)
_76457_/A                               0.20    0.91   -0.71 (VIOLATED)
_76460_/A                               0.20    0.91   -0.71 (VIOLATED)
_76461_/A                               0.20    0.91   -0.71 (VIOLATED)
_76464_/A                               0.20    0.91   -0.71 (VIOLATED)
_76471_/A                               0.20    0.91   -0.71 (VIOLATED)
_76473_/A                               0.20    0.91   -0.71 (VIOLATED)
_76478_/A                               0.20    0.91   -0.71 (VIOLATED)
_76485_/A                               0.20    0.91   -0.71 (VIOLATED)
_76486_/A                               0.20    0.91   -0.71 (VIOLATED)
_76488_/A                               0.20    0.91   -0.71 (VIOLATED)
_76493_/A                               0.20    0.91   -0.71 (VIOLATED)
_76498_/A                               0.20    0.91   -0.71 (VIOLATED)
_76501_/A                               0.20    0.91   -0.71 (VIOLATED)
_76502_/A                               0.20    0.91   -0.71 (VIOLATED)
_76505_/A                               0.20    0.91   -0.71 (VIOLATED)
_76509_/A                               0.20    0.91   -0.71 (VIOLATED)
_76510_/A                               0.20    0.91   -0.71 (VIOLATED)
_76513_/A                               0.20    0.91   -0.71 (VIOLATED)
_76517_/A                               0.20    0.91   -0.71 (VIOLATED)
_76521_/A                               0.20    0.91   -0.71 (VIOLATED)
_76522_/A                               0.20    0.91   -0.71 (VIOLATED)
_76525_/A                               0.20    0.91   -0.71 (VIOLATED)
_76526_/A                               0.20    0.91   -0.71 (VIOLATED)
_76530_/A                               0.20    0.91   -0.71 (VIOLATED)
_76533_/A                               0.20    0.91   -0.71 (VIOLATED)
_76534_/A                               0.20    0.91   -0.71 (VIOLATED)
_76538_/A                               0.20    0.91   -0.71 (VIOLATED)
_76541_/A                               0.20    0.91   -0.71 (VIOLATED)
_76542_/A                               0.20    0.91   -0.71 (VIOLATED)
_76545_/A                               0.20    0.91   -0.71 (VIOLATED)
_76546_/A                               0.20    0.91   -0.71 (VIOLATED)
_76549_/A                               0.20    0.91   -0.71 (VIOLATED)
_76554_/A                               0.20    0.91   -0.71 (VIOLATED)
_76558_/A                               0.20    0.91   -0.71 (VIOLATED)
_76562_/A                               0.20    0.91   -0.71 (VIOLATED)
_76569_/A                               0.20    0.91   -0.71 (VIOLATED)
_76570_/A                               0.20    0.91   -0.71 (VIOLATED)
_76577_/A                               0.20    0.91   -0.71 (VIOLATED)
_76578_/A                               0.20    0.91   -0.71 (VIOLATED)
_76582_/A                               0.20    0.91   -0.71 (VIOLATED)
_76584_/A                               0.20    0.91   -0.71 (VIOLATED)
_76585_/A                               0.20    0.91   -0.71 (VIOLATED)
_76586_/A                               0.20    0.91   -0.71 (VIOLATED)
_76589_/A                               0.20    0.91   -0.71 (VIOLATED)
_76590_/A                               0.20    0.91   -0.71 (VIOLATED)
_76594_/A                               0.20    0.91   -0.71 (VIOLATED)
_76597_/A                               0.20    0.91   -0.71 (VIOLATED)
_76598_/A                               0.20    0.91   -0.71 (VIOLATED)
_76600_/A                               0.20    0.91   -0.71 (VIOLATED)
_76601_/A                               0.20    0.91   -0.71 (VIOLATED)
_76602_/A                               0.20    0.91   -0.71 (VIOLATED)
_76608_/A                               0.20    0.91   -0.71 (VIOLATED)
_76609_/A                               0.20    0.91   -0.71 (VIOLATED)
_76610_/A                               0.20    0.91   -0.71 (VIOLATED)
_76613_/A                               0.20    0.91   -0.71 (VIOLATED)
_76614_/A                               0.20    0.91   -0.71 (VIOLATED)
_76626_/A                               0.20    0.91   -0.71 (VIOLATED)
_76629_/A                               0.20    0.91   -0.71 (VIOLATED)
_76632_/A                               0.20    0.91   -0.71 (VIOLATED)
_76634_/A                               0.20    0.91   -0.71 (VIOLATED)
_76688_/A                               0.20    0.91   -0.71 (VIOLATED)
_76695_/A                               0.20    0.91   -0.71 (VIOLATED)
_76702_/A                               0.20    0.91   -0.71 (VIOLATED)
_76709_/A                               0.20    0.91   -0.71 (VIOLATED)
_76716_/A                               0.20    0.91   -0.71 (VIOLATED)
_76718_/A                               0.20    0.91   -0.71 (VIOLATED)
_76720_/A                               0.20    0.91   -0.71 (VIOLATED)
_76737_/A                               0.20    0.91   -0.71 (VIOLATED)
_76744_/A                               0.20    0.91   -0.71 (VIOLATED)
_76746_/A                               0.20    0.91   -0.71 (VIOLATED)
_76747_/A                               0.20    0.91   -0.71 (VIOLATED)
_71309_/A                               0.20    0.52   -0.32 (VIOLATED)
_71315_/A                               0.20    0.52   -0.32 (VIOLATED)
_71381_/A                               0.20    0.52   -0.32 (VIOLATED)
_71393_/A                               0.20    0.52   -0.32 (VIOLATED)
_71453_/A                               0.20    0.52   -0.32 (VIOLATED)
_71459_/A                               0.20    0.52   -0.32 (VIOLATED)
_71462_/A                               0.20    0.52   -0.32 (VIOLATED)
_71480_/A                               0.20    0.52   -0.32 (VIOLATED)
_71498_/A                               0.20    0.52   -0.32 (VIOLATED)
_71510_/A                               0.20    0.52   -0.32 (VIOLATED)
_71516_/A                               0.20    0.52   -0.32 (VIOLATED)
_71552_/A                               0.20    0.52   -0.32 (VIOLATED)
_71567_/A                               0.20    0.52   -0.32 (VIOLATED)
_71579_/A                               0.20    0.52   -0.32 (VIOLATED)
_71645_/A                               0.20    0.52   -0.32 (VIOLATED)
_71696_/A                               0.20    0.52   -0.32 (VIOLATED)
_71741_/A                               0.20    0.52   -0.32 (VIOLATED)
_71762_/A                               0.20    0.52   -0.32 (VIOLATED)
_71768_/A                               0.20    0.52   -0.32 (VIOLATED)
_72559_/A                               0.20    0.52   -0.32 (VIOLATED)
_72739_/A                               0.20    0.52   -0.32 (VIOLATED)
_72743_/A                               0.20    0.52   -0.32 (VIOLATED)
_72770_/A                               0.20    0.52   -0.32 (VIOLATED)
_72810_/A                               0.20    0.52   -0.32 (VIOLATED)
_72813_/A                               0.20    0.52   -0.32 (VIOLATED)
_72831_/A                               0.20    0.52   -0.32 (VIOLATED)
_72862_/A                               0.20    0.52   -0.32 (VIOLATED)
_72865_/A                               0.20    0.52   -0.32 (VIOLATED)
_72883_/A                               0.20    0.52   -0.32 (VIOLATED)
_72901_/A                               0.20    0.52   -0.32 (VIOLATED)
_72934_/A                               0.20    0.52   -0.32 (VIOLATED)
_72951_/A                               0.20    0.52   -0.32 (VIOLATED)
_72968_/A                               0.20    0.52   -0.32 (VIOLATED)
_72985_/A                               0.20    0.52   -0.32 (VIOLATED)
_73002_/A                               0.20    0.52   -0.32 (VIOLATED)
_73019_/A                               0.20    0.52   -0.32 (VIOLATED)
_73036_/A                               0.20    0.52   -0.32 (VIOLATED)
_73053_/A                               0.20    0.52   -0.32 (VIOLATED)
_73070_/A                               0.20    0.52   -0.32 (VIOLATED)
_73077_/A                               0.20    0.52   -0.32 (VIOLATED)
_73084_/A                               0.20    0.52   -0.32 (VIOLATED)
_73091_/A                               0.20    0.52   -0.32 (VIOLATED)
_73098_/A                               0.20    0.52   -0.32 (VIOLATED)
_73112_/A                               0.20    0.52   -0.32 (VIOLATED)
_73119_/A                               0.20    0.52   -0.32 (VIOLATED)
_73126_/A                               0.20    0.52   -0.32 (VIOLATED)
_73133_/A                               0.20    0.52   -0.32 (VIOLATED)
_73140_/A                               0.20    0.52   -0.32 (VIOLATED)
_73148_/A                               0.20    0.52   -0.32 (VIOLATED)
_73152_/A                               0.20    0.52   -0.32 (VIOLATED)
_73159_/A                               0.20    0.52   -0.32 (VIOLATED)
_73166_/A                               0.20    0.52   -0.32 (VIOLATED)
_73173_/A                               0.20    0.52   -0.32 (VIOLATED)
_73180_/A                               0.20    0.52   -0.32 (VIOLATED)
_73187_/A                               0.20    0.52   -0.32 (VIOLATED)
_73194_/A                               0.20    0.52   -0.32 (VIOLATED)
_73201_/A                               0.20    0.52   -0.32 (VIOLATED)
_73215_/A                               0.20    0.52   -0.32 (VIOLATED)
_73376_/A                               0.20    0.52   -0.32 (VIOLATED)
_76372_/A                               0.20    0.52   -0.32 (VIOLATED)
_76550_/A                               0.20    0.52   -0.32 (VIOLATED)
_76565_/A                               0.20    0.52   -0.32 (VIOLATED)
_76573_/A                               0.20    0.52   -0.32 (VIOLATED)
_76621_/A                               0.20    0.52   -0.32 (VIOLATED)
_76625_/A                               0.20    0.52   -0.32 (VIOLATED)
_78700_/A                               0.20    0.52   -0.32 (VIOLATED)
_71423_/A                               0.20    0.43   -0.23 (VIOLATED)
_71747_/A                               0.20    0.43   -0.23 (VIOLATED)
_73105_/A                               0.20    0.43   -0.23 (VIOLATED)
_73208_/A                               0.20    0.43   -0.23 (VIOLATED)
_73222_/A                               0.20    0.43   -0.23 (VIOLATED)
_73229_/A                               0.20    0.43   -0.23 (VIOLATED)
_73236_/A                               0.20    0.43   -0.23 (VIOLATED)
_73243_/A                               0.20    0.43   -0.23 (VIOLATED)
_73250_/A                               0.20    0.43   -0.23 (VIOLATED)
_73257_/A                               0.20    0.43   -0.23 (VIOLATED)
_73264_/A                               0.20    0.43   -0.23 (VIOLATED)
_73271_/A                               0.20    0.43   -0.23 (VIOLATED)
_73278_/A                               0.20    0.43   -0.23 (VIOLATED)
_73327_/A                               0.20    0.43   -0.23 (VIOLATED)
_73334_/A                               0.20    0.43   -0.23 (VIOLATED)
_73341_/A                               0.20    0.43   -0.23 (VIOLATED)
_73348_/A                               0.20    0.43   -0.23 (VIOLATED)
_73355_/A                               0.20    0.43   -0.23 (VIOLATED)
_73362_/A                               0.20    0.43   -0.23 (VIOLATED)
_73369_/A                               0.20    0.43   -0.23 (VIOLATED)
_76293_/A                               0.20    0.43   -0.23 (VIOLATED)
_76415_/A                               0.20    0.43   -0.23 (VIOLATED)
_76566_/A                               0.20    0.43   -0.23 (VIOLATED)
_76622_/A                               0.20    0.43   -0.23 (VIOLATED)
_71835_/A                               0.20    0.33   -0.13 (VIOLATED)
_71841_/A                               0.20    0.33   -0.13 (VIOLATED)
_71849_/A                               0.20    0.33   -0.13 (VIOLATED)
_71857_/A                               0.20    0.33   -0.13 (VIOLATED)
_71859_/A                               0.20    0.33   -0.13 (VIOLATED)
_71861_/A                               0.20    0.33   -0.13 (VIOLATED)
_71869_/A                               0.20    0.33   -0.13 (VIOLATED)
_73320_/A                               0.20    0.33   -0.13 (VIOLATED)
_76285_/A                               0.20    0.33   -0.13 (VIOLATED)
_76518_/A                               0.20    0.33   -0.13 (VIOLATED)
_76574_/A                               0.20    0.33   -0.13 (VIOLATED)
_71306_/A                               0.20    0.28   -0.09 (VIOLATED)
_71327_/A                               0.20    0.28   -0.09 (VIOLATED)
_71342_/A                               0.20    0.28   -0.09 (VIOLATED)
_71345_/A                               0.20    0.28   -0.09 (VIOLATED)
_71348_/A                               0.20    0.28   -0.09 (VIOLATED)
_71351_/A                               0.20    0.28   -0.09 (VIOLATED)
_71357_/A                               0.20    0.28   -0.09 (VIOLATED)
_71360_/A                               0.20    0.28   -0.09 (VIOLATED)
_71795_/A                               0.20    0.28   -0.09 (VIOLATED)
_71797_/A                               0.20    0.28   -0.09 (VIOLATED)
_71799_/A                               0.20    0.28   -0.09 (VIOLATED)
_71801_/A                               0.20    0.28   -0.09 (VIOLATED)
_71803_/A                               0.20    0.28   -0.09 (VIOLATED)
_71805_/A                               0.20    0.28   -0.09 (VIOLATED)
_71807_/A                               0.20    0.28   -0.09 (VIOLATED)
_71809_/A                               0.20    0.28   -0.09 (VIOLATED)
_71811_/A                               0.20    0.28   -0.09 (VIOLATED)
_71813_/A                               0.20    0.28   -0.09 (VIOLATED)
_71815_/A                               0.20    0.28   -0.09 (VIOLATED)
_71817_/A                               0.20    0.28   -0.09 (VIOLATED)
_71819_/A                               0.20    0.28   -0.09 (VIOLATED)
_71821_/A                               0.20    0.28   -0.09 (VIOLATED)
_71823_/A                               0.20    0.28   -0.09 (VIOLATED)
_71825_/A                               0.20    0.28   -0.09 (VIOLATED)
_71827_/A                               0.20    0.28   -0.09 (VIOLATED)
_71829_/A                               0.20    0.28   -0.09 (VIOLATED)
_71831_/A                               0.20    0.28   -0.09 (VIOLATED)
_71833_/A                               0.20    0.28   -0.09 (VIOLATED)
_71837_/A                               0.20    0.28   -0.09 (VIOLATED)
_71839_/A                               0.20    0.28   -0.09 (VIOLATED)
_71843_/A                               0.20    0.28   -0.09 (VIOLATED)
_71845_/A                               0.20    0.28   -0.09 (VIOLATED)
_71847_/A                               0.20    0.28   -0.09 (VIOLATED)
_71851_/A                               0.20    0.28   -0.09 (VIOLATED)
_71853_/A                               0.20    0.28   -0.09 (VIOLATED)
_71855_/A                               0.20    0.28   -0.09 (VIOLATED)
_71863_/A                               0.20    0.28   -0.09 (VIOLATED)
_71865_/A                               0.20    0.28   -0.09 (VIOLATED)
_71867_/A                               0.20    0.28   -0.09 (VIOLATED)
_71871_/A                               0.20    0.28   -0.09 (VIOLATED)
_71873_/A                               0.20    0.28   -0.09 (VIOLATED)
_71875_/A                               0.20    0.28   -0.09 (VIOLATED)
_71877_/A                               0.20    0.28   -0.09 (VIOLATED)
_71879_/A                               0.20    0.28   -0.09 (VIOLATED)
_71881_/A                               0.20    0.28   -0.09 (VIOLATED)
_71883_/A                               0.20    0.28   -0.09 (VIOLATED)
_71885_/A                               0.20    0.28   -0.09 (VIOLATED)
_71887_/A                               0.20    0.28   -0.09 (VIOLATED)
_71889_/A                               0.20    0.28   -0.09 (VIOLATED)
_71891_/A                               0.20    0.28   -0.09 (VIOLATED)
_71893_/A                               0.20    0.28   -0.09 (VIOLATED)
_71895_/A                               0.20    0.28   -0.09 (VIOLATED)
_71897_/A                               0.20    0.28   -0.09 (VIOLATED)
_71899_/A                               0.20    0.28   -0.09 (VIOLATED)
_71901_/A                               0.20    0.28   -0.09 (VIOLATED)
_71903_/A                               0.20    0.28   -0.09 (VIOLATED)
_71905_/A                               0.20    0.28   -0.09 (VIOLATED)
_71907_/A                               0.20    0.28   -0.09 (VIOLATED)
_71909_/A                               0.20    0.28   -0.09 (VIOLATED)
_71911_/A                               0.20    0.28   -0.09 (VIOLATED)
_71913_/A                               0.20    0.28   -0.09 (VIOLATED)
_71915_/A                               0.20    0.28   -0.09 (VIOLATED)
_71917_/A                               0.20    0.28   -0.09 (VIOLATED)
_71919_/A                               0.20    0.28   -0.09 (VIOLATED)
_71921_/A                               0.20    0.28   -0.09 (VIOLATED)
_71923_/A                               0.20    0.28   -0.09 (VIOLATED)
_71925_/A                               0.20    0.28   -0.09 (VIOLATED)
_71927_/A                               0.20    0.28   -0.09 (VIOLATED)
_71929_/A                               0.20    0.28   -0.09 (VIOLATED)
_71931_/A                               0.20    0.28   -0.09 (VIOLATED)
_71933_/A                               0.20    0.28   -0.09 (VIOLATED)
_71935_/A                               0.20    0.28   -0.09 (VIOLATED)
_71937_/A                               0.20    0.28   -0.09 (VIOLATED)
_71939_/A                               0.20    0.28   -0.09 (VIOLATED)
_71941_/A                               0.20    0.28   -0.09 (VIOLATED)
_71943_/A                               0.20    0.28   -0.09 (VIOLATED)
_71945_/A                               0.20    0.28   -0.09 (VIOLATED)
_71947_/A                               0.20    0.28   -0.09 (VIOLATED)
_71949_/A                               0.20    0.28   -0.09 (VIOLATED)
_71951_/A                               0.20    0.28   -0.09 (VIOLATED)
_71953_/A                               0.20    0.28   -0.09 (VIOLATED)
_73285_/A                               0.20    0.28   -0.09 (VIOLATED)
_73292_/A                               0.20    0.28   -0.09 (VIOLATED)
_73299_/A                               0.20    0.28   -0.09 (VIOLATED)
_73306_/A                               0.20    0.28   -0.09 (VIOLATED)
_73313_/A                               0.20    0.28   -0.09 (VIOLATED)
_76379_/A                               0.20    0.28   -0.09 (VIOLATED)
_76557_/A                               0.20    0.28   -0.09 (VIOLATED)
_76581_/A                               0.20    0.28   -0.09 (VIOLATED)
_76605_/A                               0.20    0.28   -0.09 (VIOLATED)
_78698_/A                               0.20    0.28   -0.09 (VIOLATED)
_78699_/A                               0.20    0.28   -0.09 (VIOLATED)
_78701_/A                               0.20    0.28   -0.09 (VIOLATED)
_78702_/A                               0.20    0.28   -0.09 (VIOLATED)
_83628_/A                               0.20    0.28   -0.09 (VIOLATED)
_83630_/A                               0.20    0.28   -0.09 (VIOLATED)
_83632_/A                               0.20    0.28   -0.09 (VIOLATED)
_83634_/A                               0.20    0.28   -0.09 (VIOLATED)
_83636_/A                               0.20    0.28   -0.09 (VIOLATED)
_83638_/A                               0.20    0.28   -0.09 (VIOLATED)
_83640_/A                               0.20    0.28   -0.09 (VIOLATED)
_83642_/A                               0.20    0.28   -0.09 (VIOLATED)
_83644_/A                               0.20    0.28   -0.09 (VIOLATED)
_83646_/A                               0.20    0.28   -0.09 (VIOLATED)
_83648_/A                               0.20    0.28   -0.09 (VIOLATED)
_83650_/A                               0.20    0.28   -0.09 (VIOLATED)
_83652_/A                               0.20    0.28   -0.09 (VIOLATED)
_83654_/A                               0.20    0.28   -0.09 (VIOLATED)
_83656_/A                               0.20    0.28   -0.09 (VIOLATED)
_83658_/A                               0.20    0.28   -0.09 (VIOLATED)
bp_fe_pc_gen_1.genblk1_branch_prediction_1.btb_1.btb_mem.macro_mem.mem/we_in    0.00    0.04   -0.04 (VIOLATED)
icache_1.data_mem_banks_0__data_mem_bank.macro_mem.mem/we_in    0.00    0.01   -0.01 (VIOLATED)
icache_1.data_mem_banks_1__data_mem_bank.macro_mem.mem/we_in    0.00    0.01   -0.01 (VIOLATED)
icache_1.data_mem_banks_2__data_mem_bank.macro_mem.mem/we_in    0.00    0.01   -0.01 (VIOLATED)
icache_1.data_mem_banks_3__data_mem_bank.macro_mem.mem/we_in    0.00    0.01   -0.01 (VIOLATED)
icache_1.data_mem_banks_4__data_mem_bank.macro_mem.mem/we_in    0.00    0.01   -0.01 (VIOLATED)
icache_1.data_mem_banks_5__data_mem_bank.macro_mem.mem/we_in    0.00    0.01   -0.01 (VIOLATED)
icache_1.data_mem_banks_6__data_mem_bank.macro_mem.mem/we_in    0.00    0.01   -0.01 (VIOLATED)
icache_1.data_mem_banks_7__data_mem_bank.macro_mem.mem/we_in    0.00    0.01   -0.01 (VIOLATED)
icache_1.tag_mem.macro_mem.mem/we_in    0.00    0.01   -0.01 (VIOLATED)
icache_1.metadata_mem.macro_mem.mem/we_in    0.00    0.01   -0.01 (VIOLATED)


==========================================================================
report_power
--------------------------------------------------------------------------
Group                  Internal  Switching    Leakage      Total
                          Power      Power      Power      Power
----------------------------------------------------------------
Sequential             0.00e+00   0.00e+00   3.43e-04   3.43e-04   0.0%
Combinational          3.21e+02   2.11e-03   2.48e-02   3.21e+02 100.0%
Macro                  0.00e+00   0.00e+00   0.00e+00   0.00e+00   0.0%
Pad                    0.00e+00   0.00e+00   0.00e+00   0.00e+00   0.0%
----------------------------------------------------------------
Total                  3.21e+02   2.11e-03   2.51e-02   3.21e+02 100.0%
                         100.0%       0.0%       0.0%

==========================================================================
report_design_area
--------------------------------------------------------------------------
Design area 3556117 u^2 116% utilization.
