
==========================================================================
report_checks
--------------------------------------------------------------------------
Startpoint: _244475_ (rising edge-triggered flip-flop clocked by core_clock)
Endpoint: _240687_ (recovery check against rising-edge clock core_clock)
Path Group: **async_default**
Path Type: max

  Delay    Time   Description
---------------------------------------------------------
   0.00    0.00   clock core_clock (rise edge)
   0.00    0.00   clock network delay (ideal)
   0.00    0.00 ^ _244475_/CK (DFFR_X1)
   0.08    0.08 v _244475_/Q (DFFR_X1)
   0.03    0.12 v _224648_/Z (BUF_X1)
   0.03    0.15 ^ _138662_/ZN (INV_X1)
   0.03    0.17 ^ _189032_/ZN (OR2_X1)
   0.03    0.20 ^ _189033_/ZN (AND2_X1)
  71.39   71.59 ^ _234941_/Z (BUF_X1)
   0.00   71.59 ^ _240687_/RN (DFFR_X1)
          71.59   data arrival time

  10.00   10.00   clock core_clock (rise edge)
   0.00   10.00   clock network delay (ideal)
   0.00   10.00   clock reconvergence pessimism
          10.00 ^ _240687_/CK (DFFR_X1)
 -16.37   -6.37   library recovery time
          -6.37   data required time
---------------------------------------------------------
          -6.37   data required time
         -71.59   data arrival time
---------------------------------------------------------
         -77.96   slack (VIOLATED)


Startpoint: _247328_ (rising edge-triggered flip-flop clocked by core_clock)
Endpoint: _243586_ (rising edge-triggered flip-flop clocked by core_clock)
Path Group: core_clock
Path Type: max

  Delay    Time   Description
---------------------------------------------------------
   0.00    0.00   clock core_clock (rise edge)
   0.00    0.00   clock network delay (ideal)
   0.00    0.00 ^ _247328_/CK (DFFR_X1)
   0.08    0.08 v _247328_/Q (DFFR_X1)
   0.04    0.12 v _220905_/Z (BUF_X1)
   0.07    0.19 v _128116_/ZN (OR3_X4)
   0.09    0.28 v _128117_/ZN (OR4_X4)
   0.04    0.32 v _128118_/ZN (OR2_X4)
   0.04    0.36 v _128119_/ZN (OR2_X4)
   0.05    0.41 v _128123_/ZN (OR3_X4)
   0.06    0.47 v _128124_/ZN (OR3_X4)
   0.06    0.52 v _128125_/ZN (OR3_X4)
   0.04    0.56 ^ _128126_/ZN (NOR4_X4)
   0.02    0.58 v _128128_/ZN (NAND2_X2)
   0.04    0.62 ^ _128129_/ZN (NOR4_X2)
   0.01    0.63 v _128130_/ZN (INV_X1)
   0.05    0.68 ^ _128131_/ZN (NOR4_X1)
   0.05    0.73 v _128133_/ZN (NAND3_X1)
   0.04    0.77 v _128134_/ZN (AND2_X2)
   0.04    0.81 ^ _147073_/ZN (AOI21_X4)
   0.02    0.83 v _147076_/ZN (NOR2_X4)
   0.02    0.85 ^ _171566_/ZN (NOR2_X4)
   0.04    0.89 ^ _171567_/ZN (AND2_X4)
   0.02    0.91 v _171601_/ZN (NAND3_X1)
   0.02    0.93 ^ _171607_/ZN (NAND2_X1)
   0.02    0.95 v _171610_/ZN (AOI21_X2)
   0.05    1.00 v _171622_/ZN (OR2_X2)
   0.04    1.04 ^ _171623_/ZN (AOI22_X2)
   0.04    1.08 v _171624_/ZN (NAND3_X2)
   0.03    1.11 ^ _171712_/ZN (AOI21_X4)
   0.03    1.14 ^ _171713_/ZN (AND2_X4)
   0.03    1.17 ^ _171715_/ZN (OR2_X4)
   0.03    1.20 ^ _171717_/ZN (AND2_X4)
   0.03    1.23 ^ _171718_/Z (BUF_X8)
   0.01    1.23 v _171719_/ZN (INV_X8)
   0.02    1.26 ^ _171720_/ZN (NAND2_X4)
   0.01    1.27 v _171721_/ZN (NOR2_X4)
   0.03    1.30 ^ _171746_/ZN (NOR2_X4)
   0.02    1.32 v _171750_/ZN (NAND3_X4)
   0.03    1.35 ^ _171751_/ZN (NOR2_X4)
   0.05    1.40 ^ _171794_/ZN (AND3_X4)
   0.03    1.43 ^ _171795_/ZN (AND2_X4)
   0.01    1.45 v _171796_/ZN (NOR2_X2)
   0.03    1.48 v _171831_/ZN (AND2_X4)
   0.08    1.56 ^ _171832_/ZN (NOR4_X4)
   0.03    1.59 v _171839_/ZN (NAND4_X4)
   0.05    1.64 ^ _171859_/ZN (NOR3_X4)
   0.05    1.68 ^ _171861_/ZN (AND2_X4)
   0.04    1.72 ^ _171890_/ZN (AND2_X4)
   0.01    1.73 v _171891_/ZN (INV_X2)
   0.03    1.77 ^ _171893_/ZN (NOR2_X4)
   0.02    1.78 v _171896_/ZN (NOR3_X4)
   0.02    1.80 ^ _172119_/ZN (INV_X8)
   0.01    1.81 v _172122_/ZN (NOR3_X4)
   0.04    1.84 ^ _172123_/ZN (NOR2_X1)
   0.05    1.90 ^ _172130_/ZN (XNOR2_X1)
   0.02    1.92 v _172176_/ZN (NAND2_X2)
   0.02    1.94 ^ _172178_/ZN (NAND2_X4)
   0.01    1.95 v _172230_/ZN (NAND2_X4)
   0.02    1.98 ^ _172235_/ZN (AOI21_X4)
   0.03    2.00 ^ _172276_/ZN (OR2_X4)
   0.04    2.04 ^ _172354_/ZN (AND3_X4)
   0.01    2.05 v _172356_/ZN (NOR2_X4)
   0.02    2.08 ^ _172357_/ZN (NOR2_X2)
   0.02    2.10 v _172805_/ZN (NAND3_X1)
   0.04    2.14 ^ _172806_/ZN (NOR3_X2)
   0.05    2.18 ^ _172953_/ZN (AND3_X1)
   0.02    2.20 v _172954_/ZN (NAND3_X1)
   0.04    2.24 ^ _172955_/ZN (NOR3_X2)
   0.04    2.28 v _172956_/ZN (NAND3_X1)
   0.03    2.31 ^ _173174_/ZN (NOR2_X2)
   0.03    2.34 v _173175_/ZN (NAND3_X2)
   0.03    2.37 ^ _173210_/ZN (NOR3_X2)
   0.02    2.38 v _173213_/ZN (OAI21_X1)
   0.03    2.42 ^ _173215_/ZN (OAI221_X1)
   0.06    2.48 ^ _173235_/ZN (AND4_X2)
   0.05    2.52 ^ _173238_/ZN (AND4_X4)
   0.02    2.55 v _173240_/ZN (OAI211_X2)
   0.05    2.60 v _173241_/Z (MUX2_X2)
   0.03    2.63 v _231131_/Z (BUF_X1)
   0.00    2.63 v _243586_/D (DFFR_X1)
           2.63   data arrival time

  10.00   10.00   clock core_clock (rise edge)
   0.00   10.00   clock network delay (ideal)
   0.00   10.00   clock reconvergence pessimism
          10.00 ^ _243586_/CK (DFFR_X1)
  -0.04    9.96   library setup time
           9.96   data required time
---------------------------------------------------------
           9.96   data required time
          -2.63   data arrival time
---------------------------------------------------------
           7.33   slack (MET)



==========================================================================
report_tns
--------------------------------------------------------------------------
tns -869405.00

==========================================================================
report_wns
--------------------------------------------------------------------------
wns -77.96

==========================================================================
report_design_area
--------------------------------------------------------------------------
Design area 820477 u^2 10% utilization.
