
==========================================================================
report_checks
--------------------------------------------------------------------------
Startpoint: _174420_ (rising edge-triggered flip-flop clocked by clk)
Endpoint: _174036_ (rising edge-triggered flip-flop clocked by clk)
Path Group: clk
Path Type: max

  Delay    Time   Description
---------------------------------------------------------
   0.00    0.00   clock clk (rise edge)
   0.00    0.00   clock network delay (ideal)
   0.00    0.00 ^ _174420_/CK (DFFR_X1)
   0.10    0.10 ^ _174420_/Q (DFFR_X1)
   0.53    0.63 ^ _160056_/Z (BUF_X1)
   0.02    0.65 ^ _087472_/Z (BUF_X32)
   0.05    0.70 ^ _151615_/ZN (AND2_X1)
   0.06    0.76 ^ _151616_/Z (XOR2_X2)
   0.06    0.82 ^ _151618_/Z (XOR2_X1)
   0.07    0.89 ^ _151620_/Z (XOR2_X1)
   0.07    0.96 ^ _151624_/Z (XOR2_X1)
   0.07    1.02 ^ _151627_/Z (XOR2_X1)
   0.06    1.09 ^ _151629_/Z (XOR2_X1)
   0.07    1.15 ^ _151633_/Z (XOR2_X1)
   0.07    1.22 ^ _151643_/Z (XOR2_X1)
   0.07    1.28 ^ _151647_/Z (XOR2_X1)
   0.05    1.34 ^ _151650_/ZN (XNOR2_X1)
   0.06    1.40 ^ _151653_/Z (XOR2_X1)
   0.04    1.44 ^ _151660_/ZN (AND2_X1)
   0.01    1.45 v _151662_/ZN (NOR2_X2)
   0.07    1.52 ^ _151762_/ZN (NOR3_X1)
   0.03    1.56 ^ _151891_/ZN (OR4_X2)
   0.03    1.59 ^ _151895_/ZN (AND2_X2)
   0.02    1.61 v _152022_/ZN (NAND3_X1)
   0.06    1.67 v _152159_/ZN (OR3_X2)
   0.03    1.70 ^ _152165_/ZN (NAND2_X1)
   0.02    1.71 v _152228_/ZN (NAND2_X1)
   0.03    1.74 v _152230_/ZN (AND2_X2)
   0.03    1.77 v _152295_/ZN (XNOR2_X1)
   0.06    1.83 v _152296_/Z (MUX2_X1)
   0.03    1.86 v _169068_/Z (BUF_X1)
   0.00    1.86 v _174036_/D (DFF_X1)
           1.86   data arrival time

   4.00    4.00   clock clk (rise edge)
   0.00    4.00   clock network delay (ideal)
   0.00    4.00   clock reconvergence pessimism
           4.00 ^ _174036_/CK (DFF_X1)
  -0.04    3.96   library setup time
           3.96   data required time
---------------------------------------------------------
           3.96   data required time
          -1.86   data arrival time
---------------------------------------------------------
           2.10   slack (MET)



==========================================================================
report_tns
--------------------------------------------------------------------------
tns 0.00

==========================================================================
report_wns
--------------------------------------------------------------------------
wns 0.00

==========================================================================
report_design_area
--------------------------------------------------------------------------
Design area 480218 u^2 9% utilization.
