
==========================================================================
report_floating_nets
--------------------------------------------------------------------------
Warning: found 4636 floatiing nets.

==========================================================================
report_checks
--------------------------------------------------------------------------
Startpoint: _174426_ (rising edge-triggered flip-flop clocked by clk)
Endpoint: _173914_ (rising edge-triggered flip-flop clocked by clk)
Path Group: clk
Path Type: max

  Delay    Time   Description
---------------------------------------------------------
   0.00    0.00   clock clk (rise edge)
   0.00    0.00   clock network delay (ideal)
   0.00    0.00 ^ _174426_/CK (DFFR_X1)
   0.10    0.10 ^ _174426_/Q (DFFR_X1)
   0.04    0.14 ^ _160074_/Z (BUF_X4)
   0.08    0.23 ^ _087541_/Z (BUF_X16)
   0.23    0.46 ^ _087542_/Z (BUF_X16)
   0.17    0.63 ^ _087543_/Z (BUF_X16)
   0.19    0.82 ^ _087544_/Z (BUF_X16)
   0.51    1.33 ^ _087545_/Z (BUF_X16)
   0.41    1.74 ^ _087546_/Z (BUF_X16)
   0.10    1.84 ^ _087547_/Z (BUF_X16)
   0.16    2.00 ^ _087548_/Z (BUF_X16)
   0.07    2.07 ^ _087549_/Z (BUF_X16)
   0.05    2.12 ^ _087550_/Z (BUF_X16)
   0.08    2.20 ^ _087551_/Z (BUF_X16)
   0.42    2.62 ^ _087552_/Z (BUF_X16)
   0.13    2.75 ^ _087553_/Z (BUF_X16)
   0.10    2.84 ^ _087554_/Z (BUF_X16)
   0.06    2.90 ^ _087555_/Z (BUF_X16)
   0.08    2.99 ^ _087556_/Z (BUF_X16)
   0.34    3.33 ^ _087557_/Z (BUF_X16)
   0.24    3.57 v _149222_/ZN (NAND4_X1)
   0.03    3.59 ^ _149223_/ZN (NAND2_X1)
   0.04    3.64 ^ _149224_/ZN (XNOR2_X1)
   0.04    3.68 ^ _149226_/ZN (XNOR2_X1)
   0.05    3.73 ^ _149230_/ZN (XNOR2_X1)
   0.05    3.77 ^ _149231_/ZN (XNOR2_X1)
   0.04    3.82 ^ _149256_/ZN (XNOR2_X1)
   0.05    3.87 ^ _149259_/ZN (XNOR2_X1)
   0.06    3.93 ^ _149263_/Z (XOR2_X2)
   0.03    3.96 v _149264_/ZN (XNOR2_X2)
   0.06    4.02 v _149266_/Z (MUX2_X1)
   0.03    4.05 v _168860_/Z (CLKBUF_X1)
   0.00    4.05 v _173914_/D (DFF_X1)
           4.05   data arrival time

   4.00    4.00   clock clk (rise edge)
   0.00    4.00   clock network delay (ideal)
   0.00    4.00   clock reconvergence pessimism
           4.00 ^ _173914_/CK (DFF_X1)
  -0.04    3.96   library setup time
           3.96   data required time
---------------------------------------------------------
           3.96   data required time
          -4.05   data arrival time
---------------------------------------------------------
          -0.09   slack (VIOLATED)



==========================================================================
report_tns
--------------------------------------------------------------------------
tns -0.11

==========================================================================
report_wns
--------------------------------------------------------------------------
wns -0.09

==========================================================================
report_design_area
--------------------------------------------------------------------------
Design area 566000 u^2 10% utilization.
