
==========================================================================
report_checks
--------------------------------------------------------------------------
Startpoint: _174426_ (rising edge-triggered flip-flop clocked by clk)
Endpoint: _173914_ (rising edge-triggered flip-flop clocked by clk)
Path Group: clk
Path Type: max

  Delay    Time   Description
---------------------------------------------------------
   0.00    0.00   clock clk (rise edge)
   0.00    0.00   clock network delay (ideal)
   0.00    0.00 ^ _174426_/CK (DFFR_X1)
   0.10    0.10 ^ _174426_/Q (DFFR_X1)
   0.10    0.20 ^ _160074_/Z (BUF_X1)
   0.11    0.31 ^ _087541_/Z (BUF_X32)
   0.32    0.63 ^ _087542_/Z (BUF_X32)
   0.24    0.87 ^ _087543_/Z (BUF_X32)
   0.19    1.06 ^ _087544_/Z (BUF_X16)
   0.50    1.56 ^ _087545_/Z (BUF_X16)
   0.42    1.97 ^ _087546_/Z (BUF_X16)
   0.10    2.07 ^ _087547_/Z (BUF_X16)
   0.16    2.23 ^ _087548_/Z (BUF_X16)
   0.07    2.29 ^ _087549_/Z (BUF_X8)
   0.16    2.45 ^ _087550_/Z (BUF_X2)
   0.21    2.66 ^ _087551_/Z (BUF_X2)
   0.44    3.10 ^ _087552_/Z (BUF_X4)
   0.16    3.26 ^ _087553_/Z (BUF_X4)
   0.14    3.40 ^ _087554_/Z (BUF_X4)
   0.11    3.51 ^ _087555_/Z (BUF_X4)
   0.13    3.64 ^ _087556_/Z (BUF_X4)
   0.38    4.02 ^ _087557_/Z (BUF_X2)
   0.26    4.28 v _149222_/ZN (NAND4_X1)
   0.04    4.32 ^ _149223_/ZN (NAND2_X1)
   0.04    4.36 ^ _149224_/ZN (XNOR2_X1)
   0.04    4.41 ^ _149226_/ZN (XNOR2_X1)
   0.05    4.46 ^ _149230_/ZN (XNOR2_X1)
   0.05    4.50 ^ _149231_/ZN (XNOR2_X1)
   0.04    4.55 ^ _149256_/ZN (XNOR2_X1)
   0.04    4.59 ^ _149259_/ZN (XNOR2_X1)
   0.07    4.66 ^ _149263_/Z (XOR2_X1)
   0.04    4.70 v _149264_/ZN (XNOR2_X1)
   0.06    4.76 v _149266_/Z (MUX2_X1)
   0.03    4.79 v _168860_/Z (BUF_X1)
   0.00    4.79 v _173914_/D (DFF_X1)
           4.79   data arrival time

   4.00    4.00   clock clk (rise edge)
   0.00    4.00   clock network delay (ideal)
   0.00    4.00   clock reconvergence pessimism
           4.00 ^ _173914_/CK (DFF_X1)
  -0.04    3.96   library setup time
           3.96   data required time
---------------------------------------------------------
           3.96   data required time
          -4.79   data arrival time
---------------------------------------------------------
          -0.83   slack (VIOLATED)



==========================================================================
report_tns
--------------------------------------------------------------------------
tns -32.93

==========================================================================
report_wns
--------------------------------------------------------------------------
wns -0.83

==========================================================================
report_design_area
--------------------------------------------------------------------------
Design area 486059 u^2 9% utilization.
