
==========================================================================
report_checks
--------------------------------------------------------------------------
Startpoint: _56945_ (rising edge-triggered flip-flop clocked by clk)
Endpoint: _55593_ (rising edge-triggered flip-flop clocked by clk)
Path Group: clk
Path Type: max

  Delay    Time   Description
---------------------------------------------------------
   0.00    0.00   clock clk (rise edge)
   0.00    0.00   clock network delay (ideal)
   0.00    0.00 ^ _56945_/CK (DFF_X1)
   0.08    0.08 ^ _56945_/Q (DFF_X1)
   0.17    0.25 ^ _51749_/Z (BUF_X1)
   0.00    0.25 v _29557_/ZN (INV_X32)
   0.04    0.29 ^ _29819_/ZN (NOR2_X4)
   0.04    0.33 ^ _29820_/ZN (AND2_X4)
   0.02    0.36 v _29821_/ZN (INV_X2)
   0.06    0.41 ^ _29822_/ZN (AOI21_X4)
   0.05    0.46 ^ _29823_/ZN (AND2_X4)
   0.03    0.50 ^ _29863_/Z (BUF_X8)
   0.02    0.52 v _30045_/ZN (OAI21_X4)
   0.04    0.56 ^ _30046_/ZN (AOI21_X4)
   0.05    0.61 ^ _31498_/ZN (AND3_X4)
   0.05    0.66 ^ _31499_/Z (XOR2_X2)
   0.06    0.72 ^ _31555_/Z (XOR2_X2)
   0.06    0.78 ^ _31562_/Z (XOR2_X2)
   0.06    0.84 ^ _31571_/Z (XOR2_X2)
   0.06    0.90 ^ _31591_/Z (XOR2_X2)
   0.06    0.96 ^ _31667_/Z (XOR2_X2)
   0.06    1.02 ^ _31706_/Z (XOR2_X2)
   0.06    1.08 ^ _31737_/Z (XOR2_X2)
   0.05    1.14 ^ _31743_/Z (XOR2_X2)
   0.05    1.18 ^ _31797_/ZN (XNOR2_X1)
   0.07    1.25 ^ _31806_/Z (XOR2_X1)
   0.07    1.32 ^ _31863_/Z (XOR2_X1)
   0.07    1.38 ^ _31874_/Z (XOR2_X1)
   0.07    1.45 ^ _31932_/Z (XOR2_X1)
   0.07    1.51 ^ _32367_/Z (XOR2_X1)
   0.05    1.57 ^ _32371_/Z (XOR2_X1)
   0.02    1.58 v _32372_/ZN (INV_X1)
   0.07    1.66 v _32373_/ZN (OR3_X4)
   0.03    1.68 ^ _32375_/ZN (AOI21_X2)
   0.02    1.70 v _32376_/ZN (AOI21_X2)
   0.04    1.74 ^ _32460_/ZN (NOR3_X2)
   0.03    1.77 ^ _32466_/ZN (OR2_X4)
   0.05    1.82 ^ _32508_/ZN (AND4_X4)
   0.03    1.85 ^ _32723_/ZN (OR2_X4)
   0.01    1.86 v _32727_/ZN (AOI21_X4)
   0.02    1.89 ^ _32731_/ZN (NOR2_X2)
   0.01    1.90 v _32732_/ZN (NOR2_X2)
   0.04    1.94 v _32733_/ZN (XNOR2_X1)
   0.02    1.95 ^ _32734_/ZN (INV_X1)
   0.02    1.97 v _33137_/ZN (NAND2_X1)
   0.09    2.07 v _33192_/ZN (OR4_X4)
   0.03    2.10 ^ _34584_/ZN (NOR3_X4)
   0.01    2.11 v _34585_/ZN (INV_X2)
   0.02    2.13 ^ _34702_/ZN (NOR2_X2)
   0.01    2.14 v _34703_/ZN (INV_X1)
   0.03    2.17 ^ _34886_/ZN (NOR2_X2)
   0.04    2.21 ^ _35186_/ZN (AND2_X4)
   0.04    2.25 ^ _35949_/ZN (AND3_X4)
   0.03    2.27 ^ _36080_/ZN (AND2_X4)
   0.03    2.31 ^ _36229_/ZN (AND2_X4)
   0.01    2.32 v _36547_/ZN (INV_X4)
   0.04    2.35 ^ _37223_/ZN (NOR2_X4)
   0.02    2.37 v _37735_/ZN (NAND2_X4)
   0.04    2.41 ^ _37998_/ZN (NOR2_X4)
   0.04    2.45 ^ _38607_/ZN (AND2_X4)
   0.01    2.46 v _38608_/ZN (INV_X4)
   0.03    2.49 ^ _39184_/ZN (NOR2_X4)
   0.03    2.52 v _39412_/ZN (NAND3_X4)
   0.06    2.58 v _39634_/ZN (OR3_X4)
   0.06    2.64 v _39869_/ZN (OR3_X4)
   0.03    2.67 ^ _39953_/ZN (NOR2_X2)
   0.01    2.68 v _39954_/ZN (INV_X1)
   0.03    2.71 ^ _40004_/ZN (AOI21_X1)
   0.02    2.73 v _40011_/ZN (AOI22_X1)
   0.03    2.76 ^ _40013_/ZN (OAI21_X2)
   0.02    2.78 v _40038_/ZN (AOI22_X2)
   0.04    2.82 ^ _40065_/ZN (OAI211_X2)
   0.02    2.84 v _40067_/ZN (NAND2_X4)
   0.03    2.87 v _40068_/Z (BUF_X4)
   0.06    2.93 v _40218_/Z (MUX2_X1)
   0.03    2.95 v _52707_/Z (BUF_X1)
   0.00    2.95 v _55593_/D (DFF_X1)
           2.95   data arrival time

  10.00   10.00   clock clk (rise edge)
   0.00   10.00   clock network delay (ideal)
   0.00   10.00   clock reconvergence pessimism
          10.00 ^ _55593_/CK (DFF_X1)
  -0.04    9.96   library setup time
           9.96   data required time
---------------------------------------------------------
           9.96   data required time
          -2.95   data arrival time
---------------------------------------------------------
           7.01   slack (MET)



==========================================================================
report_tns
--------------------------------------------------------------------------
tns 0.00

==========================================================================
report_wns
--------------------------------------------------------------------------
wns 0.00

==========================================================================
report_design_area
--------------------------------------------------------------------------
Design area 169161 u^2 25% utilization.
