
==========================================================================
report_floating_nets
--------------------------------------------------------------------------
Warning: found 330 floatiing nets.

==========================================================================
report_checks
--------------------------------------------------------------------------
Startpoint: _56838_ (rising edge-triggered flip-flop clocked by clk)
Endpoint: _55752_ (rising edge-triggered flip-flop clocked by clk)
Path Group: clk
Path Type: max

  Delay    Time   Description
---------------------------------------------------------
   0.00    0.00   clock clk (rise edge)
   0.00    0.00   clock network delay (ideal)
   0.00    0.00 ^ _56838_/CK (DFF_X1)
   0.08    0.08 v _56838_/Q (DFF_X1)
   0.04    0.12 v _51827_/Z (BUF_X4)
   0.08    0.20 ^ _28766_/ZN (NOR2_X4)
   0.06    0.26 ^ _28768_/ZN (AND2_X2)
   0.02    0.28 v _28769_/ZN (INV_X4)
   0.06    0.34 ^ _28775_/ZN (NOR2_X2)
   0.06    0.40 ^ _28782_/ZN (AND2_X2)
   0.05    0.45 ^ _30340_/ZN (AND2_X2)
   0.02    0.48 v _30341_/ZN (INV_X1)
   0.06    0.53 ^ _30342_/ZN (NOR3_X4)
   0.06    0.60 ^ _30530_/ZN (AND2_X1)
   0.05    0.65 ^ _30532_/ZN (AND2_X2)
   0.06    0.70 ^ _30606_/ZN (AND3_X2)
   0.05    0.75 ^ _31121_/ZN (AND2_X2)
   0.06    0.81 ^ _32548_/ZN (AND2_X1)
   0.05    0.86 ^ _32755_/ZN (AND2_X2)
   0.06    0.92 ^ _33199_/ZN (AND2_X1)
   0.02    0.94 v _33200_/ZN (INV_X2)
   0.04    0.98 ^ _33201_/ZN (OAI21_X4)
   0.05    1.03 v _33203_/ZN (NAND3_X1)
   0.05    1.08 ^ _33204_/ZN (XNOR2_X2)
   0.06    1.14 ^ _33206_/Z (XOR2_X2)
   0.06    1.20 ^ _33208_/Z (XOR2_X2)
   0.06    1.26 ^ _33214_/Z (XOR2_X2)
   0.06    1.32 ^ _33216_/Z (XOR2_X2)
   0.06    1.38 ^ _33230_/Z (XOR2_X2)
   0.06    1.44 ^ _33234_/Z (XOR2_X2)
   0.06    1.50 ^ _33261_/Z (XOR2_X2)
   0.07    1.57 ^ _33265_/Z (XOR2_X2)
   0.06    1.63 ^ _33313_/Z (XOR2_X2)
   0.06    1.69 ^ _33317_/Z (XOR2_X2)
   0.06    1.75 ^ _33374_/Z (XOR2_X2)
   0.06    1.81 ^ _33378_/Z (XOR2_X2)
   0.07    1.88 ^ _33383_/Z (XOR2_X2)
   0.06    1.94 ^ _33387_/Z (XOR2_X2)
   0.06    2.00 ^ _33391_/Z (XOR2_X2)
   0.05    2.05 ^ _33395_/ZN (XNOR2_X2)
   0.01    2.06 v _33409_/ZN (INV_X1)
   0.11    2.17 v _33410_/ZN (OR4_X1)
   0.03    2.19 ^ _33415_/ZN (NAND3_X2)
   0.01    2.20 v _33418_/ZN (NOR2_X4)
   0.04    2.25 v _33618_/ZN (XNOR2_X2)
   0.05    2.30 ^ _34584_/ZN (NOR3_X1)
   0.02    2.31 v _34585_/ZN (INV_X1)
   0.02    2.34 ^ _34702_/ZN (NOR2_X1)
   0.01    2.35 v _34703_/ZN (INV_X1)
   0.03    2.38 ^ _34886_/ZN (NOR2_X1)
   0.05    2.43 ^ _35186_/ZN (AND2_X1)
   0.05    2.48 ^ _35949_/ZN (AND3_X1)
   0.04    2.52 ^ _36080_/ZN (AND2_X1)
   0.05    2.58 ^ _36229_/ZN (AND2_X1)
   0.02    2.60 v _36547_/ZN (INV_X1)
   0.05    2.64 ^ _37223_/ZN (NOR2_X2)
   0.03    2.67 v _37735_/ZN (NAND2_X1)
   0.05    2.73 ^ _37998_/ZN (NOR2_X2)
   0.05    2.78 ^ _38607_/ZN (AND2_X1)
   0.02    2.80 v _38608_/ZN (INV_X1)
   0.04    2.84 ^ _39184_/ZN (NOR2_X2)
   0.03    2.87 v _39412_/ZN (NAND3_X2)
   0.07    2.94 v _39634_/ZN (OR3_X2)
   0.03    2.97 ^ _39769_/ZN (OAI21_X1)
   0.02    2.99 v _39770_/ZN (AOI21_X1)
   0.08    3.07 ^ _39771_/ZN (AOI221_X2)
   0.05    3.12 ^ _39772_/ZN (OR2_X1)
   0.02    3.14 v _39773_/ZN (AOI21_X4)
   0.04    3.18 ^ _39810_/ZN (OAI211_X2)
   0.02    3.21 v _39812_/ZN (NAND2_X4)
   0.09    3.30 v _39813_/Z (BUF_X4)
   0.08    3.38 v _44068_/Z (MUX2_X1)
   0.03    3.40 v _54514_/Z (CLKBUF_X1)
   0.00    3.40 v _55752_/D (DFF_X1)
           3.40   data arrival time

  10.00   10.00   clock clk (rise edge)
   0.00   10.00   clock network delay (ideal)
   0.00   10.00   clock reconvergence pessimism
          10.00 ^ _55752_/CK (DFF_X1)
  -0.04    9.96   library setup time
           9.96   data required time
---------------------------------------------------------
           9.96   data required time
          -3.40   data arrival time
---------------------------------------------------------
           6.56   slack (MET)



==========================================================================
report_tns
--------------------------------------------------------------------------
tns 0.00

==========================================================================
report_wns
--------------------------------------------------------------------------
wns 0.00

==========================================================================
report_design_area
--------------------------------------------------------------------------
Design area 189309 u^2 28% utilization.
