
==========================================================================
report_checks
--------------------------------------------------------------------------
Startpoint: _38735_ (rising edge-triggered flip-flop clocked by clk)
Endpoint: _38799_ (rising edge-triggered flip-flop clocked by clk)
Path Group: clk
Path Type: max

  Delay    Time   Description
---------------------------------------------------------
   0.00    0.00   clock clk (rise edge)
   0.00    0.00   clock network delay (ideal)
   0.00    0.00 ^ _38735_/CK (DFF_X1)
   0.08    0.08 ^ _38735_/Q (DFF_X1)
   0.24    0.32 ^ _38119_/Z (BUF_X1)
   0.04    0.36 v _24241_/ZN (NOR2_X1)
   0.06    0.42 v _24242_/ZN (AND2_X2)
   0.04    0.46 ^ _26281_/ZN (OAI21_X1)
   0.01    0.47 v _26495_/ZN (INV_X1)
   0.11    0.58 v _26496_/ZN (OR4_X1)
   0.04    0.62 ^ _26499_/ZN (NOR4_X1)
   0.06    0.69 ^ _26516_/ZN (AND4_X1)
   0.03    0.72 ^ _26539_/ZN (AND2_X2)
   0.03    0.75 ^ _26540_/Z (BUF_X4)
   0.07    0.82 ^ _36446_/Z (XOR2_X1)
   0.05    0.87 ^ _36704_/ZN (XNOR2_X1)
   0.04    0.91 ^ _36705_/ZN (XNOR2_X1)
   0.01    0.92 v _36706_/ZN (NOR2_X1)
   0.04    0.96 v _36708_/ZN (OR2_X2)
   0.04    1.00 v _36709_/ZN (XNOR2_X1)
   0.03    1.02 v _38293_/Z (BUF_X1)
   0.00    1.02 v _38799_/D (DFF_X1)
           1.02   data arrival time

   5.00    5.00   clock clk (rise edge)
   0.00    5.00   clock network delay (ideal)
   0.00    5.00   clock reconvergence pessimism
           5.00 ^ _38799_/CK (DFF_X1)
  -0.04    4.96   library setup time
           4.96   data required time
---------------------------------------------------------
           4.96   data required time
          -1.02   data arrival time
---------------------------------------------------------
           3.94   slack (MET)



==========================================================================
report_tns
--------------------------------------------------------------------------
tns 0.00

==========================================================================
report_wns
--------------------------------------------------------------------------
wns 0.00

==========================================================================
report_design_area
--------------------------------------------------------------------------
Design area 106560 u^2 7% utilization.
