
==========================================================================
report_floating_nets
--------------------------------------------------------------------------
Warning: found 518 floatiing nets.

==========================================================================
report_checks
--------------------------------------------------------------------------
Startpoint: _38802_ (rising edge-triggered flip-flop clocked by clk)
Endpoint: _38743_ (rising edge-triggered flip-flop clocked by clk)
Path Group: clk
Path Type: max

  Delay    Time   Description
---------------------------------------------------------
   0.00    0.00   clock clk (rise edge)
   0.00    0.00   clock network delay (ideal)
   0.00    0.00 ^ _38802_/CK (DFF_X1)
   0.09    0.09 ^ _38802_/Q (DFF_X1)
   0.04    0.12 ^ _38197_/Z (CLKBUF_X2)
   0.02    0.14 v _30844_/ZN (INV_X1)
   0.04    0.18 v _30845_/ZN (AND2_X1)
   0.03    0.21 v _30846_/Z (BUF_X4)
   0.05    0.26 v _30847_/ZN (AND2_X1)
   0.04    0.30 ^ _31119_/ZN (AOI22_X2)
   0.03    0.33 v _31123_/ZN (OAI211_X2)
   0.11    0.44 v _31130_/ZN (OR4_X1)
   0.11    0.55 v _31134_/ZN (OR4_X1)
   0.04    0.59 ^ _31150_/ZN (NOR4_X1)
   0.07    0.67 ^ _31178_/ZN (AND4_X1)
   0.05    0.72 ^ _31209_/ZN (AND2_X2)
   0.06    0.78 ^ _31331_/ZN (XNOR2_X2)
   0.05    0.82 ^ _36575_/ZN (XNOR2_X1)
   0.05    0.87 ^ _36577_/ZN (XNOR2_X1)
   0.01    0.89 v _36578_/ZN (NOR2_X1)
   0.05    0.94 ^ _36580_/ZN (NOR2_X1)
   0.05    0.99 ^ _36581_/ZN (XNOR2_X1)
   0.04    1.03 ^ _38277_/Z (CLKBUF_X1)
   0.00    1.03 ^ _38743_/D (DFF_X1)
           1.03   data arrival time

   5.00    5.00   clock clk (rise edge)
   0.00    5.00   clock network delay (ideal)
   0.00    5.00   clock reconvergence pessimism
           5.00 ^ _38743_/CK (DFF_X1)
  -0.03    4.97   library setup time
           4.97   data required time
---------------------------------------------------------
           4.97   data required time
          -1.03   data arrival time
---------------------------------------------------------
           3.94   slack (MET)



==========================================================================
report_tns
--------------------------------------------------------------------------
tns 0.00

==========================================================================
report_wns
--------------------------------------------------------------------------
wns 0.00

==========================================================================
report_design_area
--------------------------------------------------------------------------
Design area 112168 u^2 8% utilization.
