
==========================================================================
report_checks
--------------------------------------------------------------------------
Startpoint: _38742_ (rising edge-triggered flip-flop clocked by clk)
Endpoint: _38767_ (rising edge-triggered flip-flop clocked by clk)
Path Group: clk
Path Type: max

  Delay    Time   Description
---------------------------------------------------------
   0.00    0.00   clock clk (rise edge)
   0.00    0.00   clock network delay (ideal)
   0.00    0.00 ^ _38742_/CK (DFF_X1)
   0.10    0.10 ^ _38742_/Q (DFF_X1)
   0.18    0.28 ^ _38149_/Z (BUF_X1)
   0.08    0.36 v _26936_/ZN (NOR2_X1)
   0.06    0.42 v _27021_/ZN (AND2_X1)
   0.04    0.47 v _27037_/Z (BUF_X2)
   0.04    0.51 v _27991_/ZN (AND2_X1)
   0.12    0.63 ^ _27993_/ZN (NOR4_X1)
   0.05    0.68 v _27999_/ZN (NAND4_X1)
   0.09    0.77 ^ _28005_/ZN (NOR4_X1)
   0.07    0.84 v _28040_/ZN (NAND2_X1)
   0.09    0.93 v _28380_/ZN (XNOR2_X1)
   0.06    0.99 v _36764_/Z (XOR2_X2)
   0.05    1.04 v _36766_/ZN (XNOR2_X1)
   0.02    1.06 ^ _36767_/ZN (NAND2_X1)
   0.01    1.07 v _36769_/ZN (NAND2_X1)
   0.09    1.16 ^ _36770_/ZN (XNOR2_X1)
   0.04    1.20 ^ _38301_/Z (BUF_X1)
   0.00    1.20 ^ _38767_/D (DFF_X1)
           1.20   data arrival time

   5.00    5.00   clock clk (rise edge)
   0.00    5.00   clock network delay (ideal)
   0.00    5.00   clock reconvergence pessimism
           5.00 ^ _38767_/CK (DFF_X1)
  -0.03    4.97   library setup time
           4.97   data required time
---------------------------------------------------------
           4.97   data required time
          -1.20   data arrival time
---------------------------------------------------------
           3.77   slack (MET)



==========================================================================
report_tns
--------------------------------------------------------------------------
tns 0.00

==========================================================================
report_wns
--------------------------------------------------------------------------
wns 0.00

==========================================================================
report_design_area
--------------------------------------------------------------------------
Design area 108385 u^2 8% utilization.
