
==========================================================================
report_checks
--------------------------------------------------------------------------
Startpoint: _74471_ (rising edge-triggered flip-flop clocked by core_clock)
Endpoint: _75707_ (rising edge-triggered flip-flop clocked by core_clock)
Path Group: core_clock
Path Type: max

  Delay    Time   Description
---------------------------------------------------------
   0.00    0.00   clock core_clock (rise edge)
   0.00    0.00   clock network delay (ideal)
   0.00    0.00 ^ _74471_/CK (DFFR_X1)
   0.10    0.10 ^ _74471_/Q (DFFR_X1)
   0.22    0.32 ^ _60982_/Z (BUF_X1)
   0.03    0.35 v _60458_/ZN (NAND2_X4)
   0.07    0.41 ^ _60473_/ZN (NOR3_X4)
   0.05    0.47 ^ _60475_/ZN (AND2_X2)
   0.02    0.49 v _60476_/ZN (INV_X2)
   0.05    0.53 ^ _60481_/ZN (OAI221_X2)
   0.02    0.55 v _60484_/ZN (AOI21_X2)
   0.05    0.60 v _60489_/Z (MUX2_X2)
   0.05    0.66 v _60494_/Z (MUX2_X2)
   0.05    0.71 v _60498_/Z (MUX2_X2)
   0.05    0.77 v _60503_/Z (MUX2_X2)
   0.05    0.82 v _60507_/Z (MUX2_X2)
   0.05    0.87 v _60511_/Z (MUX2_X2)
   0.05    0.93 v _60516_/Z (MUX2_X2)
   0.05    0.98 v _60520_/Z (MUX2_X2)
   0.05    1.03 v _60523_/Z (MUX2_X2)
   0.05    1.09 v _60526_/Z (MUX2_X2)
   0.05    1.14 v _60531_/Z (MUX2_X2)
   0.05    1.19 v _60535_/Z (MUX2_X2)
   0.05    1.25 v _60538_/Z (MUX2_X2)
   0.05    1.30 v _60541_/Z (MUX2_X2)
   0.05    1.35 v _60546_/Z (MUX2_X2)
   0.05    1.41 v _60549_/Z (MUX2_X2)
   0.05    1.46 v _60552_/Z (MUX2_X2)
   0.05    1.51 v _60555_/Z (MUX2_X2)
   0.05    1.57 v _60558_/Z (MUX2_X2)
   0.05    1.62 v _60561_/Z (MUX2_X2)
   0.05    1.67 v _60563_/Z (MUX2_X2)
   0.05    1.73 v _60566_/Z (MUX2_X2)
   0.05    1.78 v _60570_/Z (MUX2_X2)
   0.06    1.84 v _60573_/Z (MUX2_X2)
   0.05    1.89 ^ _60576_/ZN (AOI211_X2)
   0.01    1.90 v _60581_/ZN (NOR3_X4)
   0.04    1.94 ^ _60625_/ZN (OAI21_X2)
   0.04    1.98 ^ _60664_/ZN (AND2_X4)
   0.01    1.99 v _60772_/ZN (XNOR2_X2)
   0.04    2.03 ^ _60773_/ZN (AOI21_X2)
   0.05    2.08 ^ _60822_/ZN (XNOR2_X2)
   0.01    2.09 v _60958_/ZN (NOR2_X2)
   0.05    2.14 ^ _60959_/ZN (AOI21_X2)
   0.03    2.17 ^ _37023_/ZN (OR2_X4)
   0.01    2.18 v _37028_/ZN (AOI21_X4)
   0.04    2.23 v _37034_/ZN (OR2_X4)
   0.03    2.26 ^ _37156_/ZN (AOI21_X4)
   0.02    2.28 v _37262_/ZN (OAI21_X4)
   0.02    2.29 ^ _37404_/ZN (NAND2_X4)
   0.01    2.31 v _37406_/ZN (NAND2_X4)
   0.03    2.33 v _37680_/ZN (AND3_X4)
   0.04    2.38 ^ _37685_/ZN (NOR3_X4)
   0.01    2.39 v _37959_/ZN (NOR3_X4)
   0.04    2.42 ^ _37962_/ZN (NOR3_X4)
   0.01    2.44 v _38095_/ZN (NOR2_X2)
   0.02    2.45 ^ _38242_/ZN (NAND2_X2)
   0.04    2.49 ^ _38245_/ZN (AND3_X4)
   0.01    2.50 v _38405_/ZN (NOR2_X4)
   0.03    2.53 v _38541_/ZN (AND2_X4)
   0.03    2.56 ^ _39518_/ZN (OAI211_X4)
   0.02    2.58 v _39525_/ZN (NAND2_X4)
   0.02    2.59 ^ _39784_/ZN (NAND3_X2)
   0.04    2.64 ^ _39787_/ZN (AND3_X4)
   0.02    2.66 ^ _40022_/ZN (OR3_X4)
   0.02    2.67 v _40026_/ZN (NAND2_X4)
   0.03    2.70 v _40516_/ZN (AND3_X4)
   0.06    2.77 v _40627_/ZN (OR3_X2)
   0.03    2.80 v _40629_/ZN (AND2_X4)
   0.03    2.83 v _40630_/Z (BUF_X16)
   0.07    2.89 ^ _48656_/ZN (NOR4_X4)
   0.04    2.93 v _48660_/ZN (NAND4_X2)
   0.07    3.00 v _48689_/ZN (OR3_X1)
   0.02    3.02 ^ _48698_/ZN (NAND4_X1)
   0.02    3.04 v _48699_/ZN (NOR2_X2)
   0.02    3.05 ^ _50742_/ZN (INV_X2)
   0.04    3.09 ^ _50743_/ZN (AND3_X4)
   0.01    3.10 v _50746_/ZN (INV_X2)
   0.03    3.12 v _50749_/ZN (AND2_X4)
   0.03    3.15 v _50770_/ZN (AND2_X4)
   0.02    3.17 ^ _50771_/ZN (INV_X4)
   0.01    3.18 v _50777_/ZN (NOR2_X4)
   0.03    3.21 ^ _50787_/ZN (OAI21_X4)
   0.04    3.25 ^ _50798_/ZN (AND2_X4)
   0.04    3.28 ^ _50826_/ZN (AND2_X4)
   0.04    3.32 ^ _59327_/ZN (AND2_X4)
   0.04    3.37 ^ _59356_/ZN (AND2_X4)
   0.01    3.38 v _59357_/ZN (INV_X8)
   0.04    3.42 v _59358_/ZN (OR2_X4)
   0.03    3.44 ^ _59359_/ZN (NOR2_X4)
   0.03    3.48 ^ _59361_/ZN (AND2_X4)
   0.03    3.51 ^ _59362_/ZN (AND2_X4)
   0.01    3.51 v _59363_/ZN (INV_X4)
   0.03    3.54 ^ _59364_/ZN (NOR3_X4)
   0.05    3.59 ^ _59366_/ZN (AND3_X4)
   0.01    3.60 v _59367_/ZN (INV_X4)
   0.03    3.63 ^ _59368_/ZN (NOR3_X4)
   0.04    3.67 ^ _59371_/ZN (AND3_X4)
   0.04    3.71 ^ _59372_/ZN (AND3_X4)
   0.01    3.72 v _59373_/ZN (INV_X2)
   0.02    3.74 ^ _59374_/ZN (NOR2_X2)
   0.01    3.75 v _59375_/ZN (XNOR2_X1)
   0.06    3.81 v _59376_/Z (MUX2_X1)
   0.03    3.84 v _71826_/Z (BUF_X1)
   0.00    3.84 v _75707_/D (DFFR_X1)
           3.84   data arrival time

  10.00   10.00   clock core_clock (rise edge)
   0.00   10.00   clock network delay (ideal)
   0.00   10.00   clock reconvergence pessimism
          10.00 ^ _75707_/CK (DFFR_X1)
  -0.04    9.96   library setup time
           9.96   data required time
---------------------------------------------------------
           9.96   data required time
          -3.84   data arrival time
---------------------------------------------------------
           6.12   slack (MET)



==========================================================================
report_tns
--------------------------------------------------------------------------
tns 0.00

==========================================================================
report_wns
--------------------------------------------------------------------------
wns 0.00

==========================================================================
report_design_area
--------------------------------------------------------------------------
Design area 240104 u^2 18% utilization.
