
==========================================================================
report_checks
--------------------------------------------------------------------------
Startpoint: _30839_ (rising edge-triggered flip-flop clocked by clk)
Endpoint: thanksIn_P (output port clocked by clk)
Path Group: clk
Path Type: max

  Delay    Time   Description
---------------------------------------------------------
   0.00    0.00   clock clk (rise edge)
   0.00    0.00   clock network delay (ideal)
   0.00    0.00 ^ _30839_/CK (DFF_X1)
   0.08    0.08 ^ _30839_/Q (DFF_X1)
   0.22    0.30 ^ _25453_/Z (BUF_X1)
   0.03    0.33 ^ _18357_/Z (BUF_X32)
   0.06    0.39 v _18360_/Z (MUX2_X1)
   0.04    0.43 v _18362_/ZN (OR2_X1)
   0.04    0.48 v _18363_/ZN (AND2_X1)
   0.04    0.51 v _18364_/ZN (XNOR2_X1)
   0.08    0.59 v _18373_/ZN (OR3_X1)
   0.05    0.64 ^ _18412_/ZN (NOR4_X4)
   0.05    0.69 ^ _18452_/ZN (AND2_X4)
   0.04    0.72 ^ _18792_/ZN (AND3_X4)
   0.01    0.73 v _18793_/ZN (AOI21_X2)
   0.08    0.81 v _18797_/ZN (OR4_X2)
   0.02    0.83 ^ _18800_/ZN (NAND2_X2)
   0.04    0.86 ^ _18801_/ZN (AND2_X4)
   0.01    0.88 v _18803_/ZN (NOR2_X4)
   0.04    0.92 ^ _18819_/ZN (NOR2_X2)
   0.05    0.96 ^ _19131_/ZN (AND3_X1)
   0.02    0.98 v _19133_/ZN (NOR2_X1)
   0.04    1.02 v _19141_/ZN (AND2_X2)
   0.01    1.04 ^ _19142_/ZN (INV_X1)
   0.02    1.05 ^ _26662_/Z (BUF_X1)
   0.00    1.05 ^ thanksIn_P (out)
           1.05   data arrival time

   6.00    6.00   clock clk (rise edge)
   0.00    6.00   clock network delay (ideal)
   0.00    6.00   clock reconvergence pessimism
  -5.10    0.90   output external delay
           0.90   data required time
---------------------------------------------------------
           0.90   data required time
          -1.05   data arrival time
---------------------------------------------------------
          -0.15   slack (VIOLATED)



==========================================================================
report_tns
--------------------------------------------------------------------------
tns -1.34

==========================================================================
report_wns
--------------------------------------------------------------------------
wns -0.15

==========================================================================
report_design_area
--------------------------------------------------------------------------
Design area 115305 u^2 16% utilization.
