
==========================================================================
report_checks
--------------------------------------------------------------------------
Startpoint: _2664_ (rising edge-triggered flip-flop clocked by clk)
Endpoint: _2579_ (rising edge-triggered flip-flop clocked by clk)
Path Group: clk
Path Type: max

  Delay    Time   Description
---------------------------------------------------------
   0.00    0.00   clock clk (rise edge)
   0.00    0.00   clock network delay (ideal)
   0.00    0.00 ^ _2664_/CK (DFF_X1)
   0.08    0.08 ^ _2664_/Q (DFF_X1)
   0.17    0.26 ^ _2053_/Z (BUF_X1)
   0.06    0.32 ^ _1370_/ZN (AND2_X1)
   0.01    0.33 v _1386_/ZN (INV_X1)
   0.12    0.44 v _1387_/ZN (OR4_X1)
   0.05    0.49 ^ _1388_/ZN (NOR2_X1)
   0.01    0.50 v _1389_/ZN (INV_X1)
   0.07    0.57 v _1394_/ZN (OR3_X1)
   0.03    0.60 ^ _1415_/ZN (AOI21_X1)
   0.02    0.62 v _1416_/ZN (NAND3_X1)
   0.04    0.66 ^ _1417_/ZN (AOI22_X1)
   0.02    0.68 v _1421_/ZN (OAI21_X1)
   0.03    0.71 ^ _1426_/ZN (NAND4_X1)
   0.03    0.74 v _1431_/ZN (OAI211_X2)
   0.03    0.76 ^ _1433_/ZN (AOI21_X1)
   0.02    0.79 ^ _2079_/Z (BUF_X1)
   0.00    0.79 ^ _2579_/D (DFF_X1)
           0.79   data arrival time

  10.00   10.00   clock clk (rise edge)
   0.00   10.00   clock network delay (ideal)
   0.00   10.00   clock reconvergence pessimism
          10.00 ^ _2579_/CK (DFF_X1)
  -0.03    9.97   library setup time
           9.97   data required time
---------------------------------------------------------
           9.97   data required time
          -0.79   data arrival time
---------------------------------------------------------
           9.18   slack (MET)



==========================================================================
report_tns
--------------------------------------------------------------------------
tns 0.00

==========================================================================
report_wns
--------------------------------------------------------------------------
wns 0.00

==========================================================================
report_design_area
--------------------------------------------------------------------------
Design area 9032 u^2 23% utilization.
