
==========================================================================
report_checks -path_delay min
--------------------------------------------------------------------------
Startpoint: _26395_ (rising edge-triggered flip-flop clocked by clk)
Endpoint: _26395_ (rising edge-triggered flip-flop clocked by clk)
Path Group: clk
Path Type: min

  Delay    Time   Description
---------------------------------------------------------
   0.00    0.00   clock clk (rise edge)
   0.00    0.00   clock network delay (ideal)
   0.00    0.00 ^ _26395_/CK (DFF_X1)
   0.06    0.06 ^ _26395_/QN (DFF_X1)
   0.03    0.09 ^ _23930_/Z (CLKBUF_X1)
   0.01    0.10 v _17904_/ZN (OAI21_X1)
   0.03    0.13 v _23931_/Z (CLKBUF_X1)
   0.00    0.13 v _26395_/D (DFF_X1)
           0.13   data arrival time

   0.00    0.00   clock clk (rise edge)
   0.00    0.00   clock network delay (ideal)
   0.00    0.00   clock reconvergence pessimism
           0.00 ^ _26395_/CK (DFF_X1)
   0.00    0.00   library hold time
           0.00   data required time
---------------------------------------------------------
           0.00   data required time
          -0.13   data arrival time
---------------------------------------------------------
           0.13   slack (MET)



==========================================================================
report_checks -path_delay max
--------------------------------------------------------------------------
Startpoint: _26231_ (rising edge-triggered flip-flop clocked by clk)
Endpoint: _26294_ (rising edge-triggered flip-flop clocked by clk)
Path Group: clk
Path Type: max

  Delay    Time   Description
---------------------------------------------------------
   0.00    0.00   clock clk (rise edge)
   0.00    0.00   clock network delay (ideal)
   0.00    0.00 ^ _26231_/CK (DFF_X1)
   0.08    0.08 ^ _26231_/Q (DFF_X1)
   0.04    0.13 ^ _25421_/Z (CLKBUF_X1)
   0.04    0.17 ^ _22014_/ZN (AND2_X1)
   0.04    0.22 ^ _22017_/ZN (AND2_X1)
   0.04    0.26 ^ _22021_/ZN (AND2_X1)
   0.04    0.30 ^ _22024_/ZN (AND2_X1)
   0.04    0.34 ^ _22027_/ZN (AND2_X1)
   0.04    0.39 ^ _22030_/ZN (AND2_X1)
   0.04    0.43 ^ _22033_/ZN (AND2_X1)
   0.04    0.47 ^ _22036_/ZN (AND2_X1)
   0.04    0.52 ^ _22039_/ZN (AND2_X1)
   0.04    0.56 ^ _22042_/ZN (AND2_X1)
   0.04    0.60 ^ _22045_/ZN (AND2_X1)
   0.04    0.65 ^ _22048_/ZN (AND2_X1)
   0.04    0.69 ^ _22052_/ZN (AND2_X1)
   0.04    0.73 ^ _22055_/ZN (AND2_X1)
   0.04    0.78 ^ _22058_/ZN (AND2_X1)
   0.04    0.82 ^ _22061_/ZN (AND2_X1)
   0.04    0.86 ^ _22064_/ZN (AND2_X1)
   0.04    0.91 ^ _22067_/ZN (AND2_X1)
   0.04    0.95 ^ _22070_/ZN (AND2_X1)
   0.04    0.99 ^ _22073_/ZN (AND2_X1)
   0.04    1.04 ^ _22076_/ZN (AND2_X1)
   0.04    1.08 ^ _22079_/ZN (AND2_X1)
   0.04    1.12 ^ _22083_/ZN (AND2_X1)
   0.04    1.16 ^ _22086_/ZN (AND2_X1)
   0.04    1.21 ^ _22089_/ZN (AND2_X1)
   0.04    1.25 ^ _22092_/ZN (AND2_X1)
   0.04    1.29 ^ _22095_/ZN (AND2_X1)
   0.04    1.34 ^ _22098_/ZN (AND2_X1)
   0.04    1.38 ^ _22101_/ZN (AND2_X1)
   0.04    1.42 ^ _22104_/ZN (AND2_X1)
   0.04    1.47 ^ _22107_/ZN (AND2_X1)
   0.04    1.51 ^ _22110_/ZN (AND2_X1)
   0.04    1.55 ^ _22114_/ZN (AND2_X1)
   0.04    1.60 ^ _22117_/ZN (AND2_X1)
   0.04    1.64 ^ _22120_/ZN (AND2_X1)
   0.04    1.68 ^ _22123_/ZN (AND2_X1)
   0.04    1.73 ^ _22126_/ZN (AND2_X1)
   0.04    1.77 ^ _22129_/ZN (AND2_X1)
   0.04    1.81 ^ _22132_/ZN (AND2_X1)
   0.04    1.85 ^ _22135_/ZN (AND2_X1)
   0.04    1.90 ^ _22138_/ZN (AND2_X1)
   0.04    1.94 ^ _22141_/ZN (AND2_X1)
   0.04    1.98 ^ _22145_/ZN (AND2_X1)
   0.04    2.03 ^ _22148_/ZN (AND2_X1)
   0.04    2.07 ^ _22151_/ZN (AND2_X1)
   0.04    2.11 ^ _22154_/ZN (AND2_X1)
   0.04    2.16 ^ _22157_/ZN (AND2_X1)
   0.04    2.20 ^ _22160_/ZN (AND2_X1)
   0.04    2.24 ^ _22163_/ZN (AND2_X1)
   0.04    2.29 ^ _22166_/ZN (AND2_X1)
   0.04    2.33 ^ _22169_/ZN (AND2_X1)
   0.04    2.37 ^ _22172_/ZN (AND2_X1)
   0.04    2.42 ^ _22176_/ZN (AND2_X1)
   0.04    2.46 ^ _22179_/ZN (AND2_X1)
   0.04    2.50 ^ _22182_/ZN (AND2_X1)
   0.04    2.54 ^ _22185_/ZN (AND2_X1)
   0.04    2.59 ^ _22188_/ZN (AND2_X1)
   0.04    2.63 ^ _22191_/ZN (AND2_X1)
   0.04    2.67 ^ _22194_/ZN (AND2_X1)
   0.04    2.72 ^ _22197_/ZN (AND2_X1)
   0.05    2.77 ^ _22200_/ZN (AND2_X1)
   0.02    2.79 v _22208_/ZN (AOI21_X1)
   0.04    2.83 ^ _22209_/ZN (NOR3_X1)
   0.03    2.86 ^ _25946_/Z (CLKBUF_X1)
   0.00    2.86 ^ _26294_/D (DFF_X1)
           2.86   data arrival time

  10.00   10.00   clock clk (rise edge)
   0.00   10.00   clock network delay (ideal)
   0.00   10.00   clock reconvergence pessimism
          10.00 ^ _26294_/CK (DFF_X1)
  -0.03    9.97   library setup time
           9.97   data required time
---------------------------------------------------------
           9.97   data required time
          -2.86   data arrival time
---------------------------------------------------------
           7.11   slack (MET)



==========================================================================
report_checks -unconstrained
--------------------------------------------------------------------------
Startpoint: _26231_ (rising edge-triggered flip-flop clocked by clk)
Endpoint: _26294_ (rising edge-triggered flip-flop clocked by clk)
Path Group: clk
Path Type: max

  Delay    Time   Description
---------------------------------------------------------
   0.00    0.00   clock clk (rise edge)
   0.00    0.00   clock network delay (ideal)
   0.00    0.00 ^ _26231_/CK (DFF_X1)
   0.08    0.08 ^ _26231_/Q (DFF_X1)
   0.04    0.13 ^ _25421_/Z (CLKBUF_X1)
   0.04    0.17 ^ _22014_/ZN (AND2_X1)
   0.04    0.22 ^ _22017_/ZN (AND2_X1)
   0.04    0.26 ^ _22021_/ZN (AND2_X1)
   0.04    0.30 ^ _22024_/ZN (AND2_X1)
   0.04    0.34 ^ _22027_/ZN (AND2_X1)
   0.04    0.39 ^ _22030_/ZN (AND2_X1)
   0.04    0.43 ^ _22033_/ZN (AND2_X1)
   0.04    0.47 ^ _22036_/ZN (AND2_X1)
   0.04    0.52 ^ _22039_/ZN (AND2_X1)
   0.04    0.56 ^ _22042_/ZN (AND2_X1)
   0.04    0.60 ^ _22045_/ZN (AND2_X1)
   0.04    0.65 ^ _22048_/ZN (AND2_X1)
   0.04    0.69 ^ _22052_/ZN (AND2_X1)
   0.04    0.73 ^ _22055_/ZN (AND2_X1)
   0.04    0.78 ^ _22058_/ZN (AND2_X1)
   0.04    0.82 ^ _22061_/ZN (AND2_X1)
   0.04    0.86 ^ _22064_/ZN (AND2_X1)
   0.04    0.91 ^ _22067_/ZN (AND2_X1)
   0.04    0.95 ^ _22070_/ZN (AND2_X1)
   0.04    0.99 ^ _22073_/ZN (AND2_X1)
   0.04    1.04 ^ _22076_/ZN (AND2_X1)
   0.04    1.08 ^ _22079_/ZN (AND2_X1)
   0.04    1.12 ^ _22083_/ZN (AND2_X1)
   0.04    1.16 ^ _22086_/ZN (AND2_X1)
   0.04    1.21 ^ _22089_/ZN (AND2_X1)
   0.04    1.25 ^ _22092_/ZN (AND2_X1)
   0.04    1.29 ^ _22095_/ZN (AND2_X1)
   0.04    1.34 ^ _22098_/ZN (AND2_X1)
   0.04    1.38 ^ _22101_/ZN (AND2_X1)
   0.04    1.42 ^ _22104_/ZN (AND2_X1)
   0.04    1.47 ^ _22107_/ZN (AND2_X1)
   0.04    1.51 ^ _22110_/ZN (AND2_X1)
   0.04    1.55 ^ _22114_/ZN (AND2_X1)
   0.04    1.60 ^ _22117_/ZN (AND2_X1)
   0.04    1.64 ^ _22120_/ZN (AND2_X1)
   0.04    1.68 ^ _22123_/ZN (AND2_X1)
   0.04    1.73 ^ _22126_/ZN (AND2_X1)
   0.04    1.77 ^ _22129_/ZN (AND2_X1)
   0.04    1.81 ^ _22132_/ZN (AND2_X1)
   0.04    1.85 ^ _22135_/ZN (AND2_X1)
   0.04    1.90 ^ _22138_/ZN (AND2_X1)
   0.04    1.94 ^ _22141_/ZN (AND2_X1)
   0.04    1.98 ^ _22145_/ZN (AND2_X1)
   0.04    2.03 ^ _22148_/ZN (AND2_X1)
   0.04    2.07 ^ _22151_/ZN (AND2_X1)
   0.04    2.11 ^ _22154_/ZN (AND2_X1)
   0.04    2.16 ^ _22157_/ZN (AND2_X1)
   0.04    2.20 ^ _22160_/ZN (AND2_X1)
   0.04    2.24 ^ _22163_/ZN (AND2_X1)
   0.04    2.29 ^ _22166_/ZN (AND2_X1)
   0.04    2.33 ^ _22169_/ZN (AND2_X1)
   0.04    2.37 ^ _22172_/ZN (AND2_X1)
   0.04    2.42 ^ _22176_/ZN (AND2_X1)
   0.04    2.46 ^ _22179_/ZN (AND2_X1)
   0.04    2.50 ^ _22182_/ZN (AND2_X1)
   0.04    2.54 ^ _22185_/ZN (AND2_X1)
   0.04    2.59 ^ _22188_/ZN (AND2_X1)
   0.04    2.63 ^ _22191_/ZN (AND2_X1)
   0.04    2.67 ^ _22194_/ZN (AND2_X1)
   0.04    2.72 ^ _22197_/ZN (AND2_X1)
   0.05    2.77 ^ _22200_/ZN (AND2_X1)
   0.02    2.79 v _22208_/ZN (AOI21_X1)
   0.04    2.83 ^ _22209_/ZN (NOR3_X1)
   0.03    2.86 ^ _25946_/Z (CLKBUF_X1)
   0.00    2.86 ^ _26294_/D (DFF_X1)
           2.86   data arrival time

  10.00   10.00   clock clk (rise edge)
   0.00   10.00   clock network delay (ideal)
   0.00   10.00   clock reconvergence pessimism
          10.00 ^ _26294_/CK (DFF_X1)
  -0.03    9.97   library setup time
           9.97   data required time
---------------------------------------------------------
           9.97   data required time
          -2.86   data arrival time
---------------------------------------------------------
           7.11   slack (MET)



==========================================================================
report_tns
--------------------------------------------------------------------------
tns 0.00

==========================================================================
report_wns
--------------------------------------------------------------------------
wns 0.00

==========================================================================
report_check_types -max_transition -all_violators
--------------------------------------------------------------------------

==========================================================================
report_power
--------------------------------------------------------------------------
Group                  Internal  Switching    Leakage      Total
                          Power      Power      Power      Power
----------------------------------------------------------------
Sequential             1.13e-04   1.11e-06   1.28e-04   2.42e-04  18.1%
Combinational          3.27e-04   3.50e-04   4.18e-04   1.09e-03  81.9%
Macro                  0.00e+00   0.00e+00   0.00e+00   0.00e+00   0.0%
Pad                    0.00e+00   0.00e+00   0.00e+00   0.00e+00   0.0%
----------------------------------------------------------------
Total                  4.40e-04   3.51e-04   5.45e-04   1.34e-03 100.0%
                          32.9%      26.3%      40.8%

==========================================================================
report_design_area
--------------------------------------------------------------------------
Design area 331542 u^2 100% utilization.
