  violation type: Short
    srcs: be_mmu.dcache.tag_mem.data_o\[26\] be_mmu.dcache.tag_mem.data_o\[27\] 
    bbox = ( 40.94, 1245.96 ) - ( 41.01, 1245.96 ) on Layer metal3
  violation type: Short
    srcs: be_mmu.dcache.tag_mem.macro_mem.mem/OBS be_mmu.dcache.tag_mem.data_o\[25\] 
    bbox = ( 41.23, 1245.4 ) - ( 41.265, 1245.47 ) on Layer metal3
  violation type: Short
    srcs: be_mmu.dcache.tag_mem.macro_mem.mem/OBS be_mmu.dcache.tag_mem.data_o\[25\] 
    bbox = ( 41.16, 1245.4 ) - ( 41.265, 1245.4 ) on Layer metal3
  violation type: Short
    srcs: be_mmu.dcache.tag_mem.macro_mem.mem/OBS be_mmu.dcache.tag_mem.data_o\[25\] 
    bbox = ( 41.16, 1245.47 ) - ( 41.265, 1245.47 ) on Layer metal3
  violation type: Short
    srcs: be_mmu.dcache.tag_mem.macro_mem.mem/OBS be_mmu.dcache.tag_mem.data_o\[25\] 
    bbox = ( 41.16, 1245.37 ) - ( 41.265, 1245.58 ) on Layer metal4
  violation type: Short
    srcs: be_mmu.dcache.tag_mem.macro_mem.mem/OBS be_mmu.dcache.tag_mem.data_o\[25\] 
    bbox = ( 41.16, 1245.44 ) - ( 41.265, 1245.58 ) on Layer metal4
  violation type: Short
    srcs: be_mmu.dcache.tag_mem.data_o\[40\] be_mmu.dcache.tag_mem.data_o\[51\] 
    bbox = ( 40.94, 1249.67 ) - ( 41.01, 1249.67 ) on Layer metal3
  violation type: Short
    srcs: be_mmu.dcache.tag_mem.data_o\[40\] be_mmu.dcache.tag_mem.data_o\[51\] 
    bbox = ( 40.94, 1249.67 ) - ( 41.015, 1249.67 ) on Layer metal3
  violation type: Short
    srcs: be_mmu.dcache.data_mem_0__data_mem.data_i\[14\] be_mmu.dcache.data_mem_0__data_mem.data_i\[20\] 
    bbox = ( 40.94, 435.085 ) - ( 41.01, 435.085 ) on Layer metal3
  violation type: Short
    srcs: be_mmu.dcache.data_mem_0__data_mem.data_i\[14\] be_mmu.dcache.data_mem_0__data_mem.data_i\[20\] 
    bbox = ( 40.94, 435.085 ) - ( 41.015, 435.085 ) on Layer metal3
  violation type: Short
    srcs: be_mmu.dcache.tag_mem.macro_mem.mem/OBS be_mmu.dcache.tag_mem.macro_mem.w_mask_i\[35\] 
    bbox = ( 41.16, 1218.04 ) - ( 41.23, 1218.11 ) on Layer metal3
  violation type: Short
    srcs: be_mmu.dcache.tag_mem.macro_mem.mem/OBS be_mmu.dcache.tag_mem.macro_mem.w_mask_i\[35\] 
    bbox = ( 41.23, 1217.96 ) - ( 41.23, 1218.11 ) on Layer metal3
  violation type: Short
    srcs: be_mmu.dcache.tag_mem.macro_mem.mem/OBS be_mmu.dcache.tag_mem.macro_mem.w_mask_i\[35\] 
    bbox = ( 41.23, 1218.04 ) - ( 41.23, 1218.11 ) on Layer metal3
  violation type: Short
    srcs: be_mmu.dcache.tag_mem.macro_mem.mem/OBS be_mmu.dcache.tag_mem.macro_mem.w_mask_i\[93\] 
    bbox = ( 41.23, 1233.43 ) - ( 41.23, 1233.51 ) on Layer metal3
  violation type: Short
    srcs: be_mmu.dcache.tag_mem.macro_mem.mem/OBS be_mmu.dcache.tag_mem.macro_mem.w_mask_i\[93\] 
    bbox = ( 41.23, 1233.37 ) - ( 41.23, 1233.51 ) on Layer metal3
  violation type: MetSpc
    srcs: be_mmu.dcache.tag_mem.macro_mem.mem/OBS be_mmu.dcache.tag_mem.macro_mem.w_mask_i\[93\] 
    bbox = ( 41.17, 1233.43 ) - ( 41.23, 1233.71 ) on Layer metal3
  violation type: MetSpc
    srcs: be_mmu.dcache.tag_mem.macro_mem.mem/OBS be_mmu.dcache.tag_mem.macro_mem.w_mask_i\[93\] 
    bbox = ( 41.17, 1233.37 ) - ( 41.23, 1233.71 ) on Layer metal3
  violation type: Short
    srcs: be_mmu.dcache.tag_mem.macro_mem.mem/OBS be_mmu.dcache.tag_mem.macro_mem.w_mask_i\[93\] 
    bbox = ( 41.16, 1233.43 ) - ( 41.23, 1233.51 ) on Layer metal3
  violation type: Short
    srcs: be_mmu.dcache.tag_mem.macro_mem.mem/OBS be_mmu.dcache.tag_mem.macro_mem.w_mask_i\[93\] 
    bbox = ( 41.16, 1233.43 ) - ( 41.17, 1233.64 ) on Layer metal3
  violation type: MetSpc
    srcs: _017198_ _038251_ 
    bbox = ( 14.625, 1270.39 ) - ( 14.66, 1270.46 ) on Layer metal1
  violation type: Short
    srcs: be_mmu.dcache.data_mem_5__data_mem.macro_mem.mem/OBS be_mmu.dcache.data_mem_5__data_mem.data_o\[9\] 
    bbox = ( 191.8, 102.795 ) - ( 191.87, 102.865 ) on Layer metal3
  violation type: Short
    srcs: be_mmu.dcache.data_mem_5__data_mem.macro_mem.mem/OBS be_mmu.dcache.data_mem_5__data_mem.data_o\[9\] 
    bbox = ( 191.87, 102.795 ) - ( 191.87, 102.935 ) on Layer metal3
  violation type: Short
    srcs: be_mmu.dcache.data_mem_5__data_mem.macro_mem.mem/OBS be_mmu.dcache.data_mem_5__data_mem.data_o\[9\] 
    bbox = ( 191.87, 102.795 ) - ( 191.87, 102.865 ) on Layer metal3
  violation type: CutSpc
    srcs: _054638_ 
    bbox = ( 191.58, 535.465 ) - ( 191.65, 535.535 ) on Layer metal2
  violation type: CutSpc
    srcs: _054638_ 
    bbox = ( 189.68, 535.465 ) - ( 189.75, 535.535 ) on Layer metal2
  violation type: CutSpc
    srcs: _047376_ 
    bbox = ( 221.79, 344.365 ) - ( 221.86, 344.435 ) on Layer metal2
  violation type: CutSpc
    srcs: net3679 
    bbox = ( 220.84, 373.765 ) - ( 220.91, 373.835 ) on Layer metal2
  violation type: CutSpc
    srcs: _047530_ 
    bbox = ( 235.28, 535.465 ) - ( 235.35, 535.535 ) on Layer metal2
  violation type: CutSpc
    srcs: _047530_ 
    bbox = ( 234.52, 535.465 ) - ( 234.59, 535.535 ) on Layer metal2
  violation type: CutSpc
    srcs: _047631_ 
    bbox = ( 265.49, 300.265 ) - ( 265.56, 300.335 ) on Layer metal2
  violation type: CutSpc
    srcs: _047631_ 
    bbox = ( 263.26, 300.265 ) - ( 263.33, 300.335 ) on Layer metal3
  violation type: CutSpc
    srcs: _051788_ 
    bbox = ( 344.285, 294.56 ) - ( 344.425, 294.7 ) on Layer metal5
  violation type: CutSpc
    srcs: _051788_ 
    bbox = ( 344.285, 293.44 ) - ( 344.425, 293.58 ) on Layer metal5
  violation type: CutSpc
    srcs: _013018_ 
    bbox = ( 359.125, 324.24 ) - ( 359.265, 324.38 ) on Layer metal5
  violation type: CutSpc
    srcs: _054482_ 
    bbox = ( 368.09, 564.865 ) - ( 368.16, 564.935 ) on Layer metal2
  violation type: CutSpc
    srcs: _054482_ 
    bbox = ( 367.14, 564.865 ) - ( 367.21, 564.935 ) on Layer metal2
  violation type: CutSpc
    srcs: _029291_ 
    bbox = ( 411.03, 667.765 ) - ( 411.1, 667.835 ) on Layer metal2
  violation type: CutSpc
    srcs: _029291_ 
    bbox = ( 411.79, 667.765 ) - ( 411.86, 667.835 ) on Layer metal2
  violation type: CutSpc
    srcs: _046240_ 
    bbox = ( 426.42, 594.265 ) - ( 426.49, 594.335 ) on Layer metal2
  violation type: CutSpc
    srcs: _046240_ 
    bbox = ( 427.75, 594.265 ) - ( 427.82, 594.335 ) on Layer metal2
  violation type: CutSpc
    srcs: _048081_ 
    bbox = ( 432.485, 382.48 ) - ( 432.625, 382.62 ) on Layer metal5
  violation type: CutSpc
    srcs: _051104_ 
    bbox = ( 437.82, 388.465 ) - ( 437.89, 388.535 ) on Layer metal2
  violation type: CutSpc
    srcs: clknet_10_396_0_clk_i 
    bbox = ( 441.43, 697.165 ) - ( 441.5, 697.235 ) on Layer metal2
  violation type: CutSpc
    srcs: _054337_ 
    bbox = ( 454.54, 476.665 ) - ( 454.61, 476.735 ) on Layer metal2
  violation type: CutSpc
    srcs: _054337_ 
    bbox = ( 457.2, 476.665 ) - ( 457.27, 476.735 ) on Layer metal2
  violation type: CutSpc
    srcs: _039277_ 
    bbox = ( 486.27, 667.765 ) - ( 486.34, 667.835 ) on Layer metal2
  violation type: CutSpc
    srcs: clknet_10_97_0_clk_i 
    bbox = ( 512.3, 314.965 ) - ( 512.37, 315.035 ) on Layer metal2
  violation type: CutSpc
    srcs: clknet_10_455_0_clk_i 
    bbox = ( 514.2, 932.365 ) - ( 514.27, 932.435 ) on Layer metal2
  violation type: CutSpc
    srcs: clknet_10_455_0_clk_i 
    bbox = ( 515.15, 932.365 ) - ( 515.22, 932.435 ) on Layer metal2
  violation type: CutSpc
    srcs: clknet_10_99_0_clk_i 
    bbox = ( 544.98, 329.665 ) - ( 545.05, 329.735 ) on Layer metal2
  violation type: CutSpc
    srcs: _024447_ 
    bbox = ( 588.3, 785.365 ) - ( 588.37, 785.435 ) on Layer metal2
  violation type: CutSpc
    srcs: _024447_ 
    bbox = ( 587.78, 785.365 ) - ( 587.85, 785.435 ) on Layer metal3
  violation type: CutSpc
    srcs: _022264_ 
    bbox = ( 616.99, 858.865 ) - ( 617.06, 858.935 ) on Layer metal2
  violation type: CutSpc
    srcs: _022264_ 
    bbox = ( 617.46, 858.865 ) - ( 617.53, 858.935 ) on Layer metal3
  violation type: CutSpc
    srcs: _042694_ 
    bbox = ( 638.285, 307.72 ) - ( 638.425, 307.86 ) on Layer metal4
  violation type: CutSpc
    srcs: _042694_ 
    bbox = ( 638.285, 310.24 ) - ( 638.425, 310.38 ) on Layer metal4
  violation type: CutSpc
    srcs: _020414_ 
    bbox = ( 647.96, 902.965 ) - ( 648.03, 903.035 ) on Layer metal2
  violation type: CutSpc
    srcs: _020414_ 
    bbox = ( 646.25, 902.965 ) - ( 646.32, 903.035 ) on Layer metal2
  violation type: CutSpc
    srcs: clknet_10_201_0_clk_i 
    bbox = ( 662.4, 476.665 ) - ( 662.47, 476.735 ) on Layer metal2
  violation type: CutSpc
    srcs: clknet_10_201_0_clk_i 
    bbox = ( 661.26, 476.665 ) - ( 661.33, 476.735 ) on Layer metal2
  violation type: CutSpc
    srcs: _012836_ 
    bbox = ( 682.525, 176.8 ) - ( 682.665, 176.94 ) on Layer metal6
  violation type: CutSpc
    srcs: _037299_ 
    bbox = ( 703.82, 888.265 ) - ( 703.89, 888.335 ) on Layer metal2
  violation type: CutSpc
    srcs: _037299_ 
    bbox = ( 705.66, 888.265 ) - ( 705.73, 888.335 ) on Layer metal3
  violation type: CutSpc
    srcs: _038042_ 
    bbox = ( 706.1, 932.365 ) - ( 706.17, 932.435 ) on Layer metal2
  violation type: CutSpc
    srcs: _042646_ 
    bbox = ( 750.18, 182.665 ) - ( 750.25, 182.735 ) on Layer metal3
  violation type: CutSpc
    srcs: clknet_10_600_0_clk_i 
    bbox = ( 762.91, 785.365 ) - ( 762.98, 785.435 ) on Layer metal2
  violation type: CutSpc
    srcs: _040804_ 
    bbox = ( 792.36, 256.165 ) - ( 792.43, 256.235 ) on Layer metal2
  violation type: CutSpc
    srcs: clknet_10_235_0_clk_i 
    bbox = ( 793.69, 579.565 ) - ( 793.76, 579.635 ) on Layer metal2
  violation type: CutSpc
    srcs: clknet_10_235_0_clk_i 
    bbox = ( 795.02, 579.565 ) - ( 795.09, 579.635 ) on Layer metal2
  violation type: CutSpc
    srcs: _037222_ 
    bbox = ( 792.93, 888.265 ) - ( 793, 888.335 ) on Layer metal2
  violation type: CutSpc
    srcs: _037902_ 
    bbox = ( 810.03, 961.765 ) - ( 810.1, 961.835 ) on Layer metal2
  violation type: CutSpc
    srcs: _038625_ 
    bbox = ( 855.06, 373.765 ) - ( 855.13, 373.835 ) on Layer metal2
  violation type: CutSpc
    srcs: clknet_10_648_0_clk_i 
    bbox = ( 882.04, 270.865 ) - ( 882.11, 270.935 ) on Layer metal2
  violation type: CutSpc
    srcs: clknet_10_648_0_clk_i 
    bbox = ( 879, 270.865 ) - ( 879.07, 270.935 ) on Layer metal2
  violation type: CutSpc
    srcs: _020156_ 
    bbox = ( 955.57, 461.965 ) - ( 955.64, 462.035 ) on Layer metal2
  violation type: CutSpc
    srcs: _020156_ 
    bbox = ( 955.42, 461.965 ) - ( 955.49, 462.035 ) on Layer metal3
  violation type: CutSpc
    srcs: _026079_ 
    bbox = ( 984.45, 755.965 ) - ( 984.52, 756.035 ) on Layer metal2
  violation type: CutSpc
    srcs: _026079_ 
    bbox = ( 985.1, 755.965 ) - ( 985.17, 756.035 ) on Layer metal3
  violation type: Short
    srcs: _018232_ _020146_ 
    bbox = ( 1020.36, 543.935 ) - ( 1020.49, 544.005 ) on Layer metal1
  violation type: CutSpc
    srcs: _046898_ 
    bbox = ( 1132.65, 682.465 ) - ( 1132.72, 682.535 ) on Layer metal2
  violation type: CutSpc
    srcs: _046898_ 
    bbox = ( 1130.75, 682.465 ) - ( 1130.82, 682.535 ) on Layer metal2
  violation type: CutSpc
    srcs: clknet_10_759_0_clk_i 
    bbox = ( 1220.24, 608.965 ) - ( 1220.31, 609.035 ) on Layer metal2
  violation type: CutSpc
    srcs: clknet_10_759_0_clk_i 
    bbox = ( 1218.15, 608.965 ) - ( 1218.22, 609.035 ) on Layer metal2
  violation type: CutSpc
    srcs: _026014_ 
    bbox = ( 1278.57, 726.565 ) - ( 1278.64, 726.635 ) on Layer metal2
  violation type: CutSpc
    srcs: _026014_ 
    bbox = ( 1279.52, 726.565 ) - ( 1279.59, 726.635 ) on Layer metal2
  violation type: Short
    srcs: _046829_ clknet_10_996_0_clk_i 
    bbox = ( 1431.98, 823.235 ) - ( 1432.05, 823.305 ) on Layer metal3
  violation type: CutSpc
    srcs: clknet_10_995_0_clk_i 
    bbox = ( 1453.37, 785.365 ) - ( 1453.44, 785.435 ) on Layer metal2
