
==========================================================================
report_floating_nets
--------------------------------------------------------------------------
Warning: found 1656 floatiing nets.

==========================================================================
report_checks
--------------------------------------------------------------------------
Startpoint: _39175_ (rising edge-triggered flip-flop clocked by CLK)
Endpoint: _39525_ (rising edge-triggered flip-flop clocked by CLK)
Path Group: CLK
Path Type: max

  Delay    Time   Description
---------------------------------------------------------
   0.00    0.00   clock CLK (rise edge)
   0.00    0.00   clock network delay (ideal)
   0.00    0.00 ^ _39175_/CK (DFF_X1)
   0.08    0.08 v _39175_/Q (DFF_X1)
   0.04    0.11 v _32860_/Z (BUF_X1)
   0.03    0.14 ^ _23625_/ZN (NAND2_X1)
   0.03    0.17 v _23626_/ZN (NAND2_X4)
   0.07    0.25 v _23655_/ZN (AND2_X4)
   0.05    0.29 v _23656_/Z (BUF_X8)
   0.07    0.36 v _24386_/Z (BUF_X8)
   0.07    0.43 v _26011_/Z (BUF_X8)
   0.09    0.52 ^ _27428_/ZN (AOI22_X2)
   0.02    0.54 v _27429_/ZN (AOI21_X2)
   0.10    0.65 ^ _27439_/ZN (NOR4_X4)
   0.09    0.74 ^ _27453_/ZN (AND2_X1)
   0.06    0.80 ^ _27454_/Z (XOR2_X2)
   0.05    0.84 ^ _27455_/ZN (XNOR2_X2)
   0.06    0.91 ^ _27459_/Z (XOR2_X2)
   0.06    0.97 ^ _27460_/Z (XOR2_X2)
   0.06    1.03 ^ _27464_/Z (XOR2_X2)
   0.05    1.08 ^ _27469_/ZN (XNOR2_X2)
   0.06    1.14 ^ _27473_/Z (XOR2_X2)
   0.06    1.20 ^ _27496_/Z (XOR2_X2)
   0.06    1.26 ^ _27500_/Z (XOR2_X2)
   0.06    1.32 ^ _27519_/Z (XOR2_X2)
   0.06    1.38 ^ _27523_/Z (XOR2_X2)
   0.05    1.43 ^ _27526_/ZN (XNOR2_X2)
   0.05    1.48 ^ _27600_/ZN (AND2_X1)
   0.02    1.49 v _27602_/ZN (NOR3_X1)
   0.03    1.53 v _27606_/ZN (AND2_X1)
   0.09    1.62 ^ _27608_/ZN (NOR4_X1)
   0.04    1.66 v _27609_/ZN (NAND2_X2)
   0.03    1.68 ^ _28212_/ZN (NAND4_X1)
   0.05    1.74 ^ _28216_/ZN (AND2_X1)
   0.01    1.75 v _28467_/ZN (NOR3_X1)
   0.07    1.82 ^ _28470_/ZN (NOR3_X1)
   0.03    1.85 ^ _28584_/ZN (OR2_X1)
   0.02    1.87 v _28586_/ZN (NAND2_X1)
   0.06    1.92 ^ _28651_/ZN (XNOR2_X2)
   0.04    1.96 v _28652_/ZN (NAND3_X1)
   0.03    1.99 ^ _28678_/ZN (OAI221_X1)
   0.03    2.02 v _28679_/ZN (NAND2_X1)
   0.04    2.06 ^ _28682_/ZN (AOI21_X2)
   0.03    2.09 v _28685_/ZN (OAI21_X1)
   0.03    2.11 ^ _28693_/ZN (NAND3_X2)
   0.03    2.14 v _28695_/ZN (NAND2_X2)
   0.05    2.19 v _28696_/Z (CLKBUF_X2)
   0.06    2.25 v _28845_/Z (MUX2_X1)
   0.03    2.28 v _35767_/Z (CLKBUF_X1)
   0.00    2.28 v _39525_/D (DFF_X1)
           2.28   data arrival time

  10.00   10.00   clock CLK (rise edge)
   0.00   10.00   clock network delay (ideal)
   0.00   10.00   clock reconvergence pessimism
          10.00 ^ _39525_/CK (DFF_X1)
  -0.04    9.96   library setup time
           9.96   data required time
---------------------------------------------------------
           9.96   data required time
          -2.28   data arrival time
---------------------------------------------------------
           7.68   slack (MET)



==========================================================================
report_tns
--------------------------------------------------------------------------
tns 0.00

==========================================================================
report_wns
--------------------------------------------------------------------------
wns 0.00

==========================================================================
report_design_area
--------------------------------------------------------------------------
Design area 142812 u^2 29% utilization.
